#
# There is insufficient memory for the Java Runtime Environment to continue.
# Native memory allocation (mmap) failed to map 60817408 bytes for G1 virtual space
# Possible reasons:
#   The system is out of physical RAM or swap space
#   The process is running with CompressedOops enabled, and the Java Heap may be blocking the growth of the native heap
# Possible solutions:
#   Reduce memory load on the system
#   Increase physical memory or swap space
#   Check if swap backing store is full
#   Decrease Java heap size (-Xmx/-Xms)
#   Decrease number of Java threads
#   Decrease Java thread stack sizes (-Xss)
#   Set larger code cache with -XX:ReservedCodeCacheSize=
#   JVM is running with Unscaled Compressed Oops mode in which the Java heap is
#     placed in the first 4GB address space. The Java Heap base address is the
#     maximum limit for the native heap growth. Please use -XX:HeapBaseMinAddress
#     to set the Java Heap base and to place the Java Heap above 4GB virtual address.
# This output file may be truncated or incomplete.
#
#  Out of Memory Error (os_windows.cpp:3536), pid=19348, tid=5360
#
# JRE version: Java(TM) SE Runtime Environment (19.0.2+7) (build 19.0.2+7-44)
# Java VM: Java HotSpot(TM) 64-Bit Server VM (19.0.2+7-44, mixed mode, emulated-client, sharing, tiered, compressed oops, compressed class ptrs, g1 gc, windows-amd64)
# No core dump will be written. Minidumps are not enabled by default on client versions of Windows
#

---------------  S U M M A R Y ------------

Command Line: -XX:TieredStopAtLevel=1 -Dspring.output.ansi.enabled=always -Dcom.sun.management.jmxremote -Dspring.jmx.enabled=true -Dspring.liveBeansView.mbeanDomain -Dspring.application.admin.enabled=true -Dmanagement.endpoints.jmx.exposure.include=* -javaagent:E:\APP\IntelliJ IDEA 2022.3.2\lib\idea_rt.jar=55215:E:\APP\IntelliJ IDEA 2022.3.2\bin -Dfile.encoding=UTF-8 -Dsun.stdout.encoding=UTF-8 -Dsun.stderr.encoding=UTF-8 com.example.datn.DatnApplication

Host: 11th Gen Intel(R) Core(TM) i5-1135G7 @ 2.40GHz, 8 cores, 7G,  Windows 11 , 64 bit Build 22621 (10.0.22621.4391)
Time: Sun Nov 24 15:06:58 2024 SE Asia Standard Time elapsed time: 49.629268 seconds (0d 0h 0m 49s)

---------------  T H R E A D  ---------------

Current thread (0x000001c4979f2d50):  VMThread "VM Thread" [stack: 0x000000b196900000,0x000000b196a00000] [id=5360]

Stack: [0x000000b196900000,0x000000b196a00000]
Native frames: (J=compiled Java code, j=interpreted, Vv=VM code, C=native code)
V  [jvm.dll+0x6ee21a]
V  [jvm.dll+0x85765e]
V  [jvm.dll+0x85904e]
V  [jvm.dll+0x859703]
V  [jvm.dll+0x28298f]
V  [jvm.dll+0x6eb009]
V  [jvm.dll+0x6dfbaa]
V  [jvm.dll+0x3573f6]
V  [jvm.dll+0x35ee56]
V  [jvm.dll+0x3b541e]
V  [jvm.dll+0x3b564f]
V  [jvm.dll+0x32c9ea]
V  [jvm.dll+0x32ca97]
V  [jvm.dll+0x374cd2]
V  [jvm.dll+0x37340f]
V  [jvm.dll+0x32c210]
V  [jvm.dll+0x3729ab]
V  [jvm.dll+0x85ebc3]
V  [jvm.dll+0x85f989]
V  [jvm.dll+0x85febd]
V  [jvm.dll+0x86034b]
V  [jvm.dll+0x860407]
V  [jvm.dll+0x80125a]
V  [jvm.dll+0x6ecf0b]
C  [ucrtbase.dll+0x29333]
C  [KERNEL32.DLL+0x1259d]
C  [ntdll.dll+0x5af38]

VM_Operation (0x000000b1981f9980): G1CollectForAllocation, mode: safepoint, requested by thread 0x000001c49c6fa570


---------------  P R O C E S S  ---------------

Threads class SMR info:
_java_thread_list=0x000001c49e976120, length=23, elements={
0x000001c4855d1a30, 0x000001c497a10490, 0x000001c497a11050, 0x000001c497a14f90,
0x000001c497a159b0, 0x000001c497a16570, 0x000001c497a16f90, 0x000001c497a19d00,
0x000001c497a259e0, 0x000001c4979e0fb0, 0x000001c49c1b9b00, 0x000001c49c1ba040,
0x000001c49c349680, 0x000001c49c74eef0, 0x000001c49c6fa570, 0x000001c49cf86010,
0x000001c49cf97970, 0x000001c49de3d470, 0x000001c49de704e0, 0x000001c49de70a20,
0x000001c49df335d0, 0x000001c49c345da0, 0x000001c49c346330
}

Java Threads: ( => current thread )
  0x000001c4855d1a30 JavaThread "main" [_thread_blocked, id=260, stack(0x000000b196300000,0x000000b196400000)]
  0x000001c497a10490 JavaThread "Reference Handler" daemon [_thread_blocked, id=14100, stack(0x000000b196a00000,0x000000b196b00000)]
  0x000001c497a11050 JavaThread "Finalizer" daemon [_thread_blocked, id=18888, stack(0x000000b196b00000,0x000000b196c00000)]
  0x000001c497a14f90 JavaThread "Signal Dispatcher" daemon [_thread_blocked, id=20268, stack(0x000000b196c00000,0x000000b196d00000)]
  0x000001c497a159b0 JavaThread "Attach Listener" daemon [_thread_blocked, id=19984, stack(0x000000b196d00000,0x000000b196e00000)]
  0x000001c497a16570 JavaThread "Service Thread" daemon [_thread_blocked, id=11696, stack(0x000000b196e00000,0x000000b196f00000)]
  0x000001c497a16f90 JavaThread "Monitor Deflation Thread" daemon [_thread_blocked, id=10564, stack(0x000000b196f00000,0x000000b197000000)]
  0x000001c497a19d00 JavaThread "C1 CompilerThread0" daemon [_thread_blocked, id=19508, stack(0x000000b197000000,0x000000b197100000)]
  0x000001c497a259e0 JavaThread "Sweeper thread" daemon [_thread_blocked, id=19852, stack(0x000000b197100000,0x000000b197200000)]
  0x000001c4979e0fb0 JavaThread "Common-Cleaner" daemon [_thread_blocked, id=1540, stack(0x000000b197200000,0x000000b197300000)]
  0x000001c49c1b9b00 JavaThread "Monitor Ctrl-Break" daemon [_thread_in_native, id=13588, stack(0x000000b197500000,0x000000b197600000)]
  0x000001c49c1ba040 JavaThread "Notification Thread" daemon [_thread_blocked, id=15116, stack(0x000000b197600000,0x000000b197700000)]
  0x000001c49c349680 JavaThread "RMI TCP Accept-0" daemon [_thread_in_native, id=14184, stack(0x000000b197800000,0x000000b197900000)]
  0x000001c49c74eef0 JavaThread "Thread-0" [_thread_blocked, id=14032, stack(0x000000b198000000,0x000000b198100000)]
  0x000001c49c6fa570 JavaThread "restartedMain" [_thread_blocked, id=18260, stack(0x000000b198100000,0x000000b198200000)]
  0x000001c49cf86010 JavaThread "RMI TCP Connection(2)-172.20.10.2" daemon [_thread_in_native, id=9780, stack(0x000000b198400000,0x000000b198500000)]
  0x000001c49cf97970 JavaThread "RMI Scheduler(0)" daemon [_thread_blocked, id=10720, stack(0x000000b198500000,0x000000b198600000)]
  0x000001c49de3d470 JavaThread "Catalina-utility-1" [_thread_blocked, id=6756, stack(0x000000b198200000,0x000000b198300000)]
  0x000001c49de704e0 JavaThread "Catalina-utility-2" [_thread_blocked, id=7616, stack(0x000000b198700000,0x000000b198800000)]
  0x000001c49de70a20 JavaThread "container-0" [_thread_blocked, id=4436, stack(0x000000b198800000,0x000000b198900000)]
  0x000001c49df335d0 JavaThread "RMI TCP Connection(3)-172.20.10.2" daemon [_thread_blocked, id=12332, stack(0x000000b197700000,0x000000b197800000)]
  0x000001c49c345da0 JavaThread "C1 CompilerThread1" daemon [_thread_blocked, id=1780, stack(0x000000b198a00000,0x000000b198b00000)]
  0x000001c49c346330 JavaThread "C1 CompilerThread2" daemon [_thread_blocked, id=6644, stack(0x000000b198b00000,0x000000b198c00000)]

Other Threads:
=>0x000001c4979f2d50 VMThread "VM Thread" [stack: 0x000000b196900000,0x000000b196a00000] [id=5360]
  0x000001c49c34a040 WatcherThread "VM Periodic Task Thread" [stack: 0x000000b197900000,0x000000b197a00000] [id=15188]
  0x000001c48562f110 WorkerThread "GC Thread#0" [stack: 0x000000b196400000,0x000000b196500000] [id=12496]
  0x000001c49c51caf0 WorkerThread "GC Thread#1" [stack: 0x000000b197a00000,0x000000b197b00000] [id=6860]
  0x000001c49c528e60 WorkerThread "GC Thread#2" [stack: 0x000000b197b00000,0x000000b197c00000] [id=4256]
  0x000001c49c529130 WorkerThread "GC Thread#3" [stack: 0x000000b197c00000,0x000000b197d00000] [id=14932]
  0x000001c49c70c590 WorkerThread "GC Thread#4" [stack: 0x000000b197d00000,0x000000b197e00000] [id=17916]
  0x000001c49c70dc60 WorkerThread "GC Thread#5" [stack: 0x000000b197e00000,0x000000b197f00000] [id=12140]
  0x000001c49c70c8b0 WorkerThread "GC Thread#6" [stack: 0x000000b197f00000,0x000000b198000000] [id=19316]
  0x000001c49c70e200 WorkerThread "GC Thread#7" [stack: 0x000000b198300000,0x000000b198400000] [id=14548]
  0x000001c48563fa10 ConcurrentGCThread "G1 Main Marker" [stack: 0x000000b196500000,0x000000b196600000] [id=6916]
  0x000001c485641450 WorkerThread "G1 Conc#0" [stack: 0x000000b196600000,0x000000b196700000] [id=13024]
  0x000001c49c70e4d0 WorkerThread "G1 Conc#1" [stack: 0x000000b198600000,0x000000b198700000] [id=8908]
  0x000001c48567ea10 ConcurrentGCThread "G1 Refine#0" [stack: 0x000000b196700000,0x000000b196800000] [id=18188]
  0x000001c4978ab7c0 ConcurrentGCThread "G1 Service" [stack: 0x000000b196800000,0x000000b196900000] [id=15280]

Threads with active compile tasks:

VM state: at safepoint (normal execution)

VM Mutex/Monitor currently owned by a thread:  ([mutex/lock_event])
[0x000001c4855cd440] Threads_lock - owner thread: 0x000001c4979f2d50
[0x000001c4855cdc20] Heap_lock - owner thread: 0x000001c49c6fa570

Heap address: 0x0000000084000000, size: 1984 MB, Compressed Oops mode: 32-bit

CDS archive(s) mapped at: [0x0000000800000000-0x0000000800c40000-0x0000000800c40000), size 12845056, SharedBaseAddress: 0x0000000800000000, ArchiveRelocationMode: 0.
Compressed class space mapped at: 0x0000000801000000-0x0000000841000000, reserved size: 1073741824
Narrow klass base: 0x0000000800000000, Narrow klass shift: 0, Narrow klass range: 0x100000000

GC Precious Log:
 CardTable entry size: 512
 Card Set container configuration: InlinePtr #cards 5 size 8 Array Of Cards #cards 12 size 40 Howl #buckets 4 coarsen threshold 1843 Howl Bitmap #cards 512 size 80 coarsen threshold 460 Card regions per heap region 1 cards per card region 2048
 CPUs: 8 total, 8 available
 Memory: 7934M
 Large Page Support: Disabled
 NUMA Support: Disabled
 Compressed Oops: Enabled (32-bit)
 Heap Region Size: 1M
 Heap Min Capacity: 8M
 Heap Initial Capacity: 124M
 Heap Max Capacity: 1984M
 Pre-touch: Disabled
 Parallel Workers: 8
 Concurrent Workers: 2
 Concurrent Refinement Workers: 8
 Periodic GC: Disabled

Heap:
 garbage-first heap   total 126976K, used 36449K [0x0000000084000000, 0x0000000100000000)
  region size 1024K, 1 young (1024K), 1 survivors (1024K)
 Metaspace       used 70199K, committed 70912K, reserved 1114112K
  class space    used 9948K, committed 10240K, reserved 1048576K

Heap Regions: E=young(eden), S=young(survivor), O=old, HS=humongous(starts), HC=humongous(continues), CS=collection set, F=free, OA=open archive, CA=closed archive, TAMS=top-at-mark-start (previous, next)
|   0|0x0000000084000000, 0x0000000084100000, 0x0000000084100000|100%|HS|  |TAMS 0x0000000084100000, 0x0000000084000000| Complete 
|   1|0x0000000084100000, 0x0000000084200000, 0x0000000084200000|100%| O|  |TAMS 0x0000000084200000, 0x0000000084100000| Untracked 
|   2|0x0000000084200000, 0x0000000084300000, 0x0000000084300000|100%| O|  |TAMS 0x0000000084300000, 0x0000000084200000| Untracked 
|   3|0x0000000084300000, 0x0000000084400000, 0x0000000084400000|100%| O|  |TAMS 0x0000000084400000, 0x0000000084300000| Untracked 
|   4|0x0000000084400000, 0x0000000084500000, 0x0000000084500000|100%| O|  |TAMS 0x0000000084500000, 0x0000000084400000| Untracked 
|   5|0x0000000084500000, 0x0000000084600000, 0x0000000084600000|100%| O|  |TAMS 0x0000000084600000, 0x0000000084500000| Untracked 
|   6|0x0000000084600000, 0x0000000084700000, 0x0000000084700000|100%| O|  |TAMS 0x0000000084700000, 0x0000000084600000| Untracked 
|   7|0x0000000084700000, 0x0000000084800000, 0x0000000084800000|100%| O|  |TAMS 0x0000000084800000, 0x0000000084700000| Untracked 
|   8|0x0000000084800000, 0x0000000084900000, 0x0000000084900000|100%| O|  |TAMS 0x0000000084900000, 0x0000000084800000| Untracked 
|   9|0x0000000084900000, 0x0000000084a00000, 0x0000000084a00000|100%| O|  |TAMS 0x0000000084a00000, 0x0000000084900000| Untracked 
|  10|0x0000000084a00000, 0x0000000084b00000, 0x0000000084b00000|100%| O|  |TAMS 0x0000000084b00000, 0x0000000084a00000| Untracked 
|  11|0x0000000084b00000, 0x0000000084c00000, 0x0000000084c00000|100%| O|  |TAMS 0x0000000084c00000, 0x0000000084b00000| Untracked 
|  12|0x0000000084c00000, 0x0000000084d00000, 0x0000000084d00000|100%| O|  |TAMS 0x0000000084d00000, 0x0000000084c00000| Untracked 
|  13|0x0000000084d00000, 0x0000000084e00000, 0x0000000084e00000|100%| O|  |TAMS 0x0000000084e00000, 0x0000000084d00000| Untracked 
|  14|0x0000000084e00000, 0x0000000084f00000, 0x0000000084f00000|100%| O|  |TAMS 0x0000000084f00000, 0x0000000084e00000| Untracked 
|  15|0x0000000084f00000, 0x0000000085000000, 0x0000000085000000|100%| O|  |TAMS 0x0000000084f00000, 0x0000000084f00000| Untracked 
|  16|0x0000000085000000, 0x0000000085100000, 0x0000000085100000|100%| O|  |TAMS 0x0000000085100000, 0x0000000085000000| Untracked 
|  17|0x0000000085100000, 0x0000000085200000, 0x0000000085200000|100%| O|  |TAMS 0x0000000085200000, 0x0000000085100000| Untracked 
|  18|0x0000000085200000, 0x0000000085300000, 0x0000000085300000|100%| O|  |TAMS 0x0000000085300000, 0x0000000085200000| Untracked 
|  19|0x0000000085300000, 0x0000000085400000, 0x0000000085400000|100%| O|  |TAMS 0x0000000085400000, 0x0000000085300000| Untracked 
|  20|0x0000000085400000, 0x0000000085500000, 0x0000000085500000|100%| O|  |TAMS 0x0000000085500000, 0x0000000085400000| Untracked 
|  21|0x0000000085500000, 0x0000000085600000, 0x0000000085600000|100%| O|  |TAMS 0x0000000085600000, 0x0000000085500000| Untracked 
|  22|0x0000000085600000, 0x0000000085700000, 0x0000000085700000|100%| O|  |TAMS 0x0000000085700000, 0x0000000085600000| Untracked 
|  23|0x0000000085700000, 0x0000000085800000, 0x0000000085800000|100%| O|  |TAMS 0x0000000085700000, 0x0000000085700000| Untracked 
|  24|0x0000000085800000, 0x0000000085900000, 0x0000000085900000|100%| O|  |TAMS 0x0000000085900000, 0x0000000085800000| Untracked 
|  25|0x0000000085900000, 0x0000000085a00000, 0x0000000085a00000|100%| O|  |TAMS 0x0000000085a00000, 0x0000000085900000| Untracked 
|  26|0x0000000085a00000, 0x0000000085b00000, 0x0000000085b00000|100%| O|  |TAMS 0x0000000085b00000, 0x0000000085a00000| Untracked 
|  27|0x0000000085b00000, 0x0000000085c00000, 0x0000000085c00000|100%| O|  |TAMS 0x0000000085b65600, 0x0000000085b00000| Untracked 
|  28|0x0000000085c00000, 0x0000000085d00000, 0x0000000085d00000|100%| O|  |TAMS 0x0000000085c00000, 0x0000000085c00000| Untracked 
|  29|0x0000000085d00000, 0x0000000085e00000, 0x0000000085e00000|100%| O|  |TAMS 0x0000000085d00000, 0x0000000085d00000| Untracked 
|  30|0x0000000085e00000, 0x0000000085f00000, 0x0000000085f00000|100%| O|  |TAMS 0x0000000085e00000, 0x0000000085e00000| Untracked 
|  31|0x0000000085f00000, 0x0000000086000000, 0x0000000086000000|100%| O|  |TAMS 0x0000000085f00000, 0x0000000085f00000| Untracked 
|  32|0x0000000086000000, 0x0000000086100000, 0x0000000086100000|100%| O|  |TAMS 0x0000000086000000, 0x0000000086000000| Untracked 
|  33|0x0000000086100000, 0x0000000086200000, 0x0000000086200000|100%| O|  |TAMS 0x0000000086100000, 0x0000000086100000| Untracked 
|  34|0x0000000086200000, 0x0000000086298600, 0x0000000086300000| 59%| O|  |TAMS 0x0000000086200000, 0x0000000086200000| Untracked 
|  35|0x0000000086300000, 0x0000000086300000, 0x0000000086400000|  0%| F|  |TAMS 0x0000000086300000, 0x0000000086300000| Untracked 
|  36|0x0000000086400000, 0x0000000086400000, 0x0000000086500000|  0%| F|  |TAMS 0x0000000086400000, 0x0000000086400000| Untracked 
|  37|0x0000000086500000, 0x0000000086500000, 0x0000000086600000|  0%| F|  |TAMS 0x0000000086500000, 0x0000000086500000| Untracked 
|  38|0x0000000086600000, 0x0000000086600000, 0x0000000086700000|  0%| F|  |TAMS 0x0000000086600000, 0x0000000086600000| Untracked 
|  39|0x0000000086700000, 0x0000000086700000, 0x0000000086800000|  0%| F|  |TAMS 0x0000000086700000, 0x0000000086700000| Untracked 
|  40|0x0000000086800000, 0x0000000086800000, 0x0000000086900000|  0%| F|  |TAMS 0x0000000086800000, 0x0000000086800000| Untracked 
|  41|0x0000000086900000, 0x0000000086900000, 0x0000000086a00000|  0%| F|  |TAMS 0x0000000086900000, 0x0000000086900000| Untracked 
|  42|0x0000000086a00000, 0x0000000086a00000, 0x0000000086b00000|  0%| F|  |TAMS 0x0000000086a00000, 0x0000000086a00000| Untracked 
|  43|0x0000000086b00000, 0x0000000086b00000, 0x0000000086c00000|  0%| F|  |TAMS 0x0000000086b00000, 0x0000000086b00000| Untracked 
|  44|0x0000000086c00000, 0x0000000086c00000, 0x0000000086d00000|  0%| F|  |TAMS 0x0000000086c00000, 0x0000000086c00000| Untracked 
|  45|0x0000000086d00000, 0x0000000086d00000, 0x0000000086e00000|  0%| F|  |TAMS 0x0000000086d00000, 0x0000000086d00000| Untracked 
|  46|0x0000000086e00000, 0x0000000086e00000, 0x0000000086f00000|  0%| F|  |TAMS 0x0000000086e00000, 0x0000000086e00000| Untracked 
|  47|0x0000000086f00000, 0x0000000086f00000, 0x0000000087000000|  0%| F|  |TAMS 0x0000000086f00000, 0x0000000086f00000| Untracked 
|  48|0x0000000087000000, 0x0000000087000000, 0x0000000087100000|  0%| F|  |TAMS 0x0000000087000000, 0x0000000087000000| Untracked 
|  49|0x0000000087100000, 0x0000000087100000, 0x0000000087200000|  0%| F|  |TAMS 0x0000000087100000, 0x0000000087100000| Untracked 
|  50|0x0000000087200000, 0x0000000087200000, 0x0000000087300000|  0%| F|  |TAMS 0x0000000087200000, 0x0000000087200000| Untracked 
|  51|0x0000000087300000, 0x0000000087300000, 0x0000000087400000|  0%| F|  |TAMS 0x0000000087300000, 0x0000000087300000| Untracked 
|  52|0x0000000087400000, 0x0000000087400000, 0x0000000087500000|  0%| F|  |TAMS 0x0000000087400000, 0x0000000087400000| Untracked 
|  53|0x0000000087500000, 0x0000000087600000, 0x0000000087600000|100%| S|CS|TAMS 0x0000000087500000, 0x0000000087500000| Complete 
|  54|0x0000000087600000, 0x0000000087600000, 0x0000000087700000|  0%| F|  |TAMS 0x0000000087600000, 0x0000000087600000| Untracked 
|  55|0x0000000087700000, 0x0000000087700000, 0x0000000087800000|  0%| F|  |TAMS 0x0000000087700000, 0x0000000087700000| Untracked 
|  56|0x0000000087800000, 0x0000000087800000, 0x0000000087900000|  0%| F|  |TAMS 0x0000000087800000, 0x0000000087800000| Untracked 
|  57|0x0000000087900000, 0x0000000087900000, 0x0000000087a00000|  0%| F|  |TAMS 0x0000000087900000, 0x0000000087900000| Untracked 
|  58|0x0000000087a00000, 0x0000000087a00000, 0x0000000087b00000|  0%| F|  |TAMS 0x0000000087a00000, 0x0000000087a00000| Untracked 
|  59|0x0000000087b00000, 0x0000000087b00000, 0x0000000087c00000|  0%| F|  |TAMS 0x0000000087b00000, 0x0000000087b00000| Untracked 
|  60|0x0000000087c00000, 0x0000000087c00000, 0x0000000087d00000|  0%| F|  |TAMS 0x0000000087c00000, 0x0000000087c00000| Untracked 
|  61|0x0000000087d00000, 0x0000000087d00000, 0x0000000087e00000|  0%| F|  |TAMS 0x0000000087d00000, 0x0000000087d00000| Untracked 
|  62|0x0000000087e00000, 0x0000000087e00000, 0x0000000087f00000|  0%| F|  |TAMS 0x0000000087e00000, 0x0000000087e00000| Untracked 
|  63|0x0000000087f00000, 0x0000000087f00000, 0x0000000088000000|  0%| F|  |TAMS 0x0000000087f00000, 0x0000000087f00000| Untracked 
|  64|0x0000000088000000, 0x0000000088000000, 0x0000000088100000|  0%| F|  |TAMS 0x0000000088000000, 0x0000000088000000| Untracked 
|  65|0x0000000088100000, 0x0000000088100000, 0x0000000088200000|  0%| F|  |TAMS 0x0000000088100000, 0x0000000088100000| Untracked 
|  66|0x0000000088200000, 0x0000000088200000, 0x0000000088300000|  0%| F|  |TAMS 0x0000000088200000, 0x0000000088200000| Untracked 
|  67|0x0000000088300000, 0x0000000088300000, 0x0000000088400000|  0%| F|  |TAMS 0x0000000088300000, 0x0000000088300000| Untracked 
|  68|0x0000000088400000, 0x0000000088400000, 0x0000000088500000|  0%| F|  |TAMS 0x0000000088400000, 0x0000000088400000| Untracked 
|  69|0x0000000088500000, 0x0000000088500000, 0x0000000088600000|  0%| F|  |TAMS 0x0000000088500000, 0x0000000088500000| Untracked 
|  70|0x0000000088600000, 0x0000000088600000, 0x0000000088700000|  0%| F|  |TAMS 0x0000000088600000, 0x0000000088600000| Untracked 
|  71|0x0000000088700000, 0x0000000088700000, 0x0000000088800000|  0%| F|  |TAMS 0x0000000088700000, 0x0000000088700000| Untracked 
|  72|0x0000000088800000, 0x0000000088800000, 0x0000000088900000|  0%| F|  |TAMS 0x0000000088800000, 0x0000000088800000| Untracked 
|  73|0x0000000088900000, 0x0000000088900000, 0x0000000088a00000|  0%| F|  |TAMS 0x0000000088900000, 0x0000000088900000| Untracked 
|  74|0x0000000088a00000, 0x0000000088a00000, 0x0000000088b00000|  0%| F|  |TAMS 0x0000000088a00000, 0x0000000088a00000| Untracked 
|  75|0x0000000088b00000, 0x0000000088b00000, 0x0000000088c00000|  0%| F|  |TAMS 0x0000000088b00000, 0x0000000088b00000| Untracked 
|  76|0x0000000088c00000, 0x0000000088c00000, 0x0000000088d00000|  0%| F|  |TAMS 0x0000000088c00000, 0x0000000088c00000| Untracked 
|  77|0x0000000088d00000, 0x0000000088d00000, 0x0000000088e00000|  0%| F|  |TAMS 0x0000000088d00000, 0x0000000088d00000| Untracked 
|  78|0x0000000088e00000, 0x0000000088e00000, 0x0000000088f00000|  0%| F|  |TAMS 0x0000000088e00000, 0x0000000088e00000| Untracked 
|  79|0x0000000088f00000, 0x0000000088f00000, 0x0000000089000000|  0%| F|  |TAMS 0x0000000088f00000, 0x0000000088f00000| Untracked 
|  80|0x0000000089000000, 0x0000000089000000, 0x0000000089100000|  0%| F|  |TAMS 0x0000000089000000, 0x0000000089000000| Untracked 
|  81|0x0000000089100000, 0x0000000089100000, 0x0000000089200000|  0%| F|  |TAMS 0x0000000089100000, 0x0000000089100000| Untracked 
|  82|0x0000000089200000, 0x0000000089200000, 0x0000000089300000|  0%| F|  |TAMS 0x0000000089200000, 0x0000000089200000| Untracked 
|  83|0x0000000089300000, 0x0000000089300000, 0x0000000089400000|  0%| F|  |TAMS 0x0000000089300000, 0x0000000089300000| Untracked 
|  84|0x0000000089400000, 0x0000000089400000, 0x0000000089500000|  0%| F|  |TAMS 0x0000000089400000, 0x0000000089400000| Untracked 
|  85|0x0000000089500000, 0x0000000089500000, 0x0000000089600000|  0%| F|  |TAMS 0x0000000089500000, 0x0000000089500000| Untracked 
|  86|0x0000000089600000, 0x0000000089600000, 0x0000000089700000|  0%| F|  |TAMS 0x0000000089600000, 0x0000000089600000| Untracked 
|  87|0x0000000089700000, 0x0000000089700000, 0x0000000089800000|  0%| F|  |TAMS 0x0000000089700000, 0x0000000089700000| Untracked 
|  88|0x0000000089800000, 0x0000000089800000, 0x0000000089900000|  0%| F|  |TAMS 0x0000000089800000, 0x0000000089800000| Untracked 
|  89|0x0000000089900000, 0x0000000089900000, 0x0000000089a00000|  0%| F|  |TAMS 0x0000000089900000, 0x0000000089900000| Untracked 
|  90|0x0000000089a00000, 0x0000000089a00000, 0x0000000089b00000|  0%| F|  |TAMS 0x0000000089a00000, 0x0000000089a00000| Untracked 
|  91|0x0000000089b00000, 0x0000000089b00000, 0x0000000089c00000|  0%| F|  |TAMS 0x0000000089b00000, 0x0000000089b00000| Untracked 
|  92|0x0000000089c00000, 0x0000000089c00000, 0x0000000089d00000|  0%| F|  |TAMS 0x0000000089c00000, 0x0000000089c00000| Untracked 
|  93|0x0000000089d00000, 0x0000000089d00000, 0x0000000089e00000|  0%| F|  |TAMS 0x0000000089d00000, 0x0000000089d00000| Untracked 
|  94|0x0000000089e00000, 0x0000000089e00000, 0x0000000089f00000|  0%| F|  |TAMS 0x0000000089e00000, 0x0000000089e00000| Untracked 
|  95|0x0000000089f00000, 0x0000000089f00000, 0x000000008a000000|  0%| F|  |TAMS 0x0000000089f00000, 0x0000000089f00000| Untracked 
|  96|0x000000008a000000, 0x000000008a000000, 0x000000008a100000|  0%| F|  |TAMS 0x000000008a000000, 0x000000008a000000| Untracked 
|  97|0x000000008a100000, 0x000000008a100000, 0x000000008a200000|  0%| F|  |TAMS 0x000000008a100000, 0x000000008a100000| Untracked 
|  98|0x000000008a200000, 0x000000008a200000, 0x000000008a300000|  0%| F|  |TAMS 0x000000008a200000, 0x000000008a200000| Untracked 
|  99|0x000000008a300000, 0x000000008a300000, 0x000000008a400000|  0%| F|  |TAMS 0x000000008a300000, 0x000000008a300000| Untracked 
| 100|0x000000008a400000, 0x000000008a400000, 0x000000008a500000|  0%| F|  |TAMS 0x000000008a400000, 0x000000008a400000| Untracked 
| 101|0x000000008a500000, 0x000000008a500000, 0x000000008a600000|  0%| F|  |TAMS 0x000000008a500000, 0x000000008a500000| Untracked 
| 102|0x000000008a600000, 0x000000008a600000, 0x000000008a700000|  0%| F|  |TAMS 0x000000008a600000, 0x000000008a600000| Untracked 
| 103|0x000000008a700000, 0x000000008a700000, 0x000000008a800000|  0%| F|  |TAMS 0x000000008a700000, 0x000000008a700000| Untracked 
| 104|0x000000008a800000, 0x000000008a800000, 0x000000008a900000|  0%| F|  |TAMS 0x000000008a800000, 0x000000008a800000| Untracked 
| 105|0x000000008a900000, 0x000000008a900000, 0x000000008aa00000|  0%| F|  |TAMS 0x000000008a900000, 0x000000008a900000| Untracked 
| 106|0x000000008aa00000, 0x000000008aa00000, 0x000000008ab00000|  0%| F|  |TAMS 0x000000008aa00000, 0x000000008aa00000| Untracked 
| 107|0x000000008ab00000, 0x000000008ab00000, 0x000000008ac00000|  0%| F|  |TAMS 0x000000008ab00000, 0x000000008ab00000| Untracked 
| 108|0x000000008ac00000, 0x000000008ac00000, 0x000000008ad00000|  0%| F|  |TAMS 0x000000008ac00000, 0x000000008ac00000| Untracked 
| 109|0x000000008ad00000, 0x000000008ad00000, 0x000000008ae00000|  0%| F|  |TAMS 0x000000008ad00000, 0x000000008ad00000| Untracked 
| 110|0x000000008ae00000, 0x000000008ae00000, 0x000000008af00000|  0%| F|  |TAMS 0x000000008ae00000, 0x000000008ae00000| Untracked 
| 111|0x000000008af00000, 0x000000008af00000, 0x000000008b000000|  0%| F|  |TAMS 0x000000008af00000, 0x000000008af00000| Untracked 
| 112|0x000000008b000000, 0x000000008b000000, 0x000000008b100000|  0%| F|  |TAMS 0x000000008b000000, 0x000000008b000000| Untracked 
| 113|0x000000008b100000, 0x000000008b100000, 0x000000008b200000|  0%| F|  |TAMS 0x000000008b100000, 0x000000008b100000| Untracked 
| 114|0x000000008b200000, 0x000000008b200000, 0x000000008b300000|  0%| F|  |TAMS 0x000000008b200000, 0x000000008b200000| Untracked 
| 115|0x000000008b300000, 0x000000008b300000, 0x000000008b400000|  0%| F|  |TAMS 0x000000008b300000, 0x000000008b300000| Untracked 
| 116|0x000000008b400000, 0x000000008b400000, 0x000000008b500000|  0%| F|  |TAMS 0x000000008b400000, 0x000000008b400000| Untracked 
| 117|0x000000008b500000, 0x000000008b500000, 0x000000008b600000|  0%| F|  |TAMS 0x000000008b500000, 0x000000008b500000| Untracked 
| 118|0x000000008b600000, 0x000000008b600000, 0x000000008b700000|  0%| F|  |TAMS 0x000000008b600000, 0x000000008b600000| Untracked 
| 119|0x000000008b700000, 0x000000008b700000, 0x000000008b800000|  0%| F|  |TAMS 0x000000008b700000, 0x000000008b700000| Untracked 
| 120|0x000000008b800000, 0x000000008b800000, 0x000000008b900000|  0%| F|  |TAMS 0x000000008b800000, 0x000000008b800000| Untracked 
| 121|0x000000008b900000, 0x000000008b900000, 0x000000008ba00000|  0%| F|  |TAMS 0x000000008b900000, 0x000000008b900000| Untracked 
| 122|0x000000008ba00000, 0x000000008ba00000, 0x000000008bb00000|  0%| F|  |TAMS 0x000000008ba00000, 0x000000008ba00000| Untracked 
| 123|0x000000008bb00000, 0x000000008bb00000, 0x000000008bc00000|  0%| F|  |TAMS 0x000000008bb00000, 0x000000008bb00000| Untracked 

Card table byte_map: [0x000001c490a10000,0x000001c490df0000] _byte_map_base: 0x000001c4905f0000

Marking Bits (Prev, Next): (CMBitMap*) 0x000001c48562f780, (CMBitMap*) 0x000001c48562f740
 Prev Bits: [0x000001c4930d0000, 0x000001c494fd0000)
 Next Bits: [0x000001c4911d0000, 0x000001c4930d0000)

Polling page: 0x000001c4833f0000

Metaspace:

Usage:
  Non-class:     58.84 MB used.
      Class:      9.72 MB used.
       Both:     68.55 MB used.

Virtual space:
  Non-class space:       64.00 MB reserved,      59.25 MB ( 93%) committed,  1 nodes.
      Class space:        1.00 GB reserved,      10.00 MB ( <1%) committed,  1 nodes.
             Both:        1.06 GB reserved,      69.25 MB (  6%) committed. 

Chunk freelists:
   Non-Class:  496.00 KB
       Class:  2.02 MB
        Both:  2.50 MB

MaxMetaspaceSize: unlimited
CompressedClassSpaceSize: 1.00 GB
Initial GC threshold: 21.00 MB
Current GC threshold: 98.75 MB
CDS: on
MetaspaceReclaimPolicy: balanced
 - commit_granule_bytes: 65536.
 - commit_granule_words: 8192.
 - virtual_space_node_default_size: 8388608.
 - enlarge_chunks_in_place: 1.
 - new_chunks_are_fully_committed: 0.
 - uncommit_free_chunks: 1.
 - use_allocation_guard: 0.


Internal statistics:

num_allocs_failed_limit: 9.
num_arena_births: 992.
num_arena_deaths: 0.
num_vsnodes_births: 2.
num_vsnodes_deaths: 0.
num_space_committed: 1108.
num_space_uncommitted: 0.
num_chunks_returned_to_freelist: 9.
num_chunks_taken_from_freelist: 3282.
num_chunk_merges: 9.
num_chunk_splits: 2451.
num_chunks_enlarged: 1997.
num_inconsistent_stats: 0.

CodeCache: size=49152Kb used=15057Kb max_used=15057Kb free=34095Kb
 bounds [0x000001c48d520000, 0x000001c48e3e0000, 0x000001c490520000]
 total_blobs=8693 nmethods=7974 adapters=641
 compilation: enabled
              stopped_count=0, restarted_count=0
 full_count=0

Compilation events (20 events):
Event: 49.612 Thread 0x000001c49c345da0 7965       1       java.util.regex.CharPredicates::lambda$category$15 (17 bytes)
Event: 49.612 Thread 0x000001c49c346330 nmethod 7964 0x000001c48e3d0e10 code [0x000001c48e3d0fc0, 0x000001c48e3d10f8]
Event: 49.612 Thread 0x000001c49c346330 7967       1       java.util.regex.ASCII::isType (15 bytes)
Event: 49.612 Thread 0x000001c49c345da0 nmethod 7965 0x000001c48e3d1210 code [0x000001c48e3d13c0, 0x000001c48e3d14d8]
Event: 49.612 Thread 0x000001c49c345da0 7968       1       java.util.regex.ASCII::getType (17 bytes)
Event: 49.612 Thread 0x000001c49c346330 nmethod 7967 0x000001c48e3d1590 code [0x000001c48e3d1720, 0x000001c48e3d1818]
Event: 49.612 Thread 0x000001c497a19d00 nmethod 7966 0x000001c48e3d1910 code [0x000001c48e3d1ae0, 0x000001c48e3d1d58]
Event: 49.612 Thread 0x000001c49c345da0 nmethod 7968 0x000001c48e3d1e90 code [0x000001c48e3d2020, 0x000001c48e3d2138]
Event: 49.612 Thread 0x000001c49c345da0 7969       1       java.util.ImmutableCollections$List12::toArray (41 bytes)
Event: 49.612 Thread 0x000001c49c345da0 nmethod 7969 0x000001c48e3d2210 code [0x000001c48e3d23e0, 0x000001c48e3d2898]
Event: 49.613 Thread 0x000001c49c345da0 7970       1       org.antlr.v4.runtime.ParserRuleContext::getChild (42 bytes)
Event: 49.613 Thread 0x000001c49c346330 7971       1       org.antlr.v4.runtime.ParserRuleContext::getChildCount (21 bytes)
Event: 49.613 Thread 0x000001c49c345da0 nmethod 7970 0x000001c48e3d2a10 code [0x000001c48e3d2bc0, 0x000001c48e3d2d78]
Event: 49.613 Thread 0x000001c49c346330 nmethod 7971 0x000001c48e3d2e90 code [0x000001c48e3d3040, 0x000001c48e3d3168]
Event: 49.615 Thread 0x000001c49c345da0 7972       1       org.antlr.v4.runtime.ParserRuleContext::<init> (5 bytes)
Event: 49.615 Thread 0x000001c497a19d00 7973       1       org.antlr.v4.runtime.RuleContext::<init> (10 bytes)
Event: 49.615 Thread 0x000001c49c346330 7974       1       org.antlr.v4.runtime.ParserRuleContext::copyFrom (99 bytes)
Event: 49.615 Thread 0x000001c497a19d00 nmethod 7973 0x000001c48e3d3210 code [0x000001c48e3d33a0, 0x000001c48e3d3478]
Event: 49.615 Thread 0x000001c49c345da0 nmethod 7972 0x000001c48e3d3510 code [0x000001c48e3d36a0, 0x000001c48e3d3778]
Event: 49.616 Thread 0x000001c49c346330 nmethod 7974 0x000001c48e3d3810 code [0x000001c48e3d3a40, 0x000001c48e3d41b8]

GC Heap History (20 events):
Event: 3.051 GC heap after
{Heap after GC invocations=9 (full 0):
 garbage-first heap   total 58368K, used 22288K [0x0000000084000000, 0x0000000100000000)
  region size 1024K, 4 young (4096K), 4 survivors (4096K)
 Metaspace       used 32015K, committed 32448K, reserved 1114112K
  class space    used 4354K, committed 4544K, reserved 1048576K
}
Event: 3.280 GC heap before
{Heap before GC invocations=9 (full 0):
 garbage-first heap   total 58368K, used 42768K [0x0000000084000000, 0x0000000100000000)
  region size 1024K, 25 young (25600K), 4 survivors (4096K)
 Metaspace       used 35200K, committed 35776K, reserved 1114112K
  class space    used 4685K, committed 4928K, reserved 1048576K
}
Event: 3.285 GC heap after
{Heap after GC invocations=10 (full 0):
 garbage-first heap   total 58368K, used 24216K [0x0000000084000000, 0x0000000100000000)
  region size 1024K, 2 young (2048K), 2 survivors (2048K)
 Metaspace       used 35200K, committed 35776K, reserved 1114112K
  class space    used 4685K, committed 4928K, reserved 1048576K
}
Event: 3.379 GC heap before
{Heap before GC invocations=10 (full 0):
 garbage-first heap   total 58368K, used 34456K [0x0000000084000000, 0x0000000100000000)
  region size 1024K, 13 young (13312K), 2 survivors (2048K)
 Metaspace       used 35590K, committed 36096K, reserved 1114112K
  class space    used 4746K, committed 4992K, reserved 1048576K
}
Event: 3.382 GC heap after
{Heap after GC invocations=11 (full 0):
 garbage-first heap   total 103424K, used 24649K [0x0000000084000000, 0x0000000100000000)
  region size 1024K, 1 young (1024K), 1 survivors (1024K)
 Metaspace       used 35590K, committed 36096K, reserved 1114112K
  class space    used 4746K, committed 4992K, reserved 1048576K
}
Event: 25.372 GC heap before
{Heap before GC invocations=12 (full 0):
 garbage-first heap   total 92160K, used 78921K [0x0000000084000000, 0x0000000100000000)
  region size 1024K, 54 young (55296K), 1 survivors (1024K)
 Metaspace       used 46702K, committed 47360K, reserved 1114112K
  class space    used 6291K, committed 6592K, reserved 1048576K
}
Event: 25.376 GC heap after
{Heap after GC invocations=13 (full 0):
 garbage-first heap   total 92160K, used 27255K [0x0000000084000000, 0x0000000100000000)
  region size 1024K, 4 young (4096K), 4 survivors (4096K)
 Metaspace       used 46702K, committed 47360K, reserved 1114112K
  class space    used 6291K, committed 6592K, reserved 1048576K
}
Event: 25.392 GC heap before
{Heap before GC invocations=13 (full 0):
 garbage-first heap   total 92160K, used 28279K [0x0000000084000000, 0x0000000100000000)
  region size 1024K, 5 young (5120K), 4 survivors (4096K)
 Metaspace       used 46906K, committed 47552K, reserved 1114112K
  class space    used 6324K, committed 6656K, reserved 1048576K
}
Event: 25.395 GC heap after
{Heap after GC invocations=14 (full 0):
 garbage-first heap   total 92160K, used 27519K [0x0000000084000000, 0x0000000100000000)
  region size 1024K, 1 young (1024K), 1 survivors (1024K)
 Metaspace       used 46906K, committed 47552K, reserved 1114112K
  class space    used 6324K, committed 6656K, reserved 1048576K
}
Event: 47.366 GC heap before
{Heap before GC invocations=14 (full 0):
 garbage-first heap   total 92160K, used 71551K [0x0000000084000000, 0x0000000100000000)
  region size 1024K, 45 young (46080K), 1 survivors (1024K)
 Metaspace       used 53165K, committed 53824K, reserved 1114112K
  class space    used 7168K, committed 7488K, reserved 1048576K
}
Event: 47.368 GC heap after
{Heap after GC invocations=15 (full 0):
 garbage-first heap   total 92160K, used 28984K [0x0000000084000000, 0x0000000100000000)
  region size 1024K, 2 young (2048K), 2 survivors (2048K)
 Metaspace       used 53165K, committed 53824K, reserved 1114112K
  class space    used 7168K, committed 7488K, reserved 1048576K
}
Event: 48.341 GC heap before
{Heap before GC invocations=15 (full 0):
 garbage-first heap   total 92160K, used 71992K [0x0000000084000000, 0x0000000100000000)
  region size 1024K, 45 young (46080K), 2 survivors (2048K)
 Metaspace       used 59722K, committed 60416K, reserved 1114112K
  class space    used 8237K, committed 8576K, reserved 1048576K
}
Event: 48.345 GC heap after
{Heap after GC invocations=16 (full 0):
 garbage-first heap   total 92160K, used 30178K [0x0000000084000000, 0x0000000100000000)
  region size 1024K, 4 young (4096K), 4 survivors (4096K)
 Metaspace       used 59722K, committed 60416K, reserved 1114112K
  class space    used 8237K, committed 8576K, reserved 1048576K
}
Event: 49.170 GC heap before
{Heap before GC invocations=17 (full 0):
 garbage-first heap   total 92160K, used 74210K [0x0000000084000000, 0x0000000100000000)
  region size 1024K, 47 young (48128K), 4 survivors (4096K)
 Metaspace       used 67256K, committed 67968K, reserved 1114112K
  class space    used 9405K, committed 9728K, reserved 1048576K
}
Event: 49.177 GC heap after
{Heap after GC invocations=18 (full 0):
 garbage-first heap   total 92160K, used 33605K [0x0000000084000000, 0x0000000100000000)
  region size 1024K, 6 young (6144K), 6 survivors (6144K)
 Metaspace       used 67256K, committed 67968K, reserved 1114112K
  class space    used 9405K, committed 9728K, reserved 1048576K
}
Event: 49.189 GC heap before
{Heap before GC invocations=18 (full 0):
 garbage-first heap   total 92160K, used 34629K [0x0000000084000000, 0x0000000100000000)
  region size 1024K, 7 young (7168K), 6 survivors (6144K)
 Metaspace       used 67456K, committed 68160K, reserved 1114112K
  class space    used 9409K, committed 9728K, reserved 1048576K
}
Event: 49.195 GC heap after
{Heap after GC invocations=19 (full 0):
 garbage-first heap   total 92160K, used 34031K [0x0000000084000000, 0x0000000100000000)
  region size 1024K, 1 young (1024K), 1 survivors (1024K)
 Metaspace       used 67456K, committed 68160K, reserved 1114112K
  class space    used 9409K, committed 9728K, reserved 1048576K
}
Event: 49.495 GC heap before
{Heap before GC invocations=19 (full 0):
 garbage-first heap   total 92160K, used 72943K [0x0000000084000000, 0x0000000100000000)
  region size 1024K, 40 young (40960K), 1 survivors (1024K)
 Metaspace       used 70098K, committed 70784K, reserved 1114112K
  class space    used 9929K, committed 10240K, reserved 1048576K
}
Event: 49.500 GC heap after
{Heap after GC invocations=20 (full 0):
 garbage-first heap   total 92160K, used 36327K [0x0000000084000000, 0x0000000100000000)
  region size 1024K, 4 young (4096K), 4 survivors (4096K)
 Metaspace       used 70098K, committed 70784K, reserved 1114112K
  class space    used 9929K, committed 10240K, reserved 1048576K
}
Event: 49.616 GC heap before
{Heap before GC invocations=20 (full 0):
 garbage-first heap   total 92160K, used 73191K [0x0000000084000000, 0x0000000100000000)
  region size 1024K, 40 young (40960K), 4 survivors (4096K)
 Metaspace       used 70199K, committed 70912K, reserved 1114112K
  class space    used 9948K, committed 10240K, reserved 1048576K
}

Dll operation events (14 events):
Event: 0.008 Loaded shared library C:\Program Files\Java\jdk-19\bin\java.dll
Event: 0.019 Loaded shared library C:\Program Files\Java\jdk-19\bin\jsvml.dll
Event: 0.134 Loaded shared library C:\Program Files\Java\jdk-19\bin\zip.dll
Event: 0.137 Loaded shared library C:\Program Files\Java\jdk-19\bin\instrument.dll
Event: 0.143 Loaded shared library C:\Program Files\Java\jdk-19\bin\net.dll
Event: 0.145 Loaded shared library C:\Program Files\Java\jdk-19\bin\nio.dll
Event: 0.148 Loaded shared library C:\Program Files\Java\jdk-19\bin\zip.dll
Event: 0.238 Loaded shared library E:\APP\IntelliJ IDEA 2022.3.2\bin\breakgen64.dll
Event: 0.248 Loaded shared library C:\Program Files\Java\jdk-19\bin\jimage.dll
Event: 0.252 Loaded shared library C:\Program Files\Java\jdk-19\bin\extnet.dll
Event: 0.282 Loaded shared library C:\Program Files\Java\jdk-19\bin\management.dll
Event: 0.301 Loaded shared library C:\Program Files\Java\jdk-19\bin\management_ext.dll
Event: 0.600 Loaded shared library C:\Program Files\Java\jdk-19\bin\verify.dll
Event: 2.003 Loaded shared library C:\Program Files\Java\jdk-19\bin\sunmscapi.dll

Deoptimization events (14 events):
Event: 0.420 Thread 0x000001c4855d1a30 DEOPT PACKING pc=0x000001c48d8624d5 sp=0x000000b1963fd3a0
Event: 0.420 Thread 0x000001c4855d1a30 DEOPT UNPACKING pc=0x000001c48d58b0e3 sp=0x000000b1963fc850 mode 3
Event: 0.430 Thread 0x000001c4855d1a30 DEOPT PACKING pc=0x000001c48d908cd0 sp=0x000000b1963fd370
Event: 0.430 Thread 0x000001c4855d1a30 DEOPT UNPACKING pc=0x000001c48d58b0e3 sp=0x000000b1963fc828 mode 3
Event: 1.548 Thread 0x000001c49c6fa570 DEOPT PACKING pc=0x000001c48db269b9 sp=0x000000b1981fcf80
Event: 1.548 Thread 0x000001c49c6fa570 DEOPT UNPACKING pc=0x000001c48d58b0e3 sp=0x000000b1981fc460 mode 3
Event: 2.762 Thread 0x000001c49c6fa570 DEOPT PACKING pc=0x000001c48de31939 sp=0x000000b1981fca00
Event: 2.762 Thread 0x000001c49c6fa570 DEOPT UNPACKING pc=0x000001c48d58b0e3 sp=0x000000b1981fbee0 mode 3
Event: 48.706 Thread 0x000001c49c6fa570 DEOPT PACKING pc=0x000001c48dbd13ba sp=0x000000b1981fbce0
Event: 48.706 Thread 0x000001c49c6fa570 DEOPT UNPACKING pc=0x000001c48d58b0e3 sp=0x000000b1981fb1e8 mode 3
Event: 48.706 Thread 0x000001c49c6fa570 DEOPT PACKING pc=0x000001c48dbb78cc sp=0x000000b1981fbca0
Event: 48.706 Thread 0x000001c49c6fa570 DEOPT UNPACKING pc=0x000001c48d58b0e3 sp=0x000000b1981fb1e8 mode 3
Event: 48.823 Thread 0x000001c49c6fa570 DEOPT PACKING pc=0x000001c48db55ea4 sp=0x000000b1981fc190
Event: 48.823 Thread 0x000001c49c6fa570 DEOPT UNPACKING pc=0x000001c48d58b0e3 sp=0x000000b1981fb6e8 mode 0

Classes loaded (20 events):
Event: 48.910 Loading class java/lang/Character$UnicodeBlock
Event: 48.912 Loading class java/lang/Character$Subset
Event: 48.912 Loading class java/lang/Character$Subset done
Event: 48.912 Loading class java/lang/Character$UnicodeBlock done
Event: 48.921 Loading class java/util/regex/Pattern$1
Event: 48.922 Loading class java/util/regex/Pattern$1 done
Event: 48.953 Loading class java/util/regex/Pattern$Bound
Event: 48.953 Loading class java/util/regex/Pattern$Bound done
Event: 48.954 Loading class java/util/regex/Pattern$Behind
Event: 48.954 Loading class java/util/regex/Pattern$Behind done
Event: 49.013 Loading class java/io/InvalidClassException
Event: 49.013 Loading class java/io/InvalidClassException done
Event: 49.415 Loading class java/util/WeakHashMap$KeyIterator
Event: 49.416 Loading class java/util/WeakHashMap$HashIterator
Event: 49.416 Loading class java/util/WeakHashMap$HashIterator done
Event: 49.416 Loading class java/util/WeakHashMap$KeyIterator done
Event: 49.416 Loading class java/util/WeakHashMap$EntrySet
Event: 49.416 Loading class java/util/WeakHashMap$EntrySet done
Event: 49.416 Loading class java/util/WeakHashMap$EntryIterator
Event: 49.416 Loading class java/util/WeakHashMap$EntryIterator done

Classes unloaded (0 events):
No events

Classes redefined (0 events):
No events

Internal exceptions (20 events):
Event: 48.328 Thread 0x000001c49c6fa570 Exception <a 'java/lang/NoSuchMethodError'{0x0000000086f875c0}: 'java.lang.Object java.lang.invoke.DirectMethodHandle$Holder.newInvokeSpecial(java.lang.Object, java.lang.Object, int, java.lang.Object)'> (0x0000000086f875c0) 
thrown [s\open\src\hotspot\share\interpreter\linkResolver.cpp, line 774]
Event: 48.328 Thread 0x000001c49c6fa570 Exception <a 'java/lang/NoSuchMethodError'{0x0000000086f8b1a8}: 'java.lang.Object java.lang.invoke.Invokers$Holder.linkToTargetMethod(java.lang.Object, int, java.lang.Object, java.lang.Object)'> (0x0000000086f8b1a8) 
thrown [s\open\src\hotspot\share\interpreter\linkResolver.cpp, line 774]
Event: 48.361 Thread 0x000001c49c6fa570 Exception <a 'java/lang/NoSuchMethodError'{0x000000008bbbc588}: 'void java.lang.invoke.DirectMethodHandle$Holder.invokeSpecial(java.lang.Object, java.lang.Object, java.lang.Object, java.lang.Object, java.lang.Object, java.lang.Object, java.lang.Object, java.lang.Object)'> (0x000000008bbbc588) 
thrown [s\open\src\hotspot\share\interpreter\linkResolver.cpp, line 774]
Event: 48.369 Thread 0x000001c49c6fa570 Exception <a 'java/lang/NoSuchMethodError'{0x000000008ba01080}: 'void java.lang.invoke.DirectMethodHandle$Holder.invokeSpecial(java.lang.Object, java.lang.Object, int, java.lang.Object)'> (0x000000008ba01080) 
thrown [s\open\src\hotspot\share\interpreter\linkResolver.cpp, line 774]
Event: 48.369 Thread 0x000001c49c6fa570 Exception <a 'java/lang/NoSuchMethodError'{0x000000008ba07ef0}: 'java.lang.Object java.lang.invoke.DirectMethodHandle$Holder.newInvokeSpecial(java.lang.Object, java.lang.Object, int)'> (0x000000008ba07ef0) 
thrown [s\open\src\hotspot\share\interpreter\linkResolver.cpp, line 774]
Event: 48.418 Thread 0x000001c49c6fa570 Exception <a 'java/lang/NoSuchMethodError'{0x00000000897a80e0}: 'java.lang.Object java.lang.invoke.DirectMethodHandle$Holder.newInvokeSpecial(java.lang.Object, java.lang.Object, java.lang.Object, java.lang.Object, java.lang.Object, int, java.lang.Object)'> (0x00000000897a80e0) 
thrown [s\open\src\hotspot\share\interpreter\linkResolver.cpp, line 774]
Event: 48.425 Thread 0x000001c49c6fa570 Exception <a 'java/lang/NoSuchMethodError'{0x00000000897e3cb8}: 'java.lang.Object java.lang.invoke.DirectMethodHandle$Holder.newInvokeSpecial(java.lang.Object, java.lang.Object, java.lang.Object, java.lang.Object, java.lang.Object, java.lang.Object, java.lang.Object, java.lang.Object, java.lang.Object, java.lang.Object, java.lang.Object, java.lang.Object)'> (0x00000000897e3cb8) 
thrown [s\open\src\hotspot\share\interpreter\linkResolver.cpp, line 774]
Event: 48.425 Thread 0x000001c49c6fa570 Exception <a 'java/lang/NoSuchMethodError'{0x00000000897e87f8}: 'java.lang.Object java.lang.invoke.DirectMethodHandle$Holder.invokeSpecial(java.lang.Object, java.lang.Object, java.lang.Object, java.lang.Object, java.lang.Object, java.lang.Object, java.lang.Object, java.lang.Object, java.lang.Object, java.lang.Object, java.lang.Object, java.lang.Object, java.lang.Object)'> (0x00000000897e87f8) 
thrown [s\open\src\hotspot\share\interpreter\linkResolver.cpp, line 774]
Event: 48.425 Thread 0x000001c49c6fa570 Exception <a 'java/lang/NoSuchMethodError'{0x00000000897ecf60}: 'java.lang.Object java.lang.invoke.Invokers$Holder.linkToTargetMethod(java.lang.Object, java.lang.Object, java.lang.Object, java.lang.Object, java.lang.Object, java.lang.Object, java.lang.Object, java.lang.Object, java.lang.Object, java.lang.Object, java.lang.Object, java.lang.Object)'> (0x00000000897ecf60) 
thrown [s\open\src\hotspot\share\interpreter\linkResolver.cpp, line 774]
Event: 48.503 Thread 0x000001c49c6fa570 Exception <a 'java/lang/NoSuchMethodError'{0x000000008949d478}: 'java.lang.Object java.lang.invoke.DirectMethodHandle$Holder.newInvokeSpecial(java.lang.Object, java.lang.Object, java.lang.Object, java.lang.Object, java.lang.Object, java.lang.Object, java.lang.Object, int)'> (0x000000008949d478) 
thrown [s\open\src\hotspot\share\interpreter\linkResolver.cpp, line 774]
Event: 48.503 Thread 0x000001c49c6fa570 Exception <a 'java/lang/NoSuchMethodError'{0x00000000894a2488}: 'java.lang.Object java.lang.invoke.DirectMethodHandle$Holder.invokeSpecial(java.lang.Object, java.lang.Object, java.lang.Object, java.lang.Object, java.lang.Object, java.lang.Object, java.lang.Object, java.lang.Object, int)'> (0x00000000894a2488) 
thrown [s\open\src\hotspot\share\interpreter\linkResolver.cpp, line 774]
Event: 48.504 Thread 0x000001c49c6fa570 Exception <a 'java/lang/NoSuchMethodError'{0x00000000894a6f60}: 'java.lang.Object java.lang.invoke.Invokers$Holder.linkToTargetMethod(java.lang.Object, java.lang.Object, java.lang.Object, java.lang.Object, java.lang.Object, java.lang.Object, int, java.lang.Object)'> (0x00000000894a6f60) 
thrown [s\open\src\hotspot\share\interpreter\linkResolver.cpp, line 774]
Event: 48.524 Thread 0x000001c49c6fa570 Exception <a 'java/lang/NoSuchMethodError'{0x00000000893b7eb0}: 'java.lang.Object java.lang.invoke.DirectMethodHandle$Holder.newInvokeSpecial(java.lang.Object, java.lang.Object, int, java.lang.Object, int, java.lang.Object, java.lang.Object)'> (0x00000000893b7eb0) 
thrown [s\open\src\hotspot\share\interpreter\linkResolver.cpp, line 774]
Event: 48.611 Thread 0x000001c49c6fa570 Exception <a 'java/lang/NoSuchMethodError'{0x0000000088e7eb60}: 'void java.lang.invoke.Invokers$Holder.invokeExact_MT(java.lang.Object, java.lang.Object, java.lang.Object, java.lang.Object)'> (0x0000000088e7eb60) 
thrown [s\open\src\hotspot\share\interpreter\linkResolver.cpp, line 774]
Event: 48.669 Thread 0x000001c49c6fa570 Exception <a 'java/lang/IncompatibleClassChangeError'{0x0000000088ac2390}: Found class java.lang.Object, but interface was expected> (0x0000000088ac2390) 
thrown [s\open\src\hotspot\share\interpreter\linkResolver.cpp, line 841]
Event: 48.679 Thread 0x000001c49c6fa570 Exception <a 'java/lang/IncompatibleClassChangeError'{0x00000000889651f8}: Found class java.lang.Object, but interface was expected> (0x00000000889651f8) 
thrown [s\open\src\hotspot\share\interpreter\linkResolver.cpp, line 841]
Event: 48.722 Thread 0x000001c49c6fa570 Exception <a 'java/lang/IncompatibleClassChangeError'{0x000000008870d828}: Found class java.lang.Object, but interface was expected> (0x000000008870d828) 
thrown [s\open\src\hotspot\share\interpreter\linkResolver.cpp, line 841]
Event: 48.854 Thread 0x000001c49c6fa570 Exception <a 'java/lang/IncompatibleClassChangeError'{0x00000000881b2798}: Found class java.lang.Object, but interface was expected> (0x00000000881b2798) 
thrown [s\open\src\hotspot\share\interpreter\linkResolver.cpp, line 841]
Event: 48.923 Thread 0x000001c49c6fa570 Exception <a 'java/lang/IncompatibleClassChangeError'{0x0000000087ee0088}: Found class java.lang.Object, but interface was expected> (0x0000000087ee0088) 
thrown [s\open\src\hotspot\share\interpreter\linkResolver.cpp, line 841]
Event: 48.967 Thread 0x000001c49c6fa570 Exception <a 'java/lang/NoSuchMethodError'{0x0000000087cb1b00}: 'java.lang.Object java.lang.invoke.DirectMethodHandle$Holder.invokeStatic(java.lang.Object, int, java.lang.Object)'> (0x0000000087cb1b00) 
thrown [s\open\src\hotspot\share\interpreter\linkResolver.cpp, line 774]

VM Operations (20 events):
Event: 48.869 Executing VM operation: HandshakeAllThreads done
Event: 48.870 Executing VM operation: HandshakeAllThreads
Event: 48.870 Executing VM operation: HandshakeAllThreads done
Event: 49.027 Executing VM operation: HandshakeAllThreads
Event: 49.027 Executing VM operation: HandshakeAllThreads done
Event: 49.128 Executing VM operation: ICBufferFull
Event: 49.128 Executing VM operation: ICBufferFull done
Event: 49.141 Executing VM operation: HandshakeAllThreads
Event: 49.141 Executing VM operation: HandshakeAllThreads done
Event: 49.170 Executing VM operation: G1CollectForAllocation
Event: 49.177 Executing VM operation: G1CollectForAllocation done
Event: 49.189 Executing VM operation: G1CollectForAllocation
Event: 49.195 Executing VM operation: G1CollectForAllocation done
Event: 49.329 Executing VM operation: HandshakeAllThreads
Event: 49.329 Executing VM operation: HandshakeAllThreads done
Event: 49.358 Executing VM operation: HandshakeAllThreads
Event: 49.358 Executing VM operation: HandshakeAllThreads done
Event: 49.495 Executing VM operation: G1CollectForAllocation
Event: 49.500 Executing VM operation: G1CollectForAllocation done
Event: 49.616 Executing VM operation: G1CollectForAllocation

Events (20 events):
Event: 44.986 Thread 0x000001c49df35b00 Thread added: 0x000001c49df35b00
Event: 44.992 Thread 0x000001c49df35b00 Thread exited: 0x000001c49df35b00
Event: 45.501 Thread 0x000001c49df33b20 Thread added: 0x000001c49df33b20
Event: 45.506 Thread 0x000001c49df33b20 Thread exited: 0x000001c49df33b20
Event: 46.018 Thread 0x000001c49df33b20 Thread added: 0x000001c49df33b20
Event: 46.021 Thread 0x000001c49df33b20 Thread exited: 0x000001c49df33b20
Event: 46.533 Thread 0x000001c49df33080 Thread added: 0x000001c49df33080
Event: 46.536 Thread 0x000001c49df33080 Thread exited: 0x000001c49df33080
Event: 46.810 Thread 0x000001c49c345da0 Thread added: 0x000001c49c345da0
Event: 46.818 Thread 0x000001c49c346330 Thread added: 0x000001c49c346330
Event: 47.055 Thread 0x000001c49df34b10 Thread added: 0x000001c49df34b10
Event: 47.062 Thread 0x000001c49df34b10 Thread exited: 0x000001c49df34b10
Event: 47.565 Thread 0x000001c49df36050 Thread added: 0x000001c49df36050
Event: 47.569 Thread 0x000001c49df36050 Thread exited: 0x000001c49df36050
Event: 48.083 Thread 0x000001c49df35b00 Thread added: 0x000001c49df35b00
Event: 48.087 Thread 0x000001c49df35b00 Thread exited: 0x000001c49df35b00
Event: 48.598 Thread 0x000001c49df34070 Thread added: 0x000001c49df34070
Event: 48.601 Thread 0x000001c49df34070 Thread exited: 0x000001c49df34070
Event: 49.116 Thread 0x000001c49df34b10 Thread added: 0x000001c49df34b10
Event: 49.120 Thread 0x000001c49df34b10 Thread exited: 0x000001c49df34b10


Dynamic libraries:
0x00007ff776e50000 - 0x00007ff776e60000 	C:\Program Files\Java\jdk-19\bin\java.exe
0x00007ffeb5cb0000 - 0x00007ffeb5ec7000 	C:\WINDOWS\SYSTEM32\ntdll.dll
0x00007ffeb5410000 - 0x00007ffeb54d4000 	C:\WINDOWS\System32\KERNEL32.DLL
0x00007ffeb2fb0000 - 0x00007ffeb3369000 	C:\WINDOWS\System32\KERNELBASE.dll
0x00007ffeb33a0000 - 0x00007ffeb34b1000 	C:\WINDOWS\System32\ucrtbase.dll
0x00007ffe9d0c0000 - 0x00007ffe9d0db000 	C:\Program Files\Java\jdk-19\bin\VCRUNTIME140.dll
0x00007ffe90890000 - 0x00007ffe908a8000 	C:\Program Files\Java\jdk-19\bin\jli.dll
0x00007ffeb3ce0000 - 0x00007ffeb3d92000 	C:\WINDOWS\System32\ADVAPI32.dll
0x00007ffeb3ba0000 - 0x00007ffeb3c47000 	C:\WINDOWS\System32\msvcrt.dll
0x00007ffeb5730000 - 0x00007ffeb57d7000 	C:\WINDOWS\System32\sechost.dll
0x00007ffeb3370000 - 0x00007ffeb3398000 	C:\WINDOWS\System32\bcrypt.dll
0x00007ffeb3ec0000 - 0x00007ffeb3fd4000 	C:\WINDOWS\System32\RPCRT4.dll
0x00007ffeb4710000 - 0x00007ffeb48be000 	C:\WINDOWS\System32\USER32.dll
0x00007ffeb36d0000 - 0x00007ffeb36f6000 	C:\WINDOWS\System32\win32u.dll
0x00007ffe93ca0000 - 0x00007ffe93f32000 	C:\WINDOWS\WinSxS\amd64_microsoft.windows.common-controls_6595b64144ccf1df_6.0.22621.4391_none_2715d37f73803e96\COMCTL32.dll
0x00007ffeb3fe0000 - 0x00007ffeb4009000 	C:\WINDOWS\System32\GDI32.dll
0x00007ffeb37c0000 - 0x00007ffeb38db000 	C:\WINDOWS\System32\gdi32full.dll
0x00007ffeb34c0000 - 0x00007ffeb355a000 	C:\WINDOWS\System32\msvcp_win.dll
0x00007ffeadb40000 - 0x00007ffeadb4a000 	C:\WINDOWS\SYSTEM32\VERSION.dll
0x00007ffeb53d0000 - 0x00007ffeb5401000 	C:\WINDOWS\System32\IMM32.DLL
0x00007ffe9d1f0000 - 0x00007ffe9d1fc000 	C:\Program Files\Java\jdk-19\bin\vcruntime140_1.dll
0x00007ffe69350000 - 0x00007ffe693de000 	C:\Program Files\Java\jdk-19\bin\msvcp140.dll
0x00007ffe156e0000 - 0x00007ffe163a0000 	C:\Program Files\Java\jdk-19\bin\server\jvm.dll
0x00007ffe96090000 - 0x00007ffe96099000 	C:\WINDOWS\SYSTEM32\WSOCK32.dll
0x00007ffeadc40000 - 0x00007ffeadc74000 	C:\WINDOWS\SYSTEM32\WINMM.dll
0x00007ffeb54e0000 - 0x00007ffeb5551000 	C:\WINDOWS\System32\WS2_32.dll
0x00007ffeb1ff0000 - 0x00007ffeb2008000 	C:\WINDOWS\SYSTEM32\kernel.appcore.dll
0x00007ffe9b090000 - 0x00007ffe9b09a000 	C:\Program Files\Java\jdk-19\bin\jimage.dll
0x00007ffeb07f0000 - 0x00007ffeb0a22000 	C:\WINDOWS\SYSTEM32\DBGHELP.DLL
0x00007ffeb41a0000 - 0x00007ffeb452f000 	C:\WINDOWS\System32\combase.dll
0x00007ffeb4910000 - 0x00007ffeb49e7000 	C:\WINDOWS\System32\OLEAUT32.dll
0x00007ffea0f30000 - 0x00007ffea0f62000 	C:\WINDOWS\SYSTEM32\dbgcore.DLL
0x00007ffeb38e0000 - 0x00007ffeb395b000 	C:\WINDOWS\System32\bcryptPrimitives.dll
0x00007ffeadac0000 - 0x00007ffeadace000 	C:\Program Files\Java\jdk-19\bin\instrument.dll
0x00007ffe7ea10000 - 0x00007ffe7ea36000 	C:\Program Files\Java\jdk-19\bin\java.dll
0x00007ffe67f00000 - 0x00007ffe67fd7000 	C:\Program Files\Java\jdk-19\bin\jsvml.dll
0x00007ffeb4a50000 - 0x00007ffeb52c6000 	C:\WINDOWS\System32\SHELL32.dll
0x00007ffeb0ef0000 - 0x00007ffeb17f3000 	C:\WINDOWS\SYSTEM32\windows.storage.dll
0x00007ffeb0db0000 - 0x00007ffeb0eef000 	C:\WINDOWS\SYSTEM32\wintypes.dll
0x00007ffeb52d0000 - 0x00007ffeb53c9000 	C:\WINDOWS\System32\SHCORE.dll
0x00007ffeb49f0000 - 0x00007ffeb4a4e000 	C:\WINDOWS\System32\shlwapi.dll
0x00007ffeb2ee0000 - 0x00007ffeb2f0b000 	C:\WINDOWS\SYSTEM32\profapi.dll
0x00007ffe76d90000 - 0x00007ffe76da8000 	C:\Program Files\Java\jdk-19\bin\zip.dll
0x00007ffe7b8c0000 - 0x00007ffe7b8d3000 	C:\Program Files\Java\jdk-19\bin\net.dll
0x00007ffeaf4c0000 - 0x00007ffeaf5f6000 	C:\WINDOWS\SYSTEM32\WINHTTP.dll
0x00007ffeb2470000 - 0x00007ffeb24d9000 	C:\WINDOWS\system32\mswsock.dll
0x00007ffe78b40000 - 0x00007ffe78b56000 	C:\Program Files\Java\jdk-19\bin\nio.dll
0x00007ffeada80000 - 0x00007ffeada9a000 	E:\APP\IntelliJ IDEA 2022.3.2\bin\breakgen64.dll
0x00007ffe9b080000 - 0x00007ffe9b088000 	C:\Program Files\Java\jdk-19\bin\extnet.dll
0x00007ffeb1a80000 - 0x00007ffeb1b82000 	C:\WINDOWS\SYSTEM32\DNSAPI.dll
0x00007ffeb1a50000 - 0x00007ffeb1a7d000 	C:\WINDOWS\SYSTEM32\IPHLPAPI.DLL
0x00007ffeb4030000 - 0x00007ffeb4039000 	C:\WINDOWS\System32\NSI.dll
0x0000000064490000 - 0x00000000644b6000 	C:\Program Files\Bonjour\mdnsNSP.dll
0x00007ffeade70000 - 0x00007ffeade7a000 	C:\Windows\System32\rasadhlp.dll
0x00007ffead470000 - 0x00007ffead4f3000 	C:\WINDOWS\System32\fwpuclnt.dll
0x00007ffe9e450000 - 0x00007ffe9e45a000 	C:\Program Files\Java\jdk-19\bin\management.dll
0x00007ffe9e140000 - 0x00007ffe9e14b000 	C:\Program Files\Java\jdk-19\bin\management_ext.dll
0x00007ffeb3eb0000 - 0x00007ffeb3eb8000 	C:\WINDOWS\System32\PSAPI.DLL
0x00007ffeb26c0000 - 0x00007ffeb26db000 	C:\WINDOWS\SYSTEM32\CRYPTSP.dll
0x00007ffeb1f50000 - 0x00007ffeb1f85000 	C:\WINDOWS\system32\rsaenh.dll
0x00007ffeb2560000 - 0x00007ffeb2588000 	C:\WINDOWS\SYSTEM32\USERENV.dll
0x00007ffeb26e0000 - 0x00007ffeb26ec000 	C:\WINDOWS\SYSTEM32\CRYPTBASE.dll
0x00007ffeadc20000 - 0x00007ffeadc39000 	C:\WINDOWS\SYSTEM32\dhcpcsvc6.DLL
0x00007ffeadbe0000 - 0x00007ffeadbff000 	C:\WINDOWS\SYSTEM32\dhcpcsvc.DLL
0x00007ffe93550000 - 0x00007ffe93567000 	C:\WINDOWS\system32\napinsp.dll
0x00007ffe93520000 - 0x00007ffe9353b000 	C:\WINDOWS\system32\pnrpnsp.dll
0x00007ffe93490000 - 0x00007ffe934a1000 	C:\WINDOWS\System32\winrnr.dll
0x00007ffe92fc0000 - 0x00007ffe92fd5000 	C:\WINDOWS\system32\wshbth.dll
0x00007ffe92360000 - 0x00007ffe92387000 	C:\WINDOWS\system32\nlansp_c.dll
0x00007ffe957e0000 - 0x00007ffe957f0000 	C:\Program Files\Java\jdk-19\bin\verify.dll
0x00007ffe9e120000 - 0x00007ffe9e12e000 	C:\Program Files\Java\jdk-19\bin\sunmscapi.dll
0x00007ffeb3560000 - 0x00007ffeb36c6000 	C:\WINDOWS\System32\CRYPT32.dll
0x00007ffeb2880000 - 0x00007ffeb28ad000 	C:\WINDOWS\SYSTEM32\ncrypt.dll
0x00007ffeb2840000 - 0x00007ffeb2877000 	C:\WINDOWS\SYSTEM32\NTASN1.dll

dbghelp: loaded successfully - version: 4.0.5 - missing functions: none
symbol engine: initialized successfully - sym options: 0x614 - pdb path: .;C:\Program Files\Java\jdk-19\bin;C:\WINDOWS\SYSTEM32;C:\WINDOWS\WinSxS\amd64_microsoft.windows.common-controls_6595b64144ccf1df_6.0.22621.4391_none_2715d37f73803e96;C:\Program Files\Java\jdk-19\bin\server;E:\APP\IntelliJ IDEA 2022.3.2\bin;C:\Program Files\Bonjour

VM Arguments:
jvm_args: -XX:TieredStopAtLevel=1 -Dspring.output.ansi.enabled=always -Dcom.sun.management.jmxremote -Dspring.jmx.enabled=true -Dspring.liveBeansView.mbeanDomain -Dspring.application.admin.enabled=true -Dmanagement.endpoints.jmx.exposure.include=* -javaagent:E:\APP\IntelliJ IDEA 2022.3.2\lib\idea_rt.jar=55215:E:\APP\IntelliJ IDEA 2022.3.2\bin -Dfile.encoding=UTF-8 -Dsun.stdout.encoding=UTF-8 -Dsun.stderr.encoding=UTF-8 
java_command: com.example.datn.DatnApplication
java_class_path (initial): E:\fa24-sd72-dat-phong-khach-san-bambooking\target\classes;C:\Users\Admin\.m2\repository\org\springframework\boot\spring-boot-starter-web\3.3.1\spring-boot-starter-web-3.3.1.jar;C:\Users\Admin\.m2\repository\org\springframework\boot\spring-boot-starter\3.3.1\spring-boot-starter-3.3.1.jar;C:\Users\Admin\.m2\repository\org\springframework\boot\spring-boot-starter-logging\3.3.1\spring-boot-starter-logging-3.3.1.jar;C:\Users\Admin\.m2\repository\ch\qos\logback\logback-classic\1.5.6\logback-classic-1.5.6.jar;C:\Users\Admin\.m2\repository\ch\qos\logback\logback-core\1.5.6\logback-core-1.5.6.jar;C:\Users\Admin\.m2\repository\org\apache\logging\log4j\log4j-to-slf4j\2.23.1\log4j-to-slf4j-2.23.1.jar;C:\Users\Admin\.m2\repository\org\apache\logging\log4j\log4j-api\2.23.1\log4j-api-2.23.1.jar;C:\Users\Admin\.m2\repository\org\slf4j\jul-to-slf4j\2.0.13\jul-to-slf4j-2.0.13.jar;C:\Users\Admin\.m2\repository\jakarta\annotation\jakarta.annotation-api\2.1.1\jakarta.annotation-api-2.1.1.jar;C:\Users\Admin\.m2\repository\org\yaml\snakeyaml\2.2\snakeyaml-2.2.jar;C:\Users\Admin\.m2\repository\org\springframework\boot\spring-boot-starter-json\3.3.1\spring-boot-starter-json-3.3.1.jar;C:\Users\Admin\.m2\repository\com\fasterxml\jackson\datatype\jackson-datatype-jdk8\2.17.1\jackson-datatype-jdk8-2.17.1.jar;C:\Users\Admin\.m2\repository\com\fasterxml\jackson\datatype\jackson-datatype-jsr310\2.17.1\jackson-datatype-jsr310-2.17.1.jar;C:\Users\Admin\.m2\repository\com\fasterxml\jackson\module\jackson-module-parameter-names\2.17.1\jackson-module-parameter-names-2.17.1.jar;C:\Users\Admin\.m2\repository\org\springframework\boot\spring-boot-starter-tomcat\3.3.1\spring-boot-starter-tomcat-3.3.1.jar;C:\Users\Admin\.m2\repository\org\apache\tomcat\embed\tomcat-embed-websocket\10.1.25\tomcat-embed-websocket-10.1.25.jar;C:\Users\Admin\.m2\repository\org\springframework\spring-web\6.1.10\spring-web-6.1.10.jar;C:\Users\Admin\.m2\repository\org\springframework\spring-beans\6.1.10\spring-beans-6.1.10.jar;C:\Users\Admin\.m2\repository\io\micrometer\micrometer-observation\1.13.1\micrometer-observation-1.13.1.jar;C:\Users\Admin\.m2\repository\io\micrometer\micrometer-commons\1.13.1\micrometer-commons-1.13.1.jar;C:\Users\Admin\.m2\repository\org\springframework\spring-webmvc\6.1.10\spring-webmvc-6.1.10.jar;C:\Users\Admin\.m2\repository\org\springframework\spring-context\6.1.10\spring-context-6.1.10.jar;C:\Users\Admin\.m2\repository\org\springframework\spring-expression\6.1.10\spring-expression-6.1.10.jar;C:\Users\Admin\.m2\repository\org\springframework\boot\spring-boot-starter-security\3.3.1\spring-boot-starter-security-3.3.1.jar;C:\Users\Admin\.m2\repository\org\springframework\spring-aop\6.1.10\spring-aop-6.1.10.jar;C:\Users\Admin\.m2\repository\org\springframework\security\spring-security-config\6.3.1\spring-security-config-6.3.1.jar;C:\Users\Admin\.m2\repository\org\springframework\security\spring-security-web\6.3.1\spring-security-web-6.3.1.jar;C:\Users\Admin\.m2\repository\io\jsonwebtoken\jjwt\0.9.1\jjwt-0.9.1.jar;C:\Users\Admin\.m2\repository\com\fasterxml\jackson\core\jackson-databind\2.17.1\jackson-databind-2.17.1.jar;C:\Users\Admin\.m2\repository\com\fasterxml\jackson\core\jackson-annotations\2.17.1\jackson-annotations-2.17.1.jar;C:\Users\Admin\.m2\repository\com\fasterxml\jackson\core\jackson-core\2.17.1\jackson-core-2.17.1.jar;C:\Users\Admin\.m2\repository\org\springframework\boot\spring-boot-starter-oauth2-resource-server\3.3.1\spring-boot-starter-oauth2-resource-server-3.3.1.jar;C:\Users\Admin\.m2\repository\org\springframework\security\spring-security-core\6.3.1\spring-security-core-6.3.1.jar;C:\Users\Admin\.m2\repository\org\springframework\security\spring-security-crypto\6.3.1\spring-security-crypto-6.3.1.jar;C:\Users\Admin\.m2\repository\org\springframework\security\spring-security-oauth2-resource-server\6.3.1\spring-security-oauth2-resource-server-6.3.1.jar;C:\Users\Admin\.m2\repository\org\springframework\security\spring-security-oauth2-core\6.3.1\spring-security-oauth2-core-6.3.1.jar;C:\Users\Admin\.m2\repository\org\springframework\security\spring-security-oauth2-jose\6.3.1\spring-security-oauth2-jose-6.3.1.jar;C:\Users\Admin\.m2\repository\com\nimbusds\nimbus-jose-jwt\9.37.3\nimbus-jose-jwt-9.37.3.jar;C:\Users\Admin\.m2\repository\com\github\stephenc\jcip\jcip-annotations\1.0-1\jcip-annotations-1.0-1.jar;C:\Users\Admin\.m2\repository\com\auth0\java-jwt\4.0.0\java-jwt-4.0.0.jar;C:\Users\Admin\.m2\repository\org\apache\tomcat\embed\tomcat-embed-jasper\10.1.25\tomcat-embed-jasper-10.1.25.jar;C:\Users\Admin\.m2\repository\org\apache\tomcat\embed\tomcat-embed-core\10.1.25\tomcat-embed-core-10.1.25.jar;C:\Users\Admin\.m2\repository\org\apache\tomcat\tomcat-annotations-api\10.1.25\tomcat-annotations-api-10.1.25.jar;C:\Users\Admin\.m2\repository\org\apache\tomcat\embed\tomcat-embed-el\10.1.25\tomcat-embed-el-10.1.25.jar;C:\Users\Admin\.m2\repository\org\eclipse\jdt\ecj\3.33.0\ecj-3.33.0.jar;C:\Users\Admin\.m2\repository\jakarta\servlet\jsp\jstl\jakarta.servlet.jsp.jstl-api\2.0.0\jakarta.servlet.jsp.jstl-api-2.0.0.jar;C:\Users\Admin\.m2\repository\jakarta\servlet\jakarta.servlet-api\6.0.0\jakarta.servlet-api-6.0.0.jar;C:\Users\Admin\.m2\repository\jakarta\el\jakarta.el-api\4.0.0\jakarta.el-api-4.0.0.jar;C:\Users\Admin\.m2\repository\jakarta\xml\bind\jakarta.xml.bind-api\4.0.2\jakarta.xml.bind-api-4.0.2.jar;C:\Users\Admin\.m2\repository\jakarta\activation\jakarta.activation-api\2.1.3\jakarta.activation-api-2.1.3.jar;C:\Users\Admin\.m2\repository\org\glassfish\web\jakarta.servlet.jsp.jstl\2.0.0\jakarta.servlet.jsp.jstl-2.0.0.jar;C:\Users\Admin\.m2\repository\org\springframework\boot\spring-boot-starter-data-jpa\3.3.1\spring-boot-starter-data-jpa-3.3.1.jar;C:\Users\Admin\.m2\repository\org\springframework\boot\spring-boot-starter-aop\3.3.1\spring-boot-starter-aop-3.3.1.jar;C:\Users\Admin\.m2\repository\org\aspectj\aspectjweaver\1.9.22\aspectjweaver-1.9.22.jar;C:\Users\Admin\.m2\repository\org\springframework\boot\spring-boot-starter-jdbc\3.3.1\spring-boot-starter-jdbc-3.3.1.jar;C:\Users\Admin\.m2\repository\com\zaxxer\HikariCP\5.1.0\HikariCP-5.1.0.jar;C:\Users\Admin\.m2\repository\org\springframework\spring-jdbc\6.1.10\spring-jdbc-6.1.10.jar;C:\Users\Admin\.m2\repository\org\hibernate\orm\hibernate-core\6.5.2.Final\hibernate-core-6.5.2.Final.jar;C:\Users\Admin\.m2\repository\jakarta\persistence\jakarta.persistence-api\3.1.0\jakarta.persistence-api-3.1.0.jar;C:\Users\Admin\.m2\repository\jakarta\transaction\jakarta.transaction-api\2.0.1\jakarta.transaction-api-2.0.1.jar;C:\Users\Admin\.m2\repository\org\jboss\logging\jboss-logging\3.5.3.Final\jboss-logging-3.5.3.Final.jar;C:\Users\Admin\.m2\repository\org\hibernate\common\hibernate-commons-annotations\6.0.6.Final\hibernate-commons-annotations-6.0.6.Final.jar;C:\Users\Admin\.m2\repository\io\smallrye\jandex\3.1.2\jandex-3.1.2.jar;C:\Users\Admin\.m2\repository\com\fasterxml\classmate\1.7.0\classmate-1.7.0.jar;C:\Users\Admin\.m2\repository\net\bytebuddy\byte-buddy\1.14.17\byte-buddy-1.14.17.jar;C:\Users\Admin\.m2\repository\org\glassfish\jaxb\jaxb-runtime\4.0.5\jaxb-runtime-4.0.5.jar;C:\Users\Admin\.m2\repository\org\glassfish\jaxb\jaxb-core\4.0.5\jaxb-core-4.0.5.jar;C:\Users\Admin\.m2\repository\org\glassfish\jaxb\txw2\4.0.5\txw2-4.0.5.jar;C:\Users\Admin\.m2\repository\com\sun\istack\istack-commons-runtime\4.1.2\istack-commons-runtime-4.1.2.jar;C:\Users\Admin\.m2\repository\jakarta\inject\jakarta.inject-api\2.0.1\jakarta.inject-api-2.0.1.jar;C:\Users\Admin\.m2\repository\org\antlr\antlr4-runtime\4.13.0\antlr4-runtime-4.13.0.jar;C:\Users\Admin\.m2\repository\org\springframework\data\spring-data-jpa\3.3.1\spring-data-jpa-3.3.1.jar;C:\Users\Admin\.m2\repository\org\springframework\data\spring-data-commons\3.3.1\spring-data-commons-3.3.1.jar;C:\Users\Admin\.m2\repository\org\springframework\spring-orm\6.1.10\spring-orm-6.1.10.jar;C:\Users\Admin\.m2\repository\org\springframework\spring-tx\6.1.10\spring-tx-6.1.10.jar;C:\Users\Admin\.m2\repository\org\slf4j\slf4j-api\2.0.13\slf4j-api-2.0.13.jar;C:\Users\Admin\.m2\repository\org\springframework\spring-aspects\6.1.10\spring-aspects-6.1.10.jar;C:\Users\Admin\.m2\repository\com\microsoft\sqlserver\mssql-jdbc\9.4.1.jre16\mssql-jdbc-9.4.1.jre16.jar;C:\Users\Admin\.m2\repository\org\springframework\boot\spring-boot-starter-validation\3.3.1\spring-boot-starter-validation-3.3.1.jar;C:\Users\Admin\.m2\repository\org\hibernate\validator\hibernate-validator\8.0.1.Final\hibernate-validator-8.0.1.Final.jar;C:\Users\Admin\.m2\repository\jakarta\validation\jakarta.validation-api\3.0.2\jakarta.validation-api-3.0.2.jar;C:\Users\Admin\.m2\repository\com\cloudinary\cloudinary-http45\1.38.0\cloudinary-http45-1.38.0.jar;C:\Users\Admin\.m2\repository\com\cloudinary\cloudinary-core\1.38.0\cloudinary-core-1.38.0.jar;C:\Users\Admin\.m2\repository\org\apache\commons\commons-lang3\3.14.0\commons-lang3-3.14.0.jar;C:\Users\Admin\.m2\repository\org\apache\httpcomponents\httpclient\4.5.13\httpclient-4.5.13.jar;C:\Users\Admin\.m2\repository\org\apache\httpcomponents\httpcore\4.4.16\httpcore-4.4.16.jar;C:\Users\Admin\.m2\repository\commons-codec\commons-codec\1.16.1\commons-codec-1.16.1.jar;C:\Users\Admin\.m2\repository\org\apache\httpcomponents\httpmime\4.5.13\httpmime-4.5.13.jar;C:\Users\Admin\.m2\repository\org\springframework\boot\spring-boot-starter-hateoas\3.3.1\spring-boot-starter-hateoas-3.3.1.jar;C:\Users\Admin\.m2\repository\org\springframework\hateoas\spring-hateoas\2.3.0\spring-hateoas-2.3.0.jar;C:\Users\Admin\.m2\repository\org\springframework\plugin\spring-plugin-core\3.0.0\spring-plugin-core-3.0.0.jar;C:\Users\Admin\.m2\repository\commons-logging\commons-logging\1.2\commons-logging-1.2.jar;C:\Users\Admin\.m2\repository\org\springframework\boot\spring-boot-devtools\3.3.1\spring-boot-devtools-3.3.1.jar;C:\Users\Admin\.m2\repository\org\springframework\boot\spring-boot\3.3.1\spring-boot-3.3.1.jar;C:\Users\Admin\.m2\repository\org\springframework\boot\spring-boot-autoconfigure\3.3.1\spring-boot-autoconfigure-3.3.1.jar;C:\Users\Admin\.m2\repository\org\projectlombok\lombok\1.18.32\lombok-1.18.32.jar;C:\Users\Admin\.m2\repository\com\jayway\jsonpath\json-path\2.9.0\json-path-2.9.0.jar;C:\Users\Admin\.m2\repository\net\minidev\json-smart\2.5.1\json-smart-2.5.1.jar;C:\Users\Admin\.m2\repository\net\minidev\accessors-smart\2.5.1\accessors-smart-2.5.1.jar;C:\Users\Admin\.m2\repository\org\ow2\asm\asm\9.6\asm-9.6.jar;C:\Users\Admin\.m2\repository\org\springframework\spring-core\6.1.10\spring-core-6.1.10.jar;C:\Users\Admin\.m2\repository\org\springframework\spring-jcl\6.1.10\spring-jcl-6.1.10.jar;C:\Users\Admin\.m2\repository\org\springframework\boot\spring-boot-starter-mail\3.3.1\spring-boot-starter-mail-3.3.1.jar;C:\Users\Admin\.m2\repository\org\springframework\spring-context-support\6.1.10\spring-context-support-6.1.10.jar;C:\Users\Admin\.m2\repository\org\eclipse\angus\jakarta.mail\2.0.3\jakarta.mail-2.0.3.jar;C:\Users\Admin\.m2\repository\org\eclipse\angus\angus-activation\2.0.2\angus-activation-2.0.2.jar
Launcher Type: SUN_STANDARD

[Global flags]
     intx CICompilerCount                          = 4                                         {product} {ergonomic}
     uint ConcGCThreads                            = 2                                         {product} {ergonomic}
     uint G1ConcRefinementThreads                  = 8                                         {product} {ergonomic}
   size_t G1HeapRegionSize                         = 1048576                                   {product} {ergonomic}
    uintx GCDrainStackTargetSize                   = 64                                        {product} {ergonomic}
   size_t InitialHeapSize                          = 130023424                                 {product} {ergonomic}
     bool ManagementServer                         = true                                      {product} {command line}
   size_t MarkStackSize                            = 4194304                                   {product} {ergonomic}
   size_t MaxHeapSize                              = 2080374784                                {product} {ergonomic}
   size_t MaxNewSize                               = 1247805440                                {product} {ergonomic}
   size_t MinHeapDeltaBytes                        = 1048576                                   {product} {ergonomic}
   size_t MinHeapSize                              = 8388608                                   {product} {ergonomic}
    uintx NonProfiledCodeHeapSize                  = 0                                      {pd product} {ergonomic}
     bool ProfileInterpreter                       = false                                  {pd product} {command line}
    uintx ProfiledCodeHeapSize                     = 0                                      {pd product} {ergonomic}
   size_t SoftMaxHeapSize                          = 2080374784                             {manageable} {ergonomic}
     intx TieredStopAtLevel                        = 1                                         {product} {command line}
     bool UseCompressedClassPointers               = true                           {product lp64_product} {ergonomic}
     bool UseCompressedOops                        = true                           {product lp64_product} {ergonomic}
     bool UseG1GC                                  = true                                      {product} {ergonomic}
     bool UseLargePagesIndividualAllocation        = false                                  {pd product} {ergonomic}

Logging:
Log output configuration:
 #0: stdout all=warning uptime,level,tags foldmultilines=false
 #1: stderr all=off uptime,level,tags foldmultilines=false

Environment Variables:
PATH=C:\Program Files\Common Files\Oracle\Java\javapath;C:\WINDOWS\system32;C:\WINDOWS;C:\WINDOWS\System32\Wbem;C:\WINDOWS\System32\WindowsPowerShell\v1.0\;C:\WINDOWS\System32\OpenSSH\;C:\Program Files (x86)\Microsoft SQL Server\160\Tools\Binn\;C:\Program Files\Microsoft SQL Server\160\Tools\Binn\;C:\Program Files\Microsoft SQL Server\Client SDK\ODBC\170\Tools\Binn\;C:\Program Files\Microsoft SQL Server\160\DTS\Binn\;C:\Program Files\Azure Data Studio\bin;C:\Program Files\nodejs\;C:\Program Files (x86)\Microsoft SQL Server\160\DTS\Binn\;C:\Program Files\Git\cmd;C:\Program Files\dotnet\;C:\Users\Admin\AppData\Local\Microsoft\WindowsApps;C:\Users\Admin\AppData\Local\Programs\Microsoft VS Code\bin;C:\Program Files\Azure Data Studio\bin;C:\Users\Admin\AppData\Local\GitHubDesktop\bin;C:\Users\Admin\AppData\Roaming\npm;E:\APP\IntelliJ IDEA 2022.3.2\bin;
USERNAME=Admin
OS=Windows_NT
PROCESSOR_IDENTIFIER=Intel64 Family 6 Model 140 Stepping 1, GenuineIntel
TMP=C:\Users\Admin\AppData\Local\Temp
TEMP=C:\Users\Admin\AppData\Local\Temp



---------------  S Y S T E M  ---------------

OS:
 Windows 11 , 64 bit Build 22621 (10.0.22621.4391)
OS uptime: 1 days 7:36 hours

CPU: total 8 (initial active 8) (4 cores per cpu, 2 threads per core) family 6 model 140 stepping 1 microcode 0xb8, cx8, cmov, fxsr, ht, mmx, 3dnowpref, sse, sse2, sse3, ssse3, sse4.1, sse4.2, popcnt, lzcnt, tsc, tscinvbit, avx, avx2, aes, erms, clmul, bmi1, bmi2, adx, avx512f, avx512dq, avx512cd, avx512bw, avx512vl, sha, fma, vzeroupper, avx512_vpopcntdq, avx512_vpclmulqdq, avx512_vaes, avx512_vnni, clflush, clflushopt, clwb, avx512_vbmi2, avx512_vbmi, rdtscp, rdpid, fsrm, gfni, avx512_bitalg

Memory: 4k page, system-wide physical 7934M (355M free)
TotalPageFile size 15257M (AvailPageFile size 46M)
current process WorkingSet (physical memory assigned to process): 251M, peak: 251M
current process commit charge ("private bytes"): 329M, peak: 387M

vm_info: Java HotSpot(TM) 64-Bit Server VM (19.0.2+7-44) for windows-amd64 JRE (19.0.2+7-44), built on 2022-11-30T18:02:09Z by "mach5one" with MS VC++ 17.1 (VS2022)

END.
