#
# There is insufficient memory for the Java Runtime Environment to continue.
# Native memory allocation (malloc) failed to allocate 1059536 bytes. Error detail: Chunk::new
# Possible reasons:
#   The system is out of physical RAM or swap space
#   This process is running with CompressedOops enabled, and the Java Heap may be blocking the growth of the native heap
# Possible solutions:
#   Reduce memory load on the system
#   Increase physical memory or swap space
#   Check if swap backing store is full
#   Decrease Java heap size (-Xmx/-Xms)
#   Decrease number of Java threads
#   Decrease Java thread stack sizes (-Xss)
#   Set larger code cache with -XX:ReservedCodeCacheSize=
#   JVM is running with Unscaled Compressed Oops mode in which the Java heap is
#     placed in the first 4GB address space. The Java Heap base address is the
#     maximum limit for the native heap growth. Please use -XX:HeapBaseMinAddress
#     to set the Java Heap base and to place the Java Heap above 4GB virtual address.
# This output file may be truncated or incomplete.
#
#  Out of Memory Error (arena.cpp:191), pid=25716, tid=21348
#
# JRE version: OpenJDK Runtime Environment Temurin-17.0.13+11 (17.0.13+11) (build 17.0.13+11)
# Java VM: OpenJDK 64-Bit Server VM Temurin-17.0.13+11 (17.0.13+11, mixed mode, tiered, compressed oops, compressed class ptrs, parallel gc, windows-amd64)
# No core dump will be written. Minidumps are not enabled by default on client versions of Windows
#

---------------  S U M M A R Y ------------

Command Line: --add-modules=ALL-SYSTEM --add-opens=java.base/java.util=ALL-UNNAMED --add-opens=java.base/java.lang=ALL-UNNAMED --add-opens=java.base/sun.nio.fs=ALL-UNNAMED -Declipse.application=org.eclipse.jdt.ls.core.id1 -Dosgi.bundles.defaultStartLevel=4 -Declipse.product=org.eclipse.jdt.ls.core.product -Djava.import.generatesMetadataFilesAtProjectRoot=false -DDetectVMInstallationsJob.disabled=true -Dfile.encoding=utf8 -XX:+UseParallelGC -XX:GCTimeRatio=4 -XX:AdaptiveSizePolicyWeight=90 -Dsun.zip.disableMemoryMapping=true -Xmx1G -Xms100m -Xlog:disable -javaagent:c:\Users\Admin\.vscode\extensions\redhat.java-1.37.0-win32-x64\lombok\lombok-1.18.34.jar c:\Users\Admin\.vscode\extensions\redhat.java-1.37.0-win32-x64\server\plugins\org.eclipse.equinox.launcher_1.6.900.v20240613-2009.jar -configuration c:\Users\Admin\AppData\Roaming\Code\User\globalStorage\redhat.java\1.37.0\config_ss_win -data c:\Users\Admin\AppData\Roaming\Code\User\workspaceStorage\63aecb1e0be1048db19a9b776cec0ea5\redhat.java\ss_ws --pipe=\\.\pipe\lsp-0c958edd44c8f88b5524e3045f84fe25-sock

Host: 11th Gen Intel(R) Core(TM) i5-1135G7 @ 2.40GHz, 8 cores, 7G,  Windows 11 , 64 bit Build 22621 (10.0.22621.4391)
Time: Thu Dec 12 23:17:15 2024 SE Asia Standard Time elapsed time: 5.428747 seconds (0d 0h 0m 5s)

---------------  T H R E A D  ---------------

Current thread (0x00000263a9a17550):  JavaThread "C2 CompilerThread0" daemon [_thread_in_native, id=21348, stack(0x000000bab0500000,0x000000bab0600000)]


Current CompileTask:
C2:   5428 2833       4       jdk.internal.org.objectweb.asm.Frame::execute (2318 bytes)

Stack: [0x000000bab0500000,0x000000bab0600000]
Native frames: (J=compiled Java code, j=interpreted, Vv=VM code, C=native code)
V  [jvm.dll+0x682a19]
V  [jvm.dll+0x839538]
V  [jvm.dll+0x83afe3]
V  [jvm.dll+0x83b653]
V  [jvm.dll+0x24704f]
V  [jvm.dll+0xace34]
V  [jvm.dll+0xad4cc]
V  [jvm.dll+0x36597e]
V  [jvm.dll+0x1ba989]
V  [jvm.dll+0x2181a7]
V  [jvm.dll+0x21748f]
V  [jvm.dll+0x1a3070]
V  [jvm.dll+0x22788c]
V  [jvm.dll+0x2259eb]
V  [jvm.dll+0x7eec98]
V  [jvm.dll+0x7e8ffc]
V  [jvm.dll+0x6818f7]
C  [ucrtbase.dll+0x29333]
C  [KERNEL32.DLL+0x1259d]
C  [ntdll.dll+0x5af38]


---------------  P R O C E S S  ---------------

Threads class SMR info:
_java_thread_list=0x00000263abf12c20, length=31, elements={
0x0000026390abcbe0, 0x00000263a4943010, 0x0000026390b69f20, 0x00000263a494e3a0,
0x00000263a9a15020, 0x00000263a9a159f0, 0x00000263a9a165b0, 0x00000263a9a17550,
0x00000263a9a211f0, 0x00000263a9a33a70, 0x0000026390b1d0b0, 0x00000263aac09ee0,
0x00000263ab561000, 0x00000263ab55aa30, 0x00000263aaf5eea0, 0x00000263ab648ab0,
0x00000263ab0618e0, 0x00000263ab5cab00, 0x00000263ab5ca0e0, 0x00000263ab5ca5f0,
0x00000263ab5c8ca0, 0x00000263ab5c91b0, 0x00000263ab5c96c0, 0x00000263ab5cb010,
0x00000263ab5c7860, 0x00000263ab5c7d70, 0x00000263ab5c8280, 0x00000263ab5c8790,
0x00000263ab5c9bd0, 0x00000263abf26170, 0x00000263abf229c0
}

Java Threads: ( => current thread )
  0x0000026390abcbe0 JavaThread "main" [_thread_in_vm, id=21312, stack(0x000000baafc00000,0x000000baafd00000)]
  0x00000263a4943010 JavaThread "Reference Handler" daemon [_thread_blocked, id=22328, stack(0x000000baaff00000,0x000000bab0000000)]
  0x0000026390b69f20 JavaThread "Finalizer" daemon [_thread_blocked, id=22336, stack(0x000000bab0000000,0x000000bab0100000)]
  0x00000263a494e3a0 JavaThread "Signal Dispatcher" daemon [_thread_blocked, id=21308, stack(0x000000bab0100000,0x000000bab0200000)]
  0x00000263a9a15020 JavaThread "Attach Listener" daemon [_thread_blocked, id=44948, stack(0x000000bab0200000,0x000000bab0300000)]
  0x00000263a9a159f0 JavaThread "Service Thread" daemon [_thread_blocked, id=22540, stack(0x000000bab0300000,0x000000bab0400000)]
  0x00000263a9a165b0 JavaThread "Monitor Deflation Thread" daemon [_thread_blocked, id=21420, stack(0x000000bab0400000,0x000000bab0500000)]
=>0x00000263a9a17550 JavaThread "C2 CompilerThread0" daemon [_thread_in_native, id=21348, stack(0x000000bab0500000,0x000000bab0600000)]
  0x00000263a9a211f0 JavaThread "C1 CompilerThread0" daemon [_thread_blocked, id=21744, stack(0x000000bab0600000,0x000000bab0700000)]
  0x00000263a9a33a70 JavaThread "Sweeper thread" daemon [_thread_blocked, id=21824, stack(0x000000bab0700000,0x000000bab0800000)]
  0x0000026390b1d0b0 JavaThread "Common-Cleaner" daemon [_thread_blocked, id=25688, stack(0x000000bab0800000,0x000000bab0900000)]
  0x00000263aac09ee0 JavaThread "Notification Thread" daemon [_thread_blocked, id=33160, stack(0x000000bab0900000,0x000000bab0a00000)]
  0x00000263ab561000 JavaThread "Active Thread: Equinox Container: e4d8e54d-5399-4cfd-9a7f-8ede12086741" [_thread_blocked, id=23416, stack(0x000000bab1100000,0x000000bab1200000)]
  0x00000263ab55aa30 JavaThread "Framework Event Dispatcher: Equinox Container: e4d8e54d-5399-4cfd-9a7f-8ede12086741" daemon [_thread_blocked, id=23364, stack(0x000000bab1200000,0x000000bab1300000)]
  0x00000263aaf5eea0 JavaThread "Start Level: Equinox Container: e4d8e54d-5399-4cfd-9a7f-8ede12086741" daemon [_thread_blocked, id=23352, stack(0x000000bab1300000,0x000000bab1400000)]
  0x00000263ab648ab0 JavaThread "SCR Component Actor" daemon [_thread_blocked, id=23380, stack(0x000000bab1400000,0x000000bab1500000)]
  0x00000263ab0618e0 JavaThread "SCR Component Registry" daemon [_thread_blocked, id=5968, stack(0x000000bab1600000,0x000000bab1700000)]
  0x00000263ab5cab00 JavaThread "Worker-JM" [_thread_blocked, id=8984, stack(0x000000bab1700000,0x000000bab1800000)]
  0x00000263ab5ca0e0 JavaThread "Worker-0" [_thread_blocked, id=23248, stack(0x000000bab1800000,0x000000bab1900000)]
  0x00000263ab5ca5f0 JavaThread "Worker-1" [_thread_blocked, id=22944, stack(0x000000bab1900000,0x000000bab1a00000)]
  0x00000263ab5c8ca0 JavaThread "JNA Cleaner" daemon [_thread_blocked, id=44856, stack(0x000000bab1a00000,0x000000bab1b00000)]
  0x00000263ab5c91b0 JavaThread "Thread-2" daemon [_thread_in_native, id=42952, stack(0x000000bab1d00000,0x000000bab1e00000)]
  0x00000263ab5c96c0 JavaThread "Thread-3" daemon [_thread_in_native, id=43036, stack(0x000000bab1e00000,0x000000bab1f00000)]
  0x00000263ab5cb010 JavaThread "Thread-4" daemon [_thread_in_native, id=45564, stack(0x000000bab1f00000,0x000000bab2000000)]
  0x00000263ab5c7860 JavaThread "Thread-5" daemon [_thread_in_native, id=42624, stack(0x000000bab2000000,0x000000bab2100000)]
  0x00000263ab5c7d70 JavaThread "Thread-6" daemon [_thread_in_native, id=42960, stack(0x000000bab2100000,0x000000bab2200000)]
  0x00000263ab5c8280 JavaThread "Thread-7" daemon [_thread_in_native, id=43184, stack(0x000000bab2200000,0x000000bab2300000)]
  0x00000263ab5c8790 JavaThread "Thread-8" daemon [_thread_in_native, id=34912, stack(0x000000bab2300000,0x000000bab2400000)]
  0x00000263ab5c9bd0 JavaThread "Thread-9" daemon [_thread_in_native, id=42984, stack(0x000000bab2400000,0x000000bab2500000)]
  0x00000263abf26170 JavaThread "Thread-10" daemon [_thread_in_native, id=45336, stack(0x000000bab2500000,0x000000bab2600000)]
  0x00000263abf229c0 JavaThread "pool-2-thread-1" [_thread_blocked, id=43432, stack(0x000000bab2600000,0x000000bab2700000)]

Other Threads:
  0x0000026390b67b70 VMThread "VM Thread" [stack: 0x000000baafe00000,0x000000baaff00000] [id=28492]
  0x00000263a9d62000 WatcherThread [stack: 0x000000bab0a00000,0x000000bab0b00000] [id=23128]
  0x0000026390ad2230 GCTaskThread "GC Thread#0" [stack: 0x000000baafd00000,0x000000baafe00000] [id=22776]
  0x00000263aaedb120 GCTaskThread "GC Thread#1" [stack: 0x000000bab0b00000,0x000000bab0c00000] [id=42080]
  0x00000263ab552a20 GCTaskThread "GC Thread#2" [stack: 0x000000bab0c00000,0x000000bab0d00000] [id=23448]
  0x00000263ab54ff70 GCTaskThread "GC Thread#3" [stack: 0x000000bab0d00000,0x000000bab0e00000] [id=26596]
  0x00000263ab550230 GCTaskThread "GC Thread#4" [stack: 0x000000bab0e00000,0x000000bab0f00000] [id=24228]
  0x00000263ab5504f0 GCTaskThread "GC Thread#5" [stack: 0x000000bab0f00000,0x000000bab1000000] [id=22472]
  0x00000263ab5507b0 GCTaskThread "GC Thread#6" [stack: 0x000000bab1000000,0x000000bab1100000] [id=24144]
  0x00000263ab1a54d0 GCTaskThread "GC Thread#7" [stack: 0x000000bab1500000,0x000000bab1600000] [id=23160]

Threads with active compile tasks:
C2 CompilerThread0     5453 2833       4       jdk.internal.org.objectweb.asm.Frame::execute (2318 bytes)

VM state: not at safepoint (normal execution)

VM Mutex/Monitor currently owned by a thread: None

Heap address: 0x00000000c0000000, size: 1024 MB, Compressed Oops mode: 32-bit

CDS archive(s) not mapped
Compressed class space mapped at: 0x0000000100000000-0x0000000140000000, reserved size: 1073741824
Narrow klass base: 0x0000000000000000, Narrow klass shift: 3, Narrow klass range: 0x140000000

GC Precious Log:
 CPUs: 8 total, 8 available
 Memory: 7934M
 Large Page Support: Disabled
 NUMA Support: Disabled
 Compressed Oops: Enabled (32-bit)
 Alignments: Space 512K, Generation 512K, Heap 2M
 Heap Min Capacity: 100M
 Heap Initial Capacity: 100M
 Heap Max Capacity: 1G
 Pre-touch: Disabled
 Parallel Workers: 8

Heap:
 PSYoungGen      total 27136K, used 22618K [0x00000000eab00000, 0x00000000ecc80000, 0x0000000100000000)
  eden space 24064K, 81% used [0x00000000eab00000,0x00000000ebe185c0,0x00000000ec280000)
  from space 3072K, 99% used [0x00000000ec300000,0x00000000ec5fe2e8,0x00000000ec600000)
  to   space 5120K, 0% used [0x00000000ec780000,0x00000000ec780000,0x00000000ecc80000)
 ParOldGen       total 68608K, used 7941K [0x00000000c0000000, 0x00000000c4300000, 0x00000000eab00000)
  object space 68608K, 11% used [0x00000000c0000000,0x00000000c07c16d0,0x00000000c4300000)
 Metaspace       used 33756K, committed 34432K, reserved 1114112K
  class space    used 3353K, committed 3648K, reserved 1048576K

Card table byte_map: [0x0000026390450000,0x0000026390660000] _byte_map_base: 0x000002638fe50000

Marking Bits: (ParMarkBitMap*) 0x00007ffe7a6c6940
 Begin Bits: [0x00000263a2750000, 0x00000263a3750000)
 End Bits:   [0x00000263a3750000, 0x00000263a4750000)

Polling page: 0x000002638ea00000

Metaspace:

Usage:
  Non-class:     29.69 MB used.
      Class:      3.27 MB used.
       Both:     32.97 MB used.

Virtual space:
  Non-class space:       64.00 MB reserved,      30.06 MB ( 47%) committed,  1 nodes.
      Class space:        1.00 GB reserved,       3.56 MB ( <1%) committed,  1 nodes.
             Both:        1.06 GB reserved,      33.62 MB (  3%) committed. 

Chunk freelists:
   Non-Class:  1.22 MB
       Class:  12.33 MB
        Both:  13.55 MB

MaxMetaspaceSize: unlimited
CompressedClassSpaceSize: 1.00 GB
Initial GC threshold: 21.00 MB
Current GC threshold: 35.00 MB
CDS: off
MetaspaceReclaimPolicy: balanced
 - commit_granule_bytes: 65536.
 - commit_granule_words: 8192.
 - virtual_space_node_default_size: 8388608.
 - enlarge_chunks_in_place: 1.
 - new_chunks_are_fully_committed: 0.
 - uncommit_free_chunks: 1.
 - use_allocation_guard: 0.
 - handle_deallocations: 1.


Internal statistics:

num_allocs_failed_limit: 3.
num_arena_births: 344.
num_arena_deaths: 14.
num_vsnodes_births: 2.
num_vsnodes_deaths: 0.
num_space_committed: 538.
num_space_uncommitted: 0.
num_chunks_returned_to_freelist: 17.
num_chunks_taken_from_freelist: 1285.
num_chunk_merges: 5.
num_chunk_splits: 858.
num_chunks_enlarged: 607.
num_inconsistent_stats: 0.

CodeHeap 'non-profiled nmethods': size=120000Kb used=1141Kb max_used=1141Kb free=118858Kb
 bounds [0x000002639b220000, 0x000002639b490000, 0x00000263a2750000]
CodeHeap 'profiled nmethods': size=120000Kb used=5600Kb max_used=5600Kb free=114399Kb
 bounds [0x0000026393750000, 0x0000026393cd0000, 0x000002639ac80000]
CodeHeap 'non-nmethods': size=5760Kb used=1271Kb max_used=1299Kb free=4488Kb
 bounds [0x000002639ac80000, 0x000002639aef0000, 0x000002639b220000]
 total_blobs=3480 nmethods=2896 adapters=497
 compilation: enabled
              stopped_count=0, restarted_count=0
 full_count=0

Compilation events (20 events):
Event: 5.361 Thread 0x00000263a9a211f0 2892       1       sun.reflect.generics.repository.AbstractRepository::getTree (5 bytes)
Event: 5.361 Thread 0x00000263a9a211f0 nmethod 2892 0x000002639b33cb10 code [0x000002639b33cca0, 0x000002639b33cd78]
Event: 5.363 Thread 0x00000263a9a211f0 2893       1       sun.reflect.annotation.AnnotationType::memberTypes (5 bytes)
Event: 5.363 Thread 0x00000263a9a211f0 nmethod 2893 0x000002639b33ce10 code [0x000002639b33cfa0, 0x000002639b33d078]
Event: 5.363 Thread 0x00000263a9a211f0 2895       3       sun.reflect.annotation.AnnotationType::getInstance (65 bytes)
Event: 5.364 Thread 0x00000263a9a211f0 nmethod 2895 0x0000026393cc5090 code [0x0000026393cc5280, 0x0000026393cc57d8]
Event: 5.364 Thread 0x00000263a9a211f0 2894       1       sun.reflect.annotation.AnnotationType::memberDefaults (5 bytes)
Event: 5.364 Thread 0x00000263a9a211f0 nmethod 2894 0x000002639b33d110 code [0x000002639b33d2a0, 0x000002639b33d378]
Event: 5.364 Thread 0x00000263a9a211f0 2896       1       sun.reflect.annotation.AnnotationType::retention (5 bytes)
Event: 5.364 Thread 0x00000263a9a211f0 nmethod 2896 0x000002639b33d410 code [0x000002639b33d5a0, 0x000002639b33d678]
Event: 5.374 Thread 0x00000263a9a211f0 2897       3       java.lang.reflect.Method::isSynthetic (5 bytes)
Event: 5.375 Thread 0x00000263a9a211f0 nmethod 2897 0x0000026393cc5a90 code [0x0000026393cc5c40, 0x0000026393cc5e78]
Event: 5.375 Thread 0x00000263a9a211f0 2898       3       java.lang.reflect.Executable::isSynthetic (8 bytes)
Event: 5.375 Thread 0x00000263a9a211f0 nmethod 2898 0x0000026393cc5f90 code [0x0000026393cc6140, 0x0000026393cc63a8]
Event: 5.376 Thread 0x00000263a9a211f0 2899       3       java.lang.invoke.DirectMethodHandle$Holder::newInvokeSpecial (24 bytes)
Event: 5.377 Thread 0x00000263a9a211f0 nmethod 2899 0x0000026393cc6490 code [0x0000026393cc6680, 0x0000026393cc6de8]
Event: 5.377 Thread 0x00000263a9a211f0 2900       3       java.lang.Class::privateGetDeclaredMethods (64 bytes)
Event: 5.377 Thread 0x00000263a9a211f0 nmethod 2900 0x0000026393cc6f90 code [0x0000026393cc71a0, 0x0000026393cc78b8]
Event: 5.425 Thread 0x00000263a9a211f0 2901       3       java.util.regex.Pattern::next (33 bytes)
Event: 5.425 Thread 0x00000263a9a211f0 nmethod 2901 0x0000026393cc7b10 code [0x0000026393cc7cc0, 0x0000026393cc7f28]

GC Heap History (16 events):
Event: 1.332 GC heap before
{Heap before GC invocations=1 (full 0):
 PSYoungGen      total 29696K, used 25600K [0x00000000eab00000, 0x00000000ecc00000, 0x0000000100000000)
  eden space 25600K, 100% used [0x00000000eab00000,0x00000000ec400000,0x00000000ec400000)
  from space 4096K, 0% used [0x00000000ec800000,0x00000000ec800000,0x00000000ecc00000)
  to   space 4096K, 0% used [0x00000000ec400000,0x00000000ec400000,0x00000000ec800000)
 ParOldGen       total 68608K, used 0K [0x00000000c0000000, 0x00000000c4300000, 0x00000000eab00000)
  object space 68608K, 0% used [0x00000000c0000000,0x00000000c0000000,0x00000000c4300000)
 Metaspace       used 10953K, committed 11072K, reserved 1114112K
  class space    used 1089K, committed 1152K, reserved 1048576K
}
Event: 1.342 GC heap after
{Heap after GC invocations=1 (full 0):
 PSYoungGen      total 29696K, used 3156K [0x00000000eab00000, 0x00000000ecc00000, 0x0000000100000000)
  eden space 25600K, 0% used [0x00000000eab00000,0x00000000eab00000,0x00000000ec400000)
  from space 4096K, 77% used [0x00000000ec400000,0x00000000ec715330,0x00000000ec800000)
  to   space 4096K, 0% used [0x00000000ec800000,0x00000000ec800000,0x00000000ecc00000)
 ParOldGen       total 68608K, used 16K [0x00000000c0000000, 0x00000000c4300000, 0x00000000eab00000)
  object space 68608K, 0% used [0x00000000c0000000,0x00000000c0004000,0x00000000c4300000)
 Metaspace       used 10953K, committed 11072K, reserved 1114112K
  class space    used 1089K, committed 1152K, reserved 1048576K
}
Event: 1.965 GC heap before
{Heap before GC invocations=2 (full 0):
 PSYoungGen      total 29696K, used 28756K [0x00000000eab00000, 0x00000000ecc00000, 0x0000000100000000)
  eden space 25600K, 100% used [0x00000000eab00000,0x00000000ec400000,0x00000000ec400000)
  from space 4096K, 77% used [0x00000000ec400000,0x00000000ec715330,0x00000000ec800000)
  to   space 4096K, 0% used [0x00000000ec800000,0x00000000ec800000,0x00000000ecc00000)
 ParOldGen       total 68608K, used 16K [0x00000000c0000000, 0x00000000c4300000, 0x00000000eab00000)
  object space 68608K, 0% used [0x00000000c0000000,0x00000000c0004000,0x00000000c4300000)
 Metaspace       used 14613K, committed 14784K, reserved 1114112K
  class space    used 1477K, committed 1536K, reserved 1048576K
}
Event: 1.972 GC heap after
{Heap after GC invocations=2 (full 0):
 PSYoungGen      total 29696K, used 4064K [0x00000000eab00000, 0x00000000ecc00000, 0x0000000100000000)
  eden space 25600K, 0% used [0x00000000eab00000,0x00000000eab00000,0x00000000ec400000)
  from space 4096K, 99% used [0x00000000ec800000,0x00000000ecbf80f0,0x00000000ecc00000)
  to   space 4096K, 0% used [0x00000000ec400000,0x00000000ec400000,0x00000000ec800000)
 ParOldGen       total 68608K, used 848K [0x00000000c0000000, 0x00000000c4300000, 0x00000000eab00000)
  object space 68608K, 1% used [0x00000000c0000000,0x00000000c00d4010,0x00000000c4300000)
 Metaspace       used 14613K, committed 14784K, reserved 1114112K
  class space    used 1477K, committed 1536K, reserved 1048576K
}
Event: 2.743 GC heap before
{Heap before GC invocations=3 (full 0):
 PSYoungGen      total 29696K, used 29664K [0x00000000eab00000, 0x00000000ecc00000, 0x0000000100000000)
  eden space 25600K, 100% used [0x00000000eab00000,0x00000000ec400000,0x00000000ec400000)
  from space 4096K, 99% used [0x00000000ec800000,0x00000000ecbf80f0,0x00000000ecc00000)
  to   space 4096K, 0% used [0x00000000ec400000,0x00000000ec400000,0x00000000ec800000)
 ParOldGen       total 68608K, used 848K [0x00000000c0000000, 0x00000000c4300000, 0x00000000eab00000)
  object space 68608K, 1% used [0x00000000c0000000,0x00000000c00d4010,0x00000000c4300000)
 Metaspace       used 19777K, committed 20160K, reserved 1114112K
  class space    used 2016K, committed 2176K, reserved 1048576K
}
Event: 2.748 GC heap after
{Heap after GC invocations=3 (full 0):
 PSYoungGen      total 29696K, used 4069K [0x00000000eab00000, 0x00000000ecc00000, 0x0000000100000000)
  eden space 25600K, 0% used [0x00000000eab00000,0x00000000eab00000,0x00000000ec400000)
  from space 4096K, 99% used [0x00000000ec400000,0x00000000ec7f9700,0x00000000ec800000)
  to   space 4096K, 0% used [0x00000000ec800000,0x00000000ec800000,0x00000000ecc00000)
 ParOldGen       total 68608K, used 2357K [0x00000000c0000000, 0x00000000c4300000, 0x00000000eab00000)
  object space 68608K, 3% used [0x00000000c0000000,0x00000000c024d6f8,0x00000000c4300000)
 Metaspace       used 19777K, committed 20160K, reserved 1114112K
  class space    used 2016K, committed 2176K, reserved 1048576K
}
Event: 3.283 GC heap before
{Heap before GC invocations=4 (full 0):
 PSYoungGen      total 29696K, used 11382K [0x00000000eab00000, 0x00000000ecc00000, 0x0000000100000000)
  eden space 25600K, 28% used [0x00000000eab00000,0x00000000eb224378,0x00000000ec400000)
  from space 4096K, 99% used [0x00000000ec400000,0x00000000ec7f9700,0x00000000ec800000)
  to   space 4096K, 0% used [0x00000000ec800000,0x00000000ec800000,0x00000000ecc00000)
 ParOldGen       total 68608K, used 2357K [0x00000000c0000000, 0x00000000c4300000, 0x00000000eab00000)
  object space 68608K, 3% used [0x00000000c0000000,0x00000000c024d6f8,0x00000000c4300000)
 Metaspace       used 21123K, committed 21504K, reserved 1114112K
  class space    used 2171K, committed 2304K, reserved 1048576K
}
Event: 3.288 GC heap after
{Heap after GC invocations=4 (full 0):
 PSYoungGen      total 29696K, used 4092K [0x00000000eab00000, 0x00000000ecc00000, 0x0000000100000000)
  eden space 25600K, 0% used [0x00000000eab00000,0x00000000eab00000,0x00000000ec400000)
  from space 4096K, 99% used [0x00000000ec800000,0x00000000ecbff2a8,0x00000000ecc00000)
  to   space 4096K, 0% used [0x00000000ec400000,0x00000000ec400000,0x00000000ec800000)
 ParOldGen       total 68608K, used 2832K [0x00000000c0000000, 0x00000000c4300000, 0x00000000eab00000)
  object space 68608K, 4% used [0x00000000c0000000,0x00000000c02c42b8,0x00000000c4300000)
 Metaspace       used 21123K, committed 21504K, reserved 1114112K
  class space    used 2171K, committed 2304K, reserved 1048576K
}
Event: 3.288 GC heap before
{Heap before GC invocations=5 (full 1):
 PSYoungGen      total 29696K, used 4092K [0x00000000eab00000, 0x00000000ecc00000, 0x0000000100000000)
  eden space 25600K, 0% used [0x00000000eab00000,0x00000000eab00000,0x00000000ec400000)
  from space 4096K, 99% used [0x00000000ec800000,0x00000000ecbff2a8,0x00000000ecc00000)
  to   space 4096K, 0% used [0x00000000ec400000,0x00000000ec400000,0x00000000ec800000)
 ParOldGen       total 68608K, used 2832K [0x00000000c0000000, 0x00000000c4300000, 0x00000000eab00000)
  object space 68608K, 4% used [0x00000000c0000000,0x00000000c02c42b8,0x00000000c4300000)
 Metaspace       used 21123K, committed 21504K, reserved 1114112K
  class space    used 2171K, committed 2304K, reserved 1048576K
}
Event: 3.414 GC heap after
{Heap after GC invocations=5 (full 1):
 PSYoungGen      total 29696K, used 0K [0x00000000eab00000, 0x00000000ecc00000, 0x0000000100000000)
  eden space 25600K, 0% used [0x00000000eab00000,0x00000000eab00000,0x00000000ec400000)
  from space 4096K, 0% used [0x00000000ec800000,0x00000000ec800000,0x00000000ecc00000)
  to   space 4096K, 0% used [0x00000000ec400000,0x00000000ec400000,0x00000000ec800000)
 ParOldGen       total 68608K, used 6720K [0x00000000c0000000, 0x00000000c4300000, 0x00000000eab00000)
  object space 68608K, 9% used [0x00000000c0000000,0x00000000c06901b0,0x00000000c4300000)
 Metaspace       used 21110K, committed 21504K, reserved 1114112K
  class space    used 2168K, committed 2304K, reserved 1048576K
}
Event: 3.834 GC heap before
{Heap before GC invocations=6 (full 1):
 PSYoungGen      total 29696K, used 25558K [0x00000000eab00000, 0x00000000ecc00000, 0x0000000100000000)
  eden space 25600K, 99% used [0x00000000eab00000,0x00000000ec3f5bf0,0x00000000ec400000)
  from space 4096K, 0% used [0x00000000ec800000,0x00000000ec800000,0x00000000ecc00000)
  to   space 4096K, 0% used [0x00000000ec400000,0x00000000ec400000,0x00000000ec800000)
 ParOldGen       total 68608K, used 6720K [0x00000000c0000000, 0x00000000c4300000, 0x00000000eab00000)
  object space 68608K, 9% used [0x00000000c0000000,0x00000000c06901b0,0x00000000c4300000)
 Metaspace       used 24285K, committed 24704K, reserved 1114112K
  class space    used 2386K, committed 2560K, reserved 1048576K
}
Event: 3.836 GC heap after
{Heap after GC invocations=6 (full 1):
 PSYoungGen      total 26112K, used 798K [0x00000000eab00000, 0x00000000ec880000, 0x0000000100000000)
  eden space 25088K, 0% used [0x00000000eab00000,0x00000000eab00000,0x00000000ec380000)
  from space 1024K, 78% used [0x00000000ec400000,0x00000000ec4c7bb8,0x00000000ec500000)
  to   space 2560K, 0% used [0x00000000ec600000,0x00000000ec600000,0x00000000ec880000)
 ParOldGen       total 68608K, used 6728K [0x00000000c0000000, 0x00000000c4300000, 0x00000000eab00000)
  object space 68608K, 9% used [0x00000000c0000000,0x00000000c06921b0,0x00000000c4300000)
 Metaspace       used 24285K, committed 24704K, reserved 1114112K
  class space    used 2386K, committed 2560K, reserved 1048576K
}
Event: 4.101 GC heap before
{Heap before GC invocations=7 (full 1):
 PSYoungGen      total 26112K, used 25886K [0x00000000eab00000, 0x00000000ec880000, 0x0000000100000000)
  eden space 25088K, 100% used [0x00000000eab00000,0x00000000ec380000,0x00000000ec380000)
  from space 1024K, 78% used [0x00000000ec400000,0x00000000ec4c7bb8,0x00000000ec500000)
  to   space 2560K, 0% used [0x00000000ec600000,0x00000000ec600000,0x00000000ec880000)
 ParOldGen       total 68608K, used 6728K [0x00000000c0000000, 0x00000000c4300000, 0x00000000eab00000)
  object space 68608K, 9% used [0x00000000c0000000,0x00000000c06921b0,0x00000000c4300000)
 Metaspace       used 26960K, committed 27456K, reserved 1114112K
  class space    used 2597K, committed 2816K, reserved 1048576K
}
Event: 4.105 GC heap after
{Heap after GC invocations=7 (full 1):
 PSYoungGen      total 27136K, used 2548K [0x00000000eab00000, 0x00000000ec900000, 0x0000000100000000)
  eden space 24576K, 0% used [0x00000000eab00000,0x00000000eab00000,0x00000000ec300000)
  from space 2560K, 99% used [0x00000000ec600000,0x00000000ec87d178,0x00000000ec880000)
  to   space 3072K, 0% used [0x00000000ec300000,0x00000000ec300000,0x00000000ec600000)
 ParOldGen       total 68608K, used 6752K [0x00000000c0000000, 0x00000000c4300000, 0x00000000eab00000)
  object space 68608K, 9% used [0x00000000c0000000,0x00000000c06981b0,0x00000000c4300000)
 Metaspace       used 26960K, committed 27456K, reserved 1114112K
  class space    used 2597K, committed 2816K, reserved 1048576K
}
Event: 4.766 GC heap before
{Heap before GC invocations=8 (full 1):
 PSYoungGen      total 27136K, used 27124K [0x00000000eab00000, 0x00000000ec900000, 0x0000000100000000)
  eden space 24576K, 100% used [0x00000000eab00000,0x00000000ec300000,0x00000000ec300000)
  from space 2560K, 99% used [0x00000000ec600000,0x00000000ec87d178,0x00000000ec880000)
  to   space 3072K, 0% used [0x00000000ec300000,0x00000000ec300000,0x00000000ec600000)
 ParOldGen       total 68608K, used 6752K [0x00000000c0000000, 0x00000000c4300000, 0x00000000eab00000)
  object space 68608K, 9% used [0x00000000c0000000,0x00000000c06981b0,0x00000000c4300000)
 Metaspace       used 30589K, committed 31232K, reserved 1114112K
  class space    used 2973K, committed 3264K, reserved 1048576K
}
Event: 4.769 GC heap after
{Heap after GC invocations=8 (full 1):
 PSYoungGen      total 27136K, used 3064K [0x00000000eab00000, 0x00000000ecc80000, 0x0000000100000000)
  eden space 24064K, 0% used [0x00000000eab00000,0x00000000eab00000,0x00000000ec280000)
  from space 3072K, 99% used [0x00000000ec300000,0x00000000ec5fe2e8,0x00000000ec600000)
  to   space 5120K, 0% used [0x00000000ec780000,0x00000000ec780000,0x00000000ecc80000)
 ParOldGen       total 68608K, used 7941K [0x00000000c0000000, 0x00000000c4300000, 0x00000000eab00000)
  object space 68608K, 11% used [0x00000000c0000000,0x00000000c07c16d0,0x00000000c4300000)
 Metaspace       used 30589K, committed 31232K, reserved 1114112K
  class space    used 2973K, committed 3264K, reserved 1048576K
}

Dll operation events (10 events):
Event: 0.015 Loaded shared library c:\Users\Admin\.vscode\extensions\redhat.java-1.37.0-win32-x64\jre\17.0.13-win32-x86_64\bin\java.dll
Event: 0.278 Loaded shared library c:\Users\Admin\.vscode\extensions\redhat.java-1.37.0-win32-x64\jre\17.0.13-win32-x86_64\bin\zip.dll
Event: 0.282 Loaded shared library C:\Users\Admin\.vscode\extensions\redhat.java-1.37.0-win32-x64\jre\17.0.13-win32-x86_64\bin\instrument.dll
Event: 0.302 Loaded shared library C:\Users\Admin\.vscode\extensions\redhat.java-1.37.0-win32-x64\jre\17.0.13-win32-x86_64\bin\net.dll
Event: 0.305 Loaded shared library C:\Users\Admin\.vscode\extensions\redhat.java-1.37.0-win32-x64\jre\17.0.13-win32-x86_64\bin\nio.dll
Event: 0.316 Loaded shared library C:\Users\Admin\.vscode\extensions\redhat.java-1.37.0-win32-x64\jre\17.0.13-win32-x86_64\bin\zip.dll
Event: 0.343 Loaded shared library C:\Users\Admin\.vscode\extensions\redhat.java-1.37.0-win32-x64\jre\17.0.13-win32-x86_64\bin\jimage.dll
Event: 0.414 Loaded shared library c:\Users\Admin\.vscode\extensions\redhat.java-1.37.0-win32-x64\jre\17.0.13-win32-x86_64\bin\verify.dll
Event: 1.843 Loaded shared library C:\Users\Admin\AppData\Roaming\Code\User\globalStorage\redhat.java\1.37.0\config_ss_win\org.eclipse.equinox.launcher\org.eclipse.equinox.launcher.win32.win32.x86_64_1.2.1100.v20240722-2106\eclipse_11904.dll
Event: 4.929 Loaded shared library C:\Users\Admin\AppData\Local\Temp\jna-63116079\jna5187088147927947636.dll

Deoptimization events (20 events):
Event: 4.313 Thread 0x00000263aaf5eea0 Uncommon trap: trap_request=0xffffffc6 fr.pc=0x000002639b2ce05c relative=0x0000000000000a1c
Event: 4.313 Thread 0x00000263aaf5eea0 Uncommon trap: reason=bimorphic_or_optimized_type_check action=maybe_recompile pc=0x000002639b2ce05c method=java.util.HashMap.putVal(ILjava/lang/Object;Ljava/lang/Object;ZZ)Ljava/lang/Object; @ 56 c2
Event: 4.313 Thread 0x00000263aaf5eea0 DEOPT PACKING pc=0x000002639b2ce05c sp=0x000000bab13fdca0
Event: 4.313 Thread 0x00000263aaf5eea0 DEOPT UNPACKING pc=0x000002639acd9ea3 sp=0x000000bab13fdbf8 mode 2
Event: 4.797 Thread 0x00000263aaf5eea0 Uncommon trap: trap_request=0xffffff45 fr.pc=0x000002639b26a738 relative=0x00000000000006b8
Event: 4.797 Thread 0x00000263aaf5eea0 Uncommon trap: reason=unstable_if action=reinterpret pc=0x000002639b26a738 method=java.lang.String.replace(Ljava/lang/CharSequence;Ljava/lang/CharSequence;)Ljava/lang/String; @ 42 c2
Event: 4.797 Thread 0x00000263aaf5eea0 DEOPT PACKING pc=0x000002639b26a738 sp=0x000000bab13fbcc0
Event: 4.797 Thread 0x00000263aaf5eea0 DEOPT UNPACKING pc=0x000002639acd9ea3 sp=0x000000bab13fbc50 mode 2
Event: 4.961 Thread 0x00000263aaf5eea0 Uncommon trap: trap_request=0xffffff45 fr.pc=0x000002639b2e212c relative=0x0000000000000acc
Event: 4.961 Thread 0x00000263aaf5eea0 Uncommon trap: reason=unstable_if action=reinterpret pc=0x000002639b2e212c method=jdk.internal.org.objectweb.asm.SymbolTable.put(Ljdk/internal/org/objectweb/asm/SymbolTable$Entry;)Ljdk/internal/org/objectweb/asm/SymbolTable$Entry; @ 13 c2
Event: 4.961 Thread 0x00000263aaf5eea0 DEOPT PACKING pc=0x000002639b2e212c sp=0x000000bab13fc070
Event: 4.961 Thread 0x00000263aaf5eea0 DEOPT UNPACKING pc=0x000002639acd9ea3 sp=0x000000bab13fbfb8 mode 2
Event: 4.980 Thread 0x00000263aaf5eea0 Uncommon trap: trap_request=0xffffff76 fr.pc=0x000002639b324c60 relative=0x0000000000000620
Event: 4.980 Thread 0x00000263aaf5eea0 Uncommon trap: reason=predicate action=maybe_recompile pc=0x000002639b324c60 method=java.util.TreeMap.getEntryUsingComparator(Ljava/lang/Object;)Ljava/util/TreeMap$Entry; @ 19 c2
Event: 4.980 Thread 0x00000263aaf5eea0 DEOPT PACKING pc=0x000002639b324c60 sp=0x000000bab13fcaf0
Event: 4.980 Thread 0x00000263aaf5eea0 DEOPT UNPACKING pc=0x000002639acd9ea3 sp=0x000000bab13fca10 mode 2
Event: 5.044 Thread 0x0000026390abcbe0 Uncommon trap: trap_request=0xffffff76 fr.pc=0x000002639b3209e8 relative=0x0000000000000628
Event: 5.044 Thread 0x0000026390abcbe0 Uncommon trap: reason=predicate action=maybe_recompile pc=0x000002639b3209e8 method=java.util.TreeMap.getEntryUsingComparator(Ljava/lang/Object;)Ljava/util/TreeMap$Entry; @ 19 c2
Event: 5.044 Thread 0x0000026390abcbe0 DEOPT PACKING pc=0x000002639b3209e8 sp=0x000000baafcfe0f0
Event: 5.044 Thread 0x0000026390abcbe0 DEOPT UNPACKING pc=0x000002639acd9ea3 sp=0x000000baafcfe0a0 mode 2

Classes loaded (20 events):
Event: 5.202 Loading class sun/reflect/generics/tree/ClassSignature done
Event: 5.203 Loading class sun/reflect/generics/tree/TypeVariableSignature
Event: 5.203 Loading class sun/reflect/generics/tree/TypeVariableSignature done
Event: 5.203 Loading class sun/reflect/generics/reflectiveObjects/TypeVariableImpl
Event: 5.203 Loading class sun/reflect/generics/reflectiveObjects/LazyReflectiveObjectGenerator
Event: 5.203 Loading class sun/reflect/generics/reflectiveObjects/LazyReflectiveObjectGenerator done
Event: 5.203 Loading class sun/reflect/generics/reflectiveObjects/TypeVariableImpl done
Event: 5.222 Loading class java/lang/Deprecated
Event: 5.222 Loading class java/lang/Deprecated done
Event: 5.224 Loading class jdk/internal/vm/annotation/IntrinsicCandidate
Event: 5.224 Loading class jdk/internal/vm/annotation/IntrinsicCandidate done
Event: 5.289 Loading class sun/reflect/generics/tree/BottomSignature
Event: 5.289 Loading class sun/reflect/generics/tree/BottomSignature done
Event: 5.289 Loading class sun/reflect/generics/tree/Wildcard
Event: 5.289 Loading class sun/reflect/generics/tree/Wildcard done
Event: 5.291 Loading class sun/reflect/generics/reflectiveObjects/WildcardTypeImpl
Event: 5.291 Loading class java/lang/reflect/WildcardType
Event: 5.291 Loading class java/lang/reflect/WildcardType done
Event: 5.291 Loading class sun/reflect/generics/reflectiveObjects/WildcardTypeImpl done
Event: 5.426 Loading class java/math/BigDecimal

Classes unloaded (7 events):
Event: 3.379 Thread 0x0000026390b67b70 Unloading class 0x0000000100219400 'java/lang/invoke/LambdaForm$MH+0x0000000100219400'
Event: 3.379 Thread 0x0000026390b67b70 Unloading class 0x0000000100219000 'java/lang/invoke/LambdaForm$MH+0x0000000100219000'
Event: 3.379 Thread 0x0000026390b67b70 Unloading class 0x0000000100218c00 'java/lang/invoke/LambdaForm$MH+0x0000000100218c00'
Event: 3.379 Thread 0x0000026390b67b70 Unloading class 0x0000000100218800 'java/lang/invoke/LambdaForm$MH+0x0000000100218800'
Event: 3.379 Thread 0x0000026390b67b70 Unloading class 0x0000000100218400 'java/lang/invoke/LambdaForm$BMH+0x0000000100218400'
Event: 3.379 Thread 0x0000026390b67b70 Unloading class 0x0000000100218000 'java/lang/invoke/LambdaForm$DMH+0x0000000100218000'
Event: 3.379 Thread 0x0000026390b67b70 Unloading class 0x0000000100214400 'java/lang/invoke/LambdaForm$DMH+0x0000000100214400'

Classes redefined (0 events):
No events

Internal exceptions (20 events):
Event: 4.381 Thread 0x00000263aaf5eea0 Exception <a 'java/lang/NoSuchMethodError'{0x00000000eb886498}: 'java.lang.Object java.lang.invoke.DirectMethodHandle$Holder.invokeStaticInit(java.lang.Object, int, int, int, int)'> (0x00000000eb886498) 
thrown [s\src\hotspot\share\interpreter\linkResolver.cpp, line 759]
Event: 4.481 Thread 0x00000263aaf5eea0 Exception <a 'java/lang/NoSuchMethodError'{0x00000000eb91f700}: 'java.lang.Object java.lang.invoke.DirectMethodHandle$Holder.invokeStaticInit(java.lang.Object, java.lang.Object, int, int, int, int)'> (0x00000000eb91f700) 
thrown [s\src\hotspot\share\interpreter\linkResolver.cpp, line 759]
Event: 4.624 Thread 0x00000263aaf5eea0 Exception <a 'java/lang/ClassNotFoundException'{0x00000000ebea43f0}: com/sun/org/apache/xml/internal/serializer/spi/XMLEntitiesProvider> (0x00000000ebea43f0) 
thrown [s\src\hotspot\share\classfile\systemDictionary.cpp, line 256]
Event: 4.740 Thread 0x00000263aaf5eea0 Exception <a 'java/io/FileNotFoundException'{0x00000000ec23dc40}> (0x00000000ec23dc40) 
thrown [s\src\hotspot\share\prims\jni.cpp, line 516]
Event: 4.972 Thread 0x00000263aaf5eea0 Exception <a 'java/lang/UnsatisfiedLinkError'{0x00000000eadd11d0}: The specified procedure could not be found.
> (0x00000000eadd11d0) 
thrown [s\src\hotspot\share\prims\jni.cpp, line 535]
Event: 4.977 Thread 0x00000263aaf5eea0 Exception <a 'java/io/FileNotFoundException'{0x00000000eadf7450}> (0x00000000eadf7450) 
thrown [s\src\hotspot\share\prims\jni.cpp, line 516]
Event: 4.993 Thread 0x00000263aaf5eea0 Exception <a 'java/io/FileNotFoundException'{0x00000000eae71f68}> (0x00000000eae71f68) 
thrown [s\src\hotspot\share\prims\jni.cpp, line 516]
Event: 5.011 Thread 0x00000263aaf5eea0 Exception <a 'java/lang/UnsatisfiedLinkError'{0x00000000eaf05f88}: The specified procedure could not be found.
> (0x00000000eaf05f88) 
thrown [s\src\hotspot\share\prims\jni.cpp, line 535]
Event: 5.104 Thread 0x0000026390abcbe0 Exception <a 'java/lang/NoSuchMethodError'{0x00000000eb37b900}: 'java.lang.Object java.lang.invoke.DirectMethodHandle$Holder.invokeStatic(java.lang.Object, java.lang.Object, long, java.lang.Object)'> (0x00000000eb37b900) 
thrown [s\src\hotspot\share\interpreter\linkResolver.cpp, line 759]
Event: 5.104 Thread 0x0000026390abcbe0 Exception <a 'java/lang/NoSuchMethodError'{0x00000000eb37f398}: 'java.lang.Object java.lang.invoke.DirectMethodHandle$Holder.invokeStaticInit(java.lang.Object, java.lang.Object, long, java.lang.Object)'> (0x00000000eb37f398) 
thrown [s\src\hotspot\share\interpreter\linkResolver.cpp, line 759]
Event: 5.105 Thread 0x0000026390abcbe0 Exception <a 'java/lang/NoSuchMethodError'{0x00000000eb3859a8}: 'java.lang.Object java.lang.invoke.DirectMethodHandle$Holder.newInvokeSpecial(java.lang.Object, java.lang.Object, long)'> (0x00000000eb3859a8) 
thrown [s\src\hotspot\share\interpreter\linkResolver.cpp, line 759]
Event: 5.108 Thread 0x00000263ab5ca5f0 Exception <a 'java/io/FileNotFoundException'{0x00000000eb3d1310}> (0x00000000eb3d1310) 
thrown [s\src\hotspot\share\prims\jni.cpp, line 516]
Event: 5.109 Thread 0x00000263ab5ca5f0 Exception <a 'java/io/FileNotFoundException'{0x00000000eb3d2600}> (0x00000000eb3d2600) 
thrown [s\src\hotspot\share\prims\jni.cpp, line 516]
Event: 5.111 Thread 0x00000263ab5ca5f0 Exception <a 'java/lang/NoSuchMethodError'{0x00000000eb3e12f0}: 'java.lang.Object java.lang.invoke.DirectMethodHandle$Holder.newInvokeSpecial(java.lang.Object, java.lang.Object, java.lang.Object, int)'> (0x00000000eb3e12f0) 
thrown [s\src\hotspot\share\interpreter\linkResolver.cpp, line 759]
Event: 5.111 Thread 0x00000263ab5ca5f0 Exception <a 'java/lang/NoSuchMethodError'{0x00000000eb3e53f8}: 'java.lang.Object java.lang.invoke.DirectMethodHandle$Holder.invokeSpecial(java.lang.Object, java.lang.Object, java.lang.Object, java.lang.Object, int)'> (0x00000000eb3e53f8) 
thrown [s\src\hotspot\share\interpreter\linkResolver.cpp, line 759]
Event: 5.112 Thread 0x00000263ab5ca5f0 Exception <a 'java/lang/NoSuchMethodError'{0x00000000eb3e8d48}: 'java.lang.Object java.lang.invoke.Invokers$Holder.linkToTargetMethod(java.lang.Object, java.lang.Object, int, java.lang.Object)'> (0x00000000eb3e8d48) 
thrown [s\src\hotspot\share\interpreter\linkResolver.cpp, line 759]
Event: 5.113 Thread 0x00000263ab5ca5f0 Exception <a 'java/lang/NoSuchMethodError'{0x00000000eb3f4918}: 'void java.lang.invoke.DirectMethodHandle$Holder.invokeStaticInit(java.lang.Object, java.lang.Object, java.lang.Object)'> (0x00000000eb3f4918) 
thrown [s\src\hotspot\share\interpreter\linkResolver.cpp, line 759]
Event: 5.122 Thread 0x00000263ab5ca5f0 Exception <a 'java/io/FileNotFoundException'{0x00000000eb41e478}> (0x00000000eb41e478) 
thrown [s\src\hotspot\share\prims\jni.cpp, line 516]
Event: 5.122 Thread 0x00000263ab5ca5f0 Exception <a 'java/io/FileNotFoundException'{0x00000000eb41f230}> (0x00000000eb41f230) 
thrown [s\src\hotspot\share\prims\jni.cpp, line 516]
Event: 5.219 Thread 0x0000026390abcbe0 Exception <a 'java/lang/NoSuchMethodError'{0x00000000eb70deb8}: 'void java.lang.invoke.DirectMethodHandle$Holder.invokeStatic(java.lang.Object, java.lang.Object, java.lang.Object, java.lang.Object)'> (0x00000000eb70deb8) 
thrown [s\src\hotspot\share\interpreter\linkResolver.cpp, line 759]

VM Operations (20 events):
Event: 4.101 Executing VM operation: ParallelGCFailedAllocation
Event: 4.105 Executing VM operation: ParallelGCFailedAllocation done
Event: 4.229 Executing VM operation: HandshakeAllThreads
Event: 4.229 Executing VM operation: HandshakeAllThreads done
Event: 4.307 Executing VM operation: HandshakeAllThreads
Event: 4.307 Executing VM operation: HandshakeAllThreads done
Event: 4.312 Executing VM operation: HandshakeAllThreads
Event: 4.312 Executing VM operation: HandshakeAllThreads done
Event: 4.497 Executing VM operation: HandshakeAllThreads
Event: 4.497 Executing VM operation: HandshakeAllThreads done
Event: 4.497 Executing VM operation: HandshakeAllThreads
Event: 4.497 Executing VM operation: HandshakeAllThreads done
Event: 4.673 Executing VM operation: HandshakeAllThreads
Event: 4.673 Executing VM operation: HandshakeAllThreads done
Event: 4.718 Executing VM operation: HandshakeAllThreads
Event: 4.718 Executing VM operation: HandshakeAllThreads done
Event: 4.765 Executing VM operation: ParallelGCFailedAllocation
Event: 4.769 Executing VM operation: ParallelGCFailedAllocation done
Event: 4.949 Executing VM operation: HandshakeAllThreads
Event: 4.949 Executing VM operation: HandshakeAllThreads done

Memory protections (0 events):
No events

Nmethod flushes (0 events):
No events

Events (20 events):
Event: 1.827 Thread 0x0000026390abcbe0 Thread added: 0x00000263ab55aa30
Event: 1.833 Thread 0x0000026390abcbe0 Thread added: 0x00000263aaf5eea0
Event: 1.880 Thread 0x00000263aaf5eea0 Thread added: 0x00000263ab648ab0
Event: 2.115 Thread 0x00000263aaf5eea0 Thread added: 0x00000263ab0618e0
Event: 2.525 Thread 0x00000263aaf5eea0 Thread added: 0x00000263ab5cab00
Event: 2.863 Thread 0x00000263aaf5eea0 Thread added: 0x00000263ab5ca0e0
Event: 3.249 Thread 0x00000263aaf5eea0 Thread added: 0x00000263ab5ca5f0
Event: 4.244 Thread 0x00000263aaf5eea0 Thread added: 0x00000263ab5cb010
Event: 4.363 Thread 0x00000263ab5cb010 Thread exited: 0x00000263ab5cb010
Event: 4.958 Thread 0x00000263aaf5eea0 Thread added: 0x00000263ab5c8ca0
Event: 5.128 Thread 0x0000026390abcbe0 Thread added: 0x00000263ab5c91b0
Event: 5.128 Thread 0x0000026390abcbe0 Thread added: 0x00000263ab5c96c0
Event: 5.128 Thread 0x0000026390abcbe0 Thread added: 0x00000263ab5cb010
Event: 5.128 Thread 0x0000026390abcbe0 Thread added: 0x00000263ab5c7860
Event: 5.128 Thread 0x0000026390abcbe0 Thread added: 0x00000263ab5c7d70
Event: 5.128 Thread 0x0000026390abcbe0 Thread added: 0x00000263ab5c8280
Event: 5.128 Thread 0x0000026390abcbe0 Thread added: 0x00000263ab5c8790
Event: 5.128 Thread 0x0000026390abcbe0 Thread added: 0x00000263ab5c9bd0
Event: 5.128 Thread 0x0000026390abcbe0 Thread added: 0x00000263abf26170
Event: 5.153 Thread 0x0000026390abcbe0 Thread added: 0x00000263abf229c0


Dynamic libraries:
0x00007ff6b5920000 - 0x00007ff6b592e000 	c:\Users\Admin\.vscode\extensions\redhat.java-1.37.0-win32-x64\jre\17.0.13-win32-x86_64\bin\java.exe
0x00007ffee7f50000 - 0x00007ffee8167000 	C:\WINDOWS\SYSTEM32\ntdll.dll
0x00007ffee6520000 - 0x00007ffee65e4000 	C:\WINDOWS\System32\KERNEL32.DLL
0x00007ffee5650000 - 0x00007ffee5a09000 	C:\WINDOWS\System32\KERNELBASE.dll
0x00007ffee54c0000 - 0x00007ffee55d1000 	C:\WINDOWS\System32\ucrtbase.dll
0x00007ffed2060000 - 0x00007ffed2077000 	c:\Users\Admin\.vscode\extensions\redhat.java-1.37.0-win32-x64\jre\17.0.13-win32-x86_64\bin\jli.dll
0x00007ffee73e0000 - 0x00007ffee758e000 	C:\WINDOWS\System32\USER32.dll
0x00007ffee5370000 - 0x00007ffee5396000 	C:\WINDOWS\System32\win32u.dll
0x00007ffee64f0000 - 0x00007ffee6519000 	C:\WINDOWS\System32\GDI32.dll
0x00007ffee53a0000 - 0x00007ffee54bb000 	C:\WINDOWS\System32\gdi32full.dll
0x00007ffee52d0000 - 0x00007ffee536a000 	C:\WINDOWS\System32\msvcp_win.dll
0x00007ffed1e50000 - 0x00007ffed1e6e000 	c:\Users\Admin\.vscode\extensions\redhat.java-1.37.0-win32-x64\jre\17.0.13-win32-x86_64\bin\VCRUNTIME140.dll
0x00007ffec5400000 - 0x00007ffec5692000 	C:\WINDOWS\WinSxS\amd64_microsoft.windows.common-controls_6595b64144ccf1df_6.0.22621.4391_none_2715d37f73803e96\COMCTL32.dll
0x00007ffee6720000 - 0x00007ffee67c7000 	C:\WINDOWS\System32\msvcrt.dll
0x00007ffee7820000 - 0x00007ffee7851000 	C:\WINDOWS\System32\IMM32.DLL
0x00007ffed1e40000 - 0x00007ffed1e4c000 	c:\Users\Admin\.vscode\extensions\redhat.java-1.37.0-win32-x64\jre\17.0.13-win32-x86_64\bin\vcruntime140_1.dll
0x00007ffea51c0000 - 0x00007ffea524d000 	c:\Users\Admin\.vscode\extensions\redhat.java-1.37.0-win32-x64\jre\17.0.13-win32-x86_64\bin\msvcp140.dll
0x00007ffe79b20000 - 0x00007ffe7a78b000 	c:\Users\Admin\.vscode\extensions\redhat.java-1.37.0-win32-x64\jre\17.0.13-win32-x86_64\bin\server\jvm.dll
0x00007ffee7320000 - 0x00007ffee73d2000 	C:\WINDOWS\System32\ADVAPI32.dll
0x00007ffee62b0000 - 0x00007ffee6357000 	C:\WINDOWS\System32\sechost.dll
0x00007ffee5a10000 - 0x00007ffee5a38000 	C:\WINDOWS\System32\bcrypt.dll
0x00007ffee7970000 - 0x00007ffee7a84000 	C:\WINDOWS\System32\RPCRT4.dll
0x00007ffee67e0000 - 0x00007ffee6851000 	C:\WINDOWS\System32\WS2_32.dll
0x00007ffedc0e0000 - 0x00007ffedc114000 	C:\WINDOWS\SYSTEM32\WINMM.dll
0x00007ffee5120000 - 0x00007ffee516d000 	C:\WINDOWS\SYSTEM32\POWRPROF.dll
0x00007ffee19a0000 - 0x00007ffee19aa000 	C:\WINDOWS\SYSTEM32\VERSION.dll
0x00007ffee5100000 - 0x00007ffee5113000 	C:\WINDOWS\SYSTEM32\UMPDC.dll
0x00007ffee4290000 - 0x00007ffee42a8000 	C:\WINDOWS\SYSTEM32\kernel.appcore.dll
0x00007ffecc060000 - 0x00007ffecc06a000 	c:\Users\Admin\.vscode\extensions\redhat.java-1.37.0-win32-x64\jre\17.0.13-win32-x86_64\bin\jimage.dll
0x00007ffee2a90000 - 0x00007ffee2cc2000 	C:\WINDOWS\SYSTEM32\DBGHELP.DLL
0x00007ffee5c80000 - 0x00007ffee600f000 	C:\WINDOWS\System32\combase.dll
0x00007ffee7590000 - 0x00007ffee7667000 	C:\WINDOWS\System32\OLEAUT32.dll
0x00007ffee1ae0000 - 0x00007ffee1b12000 	C:\WINDOWS\SYSTEM32\dbgcore.DLL
0x00007ffee5250000 - 0x00007ffee52cb000 	C:\WINDOWS\System32\bcryptPrimitives.dll
0x00007ffeca9d0000 - 0x00007ffeca9de000 	c:\Users\Admin\.vscode\extensions\redhat.java-1.37.0-win32-x64\jre\17.0.13-win32-x86_64\bin\instrument.dll
0x00007ffec5710000 - 0x00007ffec5735000 	c:\Users\Admin\.vscode\extensions\redhat.java-1.37.0-win32-x64\jre\17.0.13-win32-x86_64\bin\java.dll
0x00007ffec6180000 - 0x00007ffec6198000 	c:\Users\Admin\.vscode\extensions\redhat.java-1.37.0-win32-x64\jre\17.0.13-win32-x86_64\bin\zip.dll
0x00007ffee6aa0000 - 0x00007ffee7316000 	C:\WINDOWS\System32\SHELL32.dll
0x00007ffee3190000 - 0x00007ffee3a93000 	C:\WINDOWS\SYSTEM32\windows.storage.dll
0x00007ffee3050000 - 0x00007ffee318f000 	C:\WINDOWS\SYSTEM32\wintypes.dll
0x00007ffee65f0000 - 0x00007ffee66e9000 	C:\WINDOWS\System32\SHCORE.dll
0x00007ffee6070000 - 0x00007ffee60ce000 	C:\WINDOWS\System32\shlwapi.dll
0x00007ffee5180000 - 0x00007ffee51ab000 	C:\WINDOWS\SYSTEM32\profapi.dll
0x00007ffec6130000 - 0x00007ffec6149000 	C:\Users\Admin\.vscode\extensions\redhat.java-1.37.0-win32-x64\jre\17.0.13-win32-x86_64\bin\net.dll
0x00007ffed5b60000 - 0x00007ffed5c96000 	C:\WINDOWS\SYSTEM32\WINHTTP.dll
0x00007ffee4710000 - 0x00007ffee4779000 	C:\WINDOWS\system32\mswsock.dll
0x00007ffec56f0000 - 0x00007ffec5706000 	C:\Users\Admin\.vscode\extensions\redhat.java-1.37.0-win32-x64\jre\17.0.13-win32-x86_64\bin\nio.dll
0x00007ffec56e0000 - 0x00007ffec56f0000 	c:\Users\Admin\.vscode\extensions\redhat.java-1.37.0-win32-x64\jre\17.0.13-win32-x86_64\bin\verify.dll
0x00007ffec3b90000 - 0x00007ffec3bd5000 	C:\Users\Admin\AppData\Roaming\Code\User\globalStorage\redhat.java\1.37.0\config_ss_win\org.eclipse.equinox.launcher\org.eclipse.equinox.launcher.win32.win32.x86_64_1.2.1100.v20240722-2106\eclipse_11904.dll
0x00007ffee68e0000 - 0x00007ffee6a85000 	C:\WINDOWS\System32\ole32.dll
0x00007ffee4960000 - 0x00007ffee497b000 	C:\WINDOWS\SYSTEM32\CRYPTSP.dll
0x00007ffee41f0000 - 0x00007ffee4225000 	C:\WINDOWS\system32\rsaenh.dll
0x00007ffee4800000 - 0x00007ffee4828000 	C:\WINDOWS\SYSTEM32\USERENV.dll
0x00007ffee4980000 - 0x00007ffee498c000 	C:\WINDOWS\SYSTEM32\CRYPTBASE.dll
0x00007ffee3d00000 - 0x00007ffee3d2d000 	C:\WINDOWS\SYSTEM32\IPHLPAPI.DLL
0x00007ffee67d0000 - 0x00007ffee67d9000 	C:\WINDOWS\System32\NSI.dll
0x00007ffed5830000 - 0x00007ffed5849000 	C:\WINDOWS\SYSTEM32\dhcpcsvc6.DLL
0x00007ffed5810000 - 0x00007ffed582f000 	C:\WINDOWS\SYSTEM32\dhcpcsvc.DLL
0x00007ffee3d30000 - 0x00007ffee3e32000 	C:\WINDOWS\SYSTEM32\DNSAPI.dll
0x00007ffec1de0000 - 0x00007ffec1e29000 	C:\Users\Admin\AppData\Local\Temp\jna-63116079\jna5187088147927947636.dll
0x00007ffee66f0000 - 0x00007ffee66f8000 	C:\WINDOWS\System32\PSAPI.DLL

dbghelp: loaded successfully - version: 4.0.5 - missing functions: none
symbol engine: initialized successfully - sym options: 0x614 - pdb path: .;c:\Users\Admin\.vscode\extensions\redhat.java-1.37.0-win32-x64\jre\17.0.13-win32-x86_64\bin;C:\WINDOWS\SYSTEM32;C:\WINDOWS\WinSxS\amd64_microsoft.windows.common-controls_6595b64144ccf1df_6.0.22621.4391_none_2715d37f73803e96;c:\Users\Admin\.vscode\extensions\redhat.java-1.37.0-win32-x64\jre\17.0.13-win32-x86_64\bin\server;C:\Users\Admin\AppData\Roaming\Code\User\globalStorage\redhat.java\1.37.0\config_ss_win\org.eclipse.equinox.launcher\org.eclipse.equinox.launcher.win32.win32.x86_64_1.2.1100.v20240722-2106;C:\Users\Admin\AppData\Local\Temp\jna-63116079

VM Arguments:
jvm_args: --add-modules=ALL-SYSTEM --add-opens=java.base/java.util=ALL-UNNAMED --add-opens=java.base/java.lang=ALL-UNNAMED --add-opens=java.base/sun.nio.fs=ALL-UNNAMED -Declipse.application=org.eclipse.jdt.ls.core.id1 -Dosgi.bundles.defaultStartLevel=4 -Declipse.product=org.eclipse.jdt.ls.core.product -Djava.import.generatesMetadataFilesAtProjectRoot=false -DDetectVMInstallationsJob.disabled=true -Dfile.encoding=utf8 -XX:+UseParallelGC -XX:GCTimeRatio=4 -XX:AdaptiveSizePolicyWeight=90 -Dsun.zip.disableMemoryMapping=true -Xmx1G -Xms100m -Xlog:disable -javaagent:c:\Users\Admin\.vscode\extensions\redhat.java-1.37.0-win32-x64\lombok\lombok-1.18.34.jar 
java_command: c:\Users\Admin\.vscode\extensions\redhat.java-1.37.0-win32-x64\server\plugins\org.eclipse.equinox.launcher_1.6.900.v20240613-2009.jar -configuration c:\Users\Admin\AppData\Roaming\Code\User\globalStorage\redhat.java\1.37.0\config_ss_win -data c:\Users\Admin\AppData\Roaming\Code\User\workspaceStorage\63aecb1e0be1048db19a9b776cec0ea5\redhat.java\ss_ws --pipe=\\.\pipe\lsp-0c958edd44c8f88b5524e3045f84fe25-sock
java_class_path (initial): c:\Users\Admin\.vscode\extensions\redhat.java-1.37.0-win32-x64\server\plugins\org.eclipse.equinox.launcher_1.6.900.v20240613-2009.jar
Launcher Type: SUN_STANDARD

[Global flags]
    uintx AdaptiveSizePolicyWeight                 = 90                                        {product} {command line}
     intx CICompilerCount                          = 4                                         {product} {ergonomic}
    uintx GCTimeRatio                              = 4                                         {product} {command line}
   size_t InitialHeapSize                          = 104857600                                 {product} {command line}
   size_t MaxHeapSize                              = 1073741824                                {product} {command line}
   size_t MaxNewSize                               = 357564416                                 {product} {ergonomic}
   size_t MinHeapDeltaBytes                        = 524288                                    {product} {ergonomic}
   size_t MinHeapSize                              = 104857600                                 {product} {command line}
   size_t NewSize                                  = 34603008                                  {product} {ergonomic}
    uintx NonNMethodCodeHeapSize                   = 5839372                                {pd product} {ergonomic}
    uintx NonProfiledCodeHeapSize                  = 122909434                              {pd product} {ergonomic}
   size_t OldSize                                  = 70254592                                  {product} {ergonomic}
    uintx ProfiledCodeHeapSize                     = 122909434                              {pd product} {ergonomic}
    uintx ReservedCodeCacheSize                    = 251658240                              {pd product} {ergonomic}
     bool SegmentedCodeCache                       = true                                      {product} {ergonomic}
   size_t SoftMaxHeapSize                          = 1073741824                             {manageable} {ergonomic}
     bool UseCompressedClassPointers               = true                           {product lp64_product} {ergonomic}
     bool UseCompressedOops                        = true                           {product lp64_product} {ergonomic}
     bool UseLargePagesIndividualAllocation        = false                                  {pd product} {ergonomic}
     bool UseParallelGC                            = true                                      {product} {command line}

Logging:
Log output configuration:
 #0: stdout all=off uptime,level,tags
 #1: stderr all=off uptime,level,tags

Environment Variables:
PATH=C:\Program Files\Common Files\Oracle\Java\javapath;C:\WINDOWS\system32;C:\WINDOWS;C:\WINDOWS\System32\Wbem;C:\WINDOWS\System32\WindowsPowerShell\v1.0\;C:\WINDOWS\System32\OpenSSH\;C:\Program Files (x86)\Microsoft SQL Server\160\Tools\Binn\;C:\Program Files\Microsoft SQL Server\160\Tools\Binn\;C:\Program Files\Microsoft SQL Server\Client SDK\ODBC\170\Tools\Binn\;C:\Program Files\Microsoft SQL Server\160\DTS\Binn\;C:\Program Files\Azure Data Studio\bin;C:\Program Files\nodejs\;C:\Program Files (x86)\Microsoft SQL Server\160\DTS\Binn\;C:\Program Files\Git\cmd;C:\Program Files\dotnet\;C:\Users\Admin\AppData\Local\Microsoft\WindowsApps;C:\Users\Admin\AppData\Local\Programs\Microsoft VS Code\bin;C:\Program Files\Azure Data Studio\bin;C:\Users\Admin\AppData\Local\GitHubDesktop\bin;C:\Users\Admin\AppData\Roaming\npm;E:\APP\IntelliJ IDEA 2022.3.2\bin;
USERNAME=Admin
OS=Windows_NT
PROCESSOR_IDENTIFIER=Intel64 Family 6 Model 140 Stepping 1, GenuineIntel
TMP=C:\Users\Admin\AppData\Local\Temp
TEMP=C:\Users\Admin\AppData\Local\Temp



Periodic native trim disabled


---------------  S Y S T E M  ---------------

OS:
 Windows 11 , 64 bit Build 22621 (10.0.22621.4391)
OS uptime: 0 days 14:02 hours

CPU: total 8 (initial active 8) (4 cores per cpu, 2 threads per core) family 6 model 140 stepping 1 microcode 0xb8, cx8, cmov, fxsr, ht, mmx, 3dnowpref, sse, sse2, sse3, ssse3, sse4.1, sse4.2, popcnt, lzcnt, tsc, tscinvbit, avx, avx2, aes, erms, clmul, bmi1, bmi2, adx, avx512f, avx512dq, avx512cd, avx512bw, avx512vl, sha, fma, vzeroupper, avx512_vpopcntdq, avx512_vpclmulqdq, avx512_vaes, avx512_vnni, clflush, clflushopt, clwb, avx512_vbmi2, avx512_vbmi
Processor Information for all 8 processors :
  Max Mhz: 2419, Current Mhz: 2419, Mhz Limit: 2419

Memory: 4k page, system-wide physical 7934M (290M free)
TotalPageFile size 15745M (AvailPageFile size 6M)
current process WorkingSet (physical memory assigned to process): 152M, peak: 153M
current process commit charge ("private bytes"): 260M, peak: 263M

vm_info: OpenJDK 64-Bit Server VM (17.0.13+11) for windows-amd64 JRE (17.0.13+11), built on Oct 16 2024 00:10:08 by "admin" with MS VC++ 17.7 (VS2022)

END.
