#
# There is insufficient memory for the Java Runtime Environment to continue.
# Native memory allocation (malloc) failed to allocate 1048576 bytes for AllocateHeap
# Possible reasons:
#   The system is out of physical RAM or swap space
#   The process is running with CompressedOops enabled, and the Java Heap may be blocking the growth of the native heap
# Possible solutions:
#   Reduce memory load on the system
#   Increase physical memory or swap space
#   Check if swap backing store is full
#   Decrease Java heap size (-Xmx/-Xms)
#   Decrease number of Java threads
#   Decrease Java thread stack sizes (-Xss)
#   Set larger code cache with -XX:ReservedCodeCacheSize=
#   JVM is running with Unscaled Compressed Oops mode in which the Java heap is
#     placed in the first 4GB address space. The Java Heap base address is the
#     maximum limit for the native heap growth. Please use -XX:HeapBaseMinAddress
#     to set the Java Heap base and to place the Java Heap above 4GB virtual address.
# This output file may be truncated or incomplete.
#
#  Out of Memory Error (allocation.cpp:44), pid=16304, tid=21488
#
# JRE version: Java(TM) SE Runtime Environment (19.0.2+7) (build 19.0.2+7-44)
# Java VM: Java HotSpot(TM) 64-Bit Server VM (19.0.2+7-44, mixed mode, emulated-client, sharing, tiered, compressed oops, compressed class ptrs, g1 gc, windows-amd64)
# No core dump will be written. Minidumps are not enabled by default on client versions of Windows
#

---------------  S U M M A R Y ------------

Command Line: -XX:TieredStopAtLevel=1 -Dspring.output.ansi.enabled=always -Dcom.sun.management.jmxremote -Dspring.jmx.enabled=true -Dspring.liveBeansView.mbeanDomain -Dspring.application.admin.enabled=true -Dmanagement.endpoints.jmx.exposure.include=* -javaagent:D:\IntelliJ IDEA 2024.3.1.1\lib\idea_rt.jar=55474:D:\IntelliJ IDEA 2024.3.1.1\bin -Dfile.encoding=UTF-8 -Dsun.stdout.encoding=UTF-8 -Dsun.stderr.encoding=UTF-8 com.example.datn.DatnApplication

Host: 11th Gen Intel(R) Core(TM) i5-1135G7 @ 2.40GHz, 8 cores, 7G,  Windows 11 , 64 bit Build 22621 (10.0.22621.4391)
Time: Sat Jan  4 22:44:36 2025 SE Asia Standard Time elapsed time: 21.156220 seconds (0d 0h 0m 21s)

---------------  T H R E A D  ---------------

Current thread (0x000001be350d0af0):  VMThread "VM Thread" [stack: 0x00000002cc400000,0x00000002cc500000] [id=21488]

Stack: [0x00000002cc400000,0x00000002cc500000]
Native frames: (J=compiled Java code, j=interpreted, Vv=VM code, C=native code)
V  [jvm.dll+0x6ee21a]
V  [jvm.dll+0x85765e]
V  [jvm.dll+0x85904e]
V  [jvm.dll+0x859703]
V  [jvm.dll+0x28298f]
V  [jvm.dll+0xc406b]
V  [jvm.dll+0x347771]
V  [jvm.dll+0x3428a0]
V  [jvm.dll+0x32c504]
V  [jvm.dll+0x372a47]
V  [jvm.dll+0x85ebc3]
V  [jvm.dll+0x85f989]
V  [jvm.dll+0x85febd]
V  [jvm.dll+0x86034b]
V  [jvm.dll+0x860407]
V  [jvm.dll+0x80125a]
V  [jvm.dll+0x6ecf0b]
C  [ucrtbase.dll+0x29333]
C  [KERNEL32.DLL+0x1259d]
C  [ntdll.dll+0x5af38]

VM_Operation (0x00000002cceff0c0): G1CollectFull, mode: safepoint, requested by thread 0x000001be39c5f690


---------------  P R O C E S S  ---------------

Threads class SMR info:
_java_thread_list=0x000001be3cc60590, length=21, elements={
0x000001be350edd90, 0x000001be350eeb20, 0x000001be350f1550, 0x000001be350f2230,
0x000001be350f3c60, 0x000001be350f4680, 0x000001be350f5fc0, 0x000001be350f9840,
0x000001be350babb0, 0x000001be39a36f90, 0x000001be39a374d0, 0x000001be39c8baf0,
0x000001be39cb0ad0, 0x000001be39ce8cd0, 0x000001be39d45ae0, 0x000001be39ba2e40,
0x000001be39c5d160, 0x000001be39c5d6b0, 0x000001be39c60bd0, 0x000001be39c5fbe0,
0x000001be39c5f690
}

Java Threads: ( => current thread )
  0x000001be350edd90 JavaThread "Reference Handler" daemon [_thread_blocked, id=16376, stack(0x00000002cc500000,0x00000002cc600000)]
  0x000001be350eeb20 JavaThread "Finalizer" daemon [_thread_blocked, id=1828, stack(0x00000002cc600000,0x00000002cc700000)]
  0x000001be350f1550 JavaThread "Signal Dispatcher" daemon [_thread_blocked, id=16420, stack(0x00000002cc700000,0x00000002cc800000)]
  0x000001be350f2230 JavaThread "Attach Listener" daemon [_thread_blocked, id=1204, stack(0x00000002cc800000,0x00000002cc900000)]
  0x000001be350f3c60 JavaThread "Service Thread" daemon [_thread_blocked, id=18860, stack(0x00000002cc900000,0x00000002cca00000)]
  0x000001be350f4680 JavaThread "Monitor Deflation Thread" daemon [_thread_blocked, id=16352, stack(0x00000002cca00000,0x00000002ccb00000)]
  0x000001be350f5fc0 JavaThread "C1 CompilerThread0" daemon [_thread_blocked, id=19288, stack(0x00000002ccb00000,0x00000002ccc00000)]
  0x000001be350f9840 JavaThread "Sweeper thread" daemon [_thread_blocked, id=20196, stack(0x00000002ccc00000,0x00000002ccd00000)]
  0x000001be350babb0 JavaThread "Common-Cleaner" daemon [_thread_blocked, id=19256, stack(0x00000002ccd00000,0x00000002cce00000)]
  0x000001be39a36f90 JavaThread "Monitor Ctrl-Break" daemon [_thread_in_native, id=18964, stack(0x00000002cd100000,0x00000002cd200000)]
  0x000001be39a374d0 JavaThread "Notification Thread" daemon [_thread_blocked, id=9644, stack(0x00000002cd200000,0x00000002cd300000)]
  0x000001be39c8baf0 JavaThread "RMI TCP Accept-0" daemon [_thread_in_native, id=10168, stack(0x00000002cd300000,0x00000002cd400000)]
  0x000001be39cb0ad0 JavaThread "RMI TCP Connection(1)-172.20.10.2" daemon [_thread_in_native, id=5524, stack(0x00000002cd400000,0x00000002cd500000)]
  0x000001be39ce8cd0 JavaThread "RMI Scheduler(0)" daemon [_thread_blocked, id=19548, stack(0x00000002cd600000,0x00000002cd700000)]
  0x000001be39d45ae0 JavaThread "JMX server connection timeout 27" daemon [_thread_blocked, id=2592, stack(0x00000002cd700000,0x00000002cd800000)]
  0x000001be39ba2e40 JavaThread "RMI TCP Connection(2)-172.20.10.2" daemon [_thread_in_native, id=11812, stack(0x00000002cdf00000,0x00000002ce000000)]
  0x000001be39c5d160 JavaThread "Catalina-utility-1" [_thread_blocked, id=4584, stack(0x00000002ce700000,0x00000002ce800000)]
  0x000001be39c5d6b0 JavaThread "Catalina-utility-2" [_thread_blocked, id=14396, stack(0x00000002ce800000,0x00000002ce900000)]
  0x000001be39c60bd0 JavaThread "Live Reload Server" daemon [_thread_in_native, id=18008, stack(0x00000002cea00000,0x00000002ceb00000)]
  0x000001be39c5fbe0 JavaThread "DestroyJavaVM" [_thread_blocked, id=17320, stack(0x00000002cbe00000,0x00000002cbf00000)]
  0x000001be39c5f690 JavaThread "Thread-5" [_thread_blocked, id=9128, stack(0x00000002cce00000,0x00000002ccf00000)]

Other Threads:
=>0x000001be350d0af0 VMThread "VM Thread" [stack: 0x00000002cc400000,0x00000002cc500000] [id=21488]
  0x000001be22c04be0 WatcherThread "VM Periodic Task Thread" [stack: 0x00000002cd500000,0x00000002cd600000] [id=13076]
  0x000001be22c61350 WorkerThread "GC Thread#0" [stack: 0x00000002cbf00000,0x00000002cc000000] [id=14352]
  0x000001be39dea260 WorkerThread "GC Thread#1" [stack: 0x00000002cd800000,0x00000002cd900000] [id=12840]
  0x000001be39dea530 WorkerThread "GC Thread#2" [stack: 0x00000002cd900000,0x00000002cda00000] [id=15032]
  0x000001be39de9720 WorkerThread "GC Thread#3" [stack: 0x00000002cda00000,0x00000002cdb00000] [id=10960]
  0x000001be39deaad0 WorkerThread "GC Thread#4" [stack: 0x00000002cdb00000,0x00000002cdc00000] [id=12888]
  0x000001be39dea800 WorkerThread "GC Thread#5" [stack: 0x00000002cdc00000,0x00000002cdd00000] [id=828]
  0x000001be39deada0 WorkerThread "GC Thread#6" [stack: 0x00000002cdd00000,0x00000002cde00000] [id=16856]
  0x000001be39deb070 WorkerThread "GC Thread#7" [stack: 0x00000002cde00000,0x00000002cdf00000] [id=20028]
  0x000001be22c71ab0 ConcurrentGCThread "G1 Main Marker" [stack: 0x00000002cc000000,0x00000002cc100000] [id=5700]
  0x000001be22c734f0 WorkerThread "G1 Conc#0" [stack: 0x00000002cc100000,0x00000002cc200000] [id=14720]
  0x000001be3a66e130 WorkerThread "G1 Conc#1" [stack: 0x00000002ce300000,0x00000002ce400000] [id=19988]
  0x000001be34f87580 ConcurrentGCThread "G1 Refine#0" [stack: 0x00000002cc200000,0x00000002cc300000] [id=12856]
  0x000001be34f880c0 ConcurrentGCThread "G1 Service" [stack: 0x00000002cc300000,0x00000002cc400000] [id=19260]

Threads with active compile tasks:
C1 CompilerThread0    21187 9368  s    1       org.apache.catalina.util.LifecycleBase::setStateInternal (144 bytes)

VM state: at safepoint (normal execution)

VM Mutex/Monitor currently owned by a thread:  ([mutex/lock_event])
[0x000001be22bff820] Threads_lock - owner thread: 0x000001be350d0af0
[0x000001be22bff8b0] Heap_lock - owner thread: 0x000001be39c5f690

Heap address: 0x0000000084000000, size: 1984 MB, Compressed Oops mode: 32-bit

CDS archive(s) mapped at: [0x0000000800000000-0x0000000800c40000-0x0000000800c40000), size 12845056, SharedBaseAddress: 0x0000000800000000, ArchiveRelocationMode: 0.
Compressed class space mapped at: 0x0000000801000000-0x0000000841000000, reserved size: 1073741824
Narrow klass base: 0x0000000800000000, Narrow klass shift: 0, Narrow klass range: 0x100000000

GC Precious Log:
 CardTable entry size: 512
 Card Set container configuration: InlinePtr #cards 5 size 8 Array Of Cards #cards 12 size 40 Howl #buckets 4 coarsen threshold 1843 Howl Bitmap #cards 512 size 80 coarsen threshold 460 Card regions per heap region 1 cards per card region 2048
 CPUs: 8 total, 8 available
 Memory: 7934M
 Large Page Support: Disabled
 NUMA Support: Disabled
 Compressed Oops: Enabled (32-bit)
 Heap Region Size: 1M
 Heap Min Capacity: 8M
 Heap Initial Capacity: 124M
 Heap Max Capacity: 1984M
 Pre-touch: Disabled
 Parallel Workers: 8
 Concurrent Workers: 2
 Concurrent Refinement Workers: 8
 Periodic GC: Disabled

Heap:
 garbage-first heap   total 235520K, used 137324K [0x0000000084000000, 0x0000000100000000)
  region size 1024K, 50 young (51200K), 1 survivors (1024K)
 Metaspace       used 78967K, committed 79872K, reserved 1179648K
  class space    used 11166K, committed 11584K, reserved 1048576K

Heap Regions: E=young(eden), S=young(survivor), O=old, HS=humongous(starts), HC=humongous(continues), CS=collection set, F=free, OA=open archive, CA=closed archive, TAMS=top-at-mark-start (previous, next)
|   0|0x0000000084000000, 0x0000000084100000, 0x0000000084100000|100%|HS|  |TAMS 0x0000000084100000, 0x0000000084000000| Complete 
|   1|0x0000000084100000, 0x0000000084200000, 0x0000000084200000|100%| O|  |TAMS 0x0000000084200000, 0x0000000084100000| Untracked 
|   2|0x0000000084200000, 0x0000000084300000, 0x0000000084300000|100%| O|  |TAMS 0x0000000084300000, 0x0000000084200000| Untracked 
|   3|0x0000000084300000, 0x0000000084400000, 0x0000000084400000|100%| O|  |TAMS 0x0000000084400000, 0x0000000084300000| Untracked 
|   4|0x0000000084400000, 0x0000000084500000, 0x0000000084500000|100%| O|  |TAMS 0x0000000084500000, 0x0000000084400000| Untracked 
|   5|0x0000000084500000, 0x0000000084600000, 0x0000000084600000|100%| O|  |TAMS 0x0000000084600000, 0x0000000084500000| Untracked 
|   6|0x0000000084600000, 0x0000000084700000, 0x0000000084700000|100%| O|  |TAMS 0x0000000084700000, 0x0000000084600000| Untracked 
|   7|0x0000000084700000, 0x0000000084800000, 0x0000000084800000|100%| O|  |TAMS 0x0000000084800000, 0x0000000084700000| Untracked 
|   8|0x0000000084800000, 0x0000000084900000, 0x0000000084900000|100%| O|  |TAMS 0x0000000084900000, 0x0000000084800000| Untracked 
|   9|0x0000000084900000, 0x0000000084a00000, 0x0000000084a00000|100%| O|  |TAMS 0x0000000084a00000, 0x0000000084900000| Untracked 
|  10|0x0000000084a00000, 0x0000000084b00000, 0x0000000084b00000|100%| O|  |TAMS 0x0000000084b00000, 0x0000000084a00000| Untracked 
|  11|0x0000000084b00000, 0x0000000084c00000, 0x0000000084c00000|100%| O|  |TAMS 0x0000000084c00000, 0x0000000084b00000| Untracked 
|  12|0x0000000084c00000, 0x0000000084d00000, 0x0000000084d00000|100%| O|  |TAMS 0x0000000084d00000, 0x0000000084c00000| Untracked 
|  13|0x0000000084d00000, 0x0000000084e00000, 0x0000000084e00000|100%| O|  |TAMS 0x0000000084e00000, 0x0000000084d00000| Untracked 
|  14|0x0000000084e00000, 0x0000000084f00000, 0x0000000084f00000|100%| O|  |TAMS 0x0000000084f00000, 0x0000000084e00000| Untracked 
|  15|0x0000000084f00000, 0x0000000085000000, 0x0000000085000000|100%| O|  |TAMS 0x0000000085000000, 0x0000000084f00000| Untracked 
|  16|0x0000000085000000, 0x0000000085100000, 0x0000000085100000|100%| O|  |TAMS 0x0000000085100000, 0x0000000085000000| Untracked 
|  17|0x0000000085100000, 0x0000000085200000, 0x0000000085200000|100%| O|  |TAMS 0x0000000085200000, 0x0000000085100000| Untracked 
|  18|0x0000000085200000, 0x0000000085300000, 0x0000000085300000|100%| O|  |TAMS 0x0000000085300000, 0x0000000085200000| Untracked 
|  19|0x0000000085300000, 0x0000000085400000, 0x0000000085400000|100%| O|  |TAMS 0x0000000085400000, 0x0000000085300000| Untracked 
|  20|0x0000000085400000, 0x0000000085500000, 0x0000000085500000|100%| O|  |TAMS 0x0000000085500000, 0x0000000085400000| Untracked 
|  21|0x0000000085500000, 0x0000000085600000, 0x0000000085600000|100%| O|  |TAMS 0x0000000085600000, 0x0000000085500000| Untracked 
|  22|0x0000000085600000, 0x0000000085700000, 0x0000000085700000|100%| O|  |TAMS 0x0000000085700000, 0x0000000085600000| Untracked 
|  23|0x0000000085700000, 0x0000000085800000, 0x0000000085800000|100%| O|  |TAMS 0x0000000085800000, 0x0000000085700000| Untracked 
|  24|0x0000000085800000, 0x0000000085900000, 0x0000000085900000|100%| O|  |TAMS 0x0000000085900000, 0x0000000085800000| Untracked 
|  25|0x0000000085900000, 0x0000000085a00000, 0x0000000085a00000|100%| O|  |TAMS 0x0000000085a00000, 0x0000000085900000| Untracked 
|  26|0x0000000085a00000, 0x0000000085b00000, 0x0000000085b00000|100%| O|  |TAMS 0x0000000085b00000, 0x0000000085a00000| Untracked 
|  27|0x0000000085b00000, 0x0000000085c00000, 0x0000000085c00000|100%| O|  |TAMS 0x0000000085c00000, 0x0000000085b00000| Untracked 
|  28|0x0000000085c00000, 0x0000000085d00000, 0x0000000085d00000|100%| O|  |TAMS 0x0000000085d00000, 0x0000000085c00000| Untracked 
|  29|0x0000000085d00000, 0x0000000085e00000, 0x0000000085e00000|100%| O|  |TAMS 0x0000000085e00000, 0x0000000085d00000| Untracked 
|  30|0x0000000085e00000, 0x0000000085f00000, 0x0000000085f00000|100%| O|  |TAMS 0x0000000085f00000, 0x0000000085e00000| Untracked 
|  31|0x0000000085f00000, 0x0000000086000000, 0x0000000086000000|100%| O|  |TAMS 0x0000000086000000, 0x0000000085f00000| Untracked 
|  32|0x0000000086000000, 0x0000000086100000, 0x0000000086100000|100%| O|  |TAMS 0x0000000086100000, 0x0000000086000000| Untracked 
|  33|0x0000000086100000, 0x0000000086200000, 0x0000000086200000|100%| O|  |TAMS 0x0000000086200000, 0x0000000086100000| Untracked 
|  34|0x0000000086200000, 0x0000000086300000, 0x0000000086300000|100%| O|  |TAMS 0x0000000086300000, 0x0000000086200000| Untracked 
|  35|0x0000000086300000, 0x0000000086400000, 0x0000000086400000|100%| O|  |TAMS 0x0000000086400000, 0x0000000086300000| Untracked 
|  36|0x0000000086400000, 0x0000000086400000, 0x0000000086500000|  0%| F|  |TAMS 0x0000000086400000, 0x0000000086400000| Untracked 
|  37|0x0000000086500000, 0x0000000086500000, 0x0000000086600000|  0%| F|  |TAMS 0x0000000086500000, 0x0000000086500000| Untracked 
|  38|0x0000000086600000, 0x0000000086700000, 0x0000000086700000|100%| O|  |TAMS 0x0000000086700000, 0x0000000086600000| Untracked 
|  39|0x0000000086700000, 0x0000000086800000, 0x0000000086800000|100%| O|  |TAMS 0x0000000086800000, 0x0000000086700000| Untracked 
|  40|0x0000000086800000, 0x0000000086900000, 0x0000000086900000|100%| O|  |TAMS 0x0000000086900000, 0x0000000086800000| Untracked 
|  41|0x0000000086900000, 0x0000000086a00000, 0x0000000086a00000|100%| O|  |TAMS 0x0000000086a00000, 0x0000000086900000| Untracked 
|  42|0x0000000086a00000, 0x0000000086b00000, 0x0000000086b00000|100%| O|  |TAMS 0x0000000086b00000, 0x0000000086a00000| Untracked 
|  43|0x0000000086b00000, 0x0000000086c00000, 0x0000000086c00000|100%| O|  |TAMS 0x0000000086c00000, 0x0000000086b00000| Untracked 
|  44|0x0000000086c00000, 0x0000000086d00000, 0x0000000086d00000|100%| O|  |TAMS 0x0000000086d00000, 0x0000000086c00000| Untracked 
|  45|0x0000000086d00000, 0x0000000086d00000, 0x0000000086e00000|  0%| F|  |TAMS 0x0000000086d00000, 0x0000000086d00000| Untracked 
|  46|0x0000000086e00000, 0x0000000086f00000, 0x0000000086f00000|100%| O|  |TAMS 0x0000000086f00000, 0x0000000086e00000| Untracked 
|  47|0x0000000086f00000, 0x0000000087000000, 0x0000000087000000|100%| O|  |TAMS 0x0000000087000000, 0x0000000086f00000| Untracked 
|  48|0x0000000087000000, 0x0000000087100000, 0x0000000087100000|100%| O|  |TAMS 0x0000000087100000, 0x0000000087000000| Untracked 
|  49|0x0000000087100000, 0x0000000087200000, 0x0000000087200000|100%| O|  |TAMS 0x0000000087200000, 0x0000000087100000| Untracked 
|  50|0x0000000087200000, 0x0000000087300000, 0x0000000087300000|100%|HS|  |TAMS 0x0000000087300000, 0x0000000087200000| Complete 
|  51|0x0000000087300000, 0x0000000087400000, 0x0000000087400000|100%| O|  |TAMS 0x0000000087400000, 0x0000000087300000| Untracked 
|  52|0x0000000087400000, 0x0000000087500000, 0x0000000087500000|100%| O|  |TAMS 0x0000000087500000, 0x0000000087400000| Untracked 
|  53|0x0000000087500000, 0x0000000087600000, 0x0000000087600000|100%| O|  |TAMS 0x0000000087600000, 0x0000000087500000| Untracked 
|  54|0x0000000087600000, 0x0000000087700000, 0x0000000087700000|100%| O|  |TAMS 0x0000000087700000, 0x0000000087600000| Untracked 
|  55|0x0000000087700000, 0x0000000087800000, 0x0000000087800000|100%| O|  |TAMS 0x0000000087800000, 0x0000000087700000| Untracked 
|  56|0x0000000087800000, 0x0000000087900000, 0x0000000087900000|100%| O|  |TAMS 0x0000000087900000, 0x0000000087800000| Untracked 
|  57|0x0000000087900000, 0x0000000087a00000, 0x0000000087a00000|100%| O|  |TAMS 0x0000000087a00000, 0x0000000087900000| Untracked 
|  58|0x0000000087a00000, 0x0000000087b00000, 0x0000000087b00000|100%| O|  |TAMS 0x0000000087b00000, 0x0000000087a00000| Untracked 
|  59|0x0000000087b00000, 0x0000000087c00000, 0x0000000087c00000|100%| O|  |TAMS 0x0000000087c00000, 0x0000000087b00000| Untracked 
|  60|0x0000000087c00000, 0x0000000087d00000, 0x0000000087d00000|100%| O|  |TAMS 0x0000000087d00000, 0x0000000087c00000| Untracked 
|  61|0x0000000087d00000, 0x0000000087e00000, 0x0000000087e00000|100%| O|  |TAMS 0x0000000087e00000, 0x0000000087d00000| Untracked 
|  62|0x0000000087e00000, 0x0000000087f00000, 0x0000000087f00000|100%| O|  |TAMS 0x0000000087e25c00, 0x0000000087e00000| Untracked 
|  63|0x0000000087f00000, 0x0000000088000000, 0x0000000088000000|100%| O|  |TAMS 0x0000000087f00000, 0x0000000087f00000| Untracked 
|  64|0x0000000088000000, 0x0000000088100000, 0x0000000088100000|100%| O|  |TAMS 0x0000000088000000, 0x0000000088000000| Untracked 
|  65|0x0000000088100000, 0x0000000088200000, 0x0000000088200000|100%| O|  |TAMS 0x0000000088100000, 0x0000000088100000| Untracked 
|  66|0x0000000088200000, 0x0000000088300000, 0x0000000088300000|100%| O|  |TAMS 0x0000000088200000, 0x0000000088200000| Untracked 
|  67|0x0000000088300000, 0x0000000088400000, 0x0000000088400000|100%| O|  |TAMS 0x0000000088300000, 0x0000000088300000| Untracked 
|  68|0x0000000088400000, 0x0000000088500000, 0x0000000088500000|100%| O|  |TAMS 0x0000000088400000, 0x0000000088400000| Untracked 
|  69|0x0000000088500000, 0x0000000088600000, 0x0000000088600000|100%| O|  |TAMS 0x0000000088500000, 0x0000000088500000| Untracked 
|  70|0x0000000088600000, 0x0000000088700000, 0x0000000088700000|100%| O|  |TAMS 0x0000000088600000, 0x0000000088600000| Untracked 
|  71|0x0000000088700000, 0x0000000088800000, 0x0000000088800000|100%| O|  |TAMS 0x0000000088700000, 0x0000000088700000| Untracked 
|  72|0x0000000088800000, 0x0000000088900000, 0x0000000088900000|100%| O|  |TAMS 0x0000000088800000, 0x0000000088800000| Untracked 
|  73|0x0000000088900000, 0x0000000088a00000, 0x0000000088a00000|100%| O|  |TAMS 0x0000000088900000, 0x0000000088900000| Untracked 
|  74|0x0000000088a00000, 0x0000000088b00000, 0x0000000088b00000|100%| O|  |TAMS 0x0000000088a00000, 0x0000000088a00000| Untracked 
|  75|0x0000000088b00000, 0x0000000088c00000, 0x0000000088c00000|100%| O|  |TAMS 0x0000000088b00000, 0x0000000088b00000| Untracked 
|  76|0x0000000088c00000, 0x0000000088d00000, 0x0000000088d00000|100%| O|  |TAMS 0x0000000088c00000, 0x0000000088c00000| Untracked 
|  77|0x0000000088d00000, 0x0000000088e00000, 0x0000000088e00000|100%| O|  |TAMS 0x0000000088d00000, 0x0000000088d00000| Untracked 
|  78|0x0000000088e00000, 0x0000000088f00000, 0x0000000088f00000|100%| O|  |TAMS 0x0000000088e00000, 0x0000000088e00000| Untracked 
|  79|0x0000000088f00000, 0x0000000089000000, 0x0000000089000000|100%| O|  |TAMS 0x0000000088f00000, 0x0000000088f00000| Untracked 
|  80|0x0000000089000000, 0x0000000089100000, 0x0000000089100000|100%| O|  |TAMS 0x0000000089000000, 0x0000000089000000| Untracked 
|  81|0x0000000089100000, 0x0000000089200000, 0x0000000089200000|100%| O|  |TAMS 0x0000000089100000, 0x0000000089100000| Untracked 
|  82|0x0000000089200000, 0x0000000089300000, 0x0000000089300000|100%| O|  |TAMS 0x0000000089200000, 0x0000000089200000| Untracked 
|  83|0x0000000089300000, 0x0000000089400000, 0x0000000089400000|100%| O|  |TAMS 0x0000000089300000, 0x0000000089300000| Untracked 
|  84|0x0000000089400000, 0x0000000089500000, 0x0000000089500000|100%| O|  |TAMS 0x0000000089400000, 0x0000000089400000| Untracked 
|  85|0x0000000089500000, 0x0000000089600000, 0x0000000089600000|100%| O|  |TAMS 0x0000000089500000, 0x0000000089500000| Untracked 
|  86|0x0000000089600000, 0x0000000089700000, 0x0000000089700000|100%| O|  |TAMS 0x0000000089600000, 0x0000000089600000| Untracked 
|  87|0x0000000089700000, 0x0000000089800000, 0x0000000089800000|100%| O|  |TAMS 0x0000000089700000, 0x0000000089700000| Untracked 
|  88|0x0000000089800000, 0x0000000089900000, 0x0000000089900000|100%| O|  |TAMS 0x0000000089800000, 0x0000000089800000| Untracked 
|  89|0x0000000089900000, 0x0000000089931200, 0x0000000089a00000| 19%| O|  |TAMS 0x0000000089900000, 0x0000000089900000| Untracked 
|  90|0x0000000089a00000, 0x0000000089a00000, 0x0000000089b00000|  0%| F|  |TAMS 0x0000000089a00000, 0x0000000089a00000| Untracked 
|  91|0x0000000089b00000, 0x0000000089b00000, 0x0000000089c00000|  0%| F|  |TAMS 0x0000000089b00000, 0x0000000089b00000| Untracked 
|  92|0x0000000089c00000, 0x0000000089c00000, 0x0000000089d00000|  0%| F|  |TAMS 0x0000000089c00000, 0x0000000089c00000| Untracked 
|  93|0x0000000089d00000, 0x0000000089d00000, 0x0000000089e00000|  0%| F|  |TAMS 0x0000000089d00000, 0x0000000089d00000| Untracked 
|  94|0x0000000089e00000, 0x0000000089e00000, 0x0000000089f00000|  0%| F|  |TAMS 0x0000000089e00000, 0x0000000089e00000| Untracked 
|  95|0x0000000089f00000, 0x0000000089f00000, 0x000000008a000000|  0%| F|  |TAMS 0x0000000089f00000, 0x0000000089f00000| Untracked 
|  96|0x000000008a000000, 0x000000008a000000, 0x000000008a100000|  0%| F|  |TAMS 0x000000008a000000, 0x000000008a000000| Untracked 
|  97|0x000000008a100000, 0x000000008a100000, 0x000000008a200000|  0%| F|  |TAMS 0x000000008a100000, 0x000000008a100000| Untracked 
|  98|0x000000008a200000, 0x000000008a200000, 0x000000008a300000|  0%| F|  |TAMS 0x000000008a200000, 0x000000008a200000| Untracked 
|  99|0x000000008a300000, 0x000000008a300000, 0x000000008a400000|  0%| F|  |TAMS 0x000000008a300000, 0x000000008a300000| Untracked 
| 100|0x000000008a400000, 0x000000008a400000, 0x000000008a500000|  0%| F|  |TAMS 0x000000008a400000, 0x000000008a400000| Untracked 
| 101|0x000000008a500000, 0x000000008a500000, 0x000000008a600000|  0%| F|  |TAMS 0x000000008a500000, 0x000000008a500000| Untracked 
| 102|0x000000008a600000, 0x000000008a600000, 0x000000008a700000|  0%| F|  |TAMS 0x000000008a600000, 0x000000008a600000| Untracked 
| 103|0x000000008a700000, 0x000000008a700000, 0x000000008a800000|  0%| F|  |TAMS 0x000000008a700000, 0x000000008a700000| Untracked 
| 104|0x000000008a800000, 0x000000008a800000, 0x000000008a900000|  0%| F|  |TAMS 0x000000008a800000, 0x000000008a800000| Untracked 
| 105|0x000000008a900000, 0x000000008a900000, 0x000000008aa00000|  0%| F|  |TAMS 0x000000008a900000, 0x000000008a900000| Untracked 
| 106|0x000000008aa00000, 0x000000008aa00000, 0x000000008ab00000|  0%| F|  |TAMS 0x000000008aa00000, 0x000000008aa00000| Untracked 
| 107|0x000000008ab00000, 0x000000008ab00000, 0x000000008ac00000|  0%| F|  |TAMS 0x000000008ab00000, 0x000000008ab00000| Untracked 
| 108|0x000000008ac00000, 0x000000008ac00000, 0x000000008ad00000|  0%| F|  |TAMS 0x000000008ac00000, 0x000000008ac00000| Untracked 
| 109|0x000000008ad00000, 0x000000008ad00000, 0x000000008ae00000|  0%| F|  |TAMS 0x000000008ad00000, 0x000000008ad00000| Untracked 
| 110|0x000000008ae00000, 0x000000008ae00000, 0x000000008af00000|  0%| F|  |TAMS 0x000000008ae00000, 0x000000008ae00000| Untracked 
| 111|0x000000008af00000, 0x000000008af00000, 0x000000008b000000|  0%| F|  |TAMS 0x000000008af00000, 0x000000008af00000| Untracked 
| 112|0x000000008b000000, 0x000000008b000000, 0x000000008b100000|  0%| F|  |TAMS 0x000000008b000000, 0x000000008b000000| Untracked 
| 113|0x000000008b100000, 0x000000008b100000, 0x000000008b200000|  0%| F|  |TAMS 0x000000008b100000, 0x000000008b100000| Untracked 
| 114|0x000000008b200000, 0x000000008b200000, 0x000000008b300000|  0%| F|  |TAMS 0x000000008b200000, 0x000000008b200000| Untracked 
| 115|0x000000008b300000, 0x000000008b300000, 0x000000008b400000|  0%| F|  |TAMS 0x000000008b300000, 0x000000008b300000| Untracked 
| 116|0x000000008b400000, 0x000000008b400000, 0x000000008b500000|  0%| F|  |TAMS 0x000000008b400000, 0x000000008b400000| Untracked 
| 117|0x000000008b500000, 0x000000008b500000, 0x000000008b600000|  0%| F|  |TAMS 0x000000008b500000, 0x000000008b500000| Untracked 
| 118|0x000000008b600000, 0x000000008b600000, 0x000000008b700000|  0%| F|  |TAMS 0x000000008b600000, 0x000000008b600000| Untracked 
| 119|0x000000008b700000, 0x000000008b700000, 0x000000008b800000|  0%| F|  |TAMS 0x000000008b700000, 0x000000008b700000| Untracked 
| 120|0x000000008b800000, 0x000000008b800000, 0x000000008b900000|  0%| F|  |TAMS 0x000000008b800000, 0x000000008b800000| Untracked 
| 121|0x000000008b900000, 0x000000008b900000, 0x000000008ba00000|  0%| F|  |TAMS 0x000000008b900000, 0x000000008b900000| Untracked 
| 122|0x000000008ba00000, 0x000000008ba00000, 0x000000008bb00000|  0%| F|  |TAMS 0x000000008ba00000, 0x000000008ba00000| Untracked 
| 123|0x000000008bb00000, 0x000000008bb00000, 0x000000008bc00000|  0%| F|  |TAMS 0x000000008bb00000, 0x000000008bb00000| Untracked 
| 124|0x000000008bc00000, 0x000000008bc00000, 0x000000008bd00000|  0%| F|  |TAMS 0x000000008bc00000, 0x000000008bc00000| Untracked 
| 125|0x000000008bd00000, 0x000000008bd00000, 0x000000008be00000|  0%| F|  |TAMS 0x000000008bd00000, 0x000000008bd00000| Untracked 
| 126|0x000000008be00000, 0x000000008be00000, 0x000000008bf00000|  0%| F|  |TAMS 0x000000008be00000, 0x000000008be00000| Untracked 
| 127|0x000000008bf00000, 0x000000008bf00000, 0x000000008c000000|  0%| F|  |TAMS 0x000000008bf00000, 0x000000008bf00000| Untracked 
| 128|0x000000008c000000, 0x000000008c000000, 0x000000008c100000|  0%| F|  |TAMS 0x000000008c000000, 0x000000008c000000| Untracked 
| 129|0x000000008c100000, 0x000000008c100000, 0x000000008c200000|  0%| F|  |TAMS 0x000000008c100000, 0x000000008c100000| Untracked 
| 130|0x000000008c200000, 0x000000008c200000, 0x000000008c300000|  0%| F|  |TAMS 0x000000008c200000, 0x000000008c200000| Untracked 
| 131|0x000000008c300000, 0x000000008c300000, 0x000000008c400000|  0%| F|  |TAMS 0x000000008c300000, 0x000000008c300000| Untracked 
| 132|0x000000008c400000, 0x000000008c400000, 0x000000008c500000|  0%| F|  |TAMS 0x000000008c400000, 0x000000008c400000| Untracked 
| 133|0x000000008c500000, 0x000000008c500000, 0x000000008c600000|  0%| F|  |TAMS 0x000000008c500000, 0x000000008c500000| Untracked 
| 134|0x000000008c600000, 0x000000008c600000, 0x000000008c700000|  0%| F|  |TAMS 0x000000008c600000, 0x000000008c600000| Untracked 
| 135|0x000000008c700000, 0x000000008c700000, 0x000000008c800000|  0%| F|  |TAMS 0x000000008c700000, 0x000000008c700000| Untracked 
| 136|0x000000008c800000, 0x000000008c800000, 0x000000008c900000|  0%| F|  |TAMS 0x000000008c800000, 0x000000008c800000| Untracked 
| 137|0x000000008c900000, 0x000000008c900000, 0x000000008ca00000|  0%| F|  |TAMS 0x000000008c900000, 0x000000008c900000| Untracked 
| 138|0x000000008ca00000, 0x000000008ca00000, 0x000000008cb00000|  0%| F|  |TAMS 0x000000008ca00000, 0x000000008ca00000| Untracked 
| 139|0x000000008cb00000, 0x000000008cb00000, 0x000000008cc00000|  0%| F|  |TAMS 0x000000008cb00000, 0x000000008cb00000| Untracked 
| 140|0x000000008cc00000, 0x000000008cc00000, 0x000000008cd00000|  0%| F|  |TAMS 0x000000008cc00000, 0x000000008cc00000| Untracked 
| 141|0x000000008cd00000, 0x000000008cd00000, 0x000000008ce00000|  0%| F|  |TAMS 0x000000008cd00000, 0x000000008cd00000| Untracked 
| 142|0x000000008ce00000, 0x000000008ce00000, 0x000000008cf00000|  0%| F|  |TAMS 0x000000008ce00000, 0x000000008ce00000| Untracked 
| 143|0x000000008cf00000, 0x000000008cf00000, 0x000000008d000000|  0%| F|  |TAMS 0x000000008cf00000, 0x000000008cf00000| Untracked 
| 144|0x000000008d000000, 0x000000008d000000, 0x000000008d100000|  0%| F|  |TAMS 0x000000008d000000, 0x000000008d000000| Untracked 
| 145|0x000000008d100000, 0x000000008d100000, 0x000000008d200000|  0%| F|  |TAMS 0x000000008d100000, 0x000000008d100000| Untracked 
| 146|0x000000008d200000, 0x000000008d200000, 0x000000008d300000|  0%| F|  |TAMS 0x000000008d200000, 0x000000008d200000| Untracked 
| 147|0x000000008d300000, 0x000000008d300000, 0x000000008d400000|  0%| F|  |TAMS 0x000000008d300000, 0x000000008d300000| Untracked 
| 148|0x000000008d400000, 0x000000008d400000, 0x000000008d500000|  0%| F|  |TAMS 0x000000008d400000, 0x000000008d400000| Untracked 
| 149|0x000000008d500000, 0x000000008d500000, 0x000000008d600000|  0%| F|  |TAMS 0x000000008d500000, 0x000000008d500000| Untracked 
| 150|0x000000008d600000, 0x000000008d600000, 0x000000008d700000|  0%| F|  |TAMS 0x000000008d600000, 0x000000008d600000| Untracked 
| 151|0x000000008d700000, 0x000000008d700000, 0x000000008d800000|  0%| F|  |TAMS 0x000000008d700000, 0x000000008d700000| Untracked 
| 152|0x000000008d800000, 0x000000008d800000, 0x000000008d900000|  0%| F|  |TAMS 0x000000008d800000, 0x000000008d800000| Untracked 
| 153|0x000000008d900000, 0x000000008d900000, 0x000000008da00000|  0%| F|  |TAMS 0x000000008d900000, 0x000000008d900000| Untracked 
| 154|0x000000008da00000, 0x000000008da00000, 0x000000008db00000|  0%| F|  |TAMS 0x000000008da00000, 0x000000008da00000| Untracked 
| 155|0x000000008db00000, 0x000000008db00000, 0x000000008dc00000|  0%| F|  |TAMS 0x000000008db00000, 0x000000008db00000| Untracked 
| 156|0x000000008dc00000, 0x000000008dc00000, 0x000000008dd00000|  0%| F|  |TAMS 0x000000008dc00000, 0x000000008dc00000| Untracked 
| 157|0x000000008dd00000, 0x000000008dd00000, 0x000000008de00000|  0%| F|  |TAMS 0x000000008dd00000, 0x000000008dd00000| Untracked 
| 158|0x000000008de00000, 0x000000008de00000, 0x000000008df00000|  0%| F|  |TAMS 0x000000008de00000, 0x000000008de00000| Untracked 
| 159|0x000000008df00000, 0x000000008df00000, 0x000000008e000000|  0%| F|  |TAMS 0x000000008df00000, 0x000000008df00000| Untracked 
| 160|0x000000008e000000, 0x000000008e000000, 0x000000008e100000|  0%| F|  |TAMS 0x000000008e000000, 0x000000008e000000| Untracked 
| 161|0x000000008e100000, 0x000000008e100000, 0x000000008e200000|  0%| F|  |TAMS 0x000000008e100000, 0x000000008e100000| Untracked 
| 162|0x000000008e200000, 0x000000008e200000, 0x000000008e300000|  0%| F|  |TAMS 0x000000008e200000, 0x000000008e200000| Untracked 
| 163|0x000000008e300000, 0x000000008e300000, 0x000000008e400000|  0%| F|  |TAMS 0x000000008e300000, 0x000000008e300000| Untracked 
| 164|0x000000008e400000, 0x000000008e400000, 0x000000008e500000|  0%| F|  |TAMS 0x000000008e400000, 0x000000008e400000| Untracked 
| 165|0x000000008e500000, 0x000000008e500000, 0x000000008e600000|  0%| F|  |TAMS 0x000000008e500000, 0x000000008e500000| Untracked 
| 166|0x000000008e600000, 0x000000008e600000, 0x000000008e700000|  0%| F|  |TAMS 0x000000008e600000, 0x000000008e600000| Untracked 
| 167|0x000000008e700000, 0x000000008e700000, 0x000000008e800000|  0%| F|  |TAMS 0x000000008e700000, 0x000000008e700000| Untracked 
| 168|0x000000008e800000, 0x000000008e800000, 0x000000008e900000|  0%| F|  |TAMS 0x000000008e800000, 0x000000008e800000| Untracked 
| 169|0x000000008e900000, 0x000000008e900000, 0x000000008ea00000|  0%| F|  |TAMS 0x000000008e900000, 0x000000008e900000| Untracked 
| 170|0x000000008ea00000, 0x000000008ea00000, 0x000000008eb00000|  0%| F|  |TAMS 0x000000008ea00000, 0x000000008ea00000| Untracked 
| 171|0x000000008eb00000, 0x000000008eb00000, 0x000000008ec00000|  0%| F|  |TAMS 0x000000008eb00000, 0x000000008eb00000| Untracked 
| 172|0x000000008ec00000, 0x000000008ec00000, 0x000000008ed00000|  0%| F|  |TAMS 0x000000008ec00000, 0x000000008ec00000| Untracked 
| 173|0x000000008ed00000, 0x000000008ed00000, 0x000000008ee00000|  0%| F|  |TAMS 0x000000008ed00000, 0x000000008ed00000| Untracked 
| 174|0x000000008ee00000, 0x000000008ee00000, 0x000000008ef00000|  0%| F|  |TAMS 0x000000008ee00000, 0x000000008ee00000| Untracked 
| 175|0x000000008ef00000, 0x000000008ef00000, 0x000000008f000000|  0%| F|  |TAMS 0x000000008ef00000, 0x000000008ef00000| Untracked 
| 176|0x000000008f000000, 0x000000008f000000, 0x000000008f100000|  0%| F|  |TAMS 0x000000008f000000, 0x000000008f000000| Untracked 
| 177|0x000000008f100000, 0x000000008f100000, 0x000000008f200000|  0%| F|  |TAMS 0x000000008f100000, 0x000000008f100000| Untracked 
| 178|0x000000008f200000, 0x000000008f200000, 0x000000008f300000|  0%| F|  |TAMS 0x000000008f200000, 0x000000008f200000| Untracked 
| 179|0x000000008f300000, 0x000000008f300000, 0x000000008f400000|  0%| F|  |TAMS 0x000000008f300000, 0x000000008f300000| Untracked 
| 180|0x000000008f400000, 0x000000008f400800, 0x000000008f500000|  0%| E|  |TAMS 0x000000008f400000, 0x000000008f400000| Complete 
| 181|0x000000008f500000, 0x000000008f600000, 0x000000008f600000|100%| E|CS|TAMS 0x000000008f500000, 0x000000008f500000| Complete 
| 182|0x000000008f600000, 0x000000008f700000, 0x000000008f700000|100%| E|CS|TAMS 0x000000008f600000, 0x000000008f600000| Complete 
| 183|0x000000008f700000, 0x000000008f800000, 0x000000008f800000|100%| E|CS|TAMS 0x000000008f700000, 0x000000008f700000| Complete 
| 184|0x000000008f800000, 0x000000008f900000, 0x000000008f900000|100%| E|CS|TAMS 0x000000008f800000, 0x000000008f800000| Complete 
| 185|0x000000008f900000, 0x000000008fa00000, 0x000000008fa00000|100%| E|CS|TAMS 0x000000008f900000, 0x000000008f900000| Complete 
| 186|0x000000008fa00000, 0x000000008fb00000, 0x000000008fb00000|100%| E|CS|TAMS 0x000000008fa00000, 0x000000008fa00000| Complete 
| 187|0x000000008fb00000, 0x000000008fc00000, 0x000000008fc00000|100%| E|CS|TAMS 0x000000008fb00000, 0x000000008fb00000| Complete 
| 188|0x000000008fc00000, 0x000000008fd00000, 0x000000008fd00000|100%| E|CS|TAMS 0x000000008fc00000, 0x000000008fc00000| Complete 
| 189|0x000000008fd00000, 0x000000008fe00000, 0x000000008fe00000|100%| E|CS|TAMS 0x000000008fd00000, 0x000000008fd00000| Complete 
| 190|0x000000008fe00000, 0x000000008ff00000, 0x000000008ff00000|100%| E|CS|TAMS 0x000000008fe00000, 0x000000008fe00000| Complete 
| 191|0x000000008ff00000, 0x0000000090000000, 0x0000000090000000|100%| E|CS|TAMS 0x000000008ff00000, 0x000000008ff00000| Complete 
| 192|0x0000000090000000, 0x0000000090100000, 0x0000000090100000|100%| E|CS|TAMS 0x0000000090000000, 0x0000000090000000| Complete 
| 193|0x0000000090100000, 0x0000000090200000, 0x0000000090200000|100%| E|CS|TAMS 0x0000000090100000, 0x0000000090100000| Complete 
| 194|0x0000000090200000, 0x0000000090300000, 0x0000000090300000|100%| E|CS|TAMS 0x0000000090200000, 0x0000000090200000| Complete 
| 195|0x0000000090300000, 0x0000000090400000, 0x0000000090400000|100%| E|CS|TAMS 0x0000000090300000, 0x0000000090300000| Complete 
| 196|0x0000000090400000, 0x0000000090500000, 0x0000000090500000|100%| E|CS|TAMS 0x0000000090400000, 0x0000000090400000| Complete 
| 197|0x0000000090500000, 0x0000000090600000, 0x0000000090600000|100%| E|CS|TAMS 0x0000000090500000, 0x0000000090500000| Complete 
| 198|0x0000000090600000, 0x0000000090700000, 0x0000000090700000|100%| E|CS|TAMS 0x0000000090600000, 0x0000000090600000| Complete 
| 199|0x0000000090700000, 0x0000000090800000, 0x0000000090800000|100%| E|CS|TAMS 0x0000000090700000, 0x0000000090700000| Complete 
| 200|0x0000000090800000, 0x0000000090900000, 0x0000000090900000|100%| E|CS|TAMS 0x0000000090800000, 0x0000000090800000| Complete 
| 201|0x0000000090900000, 0x0000000090a00000, 0x0000000090a00000|100%| E|CS|TAMS 0x0000000090900000, 0x0000000090900000| Complete 
| 202|0x0000000090a00000, 0x0000000090b00000, 0x0000000090b00000|100%| E|CS|TAMS 0x0000000090a00000, 0x0000000090a00000| Complete 
| 203|0x0000000090b00000, 0x0000000090c00000, 0x0000000090c00000|100%| E|CS|TAMS 0x0000000090b00000, 0x0000000090b00000| Complete 
| 204|0x0000000090c00000, 0x0000000090d00000, 0x0000000090d00000|100%| E|CS|TAMS 0x0000000090c00000, 0x0000000090c00000| Complete 
| 205|0x0000000090d00000, 0x0000000090e00000, 0x0000000090e00000|100%| E|CS|TAMS 0x0000000090d00000, 0x0000000090d00000| Complete 
| 206|0x0000000090e00000, 0x0000000090f00000, 0x0000000090f00000|100%| E|CS|TAMS 0x0000000090e00000, 0x0000000090e00000| Complete 
| 207|0x0000000090f00000, 0x0000000091000000, 0x0000000091000000|100%| E|CS|TAMS 0x0000000090f00000, 0x0000000090f00000| Complete 
| 208|0x0000000091000000, 0x0000000091100000, 0x0000000091100000|100%| E|CS|TAMS 0x0000000091000000, 0x0000000091000000| Complete 
| 209|0x0000000091100000, 0x0000000091200000, 0x0000000091200000|100%| E|CS|TAMS 0x0000000091100000, 0x0000000091100000| Complete 
| 210|0x0000000091200000, 0x0000000091300000, 0x0000000091300000|100%| E|CS|TAMS 0x0000000091200000, 0x0000000091200000| Complete 
| 211|0x0000000091300000, 0x0000000091400000, 0x0000000091400000|100%| E|CS|TAMS 0x0000000091300000, 0x0000000091300000| Complete 
| 212|0x0000000091400000, 0x0000000091500000, 0x0000000091500000|100%| E|CS|TAMS 0x0000000091400000, 0x0000000091400000| Complete 
| 213|0x0000000091500000, 0x0000000091600000, 0x0000000091600000|100%| E|CS|TAMS 0x0000000091500000, 0x0000000091500000| Complete 
| 214|0x0000000091600000, 0x0000000091700000, 0x0000000091700000|100%| E|CS|TAMS 0x0000000091600000, 0x0000000091600000| Complete 
| 215|0x0000000091700000, 0x0000000091800000, 0x0000000091800000|100%| E|CS|TAMS 0x0000000091700000, 0x0000000091700000| Complete 
| 216|0x0000000091800000, 0x0000000091900000, 0x0000000091900000|100%| E|CS|TAMS 0x0000000091800000, 0x0000000091800000| Complete 
| 217|0x0000000091900000, 0x0000000091a00000, 0x0000000091a00000|100%| E|CS|TAMS 0x0000000091900000, 0x0000000091900000| Complete 
| 218|0x0000000091a00000, 0x0000000091b00000, 0x0000000091b00000|100%| E|CS|TAMS 0x0000000091a00000, 0x0000000091a00000| Complete 
| 219|0x0000000091b00000, 0x0000000091c00000, 0x0000000091c00000|100%| E|CS|TAMS 0x0000000091b00000, 0x0000000091b00000| Complete 
| 220|0x0000000091c00000, 0x0000000091d00000, 0x0000000091d00000|100%| E|CS|TAMS 0x0000000091c00000, 0x0000000091c00000| Complete 
| 221|0x0000000091d00000, 0x0000000091e00000, 0x0000000091e00000|100%| E|CS|TAMS 0x0000000091d00000, 0x0000000091d00000| Complete 
| 222|0x0000000091e00000, 0x0000000091f00000, 0x0000000091f00000|100%| E|CS|TAMS 0x0000000091e00000, 0x0000000091e00000| Complete 
| 223|0x0000000091f00000, 0x0000000091fe9e80, 0x0000000092000000| 91%| S|CS|TAMS 0x0000000091f00000, 0x0000000091f00000| Complete 
| 224|0x0000000092000000, 0x0000000092100000, 0x0000000092100000|100%| E|  |TAMS 0x0000000092000000, 0x0000000092000000| Complete 
| 225|0x0000000092100000, 0x0000000092200000, 0x0000000092200000|100%| E|CS|TAMS 0x0000000092100000, 0x0000000092100000| Complete 
| 226|0x0000000092200000, 0x0000000092300000, 0x0000000092300000|100%| E|CS|TAMS 0x0000000092200000, 0x0000000092200000| Complete 
| 227|0x0000000092300000, 0x0000000092400000, 0x0000000092400000|100%| E|CS|TAMS 0x0000000092300000, 0x0000000092300000| Complete 
| 228|0x0000000092400000, 0x0000000092500000, 0x0000000092500000|100%| E|CS|TAMS 0x0000000092400000, 0x0000000092400000| Complete 
| 229|0x0000000092500000, 0x0000000092600000, 0x0000000092600000|100%| E|CS|TAMS 0x0000000092500000, 0x0000000092500000| Complete 

Card table byte_map: [0x000001be2e050000,0x000001be2e430000] _byte_map_base: 0x000001be2dc30000

Marking Bits (Prev, Next): (CMBitMap*) 0x000001be22c61980, (CMBitMap*) 0x000001be22c619c0
 Prev Bits: [0x000001be2e810000, 0x000001be30710000)
 Next Bits: [0x000001be30710000, 0x000001be32610000)

Polling page: 0x000001be20bf0000

Metaspace:

Usage:
  Non-class:     66.21 MB used.
      Class:     10.90 MB used.
       Both:     77.12 MB used.

Virtual space:
  Non-class space:      128.00 MB reserved,      66.69 MB ( 52%) committed,  2 nodes.
      Class space:        1.00 GB reserved,      11.31 MB (  1%) committed,  1 nodes.
             Both:        1.12 GB reserved,      78.00 MB (  7%) committed. 

Chunk freelists:
   Non-Class:  748.00 KB
       Class:  624.00 KB
        Both:  1.34 MB

MaxMetaspaceSize: unlimited
CompressedClassSpaceSize: 1.00 GB
Initial GC threshold: 21.00 MB
Current GC threshold: 120.12 MB
CDS: on
MetaspaceReclaimPolicy: balanced
 - commit_granule_bytes: 65536.
 - commit_granule_words: 8192.
 - virtual_space_node_default_size: 8388608.
 - enlarge_chunks_in_place: 1.
 - new_chunks_are_fully_committed: 0.
 - uncommit_free_chunks: 1.
 - use_allocation_guard: 0.


Internal statistics:

num_allocs_failed_limit: 9.
num_arena_births: 1202.
num_arena_deaths: 0.
num_vsnodes_births: 3.
num_vsnodes_deaths: 0.
num_space_committed: 1248.
num_space_uncommitted: 0.
num_chunks_returned_to_freelist: 9.
num_chunks_taken_from_freelist: 3794.
num_chunk_merges: 6.
num_chunk_splits: 2847.
num_chunks_enlarged: 2310.
num_inconsistent_stats: 0.

CodeCache: size=49152Kb used=16377Kb max_used=17469Kb free=32774Kb
 bounds [0x000001be2ab50000, 0x000001be2bc60000, 0x000001be2db50000]
 total_blobs=10103 nmethods=9366 adapters=661
 compilation: enabled
              stopped_count=0, restarted_count=0
 full_count=0

Compilation events (20 events):
Event: 21.145 Thread 0x000001be350f5fc0 nmethod 9358 0x000001be2adaf190 code [0x000001be2adaf340, 0x000001be2adaf558]
Event: 21.146 Thread 0x000001be350f5fc0 9359       1       ch.qos.logback.core.pattern.DynamicConverter::getFirstOption (35 bytes)
Event: 21.146 Thread 0x000001be350f5fc0 nmethod 9359 0x000001be2adaed90 code [0x000001be2adaef40, 0x000001be2adaf0d8]
Event: 21.146 Thread 0x000001be350f5fc0 9362       1       org.springframework.boot.ansi.AnsiOutput::buildEnabled (127 bytes)
Event: 21.146 Thread 0x000001be350f5fc0 nmethod 9362 0x000001be2adae510 code [0x000001be2adae720, 0x000001be2adaeab8]
Event: 21.146 Thread 0x000001be350f5fc0 9363       1       ch.qos.logback.core.pattern.CompositeConverter::convert (43 bytes)
Event: 21.147 Thread 0x000001be350f5fc0 nmethod 9363 0x000001be2adade90 code [0x000001be2adae060, 0x000001be2adae338]
Event: 21.147 Thread 0x000001be350f5fc0 9360       1       org.springframework.boot.ansi.AnsiOutput::toString (32 bytes)
Event: 21.147 Thread 0x000001be350f5fc0 nmethod 9360 0x000001be2adad910 code [0x000001be2adadae0, 0x000001be2adadd08]
Event: 21.147 Thread 0x000001be350f5fc0 9361       1       org.springframework.boot.ansi.AnsiOutput::isEnabled (46 bytes)
Event: 21.147 Thread 0x000001be350f5fc0 nmethod 9361 0x000001be2adad510 code [0x000001be2adad6c0, 0x000001be2adad888]
Event: 21.147 Thread 0x000001be350f5fc0 9364       1       org.springframework.boot.logging.logback.ColorConverter::transform (10 bytes)
Event: 21.147 Thread 0x000001be350f5fc0 nmethod 9364 0x000001be2adad190 code [0x000001be2adad340, 0x000001be2adad468]
Event: 21.147 Thread 0x000001be350f5fc0 9365       1       org.springframework.boot.logging.logback.ColorConverter::transform (60 bytes)
Event: 21.148 Thread 0x000001be350f5fc0 nmethod 9365 0x000001be2adac710 code [0x000001be2adac920, 0x000001be2adaceb8]
Event: 21.152 Thread 0x000001be350f5fc0 9366       1       org.apache.catalina.util.LifecycleBase::fireLifecycleEvent (56 bytes)
Event: 21.152 Thread 0x000001be350f5fc0 nmethod 9366 0x000001be2adac090 code [0x000001be2adac280, 0x000001be2adac5d8]
Event: 21.152 Thread 0x000001be350f5fc0 9367       1       org.apache.catalina.LifecycleEvent::<init> (16 bytes)
Event: 21.153 Thread 0x000001be350f5fc0 nmethod 9367 0x000001be2adabb90 code [0x000001be2adabd40, 0x000001be2adabfc8]
Event: 21.153 Thread 0x000001be350f5fc0 9368  s    1       org.apache.catalina.util.LifecycleBase::setStateInternal (144 bytes)

GC Heap History (20 events):
Event: 10.655 GC heap after
{Heap after GC invocations=24 (full 0):
 garbage-first heap   total 120832K, used 39041K [0x0000000084000000, 0x0000000100000000)
  region size 1024K, 6 young (6144K), 6 survivors (6144K)
 Metaspace       used 72621K, committed 73344K, reserved 1114112K
  class space    used 10229K, committed 10560K, reserved 1048576K
}
Event: 10.832 GC heap before
{Heap before GC invocations=24 (full 0):
 garbage-first heap   total 120832K, used 97409K [0x0000000084000000, 0x0000000100000000)
  region size 1024K, 63 young (64512K), 6 survivors (6144K)
 Metaspace       used 72673K, committed 73408K, reserved 1114112K
  class space    used 10236K, committed 10560K, reserved 1048576K
}
Event: 10.838 GC heap after
{Heap after GC invocations=25 (full 0):
 garbage-first heap   total 120832K, used 39583K [0x0000000084000000, 0x0000000100000000)
  region size 1024K, 5 young (5120K), 5 survivors (5120K)
 Metaspace       used 72673K, committed 73408K, reserved 1114112K
  class space    used 10236K, committed 10560K, reserved 1048576K
}
Event: 11.025 GC heap before
{Heap before GC invocations=25 (full 0):
 garbage-first heap   total 120832K, used 97951K [0x0000000084000000, 0x0000000100000000)
  region size 1024K, 62 young (63488K), 5 survivors (5120K)
 Metaspace       used 72785K, committed 73536K, reserved 1114112K
  class space    used 10268K, committed 10624K, reserved 1048576K
}
Event: 11.029 GC heap after
{Heap after GC invocations=26 (full 0):
 garbage-first heap   total 120832K, used 41342K [0x0000000084000000, 0x0000000100000000)
  region size 1024K, 5 young (5120K), 5 survivors (5120K)
 Metaspace       used 72785K, committed 73536K, reserved 1114112K
  class space    used 10268K, committed 10624K, reserved 1048576K
}
Event: 11.188 GC heap before
{Heap before GC invocations=26 (full 0):
 garbage-first heap   total 120832K, used 98686K [0x0000000084000000, 0x0000000100000000)
  region size 1024K, 61 young (62464K), 5 survivors (5120K)
 Metaspace       used 72834K, committed 73600K, reserved 1114112K
  class space    used 10271K, committed 10624K, reserved 1048576K
}
Event: 11.197 GC heap after
{Heap after GC invocations=27 (full 0):
 garbage-first heap   total 145408K, used 47641K [0x0000000084000000, 0x0000000100000000)
  region size 1024K, 8 young (8192K), 8 survivors (8192K)
 Metaspace       used 72834K, committed 73600K, reserved 1114112K
  class space    used 10271K, committed 10624K, reserved 1048576K
}
Event: 11.388 GC heap before
{Heap before GC invocations=27 (full 0):
 garbage-first heap   total 145408K, used 116249K [0x0000000084000000, 0x0000000100000000)
  region size 1024K, 75 young (76800K), 8 survivors (8192K)
 Metaspace       used 72842K, committed 73600K, reserved 1114112K
  class space    used 10271K, committed 10624K, reserved 1048576K
}
Event: 11.397 GC heap after
{Heap after GC invocations=28 (full 0):
 garbage-first heap   total 145408K, used 52508K [0x0000000084000000, 0x0000000100000000)
  region size 1024K, 10 young (10240K), 10 survivors (10240K)
 Metaspace       used 72842K, committed 73600K, reserved 1114112K
  class space    used 10271K, committed 10624K, reserved 1048576K
}
Event: 11.558 GC heap before
{Heap before GC invocations=28 (full 0):
 garbage-first heap   total 145408K, used 114972K [0x0000000084000000, 0x0000000100000000)
  region size 1024K, 71 young (72704K), 10 survivors (10240K)
 Metaspace       used 72843K, committed 73600K, reserved 1114112K
  class space    used 10271K, committed 10624K, reserved 1048576K
}
Event: 11.567 GC heap after
{Heap after GC invocations=29 (full 0):
 garbage-first heap   total 145408K, used 56205K [0x0000000084000000, 0x0000000100000000)
  region size 1024K, 6 young (6144K), 6 survivors (6144K)
 Metaspace       used 72843K, committed 73600K, reserved 1114112K
  class space    used 10271K, committed 10624K, reserved 1048576K
}
Event: 11.773 GC heap before
{Heap before GC invocations=29 (full 0):
 garbage-first heap   total 145408K, used 116621K [0x0000000084000000, 0x0000000100000000)
  region size 1024K, 64 young (65536K), 6 survivors (6144K)
 Metaspace       used 72847K, committed 73600K, reserved 1114112K
  class space    used 10271K, committed 10624K, reserved 1048576K
}
Event: 11.794 GC heap after
{Heap after GC invocations=30 (full 0):
 garbage-first heap   total 145408K, used 71831K [0x0000000084000000, 0x0000000100000000)
  region size 1024K, 8 young (8192K), 8 survivors (8192K)
 Metaspace       used 72847K, committed 73600K, reserved 1114112K
  class space    used 10271K, committed 10624K, reserved 1048576K
}
Event: 11.999 GC heap before
{Heap before GC invocations=30 (full 0):
 garbage-first heap   total 145408K, used 108695K [0x0000000084000000, 0x0000000100000000)
  region size 1024K, 44 young (45056K), 8 survivors (8192K)
 Metaspace       used 72847K, committed 73600K, reserved 1114112K
  class space    used 10271K, committed 10624K, reserved 1048576K
}
Event: 12.025 GC heap after
{Heap after GC invocations=31 (full 0):
 garbage-first heap   total 235520K, used 84720K [0x0000000084000000, 0x0000000100000000)
  region size 1024K, 6 young (6144K), 6 survivors (6144K)
 Metaspace       used 72847K, committed 73600K, reserved 1114112K
  class space    used 10271K, committed 10624K, reserved 1048576K
}
Event: 13.036 GC heap before
{Heap before GC invocations=32 (full 0):
 garbage-first heap   total 235520K, used 161520K [0x0000000084000000, 0x0000000100000000)
  region size 1024K, 81 young (82944K), 6 survivors (6144K)
 Metaspace       used 73868K, committed 74624K, reserved 1114112K
  class space    used 10410K, committed 10752K, reserved 1048576K
}
Event: 13.053 GC heap after
{Heap after GC invocations=33 (full 0):
 garbage-first heap   total 235520K, used 91067K [0x0000000084000000, 0x0000000100000000)
  region size 1024K, 5 young (5120K), 5 survivors (5120K)
 Metaspace       used 73868K, committed 74624K, reserved 1114112K
  class space    used 10410K, committed 10752K, reserved 1048576K
}
Event: 13.134 GC heap before
{Heap before GC invocations=33 (full 0):
 garbage-first heap   total 235520K, used 97211K [0x0000000084000000, 0x0000000100000000)
  region size 1024K, 11 young (11264K), 5 survivors (5120K)
 Metaspace       used 74196K, committed 74944K, reserved 1114112K
  class space    used 10462K, committed 10816K, reserved 1048576K
}
Event: 13.138 GC heap after
{Heap after GC invocations=34 (full 0):
 garbage-first heap   total 235520K, used 89196K [0x0000000084000000, 0x0000000100000000)
  region size 1024K, 1 young (1024K), 1 survivors (1024K)
 Metaspace       used 74196K, committed 74944K, reserved 1114112K
  class space    used 10462K, committed 10816K, reserved 1048576K
}
Event: 21.153 GC heap before
{Heap before GC invocations=34 (full 0):
 garbage-first heap   total 235520K, used 137324K [0x0000000084000000, 0x0000000100000000)
  region size 1024K, 50 young (51200K), 1 survivors (1024K)
 Metaspace       used 78967K, committed 79872K, reserved 1179648K
  class space    used 11166K, committed 11584K, reserved 1048576K
}

Dll operation events (14 events):
Event: 0.020 Loaded shared library C:\Program Files\Java\jdk-19\bin\java.dll
Event: 0.052 Loaded shared library C:\Program Files\Java\jdk-19\bin\jsvml.dll
Event: 0.233 Loaded shared library C:\Program Files\Java\jdk-19\bin\zip.dll
Event: 0.240 Loaded shared library C:\Program Files\Java\jdk-19\bin\instrument.dll
Event: 0.251 Loaded shared library C:\Program Files\Java\jdk-19\bin\net.dll
Event: 0.254 Loaded shared library C:\Program Files\Java\jdk-19\bin\nio.dll
Event: 0.259 Loaded shared library C:\Program Files\Java\jdk-19\bin\zip.dll
Event: 0.323 Loaded shared library C:\Program Files\Java\jdk-19\bin\jimage.dll
Event: 0.499 Loaded shared library D:\IntelliJ IDEA 2024.3.1.1\bin\breakgen64.dll
Event: 0.518 Loaded shared library C:\Program Files\Java\jdk-19\bin\management.dll
Event: 0.547 Loaded shared library C:\Program Files\Java\jdk-19\bin\extnet.dll
Event: 0.561 Loaded shared library C:\Program Files\Java\jdk-19\bin\management_ext.dll
Event: 1.060 Loaded shared library C:\Program Files\Java\jdk-19\bin\verify.dll
Event: 2.841 Loaded shared library C:\Program Files\Java\jdk-19\bin\sunmscapi.dll

Deoptimization events (12 events):
Event: 0.760 Thread 0x000001be350f2230 DEOPT PACKING pc=0x000001be2af373d5 sp=0x00000002cc8fd130
Event: 0.760 Thread 0x000001be350f2230 DEOPT UNPACKING pc=0x000001be2abbb0e3 sp=0x00000002cc8fc5e0 mode 3
Event: 0.774 Thread 0x000001be350f2230 DEOPT PACKING pc=0x000001be2af4d5d0 sp=0x00000002cc8fd100
Event: 0.774 Thread 0x000001be350f2230 DEOPT UNPACKING pc=0x000001be2abbb0e3 sp=0x00000002cc8fc5b8 mode 3
Event: 2.203 Thread 0x000001be3a517d50 DEOPT PACKING pc=0x000001be2b179cb9 sp=0x00000002ce1fd250
Event: 2.203 Thread 0x000001be3a517d50 DEOPT UNPACKING pc=0x000001be2abbb0e3 sp=0x00000002ce1fc730 mode 3
Event: 4.345 Thread 0x000001be3a517d50 DEOPT PACKING pc=0x000001be2b478939 sp=0x00000002ce1fdcb0
Event: 4.345 Thread 0x000001be3a517d50 DEOPT UNPACKING pc=0x000001be2abbb0e3 sp=0x00000002ce1fd190 mode 3
Event: 9.568 Thread 0x000001be3a517d50 DEOPT PACKING pc=0x000001be2b99423c sp=0x00000002ce1fb0d0
Event: 9.568 Thread 0x000001be3a517d50 DEOPT UNPACKING pc=0x000001be2abbb0e3 sp=0x00000002ce1fa628 mode 0
Event: 10.177 Thread 0x000001be3a517d50 DEOPT PACKING pc=0x000001be2b214aba sp=0x00000002ce1fcb80
Event: 10.177 Thread 0x000001be3a517d50 DEOPT UNPACKING pc=0x000001be2abbb0e3 sp=0x00000002ce1fc088 mode 3

Classes loaded (20 events):
Event: 15.645 Loading class javax/management/remote/rmi/RMIConnectionImpl$SetCcl
Event: 15.645 Loading class javax/management/remote/rmi/RMIConnectionImpl$SetCcl done
Event: 15.645 Loading class java/rmi/MarshalledObject$MarshalledObjectInputStream
Event: 15.646 Loading class java/rmi/MarshalledObject$MarshalledObjectInputStream done
Event: 21.119 Loading class java/util/concurrent/locks/AbstractQueuedSynchronizer$SharedNode
Event: 21.120 Loading class java/util/concurrent/locks/AbstractQueuedSynchronizer$SharedNode done
Event: 21.134 Loading class java/util/AbstractMap$2
Event: 21.134 Loading class java/util/AbstractMap$2 done
Event: 21.135 Loading class java/util/AbstractMap$2$1
Event: 21.135 Loading class java/util/AbstractMap$2$1 done
Event: 21.141 Loading class sun/security/ssl/Alert
Event: 21.141 Loading class sun/security/ssl/Alert done
Event: 21.142 Loading class sun/security/ssl/Alert$AlertConsumer
Event: 21.142 Loading class sun/security/ssl/Alert$AlertConsumer done
Event: 21.142 Loading class sun/security/ssl/Alert$Level
Event: 21.142 Loading class sun/security/ssl/Alert$Level done
Event: 21.142 Loading class javax/crypto/AEADBadTagException
Event: 21.143 Loading class javax/crypto/AEADBadTagException done
Event: 21.143 Loading class javax/net/ssl/SSLHandshakeException
Event: 21.143 Loading class javax/net/ssl/SSLHandshakeException done

Classes unloaded (0 events):
No events

Classes redefined (0 events):
No events

Internal exceptions (20 events):
Event: 9.670 Thread 0x000001be3a517d50 Exception <a 'java/lang/IncompatibleClassChangeError'{0x0000000087421050}: Found class java.lang.Object, but interface was expected> (0x0000000087421050) 
thrown [s\open\src\hotspot\share\interpreter\linkResolver.cpp, line 841]
Event: 9.714 Thread 0x000001be3a517d50 Exception <a 'java/lang/NoSuchMethodError'{0x00000000873d5100}: 'java.lang.Object java.lang.invoke.DirectMethodHandle$Holder.invokeStatic(java.lang.Object, int, java.lang.Object)'> (0x00000000873d5100) 
thrown [s\open\src\hotspot\share\interpreter\linkResolver.cpp, line 774]
Event: 10.036 Thread 0x000001be3a517d50 Exception <a 'java/lang/NoSuchMethodError'{0x0000000087ca4360}: 'java.lang.Object java.lang.invoke.DirectMethodHandle$Holder.newInvokeSpecial(java.lang.Object, java.lang.Object, java.lang.Object, java.lang.Object, int)'> (0x0000000087ca4360) 
thrown [s\open\src\hotspot\share\interpreter\linkResolver.cpp, line 774]
Event: 10.036 Thread 0x000001be3a517d50 Exception <a 'java/lang/NoSuchMethodError'{0x0000000087ca8dc8}: 'java.lang.Object java.lang.invoke.DirectMethodHandle$Holder.invokeSpecial(java.lang.Object, java.lang.Object, java.lang.Object, java.lang.Object, java.lang.Object, int)'> (0x0000000087ca8dc8) 
thrown [s\open\src\hotspot\share\interpreter\linkResolver.cpp, line 774]
Event: 10.036 Thread 0x000001be3a517d50 Exception <a 'java/lang/NoSuchMethodError'{0x0000000087cad0d8}: 'java.lang.Object java.lang.invoke.Invokers$Holder.linkToTargetMethod(java.lang.Object, java.lang.Object, java.lang.Object, int, java.lang.Object)'> (0x0000000087cad0d8) 
thrown [s\open\src\hotspot\share\interpreter\linkResolver.cpp, line 774]
Event: 10.229 Thread 0x000001be3a517d50 Exception <a 'java/io/FileNotFoundException'{0x00000000883b7978}> (0x00000000883b7978) 
thrown [s\open\src\hotspot\share\prims\jni.cpp, line 517]
Event: 12.725 Thread 0x000001be3a517d50 Exception <a 'java/io/FileNotFoundException'{0x000000008ecf3860}> (0x000000008ecf3860) 
thrown [s\open\src\hotspot\share\prims\jni.cpp, line 517]
Event: 12.726 Thread 0x000001be3a517d50 Exception <a 'java/io/FileNotFoundException'{0x000000008ecfdb18}> (0x000000008ecfdb18) 
thrown [s\open\src\hotspot\share\prims\jni.cpp, line 517]
Event: 13.025 Thread 0x000001be3a517d50 Exception <a 'java/lang/NoSuchMethodError'{0x000000008db28f90}: 'java.lang.Object java.lang.invoke.DirectMethodHandle$Holder.newInvokeSpecial(java.lang.Object, java.lang.Object, java.lang.Object, java.lang.Object, java.lang.Object, java.lang.Object, java.lang.Object, java.lang.Object)'> (0x000000008db28f90) 
thrown [s\open\src\hotspot\share\interpreter\linkResolver.cpp, line 774]
Event: 13.073 Thread 0x000001be3a517d50 Exception <a 'sun/nio/fs/WindowsException'{0x00000000925deaa8}> (0x00000000925deaa8) 
thrown [s\open\src\hotspot\share\prims\jni.cpp, line 517]
Event: 13.079 Thread 0x000001be3a517d50 Exception <a 'java/lang/IncompatibleClassChangeError'{0x000000009248c278}: Found class java.lang.Object, but interface was expected> (0x000000009248c278) 
thrown [s\open\src\hotspot\share\interpreter\linkResolver.cpp, line 841]
Event: 13.099 Thread 0x000001be3a517d50 Exception <a 'sun/nio/fs/WindowsException'{0x00000000923cc1e0}> (0x00000000923cc1e0) 
thrown [s\open\src\hotspot\share\prims\jni.cpp, line 517]
Event: 14.518 Thread 0x000001be3a517d50 Exception <a 'java/lang/IncompatibleClassChangeError'{0x0000000091335cf0}: Found class java.lang.Object, but interface was expected> (0x0000000091335cf0) 
thrown [s\open\src\hotspot\share\interpreter\linkResolver.cpp, line 841]
Event: 14.623 Thread 0x000001be3a517d50 Exception <a 'java/lang/NoSuchMethodError'{0x0000000090fa49c0}: 'java.lang.Object java.lang.invoke.DirectMethodHandle$Holder.invokeInterface(java.lang.Object, java.lang.Object, java.lang.Object, java.lang.Object)'> (0x0000000090fa49c0) 
thrown [s\open\src\hotspot\share\interpreter\linkResolver.cpp, line 774]
Event: 14.659 Thread 0x000001be3a517d50 Exception <a 'java/lang/NoSuchMethodError'{0x0000000090d5bd50}: 'void java.lang.invoke.DirectMethodHandle$Holder.invokeVirtual(java.lang.Object, java.lang.Object, long)'> (0x0000000090d5bd50) 
thrown [s\open\src\hotspot\share\interpreter\linkResolver.cpp, line 774]
Event: 14.782 Thread 0x000001be3a517d50 Exception <a 'java/lang/NoSuchMethodError'{0x0000000090aee5e8}: 'int java.lang.invoke.DirectMethodHandle$Holder.invokeStaticInit(java.lang.Object, java.lang.Object, java.lang.Object, java.lang.Object)'> (0x0000000090aee5e8) 
thrown [s\open\src\hotspot\share\interpreter\linkResolver.cpp, line 774]
Event: 14.891 Thread 0x000001be3a517d50 Exception <a 'java/lang/IncompatibleClassChangeError'{0x00000000908e0538}: Found class java.lang.Object, but interface was expected> (0x00000000908e0538) 
thrown [s\open\src\hotspot\share\interpreter\linkResolver.cpp, line 841]
Event: 15.301 Thread 0x000001be3a517d50 Exception <a 'java/lang/NoSuchMethodError'{0x000000008fd80018}: 'java.lang.Object java.lang.invoke.DirectMethodHandle$Holder.newInvokeSpecial(java.lang.Object, java.lang.Object, int, java.lang.Object, java.lang.Object)'> (0x000000008fd80018) 
thrown [s\open\src\hotspot\share\interpreter\linkResolver.cpp, line 774]
Event: 15.636 Thread 0x000001be39ba2e40 Exception <a 'java/lang/NoSuchMethodError'{0x000000008f8b9ca8}: 'java.lang.Object java.lang.invoke.DirectMethodHandle$Holder.invokeInterface(java.lang.Object, java.lang.Object, java.lang.Object, java.lang.Object, java.lang.Object, java.lang.Object, java.lang.Object)'> (0x000000008f8b9ca8) 
thrown [s\open\src\hotspot\share\interpreter\linkResolver.cpp, line 774]
Event: 21.152 Thread 0x000001be39c61670 Exception <a 'java/lang/InterruptedException'{0x000000008f400040}: sleep interrupted> (0x000000008f400040) 
thrown [s\open\src\hotspot\share\prims\jvm.cpp, line 3103]

VM Operations (20 events):
Event: 13.138 Executing VM operation: G1CollectForAllocation done
Event: 13.398 Executing VM operation: HandshakeAllThreads
Event: 13.399 Executing VM operation: HandshakeAllThreads done
Event: 13.443 Executing VM operation: HandshakeAllThreads
Event: 13.443 Executing VM operation: HandshakeAllThreads done
Event: 13.447 Executing VM operation: HandshakeAllThreads
Event: 13.447 Executing VM operation: HandshakeAllThreads done
Event: 14.455 Executing VM operation: Cleanup
Event: 14.456 Executing VM operation: Cleanup done
Event: 14.696 Executing VM operation: HandshakeAllThreads
Event: 14.697 Executing VM operation: HandshakeAllThreads done
Event: 15.294 Executing VM operation: HandshakeAllThreads
Event: 15.295 Executing VM operation: HandshakeAllThreads done
Event: 15.649 Executing VM operation: HandshakeAllThreads
Event: 15.649 Executing VM operation: HandshakeAllThreads done
Event: 15.649 Executing VM operation: Cleanup
Event: 15.649 Executing VM operation: Cleanup done
Event: 16.662 Executing VM operation: Cleanup
Event: 16.663 Executing VM operation: Cleanup done
Event: 21.153 Executing VM operation: G1CollectFull

Events (20 events):
Event: 20.892 Thread 0x000001be350bb0f0 Thread exited: 0x000001be350bb0f0
Event: 21.011 Thread 0x000001be39c5f690 Thread added: 0x000001be39c5f690
Event: 21.011 Thread 0x000001be39c5cc10 Thread exited: 0x000001be39c5cc10
Event: 21.119 Thread 0x000001be39c5c170 Thread exited: 0x000001be39c5c170
Event: 21.120 Thread 0x000001be39c5e6a0 Thread exited: 0x000001be39c5e6a0
Event: 21.121 Thread 0x000001be39c61bc0 Thread exited: 0x000001be39c61bc0
Event: 21.121 Thread 0x000001be39c5bc20 Thread exited: 0x000001be39c5bc20
Event: 21.121 Thread 0x000001be39c63650 Thread exited: 0x000001be39c63650
Event: 21.121 Thread 0x000001be39c63100 Thread exited: 0x000001be39c63100
Event: 21.121 Thread 0x000001be39c62660 Thread exited: 0x000001be39c62660
Event: 21.121 Thread 0x000001be39c61120 Thread exited: 0x000001be39c61120
Event: 21.121 Thread 0x000001be39c60130 Thread exited: 0x000001be39c60130
Event: 21.121 Thread 0x000001be39c62110 Thread exited: 0x000001be39c62110
Event: 21.121 Thread 0x000001be39c5e150 Thread exited: 0x000001be39c5e150
Event: 21.121 Thread 0x000001be39c60680 Thread exited: 0x000001be39c60680
Event: 21.140 Thread 0x000001be39c60130 Thread added: 0x000001be39c60130
Event: 21.141 Thread 0x000001be3a516d60 Thread exited: 0x000001be3a516d60
Event: 21.141 Thread 0x000001be3a517800 Thread exited: 0x000001be3a517800
Event: 21.145 Thread 0x000001be39c60130 Thread exited: 0x000001be39c60130
Event: 21.152 Thread 0x000001be39c61670 Thread exited: 0x000001be39c61670


Dynamic libraries:
0x00007ff7d5cb0000 - 0x00007ff7d5cc0000 	C:\Program Files\Java\jdk-19\bin\java.exe
0x00007ffe6fe70000 - 0x00007ffe70087000 	C:\WINDOWS\SYSTEM32\ntdll.dll
0x00007ffe6e770000 - 0x00007ffe6e834000 	C:\WINDOWS\System32\KERNEL32.DLL
0x00007ffe6d380000 - 0x00007ffe6d73a000 	C:\WINDOWS\System32\KERNELBASE.dll
0x00007ffe6d9d0000 - 0x00007ffe6dae1000 	C:\WINDOWS\System32\ucrtbase.dll
0x00007ffe64f90000 - 0x00007ffe64fa8000 	C:\Program Files\Java\jdk-19\bin\jli.dll
0x00007ffe6de50000 - 0x00007ffe6df02000 	C:\WINDOWS\System32\ADVAPI32.dll
0x00007ffe6dfa0000 - 0x00007ffe6e047000 	C:\WINDOWS\System32\msvcrt.dll
0x00007ffe6dda0000 - 0x00007ffe6de47000 	C:\WINDOWS\System32\sechost.dll
0x00007ffe6d2b0000 - 0x00007ffe6d2d8000 	C:\WINDOWS\System32\bcrypt.dll
0x00007ffe61a40000 - 0x00007ffe61a5b000 	C:\Program Files\Java\jdk-19\bin\VCRUNTIME140.dll
0x00007ffe6e4e0000 - 0x00007ffe6e5f4000 	C:\WINDOWS\System32\RPCRT4.dll
0x00007ffe6dbe0000 - 0x00007ffe6dd8e000 	C:\WINDOWS\System32\USER32.dll
0x00007ffe6d200000 - 0x00007ffe6d226000 	C:\WINDOWS\System32\win32u.dll
0x00007ffe6ed00000 - 0x00007ffe6ed29000 	C:\WINDOWS\System32\GDI32.dll
0x00007ffe578b0000 - 0x00007ffe57b42000 	C:\WINDOWS\WinSxS\amd64_microsoft.windows.common-controls_6595b64144ccf1df_6.0.22621.4541_none_2710d1c57384c085\COMCTL32.dll
0x00007ffe6d8b0000 - 0x00007ffe6d9cb000 	C:\WINDOWS\System32\gdi32full.dll
0x00007ffe6d2e0000 - 0x00007ffe6d37a000 	C:\WINDOWS\System32\msvcp_win.dll
0x00007ffe653a0000 - 0x00007ffe653aa000 	C:\WINDOWS\SYSTEM32\VERSION.dll
0x00007ffe6e680000 - 0x00007ffe6e6b1000 	C:\WINDOWS\System32\IMM32.DLL
0x00007ffe68380000 - 0x00007ffe6838c000 	C:\Program Files\Java\jdk-19\bin\vcruntime140_1.dll
0x00007ffe54e30000 - 0x00007ffe54ebe000 	C:\Program Files\Java\jdk-19\bin\msvcp140.dll
0x00007ffe211a0000 - 0x00007ffe21e60000 	C:\Program Files\Java\jdk-19\bin\server\jvm.dll
0x00007ffe48f70000 - 0x00007ffe48f79000 	C:\WINDOWS\SYSTEM32\WSOCK32.dll
0x00007ffe6e600000 - 0x00007ffe6e671000 	C:\WINDOWS\System32\WS2_32.dll
0x00007ffe67160000 - 0x00007ffe67194000 	C:\WINDOWS\SYSTEM32\WINMM.dll
0x00007ffe6c180000 - 0x00007ffe6c198000 	C:\WINDOWS\SYSTEM32\kernel.appcore.dll
0x00007ffe67100000 - 0x00007ffe6710a000 	C:\Program Files\Java\jdk-19\bin\jimage.dll
0x00007ffe6a4f0000 - 0x00007ffe6a722000 	C:\WINDOWS\SYSTEM32\DBGHELP.DLL
0x00007ffe6f9a0000 - 0x00007ffe6fd2f000 	C:\WINDOWS\System32\combase.dll
0x00007ffe6eba0000 - 0x00007ffe6ec77000 	C:\WINDOWS\System32\OLEAUT32.dll
0x00007ffe55d60000 - 0x00007ffe55d92000 	C:\WINDOWS\SYSTEM32\dbgcore.DLL
0x00007ffe6d230000 - 0x00007ffe6d2ab000 	C:\WINDOWS\System32\bcryptPrimitives.dll
0x00007ffe67050000 - 0x00007ffe6705e000 	C:\Program Files\Java\jdk-19\bin\instrument.dll
0x00007ffe57520000 - 0x00007ffe57546000 	C:\Program Files\Java\jdk-19\bin\java.dll
0x00007ffe53220000 - 0x00007ffe532f7000 	C:\Program Files\Java\jdk-19\bin\jsvml.dll
0x00007ffe6f100000 - 0x00007ffe6f978000 	C:\WINDOWS\System32\SHELL32.dll
0x00007ffe6b080000 - 0x00007ffe6b988000 	C:\WINDOWS\SYSTEM32\windows.storage.dll
0x00007ffe6af40000 - 0x00007ffe6b07f000 	C:\WINDOWS\SYSTEM32\wintypes.dll
0x00007ffe6fd30000 - 0x00007ffe6fe2a000 	C:\WINDOWS\System32\SHCORE.dll
0x00007ffe6eca0000 - 0x00007ffe6ecfe000 	C:\WINDOWS\System32\shlwapi.dll
0x00007ffe6d070000 - 0x00007ffe6d09b000 	C:\WINDOWS\SYSTEM32\profapi.dll
0x00007ffe57500000 - 0x00007ffe57518000 	C:\Program Files\Java\jdk-19\bin\zip.dll
0x00007ffe574e0000 - 0x00007ffe574f3000 	C:\Program Files\Java\jdk-19\bin\net.dll
0x00007ffe689c0000 - 0x00007ffe68af6000 	C:\WINDOWS\SYSTEM32\WINHTTP.dll
0x00007ffe6c600000 - 0x00007ffe6c669000 	C:\WINDOWS\system32\mswsock.dll
0x00007ffe57390000 - 0x00007ffe573a6000 	C:\Program Files\Java\jdk-19\bin\nio.dll
0x00007ffe6bc10000 - 0x00007ffe6bd12000 	C:\WINDOWS\SYSTEM32\DNSAPI.dll
0x00007ffe6bbe0000 - 0x00007ffe6bc0d000 	C:\WINDOWS\SYSTEM32\IPHLPAPI.DLL
0x00007ffe6dbd0000 - 0x00007ffe6dbd9000 	C:\WINDOWS\System32\NSI.dll
0x00007ffe56880000 - 0x00007ffe5689a000 	D:\IntelliJ IDEA 2024.3.1.1\bin\breakgen64.dll
0x000000006eab0000 - 0x000000006ead6000 	C:\Program Files\Bonjour\mdnsNSP.dll
0x00007ffe647e0000 - 0x00007ffe647ea000 	C:\Windows\System32\rasadhlp.dll
0x00007ffe63c80000 - 0x00007ffe63d03000 	C:\WINDOWS\System32\fwpuclnt.dll
0x00007ffe62070000 - 0x00007ffe6207a000 	C:\Program Files\Java\jdk-19\bin\management.dll
0x00007ffe62040000 - 0x00007ffe62048000 	C:\Program Files\Java\jdk-19\bin\extnet.dll
0x00007ffe61e90000 - 0x00007ffe61e9b000 	C:\Program Files\Java\jdk-19\bin\management_ext.dll
0x00007ffe6e050000 - 0x00007ffe6e058000 	C:\WINDOWS\System32\PSAPI.DLL
0x00007ffe6c850000 - 0x00007ffe6c86b000 	C:\WINDOWS\SYSTEM32\CRYPTSP.dll
0x00007ffe6c0e0000 - 0x00007ffe6c115000 	C:\WINDOWS\system32\rsaenh.dll
0x00007ffe6c6f0000 - 0x00007ffe6c718000 	C:\WINDOWS\SYSTEM32\USERENV.dll
0x00007ffe6c870000 - 0x00007ffe6c87c000 	C:\WINDOWS\SYSTEM32\CRYPTBASE.dll
0x00007ffe653b0000 - 0x00007ffe653c9000 	C:\WINDOWS\SYSTEM32\dhcpcsvc6.DLL
0x00007ffe64f60000 - 0x00007ffe64f7f000 	C:\WINDOWS\SYSTEM32\dhcpcsvc.DLL
0x00007ffe46b60000 - 0x00007ffe46b77000 	C:\WINDOWS\system32\napinsp.dll
0x00007ffe46b40000 - 0x00007ffe46b5b000 	C:\WINDOWS\system32\pnrpnsp.dll
0x00007ffe44e90000 - 0x00007ffe44ea1000 	C:\WINDOWS\System32\winrnr.dll
0x00007ffe64970000 - 0x00007ffe64985000 	C:\WINDOWS\system32\wshbth.dll
0x00007ffe43df0000 - 0x00007ffe43e17000 	C:\WINDOWS\system32\nlansp_c.dll
0x00007ffe61e40000 - 0x00007ffe61e50000 	C:\Program Files\Java\jdk-19\bin\verify.dll
0x00007ffe42380000 - 0x00007ffe423d0000 	C:\WINDOWS\SYSTEM32\pdh.dll
0x00007ffe3af80000 - 0x00007ffe3af91000 	C:\WINDOWS\System32\perfproc.dll
0x00007ffe44c40000 - 0x00007ffe44c50000 	C:\WINDOWS\System32\perfos.dll
0x00007ffe6a290000 - 0x00007ffe6a2a0000 	C:\WINDOWS\SYSTEM32\pfclient.dll
0x00007ffe61a10000 - 0x00007ffe61a1e000 	C:\Program Files\Java\jdk-19\bin\sunmscapi.dll
0x00007ffe6d740000 - 0x00007ffe6d8a6000 	C:\WINDOWS\System32\CRYPT32.dll
0x00007ffe6ca10000 - 0x00007ffe6ca3d000 	C:\WINDOWS\SYSTEM32\ncrypt.dll
0x00007ffe6c9d0000 - 0x00007ffe6ca07000 	C:\WINDOWS\SYSTEM32\NTASN1.dll
0x00007ffe15360000 - 0x00007ffe15368000 	C:\WINDOWS\system32\wshunix.dll

dbghelp: loaded successfully - version: 4.0.5 - missing functions: none
symbol engine: initialized successfully - sym options: 0x614 - pdb path: .;C:\Program Files\Java\jdk-19\bin;C:\WINDOWS\SYSTEM32;C:\WINDOWS\WinSxS\amd64_microsoft.windows.common-controls_6595b64144ccf1df_6.0.22621.4541_none_2710d1c57384c085;C:\Program Files\Java\jdk-19\bin\server;D:\IntelliJ IDEA 2024.3.1.1\bin;C:\Program Files\Bonjour

VM Arguments:
jvm_args: -XX:TieredStopAtLevel=1 -Dspring.output.ansi.enabled=always -Dcom.sun.management.jmxremote -Dspring.jmx.enabled=true -Dspring.liveBeansView.mbeanDomain -Dspring.application.admin.enabled=true -Dmanagement.endpoints.jmx.exposure.include=* -javaagent:D:\IntelliJ IDEA 2024.3.1.1\lib\idea_rt.jar=55474:D:\IntelliJ IDEA 2024.3.1.1\bin -Dfile.encoding=UTF-8 -Dsun.stdout.encoding=UTF-8 -Dsun.stderr.encoding=UTF-8 
java_command: com.example.datn.DatnApplication
java_class_path (initial): E:\fa24-sd72-dat-phong-khach-san-bambooking\target\classes;C:\Users\Admin\.m2\repository\org\springframework\boot\spring-boot-starter-web\3.3.1\spring-boot-starter-web-3.3.1.jar;C:\Users\Admin\.m2\repository\org\springframework\boot\spring-boot-starter\3.3.1\spring-boot-starter-3.3.1.jar;C:\Users\Admin\.m2\repository\org\springframework\boot\spring-boot-starter-logging\3.3.1\spring-boot-starter-logging-3.3.1.jar;C:\Users\Admin\.m2\repository\ch\qos\logback\logback-classic\1.5.6\logback-classic-1.5.6.jar;C:\Users\Admin\.m2\repository\ch\qos\logback\logback-core\1.5.6\logback-core-1.5.6.jar;C:\Users\Admin\.m2\repository\org\apache\logging\log4j\log4j-to-slf4j\2.23.1\log4j-to-slf4j-2.23.1.jar;C:\Users\Admin\.m2\repository\org\apache\logging\log4j\log4j-api\2.23.1\log4j-api-2.23.1.jar;C:\Users\Admin\.m2\repository\org\slf4j\jul-to-slf4j\2.0.13\jul-to-slf4j-2.0.13.jar;C:\Users\Admin\.m2\repository\jakarta\annotation\jakarta.annotation-api\2.1.1\jakarta.annotation-api-2.1.1.jar;C:\Users\Admin\.m2\repository\org\yaml\snakeyaml\2.2\snakeyaml-2.2.jar;C:\Users\Admin\.m2\repository\org\springframework\boot\spring-boot-starter-json\3.3.1\spring-boot-starter-json-3.3.1.jar;C:\Users\Admin\.m2\repository\com\fasterxml\jackson\datatype\jackson-datatype-jdk8\2.17.1\jackson-datatype-jdk8-2.17.1.jar;C:\Users\Admin\.m2\repository\com\fasterxml\jackson\datatype\jackson-datatype-jsr310\2.17.1\jackson-datatype-jsr310-2.17.1.jar;C:\Users\Admin\.m2\repository\com\fasterxml\jackson\module\jackson-module-parameter-names\2.17.1\jackson-module-parameter-names-2.17.1.jar;C:\Users\Admin\.m2\repository\org\springframework\boot\spring-boot-starter-tomcat\3.3.1\spring-boot-starter-tomcat-3.3.1.jar;C:\Users\Admin\.m2\repository\org\apache\tomcat\embed\tomcat-embed-websocket\10.1.25\tomcat-embed-websocket-10.1.25.jar;C:\Users\Admin\.m2\repository\org\springframework\spring-web\6.1.10\spring-web-6.1.10.jar;C:\Users\Admin\.m2\repository\org\springframework\spring-beans\6.1.10\spring-beans-6.1.10.jar;C:\Users\Admin\.m2\repository\io\micrometer\micrometer-observation\1.13.1\micrometer-observation-1.13.1.jar;C:\Users\Admin\.m2\repository\io\micrometer\micrometer-commons\1.13.1\micrometer-commons-1.13.1.jar;C:\Users\Admin\.m2\repository\org\springframework\spring-webmvc\6.1.10\spring-webmvc-6.1.10.jar;C:\Users\Admin\.m2\repository\org\springframework\spring-context\6.1.10\spring-context-6.1.10.jar;C:\Users\Admin\.m2\repository\org\springframework\spring-expression\6.1.10\spring-expression-6.1.10.jar;C:\Users\Admin\.m2\repository\org\springframework\boot\spring-boot-starter-security\3.3.1\spring-boot-starter-security-3.3.1.jar;C:\Users\Admin\.m2\repository\org\springframework\spring-aop\6.1.10\spring-aop-6.1.10.jar;C:\Users\Admin\.m2\repository\org\springframework\security\spring-security-config\6.3.1\spring-security-config-6.3.1.jar;C:\Users\Admin\.m2\repository\org\springframework\security\spring-security-web\6.3.1\spring-security-web-6.3.1.jar;C:\Users\Admin\.m2\repository\org\springframework\boot\spring-boot-starter-oauth2-resource-server\3.3.1\spring-boot-starter-oauth2-resource-server-3.3.1.jar;C:\Users\Admin\.m2\repository\org\springframework\security\spring-security-core\6.3.1\spring-security-core-6.3.1.jar;C:\Users\Admin\.m2\repository\org\springframework\security\spring-security-crypto\6.3.1\spring-security-crypto-6.3.1.jar;C:\Users\Admin\.m2\repository\org\springframework\security\spring-security-oauth2-resource-server\6.3.1\spring-security-oauth2-resource-server-6.3.1.jar;C:\Users\Admin\.m2\repository\org\springframework\security\spring-security-oauth2-core\6.3.1\spring-security-oauth2-core-6.3.1.jar;C:\Users\Admin\.m2\repository\org\springframework\security\spring-security-oauth2-jose\6.3.1\spring-security-oauth2-jose-6.3.1.jar;C:\Users\Admin\.m2\repository\com\nimbusds\nimbus-jose-jwt\9.37.3\nimbus-jose-jwt-9.37.3.jar;C:\Users\Admin\.m2\repository\com\github\stephenc\jcip\jcip-annotations\1.0-1\jcip-annotations-1.0-1.jar;C:\Users\Admin\.m2\repository\org\apache\tomcat\embed\tomcat-embed-jasper\10.1.25\tomcat-embed-jasper-10.1.25.jar;C:\Users\Admin\.m2\repository\org\apache\tomcat\embed\tomcat-embed-core\10.1.25\tomcat-embed-core-10.1.25.jar;C:\Users\Admin\.m2\repository\org\apache\tomcat\tomcat-annotations-api\10.1.25\tomcat-annotations-api-10.1.25.jar;C:\Users\Admin\.m2\repository\org\apache\tomcat\embed\tomcat-embed-el\10.1.25\tomcat-embed-el-10.1.25.jar;C:\Users\Admin\.m2\repository\org\eclipse\jdt\ecj\3.33.0\ecj-3.33.0.jar;C:\Users\Admin\.m2\repository\jakarta\servlet\jsp\jstl\jakarta.servlet.jsp.jstl-api\2.0.0\jakarta.servlet.jsp.jstl-api-2.0.0.jar;C:\Users\Admin\.m2\repository\jakarta\servlet\jakarta.servlet-api\6.0.0\jakarta.servlet-api-6.0.0.jar;C:\Users\Admin\.m2\repository\jakarta\el\jakarta.el-api\4.0.0\jakarta.el-api-4.0.0.jar;C:\Users\Admin\.m2\repository\jakarta\xml\bind\jakarta.xml.bind-api\4.0.2\jakarta.xml.bind-api-4.0.2.jar;C:\Users\Admin\.m2\repository\jakarta\activation\jakarta.activation-api\2.1.3\jakarta.activation-api-2.1.3.jar;C:\Users\Admin\.m2\repository\org\glassfish\web\jakarta.servlet.jsp.jstl\2.0.0\jakarta.servlet.jsp.jstl-2.0.0.jar;C:\Users\Admin\.m2\repository\org\springframework\boot\spring-boot-starter-data-jpa\3.3.1\spring-boot-starter-data-jpa-3.3.1.jar;C:\Users\Admin\.m2\repository\org\springframework\boot\spring-boot-starter-aop\3.3.1\spring-boot-starter-aop-3.3.1.jar;C:\Users\Admin\.m2\repository\org\aspectj\aspectjweaver\1.9.22\aspectjweaver-1.9.22.jar;C:\Users\Admin\.m2\repository\org\springframework\boot\spring-boot-starter-jdbc\3.3.1\spring-boot-starter-jdbc-3.3.1.jar;C:\Users\Admin\.m2\repository\com\zaxxer\HikariCP\5.1.0\HikariCP-5.1.0.jar;C:\Users\Admin\.m2\repository\org\springframework\spring-jdbc\6.1.10\spring-jdbc-6.1.10.jar;C:\Users\Admin\.m2\repository\org\hibernate\orm\hibernate-core\6.5.2.Final\hibernate-core-6.5.2.Final.jar;C:\Users\Admin\.m2\repository\jakarta\persistence\jakarta.persistence-api\3.1.0\jakarta.persistence-api-3.1.0.jar;C:\Users\Admin\.m2\repository\jakarta\transaction\jakarta.transaction-api\2.0.1\jakarta.transaction-api-2.0.1.jar;C:\Users\Admin\.m2\repository\org\jboss\logging\jboss-logging\3.5.3.Final\jboss-logging-3.5.3.Final.jar;C:\Users\Admin\.m2\repository\org\hibernate\common\hibernate-commons-annotations\6.0.6.Final\hibernate-commons-annotations-6.0.6.Final.jar;C:\Users\Admin\.m2\repository\io\smallrye\jandex\3.1.2\jandex-3.1.2.jar;C:\Users\Admin\.m2\repository\com\fasterxml\classmate\1.7.0\classmate-1.7.0.jar;C:\Users\Admin\.m2\repository\net\bytebuddy\byte-buddy\1.14.17\byte-buddy-1.14.17.jar;C:\Users\Admin\.m2\repository\org\glassfish\jaxb\jaxb-runtime\4.0.5\jaxb-runtime-4.0.5.jar;C:\Users\Admin\.m2\repository\org\glassfish\jaxb\jaxb-core\4.0.5\jaxb-core-4.0.5.jar;C:\Users\Admin\.m2\repository\org\glassfish\jaxb\txw2\4.0.5\txw2-4.0.5.jar;C:\Users\Admin\.m2\repository\com\sun\istack\istack-commons-runtime\4.1.2\istack-commons-runtime-4.1.2.jar;C:\Users\Admin\.m2\repository\jakarta\inject\jakarta.inject-api\2.0.1\jakarta.inject-api-2.0.1.jar;C:\Users\Admin\.m2\repository\org\antlr\antlr4-runtime\4.13.0\antlr4-runtime-4.13.0.jar;C:\Users\Admin\.m2\repository\org\springframework\data\spring-data-jpa\3.3.1\spring-data-jpa-3.3.1.jar;C:\Users\Admin\.m2\repository\org\springframework\data\spring-data-commons\3.3.1\spring-data-commons-3.3.1.jar;C:\Users\Admin\.m2\repository\org\springframework\spring-orm\6.1.10\spring-orm-6.1.10.jar;C:\Users\Admin\.m2\repository\org\springframework\spring-tx\6.1.10\spring-tx-6.1.10.jar;C:\Users\Admin\.m2\repository\org\slf4j\slf4j-api\2.0.13\slf4j-api-2.0.13.jar;C:\Users\Admin\.m2\repository\org\springframework\spring-aspects\6.1.10\spring-aspects-6.1.10.jar;C:\Users\Admin\.m2\repository\com\microsoft\sqlserver\mssql-jdbc\9.4.1.jre16\mssql-jdbc-9.4.1.jre16.jar;C:\Users\Admin\.m2\repository\org\springframework\boot\spring-boot-starter-validation\3.3.1\spring-boot-starter-validation-3.3.1.jar;C:\Users\Admin\.m2\repository\org\hibernate\validator\hibernate-validator\8.0.1.Final\hibernate-validator-8.0.1.Final.jar;C:\Users\Admin\.m2\repository\jakarta\validation\jakarta.validation-api\3.0.2\jakarta.validation-api-3.0.2.jar;C:\Users\Admin\.m2\repository\com\cloudinary\cloudinary-http45\1.38.0\cloudinary-http45-1.38.0.jar;C:\Users\Admin\.m2\repository\com\cloudinary\cloudinary-core\1.38.0\cloudinary-core-1.38.0.jar;C:\Users\Admin\.m2\repository\org\apache\commons\commons-lang3\3.14.0\commons-lang3-3.14.0.jar;C:\Users\Admin\.m2\repository\org\apache\httpcomponents\httpclient\4.5.13\httpclient-4.5.13.jar;C:\Users\Admin\.m2\repository\org\apache\httpcomponents\httpcore\4.4.16\httpcore-4.4.16.jar;C:\Users\Admin\.m2\repository\commons-codec\commons-codec\1.16.1\commons-codec-1.16.1.jar;C:\Users\Admin\.m2\repository\org\apache\httpcomponents\httpmime\4.5.13\httpmime-4.5.13.jar;C:\Users\Admin\.m2\repository\org\springframework\boot\spring-boot-starter-hateoas\3.3.1\spring-boot-starter-hateoas-3.3.1.jar;C:\Users\Admin\.m2\repository\org\springframework\hateoas\spring-hateoas\2.3.0\spring-hateoas-2.3.0.jar;C:\Users\Admin\.m2\repository\org\springframework\plugin\spring-plugin-core\3.0.0\spring-plugin-core-3.0.0.jar;C:\Users\Admin\.m2\repository\commons-logging\commons-logging\1.2\commons-logging-1.2.jar;C:\Users\Admin\.m2\repository\org\springframework\boot\spring-boot-devtools\3.3.1\spring-boot-devtools-3.3.1.jar;C:\Users\Admin\.m2\repository\org\springframework\boot\spring-boot\3.3.1\spring-boot-3.3.1.jar;C:\Users\Admin\.m2\repository\org\springframework\boot\spring-boot-autoconfigure\3.3.1\spring-boot-autoconfigure-3.3.1.jar;C:\Users\Admin\.m2\repository\org\projectlombok\lombok\1.18.32\lombok-1.18.32.jar;C:\Users\Admin\.m2\repository\com\jayway\jsonpath\json-path\2.9.0\json-path-2.9.0.jar;C:\Users\Admin\.m2\repository\net\minidev\json-smart\2.5.1\json-smart-2.5.1.jar;C:\Users\Admin\.m2\repository\net\minidev\accessors-smart\2.5.1\accessors-smart-2.5.1.jar;C:\Users\Admin\.m2\repository\org\ow2\asm\asm\9.6\asm-9.6.jar;C:\Users\Admin\.m2\repository\org\springframework\spring-core\6.1.10\spring-core-6.1.10.jar;C:\Users\Admin\.m2\repository\org\springframework\spring-jcl\6.1.10\spring-jcl-6.1.10.jar;C:\Users\Admin\.m2\repository\org\springframework\boot\spring-boot-starter-mail\3.3.1\spring-boot-starter-mail-3.3.1.jar;C:\Users\Admin\.m2\repository\org\springframework\spring-context-support\6.1.10\spring-context-support-6.1.10.jar;C:\Users\Admin\.m2\repository\org\eclipse\angus\jakarta.mail\2.0.3\jakarta.mail-2.0.3.jar;C:\Users\Admin\.m2\repository\org\eclipse\angus\angus-activation\2.0.2\angus-activation-2.0.2.jar;C:\Users\Admin\.m2\repository\io\jsonwebtoken\jjwt-api\0.11.5\jjwt-api-0.11.5.jar;C:\Users\Admin\.m2\repository\io\jsonwebtoken\jjwt-impl\0.11.5\jjwt-impl-0.11.5.jar;C:\Users\Admin\.m2\repository\io\jsonwebtoken\jjwt-jackson\0.11.5\jjwt-jackson-0.11.5.jar;C:\Users\Admin\.m2\repository\com\fasterxml\jackson\core\jackson-databind\2.17.1\jackson-databind-2.17.1.jar;C:\Users\Admin\.m2\repository\com\fasterxml\jackson\core\jackson-annotations\2.17.1\jackson-annotations-2.17.1.jar;C:\Users\Admin\.m2\repository\com\fasterxml\jackson\core\jackson-core\2.17.1\jackson-core-2.17.1.jar
Launcher Type: SUN_STANDARD

[Global flags]
     intx CICompilerCount                          = 4                                         {product} {ergonomic}
     uint ConcGCThreads                            = 2                                         {product} {ergonomic}
     uint G1ConcRefinementThreads                  = 8                                         {product} {ergonomic}
   size_t G1HeapRegionSize                         = 1048576                                   {product} {ergonomic}
    uintx GCDrainStackTargetSize                   = 64                                        {product} {ergonomic}
   size_t InitialHeapSize                          = 130023424                                 {product} {ergonomic}
     bool ManagementServer                         = true                                      {product} {command line}
   size_t MarkStackSize                            = 4194304                                   {product} {ergonomic}
   size_t MaxHeapSize                              = 2080374784                                {product} {ergonomic}
   size_t MaxNewSize                               = 1247805440                                {product} {ergonomic}
   size_t MinHeapDeltaBytes                        = 1048576                                   {product} {ergonomic}
   size_t MinHeapSize                              = 8388608                                   {product} {ergonomic}
    uintx NonProfiledCodeHeapSize                  = 0                                      {pd product} {ergonomic}
     bool ProfileInterpreter                       = false                                  {pd product} {command line}
    uintx ProfiledCodeHeapSize                     = 0                                      {pd product} {ergonomic}
   size_t SoftMaxHeapSize                          = 2080374784                             {manageable} {ergonomic}
     intx TieredStopAtLevel                        = 1                                         {product} {command line}
     bool UseCompressedClassPointers               = true                           {product lp64_product} {ergonomic}
     bool UseCompressedOops                        = true                           {product lp64_product} {ergonomic}
     bool UseG1GC                                  = true                                      {product} {ergonomic}
     bool UseLargePagesIndividualAllocation        = false                                  {pd product} {ergonomic}

Logging:
Log output configuration:
 #0: stdout all=warning uptime,level,tags foldmultilines=false
 #1: stderr all=off uptime,level,tags foldmultilines=false

Environment Variables:
PATH=C:\Program Files\Common Files\Oracle\Java\javapath;C:\WINDOWS\system32;C:\WINDOWS;C:\WINDOWS\System32\Wbem;C:\WINDOWS\System32\WindowsPowerShell\v1.0\;C:\WINDOWS\System32\OpenSSH\;C:\Program Files (x86)\Microsoft SQL Server\160\Tools\Binn\;C:\Program Files\Microsoft SQL Server\160\Tools\Binn\;C:\Program Files\Microsoft SQL Server\Client SDK\ODBC\170\Tools\Binn\;C:\Program Files\Microsoft SQL Server\160\DTS\Binn\;C:\Program Files\Azure Data Studio\bin;C:\Program Files\nodejs\;C:\Program Files (x86)\Microsoft SQL Server\160\DTS\Binn\;C:\Program Files\Git\cmd;C:\Program Files\dotnet\;C:\Users\Admin\AppData\Local\Microsoft\WindowsApps;C:\Users\Admin\AppData\Local\Programs\Microsoft VS Code\bin;C:\Program Files\Azure Data Studio\bin;C:\Users\Admin\AppData\Roaming\npm;E:\APP\IntelliJ IDEA 2022.3.2\bin;
USERNAME=Admin
OS=Windows_NT
PROCESSOR_IDENTIFIER=Intel64 Family 6 Model 140 Stepping 1, GenuineIntel
TMP=C:\Users\Admin\AppData\Local\Temp
TEMP=C:\Users\Admin\AppData\Local\Temp



---------------  S Y S T E M  ---------------

OS:
 Windows 11 , 64 bit Build 22621 (10.0.22621.4391)
OS uptime: 0 days 10:17 hours

CPU: total 8 (initial active 8) (4 cores per cpu, 2 threads per core) family 6 model 140 stepping 1 microcode 0xb8, cx8, cmov, fxsr, ht, mmx, 3dnowpref, sse, sse2, sse3, ssse3, sse4.1, sse4.2, popcnt, lzcnt, tsc, tscinvbit, avx, avx2, aes, erms, clmul, bmi1, bmi2, adx, avx512f, avx512dq, avx512cd, avx512bw, avx512vl, sha, fma, vzeroupper, avx512_vpopcntdq, avx512_vpclmulqdq, avx512_vaes, avx512_vnni, clflush, clflushopt, clwb, avx512_vbmi2, avx512_vbmi, rdtscp, rdpid, fsrm, gfni, avx512_bitalg

Memory: 4k page, system-wide physical 7934M (338M free)
TotalPageFile size 19893M (AvailPageFile size 4M)
current process WorkingSet (physical memory assigned to process): 403M, peak: 406M
current process commit charge ("private bytes"): 474M, peak: 475M

vm_info: Java HotSpot(TM) 64-Bit Server VM (19.0.2+7-44) for windows-amd64 JRE (19.0.2+7-44), built on 2022-11-30T18:02:09Z by "mach5one" with MS VC++ 17.1 (VS2022)

END.
