#
# There is insufficient memory for the Java Runtime Environment to continue.
# Native memory allocation (mmap) failed to map 165675008 bytes for G1 virtual space
# Possible reasons:
#   The system is out of physical RAM or swap space
#   The process is running with CompressedOops enabled, and the Java Heap may be blocking the growth of the native heap
# Possible solutions:
#   Reduce memory load on the system
#   Increase physical memory or swap space
#   Check if swap backing store is full
#   Decrease Java heap size (-Xmx/-Xms)
#   Decrease number of Java threads
#   Decrease Java thread stack sizes (-Xss)
#   Set larger code cache with -XX:ReservedCodeCacheSize=
#   JVM is running with Unscaled Compressed Oops mode in which the Java heap is
#     placed in the first 4GB address space. The Java Heap base address is the
#     maximum limit for the native heap growth. Please use -XX:HeapBaseMinAddress
#     to set the Java Heap base and to place the Java Heap above 4GB virtual address.
# This output file may be truncated or incomplete.
#
#  Out of Memory Error (os_windows.cpp:3536), pid=17844, tid=21408
#
# JRE version: Java(TM) SE Runtime Environment (19.0.2+7) (build 19.0.2+7-44)
# Java VM: Java HotSpot(TM) 64-Bit Server VM (19.0.2+7-44, mixed mode, emulated-client, sharing, tiered, compressed oops, compressed class ptrs, g1 gc, windows-amd64)
# No core dump will be written. Minidumps are not enabled by default on client versions of Windows
#

---------------  S U M M A R Y ------------

Command Line: -XX:TieredStopAtLevel=1 -Dspring.output.ansi.enabled=always -Dcom.sun.management.jmxremote -Dspring.jmx.enabled=true -Dspring.liveBeansView.mbeanDomain -Dspring.application.admin.enabled=true -Dmanagement.endpoints.jmx.exposure.include=* -javaagent:D:\IntelliJ IDEA 2024.3.1.1\lib\idea_rt.jar=55364:D:\IntelliJ IDEA 2024.3.1.1\bin -Dfile.encoding=UTF-8 -Dsun.stdout.encoding=UTF-8 -Dsun.stderr.encoding=UTF-8 com.example.datn.DatnApplication

Host: 11th Gen Intel(R) Core(TM) i5-1135G7 @ 2.40GHz, 8 cores, 7G,  Windows 11 , 64 bit Build 22621 (10.0.22621.4391)
Time: Sat Jan  4 22:38:32 2025 SE Asia Standard Time elapsed time: 16.795271 seconds (0d 0h 0m 16s)

---------------  T H R E A D  ---------------

Current thread (0x00000283e8dd7fd0):  VMThread "VM Thread" [stack: 0x000000d85a200000,0x000000d85a300000] [id=21408]

Stack: [0x000000d85a200000,0x000000d85a300000]
Native frames: (J=compiled Java code, j=interpreted, Vv=VM code, C=native code)
V  [jvm.dll+0x6ee21a]
V  [jvm.dll+0x85765e]
V  [jvm.dll+0x85904e]
V  [jvm.dll+0x859703]
V  [jvm.dll+0x28298f]
V  [jvm.dll+0x6eb009]
V  [jvm.dll+0x6dfbaa]
V  [jvm.dll+0x3573f6]
V  [jvm.dll+0x35ee56]
V  [jvm.dll+0x3b541e]
V  [jvm.dll+0x3b564f]
V  [jvm.dll+0x32c9ea]
V  [jvm.dll+0x32ca97]
V  [jvm.dll+0x374cd2]
V  [jvm.dll+0x37340f]
V  [jvm.dll+0x32c210]
V  [jvm.dll+0x3729ab]
V  [jvm.dll+0x85ebc3]
V  [jvm.dll+0x85f989]
V  [jvm.dll+0x85febd]
V  [jvm.dll+0x86034b]
V  [jvm.dll+0x860407]
V  [jvm.dll+0x80125a]
V  [jvm.dll+0x6ecf0b]
C  [ucrtbase.dll+0x29333]
C  [KERNEL32.DLL+0x1259d]
C  [ntdll.dll+0x5af38]

VM_Operation (0x000000d85befaaa0): G1CollectForAllocation, mode: safepoint, requested by thread 0x00000283ee5c2030


---------------  P R O C E S S  ---------------

Threads class SMR info:
_java_thread_list=0x00000283f05bdc90, length=24, elements={
0x00000283d69b22c0, 0x00000283e8df0360, 0x00000283e8df0f50, 0x00000283e8df4ed0,
0x00000283e8df5bb0, 0x00000283e8df75e0, 0x00000283e8df8000, 0x00000283e8df8a20,
0x00000283e8e069a0, 0x00000283e8dc3a20, 0x00000283ed6817d0, 0x00000283ed681d10,
0x00000283ed84e7e0, 0x00000283ed8cf750, 0x00000283ed935810, 0x00000283ed94fe60,
0x00000283ee5bffd0, 0x00000283ee5c2030, 0x00000283ee5992c0, 0x00000283ee59b2a0,
0x00000283ee59b7f0, 0x00000283ee59bd40, 0x00000283ee59c290, 0x00000283ee59c7e0
}

Java Threads: ( => current thread )
  0x00000283d69b22c0 JavaThread "main" [_thread_blocked, id=20524, stack(0x000000d859c00000,0x000000d859d00000)]
  0x00000283e8df0360 JavaThread "Reference Handler" daemon [_thread_blocked, id=12808, stack(0x000000d85a300000,0x000000d85a400000)]
  0x00000283e8df0f50 JavaThread "Finalizer" daemon [_thread_blocked, id=10804, stack(0x000000d85a400000,0x000000d85a500000)]
  0x00000283e8df4ed0 JavaThread "Signal Dispatcher" daemon [_thread_blocked, id=18780, stack(0x000000d85a500000,0x000000d85a600000)]
  0x00000283e8df5bb0 JavaThread "Attach Listener" daemon [_thread_blocked, id=20848, stack(0x000000d85a600000,0x000000d85a700000)]
  0x00000283e8df75e0 JavaThread "Service Thread" daemon [_thread_blocked, id=18008, stack(0x000000d85a700000,0x000000d85a800000)]
  0x00000283e8df8000 JavaThread "Monitor Deflation Thread" daemon [_thread_blocked, id=17780, stack(0x000000d85a800000,0x000000d85a900000)]
  0x00000283e8df8a20 JavaThread "C1 CompilerThread0" daemon [_thread_blocked, id=14920, stack(0x000000d85a900000,0x000000d85aa00000)]
  0x00000283e8e069a0 JavaThread "Sweeper thread" daemon [_thread_blocked, id=9856, stack(0x000000d85aa00000,0x000000d85ab00000)]
  0x00000283e8dc3a20 JavaThread "Common-Cleaner" daemon [_thread_blocked, id=17112, stack(0x000000d85ab00000,0x000000d85ac00000)]
  0x00000283ed6817d0 JavaThread "Monitor Ctrl-Break" daemon [_thread_in_native, id=18624, stack(0x000000d85ae00000,0x000000d85af00000)]
  0x00000283ed681d10 JavaThread "Notification Thread" daemon [_thread_blocked, id=16252, stack(0x000000d85af00000,0x000000d85b000000)]
  0x00000283ed84e7e0 JavaThread "RMI TCP Accept-0" daemon [_thread_in_native, id=1252, stack(0x000000d85b100000,0x000000d85b200000)]
  0x00000283ed8cf750 JavaThread "RMI TCP Connection(1)-172.20.10.2" daemon [_thread_in_native, id=21052, stack(0x000000d85b200000,0x000000d85b300000)]
  0x00000283ed935810 JavaThread "RMI Scheduler(0)" daemon [_thread_blocked, id=168, stack(0x000000d85b400000,0x000000d85b500000)]
  0x00000283ed94fe60 JavaThread "JMX server connection timeout 27" daemon [_thread_blocked, id=10868, stack(0x000000d85b500000,0x000000d85b600000)]
  0x00000283ee5bffd0 JavaThread "Thread-0" [_thread_blocked, id=19688, stack(0x000000d85bd00000,0x000000d85be00000)]
  0x00000283ee5c2030 JavaThread "restartedMain" [_thread_blocked, id=12204, stack(0x000000d85be00000,0x000000d85bf00000)]
  0x00000283ee5992c0 JavaThread "RMI TCP Connection(2)-172.20.10.2" daemon [_thread_blocked, id=11888, stack(0x000000d85bf00000,0x000000d85c000000)]
  0x00000283ee59b2a0 JavaThread "mssql-jdbc-shared-timer-core-0" daemon [_thread_blocked, id=17172, stack(0x000000d85c200000,0x000000d85c300000)]
  0x00000283ee59b7f0 JavaThread "HikariPool-1 housekeeper" daemon [_thread_blocked, id=20428, stack(0x000000d85c300000,0x000000d85c400000)]
  0x00000283ee59bd40 JavaThread "Catalina-utility-1" [_thread_blocked, id=15568, stack(0x000000d85c500000,0x000000d85c600000)]
  0x00000283ee59c290 JavaThread "Catalina-utility-2" [_thread_blocked, id=18644, stack(0x000000d85c600000,0x000000d85c700000)]
  0x00000283ee59c7e0 JavaThread "container-0" [_thread_blocked, id=16612, stack(0x000000d85c700000,0x000000d85c800000)]

Other Threads:
=>0x00000283e8dd7fd0 VMThread "VM Thread" [stack: 0x000000d85a200000,0x000000d85a300000] [id=21408]
  0x00000283ed854330 WatcherThread "VM Periodic Task Thread" [stack: 0x000000d85b300000,0x000000d85b400000] [id=16792]
  0x00000283d6a10c30 WorkerThread "GC Thread#0" [stack: 0x000000d859d00000,0x000000d859e00000] [id=16248]
  0x00000283ed9cb800 WorkerThread "GC Thread#1" [stack: 0x000000d85b600000,0x000000d85b700000] [id=17280]
  0x00000283eda229a0 WorkerThread "GC Thread#2" [stack: 0x000000d85b700000,0x000000d85b800000] [id=9892]
  0x00000283eda234e0 WorkerThread "GC Thread#3" [stack: 0x000000d85b800000,0x000000d85b900000] [id=21044]
  0x00000283eda21e60 WorkerThread "GC Thread#4" [stack: 0x000000d85b900000,0x000000d85ba00000] [id=18884]
  0x00000283eda22130 WorkerThread "GC Thread#5" [stack: 0x000000d85ba00000,0x000000d85bb00000] [id=8716]
  0x00000283eda218c0 WorkerThread "GC Thread#6" [stack: 0x000000d85bb00000,0x000000d85bc00000] [id=17456]
  0x00000283eda226d0 WorkerThread "GC Thread#7" [stack: 0x000000d85bc00000,0x000000d85bd00000] [id=21328]
  0x00000283d6a21390 ConcurrentGCThread "G1 Main Marker" [stack: 0x000000d859e00000,0x000000d859f00000] [id=16172]
  0x00000283d6a231d0 WorkerThread "G1 Conc#0" [stack: 0x000000d859f00000,0x000000d85a000000] [id=3436]
  0x00000283ee7a5ea0 WorkerThread "G1 Conc#1" [stack: 0x000000d85c100000,0x000000d85c200000] [id=18988]
  0x00000283e8c8c1a0 ConcurrentGCThread "G1 Refine#0" [stack: 0x000000d85a000000,0x000000d85a100000] [id=2868]
  0x00000283e8c8e9a0 ConcurrentGCThread "G1 Service" [stack: 0x000000d85a100000,0x000000d85a200000] [id=20172]

Threads with active compile tasks:

VM state: at safepoint (normal execution)

VM Mutex/Monitor currently owned by a thread:  ([mutex/lock_event])
[0x00000283d69ad3f0] Threads_lock - owner thread: 0x00000283e8dd7fd0
[0x00000283d69ad480] Heap_lock - owner thread: 0x00000283ee5c2030

Heap address: 0x0000000084000000, size: 1984 MB, Compressed Oops mode: 32-bit

CDS archive(s) mapped at: [0x0000000800000000-0x0000000800c40000-0x0000000800c40000), size 12845056, SharedBaseAddress: 0x0000000800000000, ArchiveRelocationMode: 0.
Compressed class space mapped at: 0x0000000801000000-0x0000000841000000, reserved size: 1073741824
Narrow klass base: 0x0000000800000000, Narrow klass shift: 0, Narrow klass range: 0x100000000

GC Precious Log:
 CardTable entry size: 512
 Card Set container configuration: InlinePtr #cards 5 size 8 Array Of Cards #cards 12 size 40 Howl #buckets 4 coarsen threshold 1843 Howl Bitmap #cards 512 size 80 coarsen threshold 460 Card regions per heap region 1 cards per card region 2048
 CPUs: 8 total, 8 available
 Memory: 7934M
 Large Page Support: Disabled
 NUMA Support: Disabled
 Compressed Oops: Enabled (32-bit)
 Heap Region Size: 1M
 Heap Min Capacity: 8M
 Heap Initial Capacity: 124M
 Heap Max Capacity: 1984M
 Pre-touch: Disabled
 Parallel Workers: 8
 Concurrent Workers: 2
 Concurrent Refinement Workers: 8
 Periodic GC: Disabled

Heap:
 garbage-first heap   total 161792K, used 54509K [0x0000000084000000, 0x0000000100000000)
  region size 1024K, 1 young (1024K), 1 survivors (1024K)
 Metaspace       used 72676K, committed 73408K, reserved 1114112K
  class space    used 10266K, committed 10624K, reserved 1048576K

Heap Regions: E=young(eden), S=young(survivor), O=old, HS=humongous(starts), HC=humongous(continues), CS=collection set, F=free, OA=open archive, CA=closed archive, TAMS=top-at-mark-start (previous, next)
|   0|0x0000000084000000, 0x0000000084100000, 0x0000000084100000|100%|HS|  |TAMS 0x0000000084100000, 0x0000000084000000| Complete 
|   1|0x0000000084100000, 0x0000000084200000, 0x0000000084200000|100%| O|  |TAMS 0x0000000084200000, 0x0000000084100000| Untracked 
|   2|0x0000000084200000, 0x0000000084300000, 0x0000000084300000|100%| O|  |TAMS 0x0000000084300000, 0x0000000084200000| Untracked 
|   3|0x0000000084300000, 0x0000000084400000, 0x0000000084400000|100%| O|  |TAMS 0x0000000084400000, 0x0000000084300000| Untracked 
|   4|0x0000000084400000, 0x0000000084500000, 0x0000000084500000|100%| O|  |TAMS 0x0000000084500000, 0x0000000084400000| Untracked 
|   5|0x0000000084500000, 0x0000000084600000, 0x0000000084600000|100%| O|  |TAMS 0x0000000084600000, 0x0000000084500000| Untracked 
|   6|0x0000000084600000, 0x0000000084700000, 0x0000000084700000|100%| O|  |TAMS 0x0000000084700000, 0x0000000084600000| Untracked 
|   7|0x0000000084700000, 0x0000000084800000, 0x0000000084800000|100%| O|  |TAMS 0x0000000084800000, 0x0000000084700000| Untracked 
|   8|0x0000000084800000, 0x0000000084900000, 0x0000000084900000|100%| O|  |TAMS 0x0000000084900000, 0x0000000084800000| Untracked 
|   9|0x0000000084900000, 0x0000000084a00000, 0x0000000084a00000|100%| O|  |TAMS 0x0000000084a00000, 0x0000000084900000| Untracked 
|  10|0x0000000084a00000, 0x0000000084b00000, 0x0000000084b00000|100%| O|  |TAMS 0x0000000084b00000, 0x0000000084a00000| Untracked 
|  11|0x0000000084b00000, 0x0000000084c00000, 0x0000000084c00000|100%| O|  |TAMS 0x0000000084c00000, 0x0000000084b00000| Untracked 
|  12|0x0000000084c00000, 0x0000000084d00000, 0x0000000084d00000|100%| O|  |TAMS 0x0000000084d00000, 0x0000000084c00000| Untracked 
|  13|0x0000000084d00000, 0x0000000084e00000, 0x0000000084e00000|100%| O|  |TAMS 0x0000000084e00000, 0x0000000084d00000| Untracked 
|  14|0x0000000084e00000, 0x0000000084f00000, 0x0000000084f00000|100%| O|  |TAMS 0x0000000084f00000, 0x0000000084e00000| Untracked 
|  15|0x0000000084f00000, 0x0000000085000000, 0x0000000085000000|100%| O|  |TAMS 0x0000000085000000, 0x0000000084f00000| Untracked 
|  16|0x0000000085000000, 0x0000000085100000, 0x0000000085100000|100%| O|  |TAMS 0x0000000085100000, 0x0000000085000000| Untracked 
|  17|0x0000000085100000, 0x0000000085200000, 0x0000000085200000|100%| O|  |TAMS 0x0000000085200000, 0x0000000085100000| Untracked 
|  18|0x0000000085200000, 0x0000000085300000, 0x0000000085300000|100%| O|  |TAMS 0x0000000085300000, 0x0000000085200000| Untracked 
|  19|0x0000000085300000, 0x0000000085400000, 0x0000000085400000|100%| O|  |TAMS 0x0000000085400000, 0x0000000085300000| Untracked 
|  20|0x0000000085400000, 0x0000000085500000, 0x0000000085500000|100%| O|  |TAMS 0x0000000085500000, 0x0000000085400000| Untracked 
|  21|0x0000000085500000, 0x0000000085600000, 0x0000000085600000|100%| O|  |TAMS 0x0000000085600000, 0x0000000085500000| Untracked 
|  22|0x0000000085600000, 0x0000000085700000, 0x0000000085700000|100%| O|  |TAMS 0x0000000085700000, 0x0000000085600000| Untracked 
|  23|0x0000000085700000, 0x0000000085800000, 0x0000000085800000|100%| O|  |TAMS 0x0000000085800000, 0x0000000085700000| Untracked 
|  24|0x0000000085800000, 0x0000000085900000, 0x0000000085900000|100%| O|  |TAMS 0x0000000085900000, 0x0000000085800000| Untracked 
|  25|0x0000000085900000, 0x0000000085a00000, 0x0000000085a00000|100%| O|  |TAMS 0x0000000085a00000, 0x0000000085900000| Untracked 
|  26|0x0000000085a00000, 0x0000000085b00000, 0x0000000085b00000|100%| O|  |TAMS 0x0000000085b00000, 0x0000000085a00000| Untracked 
|  27|0x0000000085b00000, 0x0000000085c00000, 0x0000000085c00000|100%| O|  |TAMS 0x0000000085c00000, 0x0000000085b00000| Untracked 
|  28|0x0000000085c00000, 0x0000000085d00000, 0x0000000085d00000|100%| O|  |TAMS 0x0000000085d00000, 0x0000000085c00000| Untracked 
|  29|0x0000000085d00000, 0x0000000085e00000, 0x0000000085e00000|100%| O|  |TAMS 0x0000000085e00000, 0x0000000085d00000| Untracked 
|  30|0x0000000085e00000, 0x0000000085f00000, 0x0000000085f00000|100%| O|  |TAMS 0x0000000085f00000, 0x0000000085e00000| Untracked 
|  31|0x0000000085f00000, 0x0000000086000000, 0x0000000086000000|100%| O|  |TAMS 0x0000000086000000, 0x0000000085f00000| Untracked 
|  32|0x0000000086000000, 0x0000000086100000, 0x0000000086100000|100%| O|  |TAMS 0x0000000086100000, 0x0000000086000000| Untracked 
|  33|0x0000000086100000, 0x0000000086200000, 0x0000000086200000|100%| O|  |TAMS 0x0000000086200000, 0x0000000086100000| Untracked 
|  34|0x0000000086200000, 0x0000000086300000, 0x0000000086300000|100%| O|  |TAMS 0x0000000086300000, 0x0000000086200000| Untracked 
|  35|0x0000000086300000, 0x0000000086400000, 0x0000000086400000|100%| O|  |TAMS 0x0000000086400000, 0x0000000086300000| Untracked 
|  36|0x0000000086400000, 0x0000000086500000, 0x0000000086500000|100%| O|  |TAMS 0x0000000086500000, 0x0000000086400000| Untracked 
|  37|0x0000000086500000, 0x0000000086600000, 0x0000000086600000|100%| O|  |TAMS 0x0000000086500000, 0x0000000086500000| Untracked 
|  38|0x0000000086600000, 0x0000000086600000, 0x0000000086700000|  0%| F|  |TAMS 0x0000000086600000, 0x0000000086600000| Untracked 
|  39|0x0000000086700000, 0x0000000086800000, 0x0000000086800000|100%| O|  |TAMS 0x0000000086800000, 0x0000000086700000| Untracked 
|  40|0x0000000086800000, 0x0000000086900000, 0x0000000086900000|100%| O|  |TAMS 0x0000000086900000, 0x0000000086800000| Untracked 
|  41|0x0000000086900000, 0x0000000086a00000, 0x0000000086a00000|100%| O|  |TAMS 0x0000000086900000, 0x0000000086900000| Untracked 
|  42|0x0000000086a00000, 0x0000000086b00000, 0x0000000086b00000|100%| O|  |TAMS 0x0000000086b00000, 0x0000000086a00000| Untracked 
|  43|0x0000000086b00000, 0x0000000086c00000, 0x0000000086c00000|100%| O|  |TAMS 0x0000000086c00000, 0x0000000086b00000| Untracked 
|  44|0x0000000086c00000, 0x0000000086d00000, 0x0000000086d00000|100%| O|  |TAMS 0x0000000086d00000, 0x0000000086c00000| Untracked 
|  45|0x0000000086d00000, 0x0000000086d00000, 0x0000000086e00000|  0%| F|  |TAMS 0x0000000086d00000, 0x0000000086d00000| Untracked 
|  46|0x0000000086e00000, 0x0000000086e00000, 0x0000000086f00000|  0%| F|  |TAMS 0x0000000086e00000, 0x0000000086e00000| Untracked 
|  47|0x0000000086f00000, 0x0000000087000000, 0x0000000087000000|100%| O|  |TAMS 0x0000000087000000, 0x0000000086f00000| Untracked 
|  48|0x0000000087000000, 0x0000000087100000, 0x0000000087100000|100%| O|  |TAMS 0x0000000087100000, 0x0000000087000000| Untracked 
|  49|0x0000000087100000, 0x0000000087200000, 0x0000000087200000|100%| O|  |TAMS 0x0000000087116800, 0x0000000087100000| Untracked 
|  50|0x0000000087200000, 0x0000000087300000, 0x0000000087300000|100%| O|  |TAMS 0x0000000087200000, 0x0000000087200000| Untracked 
|  51|0x0000000087300000, 0x0000000087400000, 0x0000000087400000|100%| O|  |TAMS 0x0000000087300000, 0x0000000087300000| Untracked 
|  52|0x0000000087400000, 0x0000000087500000, 0x0000000087500000|100%| O|  |TAMS 0x0000000087400000, 0x0000000087400000| Untracked 
|  53|0x0000000087500000, 0x0000000087600000, 0x0000000087600000|100%| O|  |TAMS 0x0000000087500000, 0x0000000087500000| Untracked 
|  54|0x0000000087600000, 0x0000000087700000, 0x0000000087700000|100%| O|  |TAMS 0x0000000087600000, 0x0000000087600000| Untracked 
|  55|0x0000000087700000, 0x000000008773b608, 0x0000000087800000| 23%| O|  |TAMS 0x0000000087700000, 0x0000000087700000| Untracked 
|  56|0x0000000087800000, 0x0000000087800000, 0x0000000087900000|  0%| F|  |TAMS 0x0000000087800000, 0x0000000087800000| Untracked 
|  57|0x0000000087900000, 0x0000000087900000, 0x0000000087a00000|  0%| F|  |TAMS 0x0000000087900000, 0x0000000087900000| Untracked 
|  58|0x0000000087a00000, 0x0000000087a00000, 0x0000000087b00000|  0%| F|  |TAMS 0x0000000087a00000, 0x0000000087a00000| Untracked 
|  59|0x0000000087b00000, 0x0000000087b00000, 0x0000000087c00000|  0%| F|  |TAMS 0x0000000087b00000, 0x0000000087b00000| Untracked 
|  60|0x0000000087c00000, 0x0000000087c00000, 0x0000000087d00000|  0%| F|  |TAMS 0x0000000087c00000, 0x0000000087c00000| Untracked 
|  61|0x0000000087d00000, 0x0000000087d00000, 0x0000000087e00000|  0%| F|  |TAMS 0x0000000087d00000, 0x0000000087d00000| Untracked 
|  62|0x0000000087e00000, 0x0000000087e00000, 0x0000000087f00000|  0%| F|  |TAMS 0x0000000087e00000, 0x0000000087e00000| Untracked 
|  63|0x0000000087f00000, 0x0000000087f00000, 0x0000000088000000|  0%| F|  |TAMS 0x0000000087f00000, 0x0000000087f00000| Untracked 
|  64|0x0000000088000000, 0x0000000088000000, 0x0000000088100000|  0%| F|  |TAMS 0x0000000088000000, 0x0000000088000000| Untracked 
|  65|0x0000000088100000, 0x0000000088100000, 0x0000000088200000|  0%| F|  |TAMS 0x0000000088100000, 0x0000000088100000| Untracked 
|  66|0x0000000088200000, 0x0000000088200000, 0x0000000088300000|  0%| F|  |TAMS 0x0000000088200000, 0x0000000088200000| Untracked 
|  67|0x0000000088300000, 0x0000000088300000, 0x0000000088400000|  0%| F|  |TAMS 0x0000000088300000, 0x0000000088300000| Untracked 
|  68|0x0000000088400000, 0x0000000088400000, 0x0000000088500000|  0%| F|  |TAMS 0x0000000088400000, 0x0000000088400000| Untracked 
|  69|0x0000000088500000, 0x0000000088500000, 0x0000000088600000|  0%| F|  |TAMS 0x0000000088500000, 0x0000000088500000| Untracked 
|  70|0x0000000088600000, 0x0000000088600000, 0x0000000088700000|  0%| F|  |TAMS 0x0000000088600000, 0x0000000088600000| Untracked 
|  71|0x0000000088700000, 0x0000000088700000, 0x0000000088800000|  0%| F|  |TAMS 0x0000000088700000, 0x0000000088700000| Untracked 
|  72|0x0000000088800000, 0x0000000088800000, 0x0000000088900000|  0%| F|  |TAMS 0x0000000088800000, 0x0000000088800000| Untracked 
|  73|0x0000000088900000, 0x0000000088900000, 0x0000000088a00000|  0%| F|  |TAMS 0x0000000088900000, 0x0000000088900000| Untracked 
|  74|0x0000000088a00000, 0x0000000088a00000, 0x0000000088b00000|  0%| F|  |TAMS 0x0000000088a00000, 0x0000000088a00000| Untracked 
|  75|0x0000000088b00000, 0x0000000088b00000, 0x0000000088c00000|  0%| F|  |TAMS 0x0000000088b00000, 0x0000000088b00000| Untracked 
|  76|0x0000000088c00000, 0x0000000088c00000, 0x0000000088d00000|  0%| F|  |TAMS 0x0000000088c00000, 0x0000000088c00000| Untracked 
|  77|0x0000000088d00000, 0x0000000088d00000, 0x0000000088e00000|  0%| F|  |TAMS 0x0000000088d00000, 0x0000000088d00000| Untracked 
|  78|0x0000000088e00000, 0x0000000088e00000, 0x0000000088f00000|  0%| F|  |TAMS 0x0000000088e00000, 0x0000000088e00000| Untracked 
|  79|0x0000000088f00000, 0x0000000088f00000, 0x0000000089000000|  0%| F|  |TAMS 0x0000000088f00000, 0x0000000088f00000| Untracked 
|  80|0x0000000089000000, 0x0000000089000000, 0x0000000089100000|  0%| F|  |TAMS 0x0000000089000000, 0x0000000089000000| Untracked 
|  81|0x0000000089100000, 0x0000000089100000, 0x0000000089200000|  0%| F|  |TAMS 0x0000000089100000, 0x0000000089100000| Untracked 
|  82|0x0000000089200000, 0x0000000089200000, 0x0000000089300000|  0%| F|  |TAMS 0x0000000089200000, 0x0000000089200000| Untracked 
|  83|0x0000000089300000, 0x0000000089300000, 0x0000000089400000|  0%| F|  |TAMS 0x0000000089300000, 0x0000000089300000| Untracked 
|  84|0x0000000089400000, 0x0000000089400000, 0x0000000089500000|  0%| F|  |TAMS 0x0000000089400000, 0x0000000089400000| Untracked 
|  85|0x0000000089500000, 0x0000000089500000, 0x0000000089600000|  0%| F|  |TAMS 0x0000000089500000, 0x0000000089500000| Untracked 
|  86|0x0000000089600000, 0x0000000089600000, 0x0000000089700000|  0%| F|  |TAMS 0x0000000089600000, 0x0000000089600000| Untracked 
|  87|0x0000000089700000, 0x0000000089700000, 0x0000000089800000|  0%| F|  |TAMS 0x0000000089700000, 0x0000000089700000| Untracked 
|  88|0x0000000089800000, 0x0000000089800000, 0x0000000089900000|  0%| F|  |TAMS 0x0000000089800000, 0x0000000089800000| Untracked 
|  89|0x0000000089900000, 0x0000000089900000, 0x0000000089a00000|  0%| F|  |TAMS 0x0000000089900000, 0x0000000089900000| Untracked 
|  90|0x0000000089a00000, 0x0000000089a00000, 0x0000000089b00000|  0%| F|  |TAMS 0x0000000089a00000, 0x0000000089a00000| Untracked 
|  91|0x0000000089b00000, 0x0000000089b00000, 0x0000000089c00000|  0%| F|  |TAMS 0x0000000089b00000, 0x0000000089b00000| Untracked 
|  92|0x0000000089c00000, 0x0000000089c00000, 0x0000000089d00000|  0%| F|  |TAMS 0x0000000089c00000, 0x0000000089c00000| Untracked 
|  93|0x0000000089d00000, 0x0000000089d00000, 0x0000000089e00000|  0%| F|  |TAMS 0x0000000089d00000, 0x0000000089d00000| Untracked 
|  94|0x0000000089e00000, 0x0000000089e00000, 0x0000000089f00000|  0%| F|  |TAMS 0x0000000089e00000, 0x0000000089e00000| Untracked 
|  95|0x0000000089f00000, 0x0000000089f00000, 0x000000008a000000|  0%| F|  |TAMS 0x0000000089f00000, 0x0000000089f00000| Untracked 
|  96|0x000000008a000000, 0x000000008a000000, 0x000000008a100000|  0%| F|  |TAMS 0x000000008a000000, 0x000000008a000000| Untracked 
|  97|0x000000008a100000, 0x000000008a100000, 0x000000008a200000|  0%| F|  |TAMS 0x000000008a100000, 0x000000008a100000| Untracked 
|  98|0x000000008a200000, 0x000000008a200000, 0x000000008a300000|  0%| F|  |TAMS 0x000000008a200000, 0x000000008a200000| Untracked 
|  99|0x000000008a300000, 0x000000008a300000, 0x000000008a400000|  0%| F|  |TAMS 0x000000008a300000, 0x000000008a300000| Untracked 
| 100|0x000000008a400000, 0x000000008a400000, 0x000000008a500000|  0%| F|  |TAMS 0x000000008a400000, 0x000000008a400000| Untracked 
| 101|0x000000008a500000, 0x000000008a500000, 0x000000008a600000|  0%| F|  |TAMS 0x000000008a500000, 0x000000008a500000| Untracked 
| 102|0x000000008a600000, 0x000000008a600000, 0x000000008a700000|  0%| F|  |TAMS 0x000000008a600000, 0x000000008a600000| Untracked 
| 103|0x000000008a700000, 0x000000008a700000, 0x000000008a800000|  0%| F|  |TAMS 0x000000008a700000, 0x000000008a700000| Untracked 
| 104|0x000000008a800000, 0x000000008a800000, 0x000000008a900000|  0%| F|  |TAMS 0x000000008a800000, 0x000000008a800000| Untracked 
| 105|0x000000008a900000, 0x000000008a900000, 0x000000008aa00000|  0%| F|  |TAMS 0x000000008a900000, 0x000000008a900000| Untracked 
| 106|0x000000008aa00000, 0x000000008aa00000, 0x000000008ab00000|  0%| F|  |TAMS 0x000000008aa00000, 0x000000008aa00000| Untracked 
| 107|0x000000008ab00000, 0x000000008ab00000, 0x000000008ac00000|  0%| F|  |TAMS 0x000000008ab00000, 0x000000008ab00000| Untracked 
| 108|0x000000008ac00000, 0x000000008ac00000, 0x000000008ad00000|  0%| F|  |TAMS 0x000000008ac00000, 0x000000008ac00000| Untracked 
| 109|0x000000008ad00000, 0x000000008ad00000, 0x000000008ae00000|  0%| F|  |TAMS 0x000000008ad00000, 0x000000008ad00000| Untracked 
| 110|0x000000008ae00000, 0x000000008ae00000, 0x000000008af00000|  0%| F|  |TAMS 0x000000008ae00000, 0x000000008ae00000| Untracked 
| 111|0x000000008af00000, 0x000000008af00000, 0x000000008b000000|  0%| F|  |TAMS 0x000000008af00000, 0x000000008af00000| Untracked 
| 112|0x000000008b000000, 0x000000008b000000, 0x000000008b100000|  0%| F|  |TAMS 0x000000008b000000, 0x000000008b000000| Untracked 
| 113|0x000000008b100000, 0x000000008b100000, 0x000000008b200000|  0%| F|  |TAMS 0x000000008b100000, 0x000000008b100000| Untracked 
| 114|0x000000008b200000, 0x000000008b200000, 0x000000008b300000|  0%| F|  |TAMS 0x000000008b200000, 0x000000008b200000| Untracked 
| 115|0x000000008b300000, 0x000000008b300000, 0x000000008b400000|  0%| F|  |TAMS 0x000000008b300000, 0x000000008b300000| Untracked 
| 116|0x000000008b400000, 0x000000008b400000, 0x000000008b500000|  0%| F|  |TAMS 0x000000008b400000, 0x000000008b400000| Untracked 
| 117|0x000000008b500000, 0x000000008b500000, 0x000000008b600000|  0%| F|  |TAMS 0x000000008b500000, 0x000000008b500000| Untracked 
| 118|0x000000008b600000, 0x000000008b600000, 0x000000008b700000|  0%| F|  |TAMS 0x000000008b600000, 0x000000008b600000| Untracked 
| 119|0x000000008b700000, 0x000000008b700000, 0x000000008b800000|  0%| F|  |TAMS 0x000000008b700000, 0x000000008b700000| Untracked 
| 120|0x000000008b800000, 0x000000008b800000, 0x000000008b900000|  0%| F|  |TAMS 0x000000008b800000, 0x000000008b800000| Untracked 
| 121|0x000000008b900000, 0x000000008b900000, 0x000000008ba00000|  0%| F|  |TAMS 0x000000008b900000, 0x000000008b900000| Untracked 
| 122|0x000000008ba00000, 0x000000008ba00000, 0x000000008bb00000|  0%| F|  |TAMS 0x000000008ba00000, 0x000000008ba00000| Untracked 
| 123|0x000000008bb00000, 0x000000008bb00000, 0x000000008bc00000|  0%| F|  |TAMS 0x000000008bb00000, 0x000000008bb00000| Untracked 
| 124|0x000000008bc00000, 0x000000008bc00000, 0x000000008bd00000|  0%| F|  |TAMS 0x000000008bc00000, 0x000000008bc00000| Untracked 
| 125|0x000000008bd00000, 0x000000008bd00000, 0x000000008be00000|  0%| F|  |TAMS 0x000000008bd00000, 0x000000008bd00000| Untracked 
| 126|0x000000008be00000, 0x000000008be00000, 0x000000008bf00000|  0%| F|  |TAMS 0x000000008be00000, 0x000000008be00000| Untracked 
| 127|0x000000008bf00000, 0x000000008bf00000, 0x000000008c000000|  0%| F|  |TAMS 0x000000008bf00000, 0x000000008bf00000| Untracked 
| 128|0x000000008c000000, 0x000000008c000000, 0x000000008c100000|  0%| F|  |TAMS 0x000000008c000000, 0x000000008c000000| Untracked 
| 129|0x000000008c100000, 0x000000008c100000, 0x000000008c200000|  0%| F|  |TAMS 0x000000008c100000, 0x000000008c100000| Untracked 
| 130|0x000000008c200000, 0x000000008c200000, 0x000000008c300000|  0%| F|  |TAMS 0x000000008c200000, 0x000000008c200000| Untracked 
| 131|0x000000008c300000, 0x000000008c300000, 0x000000008c400000|  0%| F|  |TAMS 0x000000008c300000, 0x000000008c300000| Untracked 
| 132|0x000000008c400000, 0x000000008c400000, 0x000000008c500000|  0%| F|  |TAMS 0x000000008c400000, 0x000000008c400000| Untracked 
| 133|0x000000008c500000, 0x000000008c500000, 0x000000008c600000|  0%| F|  |TAMS 0x000000008c500000, 0x000000008c500000| Untracked 
| 134|0x000000008c600000, 0x000000008c600000, 0x000000008c700000|  0%| F|  |TAMS 0x000000008c600000, 0x000000008c600000| Untracked 
| 135|0x000000008c700000, 0x000000008c700000, 0x000000008c800000|  0%| F|  |TAMS 0x000000008c700000, 0x000000008c700000| Untracked 
| 136|0x000000008c800000, 0x000000008c800000, 0x000000008c900000|  0%| F|  |TAMS 0x000000008c800000, 0x000000008c800000| Untracked 
| 137|0x000000008c900000, 0x000000008c900000, 0x000000008ca00000|  0%| F|  |TAMS 0x000000008c900000, 0x000000008c900000| Untracked 
| 138|0x000000008ca00000, 0x000000008ca00000, 0x000000008cb00000|  0%| F|  |TAMS 0x000000008ca00000, 0x000000008ca00000| Untracked 
| 139|0x000000008cb00000, 0x000000008cb00000, 0x000000008cc00000|  0%| F|  |TAMS 0x000000008cb00000, 0x000000008cb00000| Untracked 
| 140|0x000000008cc00000, 0x000000008cc00000, 0x000000008cd00000|  0%| F|  |TAMS 0x000000008cc00000, 0x000000008cc00000| Untracked 
| 141|0x000000008cd00000, 0x000000008cd00000, 0x000000008ce00000|  0%| F|  |TAMS 0x000000008cd00000, 0x000000008cd00000| Untracked 
| 142|0x000000008ce00000, 0x000000008ce00000, 0x000000008cf00000|  0%| F|  |TAMS 0x000000008ce00000, 0x000000008ce00000| Untracked 
| 143|0x000000008cf00000, 0x000000008cf00000, 0x000000008d000000|  0%| F|  |TAMS 0x000000008cf00000, 0x000000008cf00000| Untracked 
| 144|0x000000008d000000, 0x000000008d000000, 0x000000008d100000|  0%| F|  |TAMS 0x000000008d000000, 0x000000008d000000| Untracked 
| 145|0x000000008d100000, 0x000000008d100000, 0x000000008d200000|  0%| F|  |TAMS 0x000000008d100000, 0x000000008d100000| Untracked 
| 146|0x000000008d200000, 0x000000008d200000, 0x000000008d300000|  0%| F|  |TAMS 0x000000008d200000, 0x000000008d200000| Untracked 
| 147|0x000000008d300000, 0x000000008d300000, 0x000000008d400000|  0%| F|  |TAMS 0x000000008d300000, 0x000000008d300000| Untracked 
| 148|0x000000008d400000, 0x000000008d400000, 0x000000008d500000|  0%| F|  |TAMS 0x000000008d400000, 0x000000008d400000| Untracked 
| 149|0x000000008d500000, 0x000000008d500000, 0x000000008d600000|  0%| F|  |TAMS 0x000000008d500000, 0x000000008d500000| Untracked 
| 150|0x000000008d600000, 0x000000008d600000, 0x000000008d700000|  0%| F|  |TAMS 0x000000008d600000, 0x000000008d600000| Untracked 
| 151|0x000000008d700000, 0x000000008d700000, 0x000000008d800000|  0%| F|  |TAMS 0x000000008d700000, 0x000000008d700000| Untracked 
| 152|0x000000008d800000, 0x000000008d800000, 0x000000008d900000|  0%| F|  |TAMS 0x000000008d800000, 0x000000008d800000| Untracked 
| 153|0x000000008d900000, 0x000000008d900000, 0x000000008da00000|  0%| F|  |TAMS 0x000000008d900000, 0x000000008d900000| Untracked 
| 154|0x000000008da00000, 0x000000008db00000, 0x000000008db00000|100%| S|CS|TAMS 0x000000008da00000, 0x000000008da00000| Complete 
| 155|0x000000008db00000, 0x000000008db00000, 0x000000008dc00000|  0%| F|  |TAMS 0x000000008db00000, 0x000000008db00000| Untracked 
| 156|0x000000008dc00000, 0x000000008dc00000, 0x000000008dd00000|  0%| F|  |TAMS 0x000000008dc00000, 0x000000008dc00000| Untracked 
| 157|0x000000008dd00000, 0x000000008dd00000, 0x000000008de00000|  0%| F|  |TAMS 0x000000008dd00000, 0x000000008dd00000| Untracked 

Card table byte_map: [0x00000283e1df0000,0x00000283e21d0000] _byte_map_base: 0x00000283e19d0000

Marking Bits (Prev, Next): (CMBitMap*) 0x00000283d6a11260, (CMBitMap*) 0x00000283d6a112a0
 Prev Bits: [0x00000283e25b0000, 0x00000283e44b0000)
 Next Bits: [0x00000283e44b0000, 0x00000283e63b0000)

Polling page: 0x00000283d4910000

Metaspace:

Usage:
  Non-class:     60.95 MB used.
      Class:     10.03 MB used.
       Both:     70.97 MB used.

Virtual space:
  Non-class space:       64.00 MB reserved,      61.31 MB ( 96%) committed,  1 nodes.
      Class space:        1.00 GB reserved,      10.38 MB (  1%) committed,  1 nodes.
             Both:        1.06 GB reserved,      71.69 MB (  7%) committed. 

Chunk freelists:
   Non-Class:  1.76 MB
       Class:  1.47 MB
        Both:  3.23 MB

MaxMetaspaceSize: unlimited
CompressedClassSpaceSize: 1.00 GB
Initial GC threshold: 21.00 MB
Current GC threshold: 119.50 MB
CDS: on
MetaspaceReclaimPolicy: balanced
 - commit_granule_bytes: 65536.
 - commit_granule_words: 8192.
 - virtual_space_node_default_size: 8388608.
 - enlarge_chunks_in_place: 1.
 - new_chunks_are_fully_committed: 0.
 - uncommit_free_chunks: 1.
 - use_allocation_guard: 0.


Internal statistics:

num_allocs_failed_limit: 9.
num_arena_births: 1066.
num_arena_deaths: 0.
num_vsnodes_births: 2.
num_vsnodes_deaths: 0.
num_space_committed: 1147.
num_space_uncommitted: 0.
num_chunks_returned_to_freelist: 9.
num_chunks_taken_from_freelist: 3408.
num_chunk_merges: 6.
num_chunk_splits: 2580.
num_chunks_enlarged: 2084.
num_inconsistent_stats: 0.

CodeCache: size=49152Kb used=14662Kb max_used=16284Kb free=34489Kb
 bounds [0x00000283de900000, 0x00000283df8f0000, 0x00000283e1900000]
 total_blobs=9154 nmethods=8426 adapters=652
 compilation: enabled
              stopped_count=0, restarted_count=0
 full_count=0

Compilation events (20 events):
Event: 16.299 Thread 0x00000283e8df8a20 8417       1       sun.rmi.server.MarshalInputStream::readLocation (5 bytes)
Event: 16.299 Thread 0x00000283e8df8a20 nmethod 8417 0x00000283decdff90 code [0x00000283dece0140, 0x00000283dece0228]
Event: 16.299 Thread 0x00000283e8df8a20 8418       1       java.rmi.server.RMIClassLoader::loadClass (10 bytes)
Event: 16.299 Thread 0x00000283e8df8a20 nmethod 8418 0x00000283decdfc90 code [0x00000283decdfe20, 0x00000283decdfee8]
Event: 16.492 Thread 0x00000283e8df8a20 8419       1       java.io.ObjectInputFilter$Config::getSerialFilterFactory (21 bytes)
Event: 16.493 Thread 0x00000283e8df8a20 nmethod 8419 0x00000283decdf890 code [0x00000283decdfa40, 0x00000283decdfba8]
Event: 16.493 Thread 0x00000283e8df8a20 8420       1       java.io.ObjectInputFilter$Config$BuiltinFilterFactory::apply (13 bytes)
Event: 16.493 Thread 0x00000283e8df8a20 nmethod 8420 0x00000283decdf090 code [0x00000283decdf260, 0x00000283decdf6b8]
Event: 16.493 Thread 0x00000283e8df8a20 8421       1       java.io.ObjectInputFilter$Config$BuiltinFilterFactory::apply (19 bytes)
Event: 16.494 Thread 0x00000283e8df8a20 nmethod 8421 0x00000283decde910 code [0x00000283decdeae0, 0x00000283decdee78]
Event: 16.494 Thread 0x00000283e8df8a20 8422       1       java.io.ObjectInputFilter$Config::traceFilter (14 bytes)
Event: 16.494 Thread 0x00000283e8df8a20 nmethod 8422 0x00000283decde510 code [0x00000283decde6c0, 0x00000283decde7d8]
Event: 16.494 Thread 0x00000283e8df8a20 8423       1       sun.util.logging.internal.LoggingProviderImpl$JULWrapper::log (14 bytes)
Event: 16.494 Thread 0x00000283e8df8a20 nmethod 8423 0x00000283decddf10 code [0x00000283decde0e0, 0x00000283decde348]
Event: 16.494 Thread 0x00000283e8df8a20 8424       1       java.util.logging.Logger::log (33 bytes)
Event: 16.494 Thread 0x00000283e8df8a20 nmethod 8424 0x00000283decdd990 code [0x00000283decddb40, 0x00000283decddd78]
Event: 16.494 Thread 0x00000283e8df8a20 8425       1       java.io.DataInputStream::readLong (128 bytes)
Event: 16.495 Thread 0x00000283e8df8a20 nmethod 8425 0x00000283decdd510 code [0x00000283decdd6c0, 0x00000283decdd888]
Event: 16.497 Thread 0x00000283e8df8a20 8426       1       org.antlr.v4.runtime.atn.PredictionMode::hasStateAssociatedWithOneAlt (51 bytes)
Event: 16.497 Thread 0x00000283e8df8a20 nmethod 8426 0x00000283decdce90 code [0x00000283decdd080, 0x00000283decdd318]

GC Heap History (20 events):
Event: 13.711 GC heap after
{Heap after GC invocations=27 (full 0):
 garbage-first heap   total 70656K, used 37813K [0x0000000084000000, 0x0000000100000000)
  region size 1024K, 1 young (1024K), 1 survivors (1024K)
 Metaspace       used 72373K, committed 73152K, reserved 1114112K
  class space    used 10199K, committed 10560K, reserved 1048576K
}
Event: 13.767 GC heap before
{Heap before GC invocations=27 (full 0):
 garbage-first heap   total 70656K, used 57269K [0x0000000084000000, 0x0000000100000000)
  region size 1024K, 20 young (20480K), 1 survivors (1024K)
 Metaspace       used 72385K, committed 73152K, reserved 1114112K
  class space    used 10201K, committed 10560K, reserved 1048576K
}
Event: 13.769 GC heap after
{Heap after GC invocations=28 (full 0):
 garbage-first heap   total 70656K, used 40672K [0x0000000084000000, 0x0000000100000000)
  region size 1024K, 3 young (3072K), 3 survivors (3072K)
 Metaspace       used 72385K, committed 73152K, reserved 1114112K
  class space    used 10201K, committed 10560K, reserved 1048576K
}
Event: 13.814 GC heap before
{Heap before GC invocations=28 (full 0):
 garbage-first heap   total 70656K, used 57056K [0x0000000084000000, 0x0000000100000000)
  region size 1024K, 19 young (19456K), 3 survivors (3072K)
 Metaspace       used 72386K, committed 73152K, reserved 1114112K
  class space    used 10201K, committed 10560K, reserved 1048576K
}
Event: 13.817 GC heap after
{Heap after GC invocations=29 (full 0):
 garbage-first heap   total 70656K, used 42483K [0x0000000084000000, 0x0000000100000000)
  region size 1024K, 2 young (2048K), 2 survivors (2048K)
 Metaspace       used 72386K, committed 73152K, reserved 1114112K
  class space    used 10201K, committed 10560K, reserved 1048576K
}
Event: 13.845 GC heap before
{Heap before GC invocations=29 (full 0):
 garbage-first heap   total 70656K, used 56819K [0x0000000084000000, 0x0000000100000000)
  region size 1024K, 16 young (16384K), 2 survivors (2048K)
 Metaspace       used 72386K, committed 73152K, reserved 1114112K
  class space    used 10201K, committed 10560K, reserved 1048576K
}
Event: 13.849 GC heap after
{Heap after GC invocations=30 (full 0):
 garbage-first heap   total 161792K, used 46001K [0x0000000084000000, 0x0000000100000000)
  region size 1024K, 2 young (2048K), 2 survivors (2048K)
 Metaspace       used 72386K, committed 73152K, reserved 1114112K
  class space    used 10201K, committed 10560K, reserved 1048576K
}
Event: 14.186 GC heap before
{Heap before GC invocations=31 (full 0):
 garbage-first heap   total 161792K, used 106417K [0x0000000084000000, 0x0000000100000000)
  region size 1024K, 61 young (62464K), 2 survivors (2048K)
 Metaspace       used 72518K, committed 73216K, reserved 1114112K
  class space    used 10235K, committed 10560K, reserved 1048576K
}
Event: 14.194 GC heap after
{Heap after GC invocations=32 (full 0):
 garbage-first heap   total 161792K, used 50191K [0x0000000084000000, 0x0000000100000000)
  region size 1024K, 7 young (7168K), 7 survivors (7168K)
 Metaspace       used 72518K, committed 73216K, reserved 1114112K
  class space    used 10235K, committed 10560K, reserved 1048576K
}
Event: 14.204 GC heap before
{Heap before GC invocations=32 (full 0):
 garbage-first heap   total 161792K, used 51215K [0x0000000084000000, 0x0000000100000000)
  region size 1024K, 8 young (8192K), 7 survivors (7168K)
 Metaspace       used 72518K, committed 73216K, reserved 1114112K
  class space    used 10235K, committed 10560K, reserved 1048576K
}
Event: 14.210 GC heap after
{Heap after GC invocations=33 (full 0):
 garbage-first heap   total 161792K, used 49971K [0x0000000084000000, 0x0000000100000000)
  region size 1024K, 1 young (1024K), 1 survivors (1024K)
 Metaspace       used 72518K, committed 73216K, reserved 1114112K
  class space    used 10235K, committed 10560K, reserved 1048576K
}
Event: 14.616 GC heap before
{Heap before GC invocations=33 (full 0):
 garbage-first heap   total 161792K, used 108339K [0x0000000084000000, 0x0000000100000000)
  region size 1024K, 59 young (60416K), 1 survivors (1024K)
 Metaspace       used 72653K, committed 73408K, reserved 1114112K
  class space    used 10264K, committed 10624K, reserved 1048576K
}
Event: 14.621 GC heap after
{Heap after GC invocations=34 (full 0):
 garbage-first heap   total 161792K, used 50760K [0x0000000084000000, 0x0000000100000000)
  region size 1024K, 2 young (2048K), 2 survivors (2048K)
 Metaspace       used 72653K, committed 73408K, reserved 1114112K
  class space    used 10264K, committed 10624K, reserved 1048576K
}
Event: 15.598 GC heap before
{Heap before GC invocations=34 (full 0):
 garbage-first heap   total 161792K, used 113224K [0x0000000084000000, 0x0000000100000000)
  region size 1024K, 63 young (64512K), 2 survivors (2048K)
 Metaspace       used 72672K, committed 73408K, reserved 1114112K
  class space    used 10266K, committed 10624K, reserved 1048576K
}
Event: 15.606 GC heap after
{Heap after GC invocations=35 (full 0):
 garbage-first heap   total 161792K, used 53298K [0x0000000084000000, 0x0000000100000000)
  region size 1024K, 4 young (4096K), 4 survivors (4096K)
 Metaspace       used 72672K, committed 73408K, reserved 1114112K
  class space    used 10266K, committed 10624K, reserved 1048576K
}
Event: 16.176 GC heap before
{Heap before GC invocations=35 (full 0):
 garbage-first heap   total 161792K, used 120882K [0x0000000084000000, 0x0000000100000000)
  region size 1024K, 70 young (71680K), 4 survivors (4096K)
 Metaspace       used 72673K, committed 73408K, reserved 1114112K
  class space    used 10266K, committed 10624K, reserved 1048576K
}
Event: 16.189 GC heap after
{Heap after GC invocations=36 (full 0):
 garbage-first heap   total 161792K, used 58329K [0x0000000084000000, 0x0000000100000000)
  region size 1024K, 9 young (9216K), 9 survivors (9216K)
 Metaspace       used 72673K, committed 73408K, reserved 1114112K
  class space    used 10266K, committed 10624K, reserved 1048576K
}
Event: 16.746 GC heap before
{Heap before GC invocations=37 (full 0):
 garbage-first heap   total 161792K, used 122841K [0x0000000084000000, 0x0000000100000000)
  region size 1024K, 73 young (74752K), 9 survivors (9216K)
 Metaspace       used 72676K, committed 73408K, reserved 1114112K
  class space    used 10266K, committed 10624K, reserved 1048576K
}
Event: 16.755 GC heap after
{Heap after GC invocations=38 (full 0):
 garbage-first heap   total 161792K, used 56540K [0x0000000084000000, 0x0000000100000000)
  region size 1024K, 4 young (4096K), 4 survivors (4096K)
 Metaspace       used 72676K, committed 73408K, reserved 1114112K
  class space    used 10266K, committed 10624K, reserved 1048576K
}
Event: 16.783 GC heap before
{Heap before GC invocations=38 (full 0):
 garbage-first heap   total 161792K, used 59612K [0x0000000084000000, 0x0000000100000000)
  region size 1024K, 7 young (7168K), 4 survivors (4096K)
 Metaspace       used 72676K, committed 73408K, reserved 1114112K
  class space    used 10266K, committed 10624K, reserved 1048576K
}

Dll operation events (14 events):
Event: 0.012 Loaded shared library C:\Program Files\Java\jdk-19\bin\java.dll
Event: 0.031 Loaded shared library C:\Program Files\Java\jdk-19\bin\jsvml.dll
Event: 0.257 Loaded shared library C:\Program Files\Java\jdk-19\bin\zip.dll
Event: 0.262 Loaded shared library C:\Program Files\Java\jdk-19\bin\instrument.dll
Event: 0.272 Loaded shared library C:\Program Files\Java\jdk-19\bin\net.dll
Event: 0.274 Loaded shared library C:\Program Files\Java\jdk-19\bin\nio.dll
Event: 0.278 Loaded shared library C:\Program Files\Java\jdk-19\bin\zip.dll
Event: 0.373 Loaded shared library C:\Program Files\Java\jdk-19\bin\jimage.dll
Event: 0.462 Loaded shared library D:\IntelliJ IDEA 2024.3.1.1\bin\breakgen64.dll
Event: 0.475 Loaded shared library C:\Program Files\Java\jdk-19\bin\extnet.dll
Event: 0.479 Loaded shared library C:\Program Files\Java\jdk-19\bin\management.dll
Event: 0.511 Loaded shared library C:\Program Files\Java\jdk-19\bin\management_ext.dll
Event: 1.100 Loaded shared library C:\Program Files\Java\jdk-19\bin\verify.dll
Event: 3.806 Loaded shared library C:\Program Files\Java\jdk-19\bin\sunmscapi.dll

Deoptimization events (14 events):
Event: 0.710 Thread 0x00000283e8df5bb0 DEOPT PACKING pc=0x00000283dec5ac55 sp=0x000000d85a6fd5f0
Event: 0.710 Thread 0x00000283e8df5bb0 DEOPT UNPACKING pc=0x00000283de96b0e3 sp=0x000000d85a6fcaa0 mode 3
Event: 0.737 Thread 0x00000283e8df5bb0 DEOPT PACKING pc=0x00000283decfe850 sp=0x000000d85a6fd5c0
Event: 0.737 Thread 0x00000283e8df5bb0 DEOPT UNPACKING pc=0x00000283de96b0e3 sp=0x000000d85a6fca78 mode 3
Event: 2.808 Thread 0x00000283ee5c2030 DEOPT PACKING pc=0x00000283def2a539 sp=0x000000d85befd280
Event: 2.808 Thread 0x00000283ee5c2030 DEOPT UNPACKING pc=0x00000283de96b0e3 sp=0x000000d85befc760 mode 3
Event: 7.005 Thread 0x00000283ee5c2030 DEOPT PACKING pc=0x00000283df2447b9 sp=0x000000d85befdce0
Event: 7.005 Thread 0x00000283ee5c2030 DEOPT UNPACKING pc=0x00000283de96b0e3 sp=0x000000d85befd1c0 mode 3
Event: 8.334 Thread 0x00000283ee5c2030 DEOPT PACKING pc=0x00000283df2c851d sp=0x000000d85befc420
Event: 8.334 Thread 0x00000283ee5c2030 DEOPT UNPACKING pc=0x00000283de96b0e3 sp=0x000000d85befb988 mode 3
Event: 12.679 Thread 0x00000283ee5c2030 DEOPT PACKING pc=0x00000283df763e3c sp=0x000000d85befb100
Event: 12.679 Thread 0x00000283ee5c2030 DEOPT UNPACKING pc=0x00000283de96b0e3 sp=0x000000d85befa658 mode 0
Event: 13.445 Thread 0x00000283ee5c2030 DEOPT PACKING pc=0x00000283defb593a sp=0x000000d85befcbb0
Event: 13.445 Thread 0x00000283ee5c2030 DEOPT UNPACKING pc=0x00000283de96b0e3 sp=0x000000d85befc0b8 mode 3

Classes loaded (20 events):
Event: 12.867 Loading class java/util/regex/Pattern$Behind
Event: 12.867 Loading class java/util/regex/Pattern$Behind done
Event: 12.961 Loading class java/io/InvalidClassException
Event: 12.961 Loading class java/io/InvalidClassException done
Event: 13.464 Loading class javax/net/ssl/SSLException
Event: 13.464 Loading class javax/net/ssl/SSLException done
Event: 13.474 Loading class java/nio/channels/CompletionHandler
Event: 13.474 Loading class java/nio/channels/CompletionHandler done
Event: 13.604 Loading class java/nio/StringCharBuffer
Event: 13.605 Loading class java/nio/StringCharBuffer done
Event: 13.605 Loading class javax/crypto/SecretKeyFactory
Event: 13.606 Loading class javax/crypto/SecretKeyFactory done
Event: 13.606 Loading class com/sun/crypto/provider/PBKDF2Core$HmacSHA256
Event: 13.606 Loading class com/sun/crypto/provider/PBKDF2Core
Event: 13.607 Loading class javax/crypto/SecretKeyFactorySpi
Event: 13.607 Loading class javax/crypto/SecretKeyFactorySpi done
Event: 13.607 Loading class com/sun/crypto/provider/PBKDF2Core done
Event: 13.607 Loading class com/sun/crypto/provider/PBKDF2Core$HmacSHA256 done
Event: 13.732 Loading class java/lang/invoke/MethodHandleImpl$CountingWrapper$1
Event: 13.732 Loading class java/lang/invoke/MethodHandleImpl$CountingWrapper$1 done

Classes unloaded (0 events):
No events

Classes redefined (0 events):
No events

Internal exceptions (20 events):
Event: 12.281 Thread 0x00000283ee5c2030 Exception <a 'java/lang/NoSuchMethodError'{0x00000000869f0f40}: 'void java.lang.invoke.DirectMethodHandle$Holder.invokeSpecial(java.lang.Object, java.lang.Object, int, java.lang.Object)'> (0x00000000869f0f40) 
thrown [s\open\src\hotspot\share\interpreter\linkResolver.cpp, line 774]
Event: 12.282 Thread 0x00000283ee5c2030 Exception <a 'java/lang/NoSuchMethodError'{0x00000000869f85c0}: 'java.lang.Object java.lang.invoke.DirectMethodHandle$Holder.newInvokeSpecial(java.lang.Object, java.lang.Object, int)'> (0x00000000869f85c0) 
thrown [s\open\src\hotspot\share\interpreter\linkResolver.cpp, line 774]
Event: 12.324 Thread 0x00000283ee5c2030 Exception <a 'java/lang/NoSuchMethodError'{0x000000008bb832d8}: 'java.lang.Object java.lang.invoke.DirectMethodHandle$Holder.newInvokeSpecial(java.lang.Object, java.lang.Object, java.lang.Object, java.lang.Object, java.lang.Object, int, java.lang.Object)'> (0x000000008bb832d8) 
thrown [s\open\src\hotspot\share\interpreter\linkResolver.cpp, line 774]
Event: 12.327 Thread 0x00000283ee5c2030 Exception <a 'java/lang/NoSuchMethodError'{0x000000008bbbc718}: 'java.lang.Object java.lang.invoke.DirectMethodHandle$Holder.newInvokeSpecial(java.lang.Object, java.lang.Object, java.lang.Object, java.lang.Object, java.lang.Object, java.lang.Object, java.lang.Object, java.lang.Object, java.lang.Object, java.lang.Object, java.lang.Object, java.lang.Object)'> (0x000000008bbbc718) 
thrown [s\open\src\hotspot\share\interpreter\linkResolver.cpp, line 774]
Event: 12.328 Thread 0x00000283ee5c2030 Exception <a 'java/lang/NoSuchMethodError'{0x000000008bbc1a68}: 'java.lang.Object java.lang.invoke.DirectMethodHandle$Holder.invokeSpecial(java.lang.Object, java.lang.Object, java.lang.Object, java.lang.Object, java.lang.Object, java.lang.Object, java.lang.Object, java.lang.Object, java.lang.Object, java.lang.Object, java.lang.Object, java.lang.Object, java.lang.Object)'> (0x000000008bbc1a68) 
thrown [s\open\src\hotspot\share\interpreter\linkResolver.cpp, line 774]
Event: 12.328 Thread 0x00000283ee5c2030 Exception <a 'java/lang/NoSuchMethodError'{0x000000008bbc69f0}: 'java.lang.Object java.lang.invoke.Invokers$Holder.linkToTargetMethod(java.lang.Object, java.lang.Object, java.lang.Object, java.lang.Object, java.lang.Object, java.lang.Object, java.lang.Object, java.lang.Object, java.lang.Object, java.lang.Object, java.lang.Object, java.lang.Object)'> (0x000000008bbc69f0) 
thrown [s\open\src\hotspot\share\interpreter\linkResolver.cpp, line 774]
Event: 12.384 Thread 0x00000283ee5c2030 Exception <a 'java/lang/NoSuchMethodError'{0x0000000088954660}: 'java.lang.Object java.lang.invoke.DirectMethodHandle$Holder.newInvokeSpecial(java.lang.Object, java.lang.Object, java.lang.Object, java.lang.Object, java.lang.Object, java.lang.Object, java.lang.Object, int)'> (0x0000000088954660) 
thrown [s\open\src\hotspot\share\interpreter\linkResolver.cpp, line 774]
Event: 12.384 Thread 0x00000283ee5c2030 Exception <a 'java/lang/NoSuchMethodError'{0x0000000088959e80}: 'java.lang.Object java.lang.invoke.DirectMethodHandle$Holder.invokeSpecial(java.lang.Object, java.lang.Object, java.lang.Object, java.lang.Object, java.lang.Object, java.lang.Object, java.lang.Object, java.lang.Object, int)'> (0x0000000088959e80) 
thrown [s\open\src\hotspot\share\interpreter\linkResolver.cpp, line 774]
Event: 12.384 Thread 0x00000283ee5c2030 Exception <a 'java/lang/NoSuchMethodError'{0x000000008895f280}: 'java.lang.Object java.lang.invoke.Invokers$Holder.linkToTargetMethod(java.lang.Object, java.lang.Object, java.lang.Object, java.lang.Object, java.lang.Object, java.lang.Object, int, java.lang.Object)'> (0x000000008895f280) 
thrown [s\open\src\hotspot\share\interpreter\linkResolver.cpp, line 774]
Event: 12.412 Thread 0x00000283ee5c2030 Exception <a 'java/lang/NoSuchMethodError'{0x000000008885e558}: 'java.lang.Object java.lang.invoke.DirectMethodHandle$Holder.newInvokeSpecial(java.lang.Object, java.lang.Object, int, java.lang.Object, int, java.lang.Object, java.lang.Object)'> (0x000000008885e558) 
thrown [s\open\src\hotspot\share\interpreter\linkResolver.cpp, line 774]
Event: 12.549 Thread 0x00000283ee5c2030 Exception <a 'java/lang/IncompatibleClassChangeError'{0x00000000878ffdb0}: Found class java.lang.Object, but interface was expected> (0x00000000878ffdb0) 
thrown [s\open\src\hotspot\share\interpreter\linkResolver.cpp, line 841]
Event: 12.559 Thread 0x00000283ee5c2030 Exception <a 'java/lang/IncompatibleClassChangeError'{0x00000000877a4220}: Found class java.lang.Object, but interface was expected> (0x00000000877a4220) 
thrown [s\open\src\hotspot\share\interpreter\linkResolver.cpp, line 841]
Event: 12.584 Thread 0x00000283ee5c2030 Exception <a 'java/lang/IncompatibleClassChangeError'{0x0000000087525e08}: Found class java.lang.Object, but interface was expected> (0x0000000087525e08) 
thrown [s\open\src\hotspot\share\interpreter\linkResolver.cpp, line 841]
Event: 12.740 Thread 0x00000283ee5c2030 Exception <a 'java/lang/IncompatibleClassChangeError'{0x0000000086e2e6e8}: Found class java.lang.Object, but interface was expected> (0x0000000086e2e6e8) 
thrown [s\open\src\hotspot\share\interpreter\linkResolver.cpp, line 841]
Event: 12.829 Thread 0x00000283ee5c2030 Exception <a 'java/lang/IncompatibleClassChangeError'{0x0000000086b36d38}: Found class java.lang.Object, but interface was expected> (0x0000000086b36d38) 
thrown [s\open\src\hotspot\share\interpreter\linkResolver.cpp, line 841]
Event: 12.896 Thread 0x00000283ee5c2030 Exception <a 'java/lang/NoSuchMethodError'{0x0000000086aeb298}: 'java.lang.Object java.lang.invoke.DirectMethodHandle$Holder.invokeStatic(java.lang.Object, int, java.lang.Object)'> (0x0000000086aeb298) 
thrown [s\open\src\hotspot\share\interpreter\linkResolver.cpp, line 774]
Event: 13.327 Thread 0x00000283ee5c2030 Exception <a 'java/lang/NoSuchMethodError'{0x00000000870a4fe0}: 'java.lang.Object java.lang.invoke.DirectMethodHandle$Holder.newInvokeSpecial(java.lang.Object, java.lang.Object, java.lang.Object, java.lang.Object, int)'> (0x00000000870a4fe0) 
thrown [s\open\src\hotspot\share\interpreter\linkResolver.cpp, line 774]
Event: 13.327 Thread 0x00000283ee5c2030 Exception <a 'java/lang/NoSuchMethodError'{0x00000000870a9a48}: 'java.lang.Object java.lang.invoke.DirectMethodHandle$Holder.invokeSpecial(java.lang.Object, java.lang.Object, java.lang.Object, java.lang.Object, java.lang.Object, int)'> (0x00000000870a9a48) 
thrown [s\open\src\hotspot\share\interpreter\linkResolver.cpp, line 774]
Event: 13.327 Thread 0x00000283ee5c2030 Exception <a 'java/lang/NoSuchMethodError'{0x00000000870add58}: 'java.lang.Object java.lang.invoke.Invokers$Holder.linkToTargetMethod(java.lang.Object, java.lang.Object, java.lang.Object, int, java.lang.Object)'> (0x00000000870add58) 
thrown [s\open\src\hotspot\share\interpreter\linkResolver.cpp, line 774]
Event: 13.477 Thread 0x00000283ee5c2030 Exception <a 'java/io/FileNotFoundException'{0x00000000873c15b0}> (0x00000000873c15b0) 
thrown [s\open\src\hotspot\share\prims\jni.cpp, line 517]

VM Operations (20 events):
Event: 13.905 Executing VM operation: G1PauseRemark done
Event: 13.933 Executing VM operation: G1PauseCleanup
Event: 13.934 Executing VM operation: G1PauseCleanup done
Event: 14.186 Executing VM operation: G1CollectForAllocation
Event: 14.194 Executing VM operation: G1CollectForAllocation done
Event: 14.199 Executing VM operation: G1CollectForAllocation
Event: 14.210 Executing VM operation: G1CollectForAllocation done
Event: 14.616 Executing VM operation: G1CollectForAllocation
Event: 14.621 Executing VM operation: G1CollectForAllocation done
Event: 15.598 Executing VM operation: G1CollectForAllocation
Event: 15.607 Executing VM operation: G1CollectForAllocation done
Event: 16.176 Executing VM operation: G1CollectForAllocation
Event: 16.189 Executing VM operation: G1CollectForAllocation done
Event: 16.259 Executing VM operation: G1PauseRemark
Event: 16.291 Executing VM operation: G1PauseRemark done
Event: 16.322 Executing VM operation: G1PauseCleanup
Event: 16.338 Executing VM operation: G1PauseCleanup done
Event: 16.746 Executing VM operation: G1CollectForAllocation
Event: 16.755 Executing VM operation: G1CollectForAllocation done
Event: 16.782 Executing VM operation: G1CollectForAllocation

Events (20 events):
Event: 13.174 Thread 0x00000283ee59c290 Thread exited: 0x00000283ee59c290
Event: 13.484 Thread 0x00000283ee59bd40 Thread added: 0x00000283ee59bd40
Event: 13.484 Thread 0x00000283ee59c290 Thread added: 0x00000283ee59c290
Event: 13.488 Thread 0x00000283ee59c7e0 Thread added: 0x00000283ee59c7e0
Event: 13.682 Thread 0x00000283ee59ad50 Thread added: 0x00000283ee59ad50
Event: 13.688 Thread 0x00000283ee59ad50 Thread exited: 0x00000283ee59ad50
Event: 14.196 Thread 0x00000283ee59a2b0 Thread added: 0x00000283ee59a2b0
Event: 14.216 Thread 0x00000283ee59a2b0 Thread exited: 0x00000283ee59a2b0
Event: 14.722 Thread 0x00000283ee59a2b0 Thread added: 0x00000283ee59a2b0
Event: 14.727 Thread 0x00000283ee59a2b0 Thread exited: 0x00000283ee59a2b0
Event: 15.228 Thread 0x00000283ed7dcfd0 Thread exited: 0x00000283ed7dcfd0
Event: 15.230 Thread 0x00000283ee59a2b0 Thread added: 0x00000283ee59a2b0
Event: 15.233 Thread 0x00000283ed0daff0 Thread exited: 0x00000283ed0daff0
Event: 15.521 Thread 0x00000283ee59a2b0 Thread exited: 0x00000283ee59a2b0
Event: 15.612 Thread 0x00000283ee599d60 Thread exited: 0x00000283ee599d60
Event: 15.750 Thread 0x00000283ee59a2b0 Thread added: 0x00000283ee59a2b0
Event: 15.783 Thread 0x00000283ee59a2b0 Thread exited: 0x00000283ee59a2b0
Event: 16.292 Thread 0x00000283ee599d60 Thread added: 0x00000283ee599d60
Event: 16.294 Thread 0x00000283ed0d8a60 Thread exited: 0x00000283ed0d8a60
Event: 16.315 Thread 0x00000283ee599d60 Thread exited: 0x00000283ee599d60


Dynamic libraries:
0x00007ff7d5cb0000 - 0x00007ff7d5cc0000 	C:\Program Files\Java\jdk-19\bin\java.exe
0x00007ffe6fe70000 - 0x00007ffe70087000 	C:\WINDOWS\SYSTEM32\ntdll.dll
0x00007ffe6e770000 - 0x00007ffe6e834000 	C:\WINDOWS\System32\KERNEL32.DLL
0x00007ffe6d380000 - 0x00007ffe6d73a000 	C:\WINDOWS\System32\KERNELBASE.dll
0x00007ffe6d9d0000 - 0x00007ffe6dae1000 	C:\WINDOWS\System32\ucrtbase.dll
0x00007ffe64f90000 - 0x00007ffe64fab000 	C:\Program Files\Java\jdk-19\bin\VCRUNTIME140.dll
0x00007ffe61a40000 - 0x00007ffe61a58000 	C:\Program Files\Java\jdk-19\bin\jli.dll
0x00007ffe6de50000 - 0x00007ffe6df02000 	C:\WINDOWS\System32\ADVAPI32.dll
0x00007ffe6dfa0000 - 0x00007ffe6e047000 	C:\WINDOWS\System32\msvcrt.dll
0x00007ffe6dda0000 - 0x00007ffe6de47000 	C:\WINDOWS\System32\sechost.dll
0x00007ffe6d2b0000 - 0x00007ffe6d2d8000 	C:\WINDOWS\System32\bcrypt.dll
0x00007ffe6e4e0000 - 0x00007ffe6e5f4000 	C:\WINDOWS\System32\RPCRT4.dll
0x00007ffe6dbe0000 - 0x00007ffe6dd8e000 	C:\WINDOWS\System32\USER32.dll
0x00007ffe6d200000 - 0x00007ffe6d226000 	C:\WINDOWS\System32\win32u.dll
0x00007ffe578b0000 - 0x00007ffe57b42000 	C:\WINDOWS\WinSxS\amd64_microsoft.windows.common-controls_6595b64144ccf1df_6.0.22621.4541_none_2710d1c57384c085\COMCTL32.dll
0x00007ffe6ed00000 - 0x00007ffe6ed29000 	C:\WINDOWS\System32\GDI32.dll
0x00007ffe6d8b0000 - 0x00007ffe6d9cb000 	C:\WINDOWS\System32\gdi32full.dll
0x00007ffe6d2e0000 - 0x00007ffe6d37a000 	C:\WINDOWS\System32\msvcp_win.dll
0x00007ffe653a0000 - 0x00007ffe653aa000 	C:\WINDOWS\SYSTEM32\VERSION.dll
0x00007ffe6e680000 - 0x00007ffe6e6b1000 	C:\WINDOWS\System32\IMM32.DLL
0x00007ffe67100000 - 0x00007ffe6710c000 	C:\Program Files\Java\jdk-19\bin\vcruntime140_1.dll
0x00007ffe54e30000 - 0x00007ffe54ebe000 	C:\Program Files\Java\jdk-19\bin\msvcp140.dll
0x00007ffe211a0000 - 0x00007ffe21e60000 	C:\Program Files\Java\jdk-19\bin\server\jvm.dll
0x00007ffe67160000 - 0x00007ffe67194000 	C:\WINDOWS\SYSTEM32\WINMM.dll
0x00007ffe48f70000 - 0x00007ffe48f79000 	C:\WINDOWS\SYSTEM32\WSOCK32.dll
0x00007ffe6e600000 - 0x00007ffe6e671000 	C:\WINDOWS\System32\WS2_32.dll
0x00007ffe6c180000 - 0x00007ffe6c198000 	C:\WINDOWS\SYSTEM32\kernel.appcore.dll
0x00007ffe67050000 - 0x00007ffe6705a000 	C:\Program Files\Java\jdk-19\bin\jimage.dll
0x00007ffe6a4f0000 - 0x00007ffe6a722000 	C:\WINDOWS\SYSTEM32\DBGHELP.DLL
0x00007ffe6f9a0000 - 0x00007ffe6fd2f000 	C:\WINDOWS\System32\combase.dll
0x00007ffe6eba0000 - 0x00007ffe6ec77000 	C:\WINDOWS\System32\OLEAUT32.dll
0x00007ffe55d60000 - 0x00007ffe55d92000 	C:\WINDOWS\SYSTEM32\dbgcore.DLL
0x00007ffe6d230000 - 0x00007ffe6d2ab000 	C:\WINDOWS\System32\bcryptPrimitives.dll
0x00007ffe64f80000 - 0x00007ffe64f8e000 	C:\Program Files\Java\jdk-19\bin\instrument.dll
0x00007ffe57520000 - 0x00007ffe57546000 	C:\Program Files\Java\jdk-19\bin\java.dll
0x00007ffe53220000 - 0x00007ffe532f7000 	C:\Program Files\Java\jdk-19\bin\jsvml.dll
0x00007ffe6f100000 - 0x00007ffe6f978000 	C:\WINDOWS\System32\SHELL32.dll
0x00007ffe6b080000 - 0x00007ffe6b988000 	C:\WINDOWS\SYSTEM32\windows.storage.dll
0x00007ffe6af40000 - 0x00007ffe6b07f000 	C:\WINDOWS\SYSTEM32\wintypes.dll
0x00007ffe6fd30000 - 0x00007ffe6fe2a000 	C:\WINDOWS\System32\SHCORE.dll
0x00007ffe6eca0000 - 0x00007ffe6ecfe000 	C:\WINDOWS\System32\shlwapi.dll
0x00007ffe6d070000 - 0x00007ffe6d09b000 	C:\WINDOWS\SYSTEM32\profapi.dll
0x00007ffe57390000 - 0x00007ffe573a8000 	C:\Program Files\Java\jdk-19\bin\zip.dll
0x00007ffe57500000 - 0x00007ffe57513000 	C:\Program Files\Java\jdk-19\bin\net.dll
0x00007ffe689c0000 - 0x00007ffe68af6000 	C:\WINDOWS\SYSTEM32\WINHTTP.dll
0x00007ffe6c600000 - 0x00007ffe6c669000 	C:\WINDOWS\system32\mswsock.dll
0x00007ffe574e0000 - 0x00007ffe574f6000 	C:\Program Files\Java\jdk-19\bin\nio.dll
0x00007ffe6bc10000 - 0x00007ffe6bd12000 	C:\WINDOWS\SYSTEM32\DNSAPI.dll
0x00007ffe6bbe0000 - 0x00007ffe6bc0d000 	C:\WINDOWS\SYSTEM32\IPHLPAPI.DLL
0x00007ffe6dbd0000 - 0x00007ffe6dbd9000 	C:\WINDOWS\System32\NSI.dll
0x00007ffe56880000 - 0x00007ffe5689a000 	D:\IntelliJ IDEA 2024.3.1.1\bin\breakgen64.dll
0x000000006eab0000 - 0x000000006ead6000 	C:\Program Files\Bonjour\mdnsNSP.dll
0x00007ffe647e0000 - 0x00007ffe647ea000 	C:\Windows\System32\rasadhlp.dll
0x00007ffe63c80000 - 0x00007ffe63d03000 	C:\WINDOWS\System32\fwpuclnt.dll
0x00007ffe62070000 - 0x00007ffe62078000 	C:\Program Files\Java\jdk-19\bin\extnet.dll
0x00007ffe62040000 - 0x00007ffe6204a000 	C:\Program Files\Java\jdk-19\bin\management.dll
0x00007ffe61e90000 - 0x00007ffe61e9b000 	C:\Program Files\Java\jdk-19\bin\management_ext.dll
0x00007ffe6e050000 - 0x00007ffe6e058000 	C:\WINDOWS\System32\PSAPI.DLL
0x00007ffe6c850000 - 0x00007ffe6c86b000 	C:\WINDOWS\SYSTEM32\CRYPTSP.dll
0x00007ffe6c0e0000 - 0x00007ffe6c115000 	C:\WINDOWS\system32\rsaenh.dll
0x00007ffe6c6f0000 - 0x00007ffe6c718000 	C:\WINDOWS\SYSTEM32\USERENV.dll
0x00007ffe6c870000 - 0x00007ffe6c87c000 	C:\WINDOWS\SYSTEM32\CRYPTBASE.dll
0x00007ffe653b0000 - 0x00007ffe653c9000 	C:\WINDOWS\SYSTEM32\dhcpcsvc6.DLL
0x00007ffe64f60000 - 0x00007ffe64f7f000 	C:\WINDOWS\SYSTEM32\dhcpcsvc.DLL
0x00007ffe46b60000 - 0x00007ffe46b77000 	C:\WINDOWS\system32\napinsp.dll
0x00007ffe46b40000 - 0x00007ffe46b5b000 	C:\WINDOWS\system32\pnrpnsp.dll
0x00007ffe44e90000 - 0x00007ffe44ea1000 	C:\WINDOWS\System32\winrnr.dll
0x00007ffe64970000 - 0x00007ffe64985000 	C:\WINDOWS\system32\wshbth.dll
0x00007ffe43df0000 - 0x00007ffe43e17000 	C:\WINDOWS\system32\nlansp_c.dll
0x00007ffe61cc0000 - 0x00007ffe61cd0000 	C:\Program Files\Java\jdk-19\bin\verify.dll
0x00007ffe42380000 - 0x00007ffe423d0000 	C:\WINDOWS\SYSTEM32\pdh.dll
0x00007ffe3af80000 - 0x00007ffe3af91000 	C:\WINDOWS\System32\perfproc.dll
0x00007ffe44c40000 - 0x00007ffe44c50000 	C:\WINDOWS\System32\perfos.dll
0x00007ffe6a290000 - 0x00007ffe6a2a0000 	C:\WINDOWS\SYSTEM32\pfclient.dll
0x00007ffe61e40000 - 0x00007ffe61e4e000 	C:\Program Files\Java\jdk-19\bin\sunmscapi.dll
0x00007ffe6d740000 - 0x00007ffe6d8a6000 	C:\WINDOWS\System32\CRYPT32.dll
0x00007ffe6ca10000 - 0x00007ffe6ca3d000 	C:\WINDOWS\SYSTEM32\ncrypt.dll
0x00007ffe6c9d0000 - 0x00007ffe6ca07000 	C:\WINDOWS\SYSTEM32\NTASN1.dll

dbghelp: loaded successfully - version: 4.0.5 - missing functions: none
symbol engine: initialized successfully - sym options: 0x614 - pdb path: .;C:\Program Files\Java\jdk-19\bin;C:\WINDOWS\SYSTEM32;C:\WINDOWS\WinSxS\amd64_microsoft.windows.common-controls_6595b64144ccf1df_6.0.22621.4541_none_2710d1c57384c085;C:\Program Files\Java\jdk-19\bin\server;D:\IntelliJ IDEA 2024.3.1.1\bin;C:\Program Files\Bonjour

VM Arguments:
jvm_args: -XX:TieredStopAtLevel=1 -Dspring.output.ansi.enabled=always -Dcom.sun.management.jmxremote -Dspring.jmx.enabled=true -Dspring.liveBeansView.mbeanDomain -Dspring.application.admin.enabled=true -Dmanagement.endpoints.jmx.exposure.include=* -javaagent:D:\IntelliJ IDEA 2024.3.1.1\lib\idea_rt.jar=55364:D:\IntelliJ IDEA 2024.3.1.1\bin -Dfile.encoding=UTF-8 -Dsun.stdout.encoding=UTF-8 -Dsun.stderr.encoding=UTF-8 
java_command: com.example.datn.DatnApplication
java_class_path (initial): E:\fa24-sd72-dat-phong-khach-san-bambooking\target\classes;C:\Users\Admin\.m2\repository\org\springframework\boot\spring-boot-starter-web\3.3.1\spring-boot-starter-web-3.3.1.jar;C:\Users\Admin\.m2\repository\org\springframework\boot\spring-boot-starter\3.3.1\spring-boot-starter-3.3.1.jar;C:\Users\Admin\.m2\repository\org\springframework\boot\spring-boot-starter-logging\3.3.1\spring-boot-starter-logging-3.3.1.jar;C:\Users\Admin\.m2\repository\ch\qos\logback\logback-classic\1.5.6\logback-classic-1.5.6.jar;C:\Users\Admin\.m2\repository\ch\qos\logback\logback-core\1.5.6\logback-core-1.5.6.jar;C:\Users\Admin\.m2\repository\org\apache\logging\log4j\log4j-to-slf4j\2.23.1\log4j-to-slf4j-2.23.1.jar;C:\Users\Admin\.m2\repository\org\apache\logging\log4j\log4j-api\2.23.1\log4j-api-2.23.1.jar;C:\Users\Admin\.m2\repository\org\slf4j\jul-to-slf4j\2.0.13\jul-to-slf4j-2.0.13.jar;C:\Users\Admin\.m2\repository\jakarta\annotation\jakarta.annotation-api\2.1.1\jakarta.annotation-api-2.1.1.jar;C:\Users\Admin\.m2\repository\org\yaml\snakeyaml\2.2\snakeyaml-2.2.jar;C:\Users\Admin\.m2\repository\org\springframework\boot\spring-boot-starter-json\3.3.1\spring-boot-starter-json-3.3.1.jar;C:\Users\Admin\.m2\repository\com\fasterxml\jackson\datatype\jackson-datatype-jdk8\2.17.1\jackson-datatype-jdk8-2.17.1.jar;C:\Users\Admin\.m2\repository\com\fasterxml\jackson\datatype\jackson-datatype-jsr310\2.17.1\jackson-datatype-jsr310-2.17.1.jar;C:\Users\Admin\.m2\repository\com\fasterxml\jackson\module\jackson-module-parameter-names\2.17.1\jackson-module-parameter-names-2.17.1.jar;C:\Users\Admin\.m2\repository\org\springframework\boot\spring-boot-starter-tomcat\3.3.1\spring-boot-starter-tomcat-3.3.1.jar;C:\Users\Admin\.m2\repository\org\apache\tomcat\embed\tomcat-embed-websocket\10.1.25\tomcat-embed-websocket-10.1.25.jar;C:\Users\Admin\.m2\repository\org\springframework\spring-web\6.1.10\spring-web-6.1.10.jar;C:\Users\Admin\.m2\repository\org\springframework\spring-beans\6.1.10\spring-beans-6.1.10.jar;C:\Users\Admin\.m2\repository\io\micrometer\micrometer-observation\1.13.1\micrometer-observation-1.13.1.jar;C:\Users\Admin\.m2\repository\io\micrometer\micrometer-commons\1.13.1\micrometer-commons-1.13.1.jar;C:\Users\Admin\.m2\repository\org\springframework\spring-webmvc\6.1.10\spring-webmvc-6.1.10.jar;C:\Users\Admin\.m2\repository\org\springframework\spring-context\6.1.10\spring-context-6.1.10.jar;C:\Users\Admin\.m2\repository\org\springframework\spring-expression\6.1.10\spring-expression-6.1.10.jar;C:\Users\Admin\.m2\repository\org\springframework\boot\spring-boot-starter-security\3.3.1\spring-boot-starter-security-3.3.1.jar;C:\Users\Admin\.m2\repository\org\springframework\spring-aop\6.1.10\spring-aop-6.1.10.jar;C:\Users\Admin\.m2\repository\org\springframework\security\spring-security-config\6.3.1\spring-security-config-6.3.1.jar;C:\Users\Admin\.m2\repository\org\springframework\security\spring-security-web\6.3.1\spring-security-web-6.3.1.jar;C:\Users\Admin\.m2\repository\org\springframework\boot\spring-boot-starter-oauth2-resource-server\3.3.1\spring-boot-starter-oauth2-resource-server-3.3.1.jar;C:\Users\Admin\.m2\repository\org\springframework\security\spring-security-core\6.3.1\spring-security-core-6.3.1.jar;C:\Users\Admin\.m2\repository\org\springframework\security\spring-security-crypto\6.3.1\spring-security-crypto-6.3.1.jar;C:\Users\Admin\.m2\repository\org\springframework\security\spring-security-oauth2-resource-server\6.3.1\spring-security-oauth2-resource-server-6.3.1.jar;C:\Users\Admin\.m2\repository\org\springframework\security\spring-security-oauth2-core\6.3.1\spring-security-oauth2-core-6.3.1.jar;C:\Users\Admin\.m2\repository\org\springframework\security\spring-security-oauth2-jose\6.3.1\spring-security-oauth2-jose-6.3.1.jar;C:\Users\Admin\.m2\repository\com\nimbusds\nimbus-jose-jwt\9.37.3\nimbus-jose-jwt-9.37.3.jar;C:\Users\Admin\.m2\repository\com\github\stephenc\jcip\jcip-annotations\1.0-1\jcip-annotations-1.0-1.jar;C:\Users\Admin\.m2\repository\org\apache\tomcat\embed\tomcat-embed-jasper\10.1.25\tomcat-embed-jasper-10.1.25.jar;C:\Users\Admin\.m2\repository\org\apache\tomcat\embed\tomcat-embed-core\10.1.25\tomcat-embed-core-10.1.25.jar;C:\Users\Admin\.m2\repository\org\apache\tomcat\tomcat-annotations-api\10.1.25\tomcat-annotations-api-10.1.25.jar;C:\Users\Admin\.m2\repository\org\apache\tomcat\embed\tomcat-embed-el\10.1.25\tomcat-embed-el-10.1.25.jar;C:\Users\Admin\.m2\repository\org\eclipse\jdt\ecj\3.33.0\ecj-3.33.0.jar;C:\Users\Admin\.m2\repository\jakarta\servlet\jsp\jstl\jakarta.servlet.jsp.jstl-api\2.0.0\jakarta.servlet.jsp.jstl-api-2.0.0.jar;C:\Users\Admin\.m2\repository\jakarta\servlet\jakarta.servlet-api\6.0.0\jakarta.servlet-api-6.0.0.jar;C:\Users\Admin\.m2\repository\jakarta\el\jakarta.el-api\4.0.0\jakarta.el-api-4.0.0.jar;C:\Users\Admin\.m2\repository\jakarta\xml\bind\jakarta.xml.bind-api\4.0.2\jakarta.xml.bind-api-4.0.2.jar;C:\Users\Admin\.m2\repository\jakarta\activation\jakarta.activation-api\2.1.3\jakarta.activation-api-2.1.3.jar;C:\Users\Admin\.m2\repository\org\glassfish\web\jakarta.servlet.jsp.jstl\2.0.0\jakarta.servlet.jsp.jstl-2.0.0.jar;C:\Users\Admin\.m2\repository\org\springframework\boot\spring-boot-starter-data-jpa\3.3.1\spring-boot-starter-data-jpa-3.3.1.jar;C:\Users\Admin\.m2\repository\org\springframework\boot\spring-boot-starter-aop\3.3.1\spring-boot-starter-aop-3.3.1.jar;C:\Users\Admin\.m2\repository\org\aspectj\aspectjweaver\1.9.22\aspectjweaver-1.9.22.jar;C:\Users\Admin\.m2\repository\org\springframework\boot\spring-boot-starter-jdbc\3.3.1\spring-boot-starter-jdbc-3.3.1.jar;C:\Users\Admin\.m2\repository\com\zaxxer\HikariCP\5.1.0\HikariCP-5.1.0.jar;C:\Users\Admin\.m2\repository\org\springframework\spring-jdbc\6.1.10\spring-jdbc-6.1.10.jar;C:\Users\Admin\.m2\repository\org\hibernate\orm\hibernate-core\6.5.2.Final\hibernate-core-6.5.2.Final.jar;C:\Users\Admin\.m2\repository\jakarta\persistence\jakarta.persistence-api\3.1.0\jakarta.persistence-api-3.1.0.jar;C:\Users\Admin\.m2\repository\jakarta\transaction\jakarta.transaction-api\2.0.1\jakarta.transaction-api-2.0.1.jar;C:\Users\Admin\.m2\repository\org\jboss\logging\jboss-logging\3.5.3.Final\jboss-logging-3.5.3.Final.jar;C:\Users\Admin\.m2\repository\org\hibernate\common\hibernate-commons-annotations\6.0.6.Final\hibernate-commons-annotations-6.0.6.Final.jar;C:\Users\Admin\.m2\repository\io\smallrye\jandex\3.1.2\jandex-3.1.2.jar;C:\Users\Admin\.m2\repository\com\fasterxml\classmate\1.7.0\classmate-1.7.0.jar;C:\Users\Admin\.m2\repository\net\bytebuddy\byte-buddy\1.14.17\byte-buddy-1.14.17.jar;C:\Users\Admin\.m2\repository\org\glassfish\jaxb\jaxb-runtime\4.0.5\jaxb-runtime-4.0.5.jar;C:\Users\Admin\.m2\repository\org\glassfish\jaxb\jaxb-core\4.0.5\jaxb-core-4.0.5.jar;C:\Users\Admin\.m2\repository\org\glassfish\jaxb\txw2\4.0.5\txw2-4.0.5.jar;C:\Users\Admin\.m2\repository\com\sun\istack\istack-commons-runtime\4.1.2\istack-commons-runtime-4.1.2.jar;C:\Users\Admin\.m2\repository\jakarta\inject\jakarta.inject-api\2.0.1\jakarta.inject-api-2.0.1.jar;C:\Users\Admin\.m2\repository\org\antlr\antlr4-runtime\4.13.0\antlr4-runtime-4.13.0.jar;C:\Users\Admin\.m2\repository\org\springframework\data\spring-data-jpa\3.3.1\spring-data-jpa-3.3.1.jar;C:\Users\Admin\.m2\repository\org\springframework\data\spring-data-commons\3.3.1\spring-data-commons-3.3.1.jar;C:\Users\Admin\.m2\repository\org\springframework\spring-orm\6.1.10\spring-orm-6.1.10.jar;C:\Users\Admin\.m2\repository\org\springframework\spring-tx\6.1.10\spring-tx-6.1.10.jar;C:\Users\Admin\.m2\repository\org\slf4j\slf4j-api\2.0.13\slf4j-api-2.0.13.jar;C:\Users\Admin\.m2\repository\org\springframework\spring-aspects\6.1.10\spring-aspects-6.1.10.jar;C:\Users\Admin\.m2\repository\com\microsoft\sqlserver\mssql-jdbc\9.4.1.jre16\mssql-jdbc-9.4.1.jre16.jar;C:\Users\Admin\.m2\repository\org\springframework\boot\spring-boot-starter-validation\3.3.1\spring-boot-starter-validation-3.3.1.jar;C:\Users\Admin\.m2\repository\org\hibernate\validator\hibernate-validator\8.0.1.Final\hibernate-validator-8.0.1.Final.jar;C:\Users\Admin\.m2\repository\jakarta\validation\jakarta.validation-api\3.0.2\jakarta.validation-api-3.0.2.jar;C:\Users\Admin\.m2\repository\com\cloudinary\cloudinary-http45\1.38.0\cloudinary-http45-1.38.0.jar;C:\Users\Admin\.m2\repository\com\cloudinary\cloudinary-core\1.38.0\cloudinary-core-1.38.0.jar;C:\Users\Admin\.m2\repository\org\apache\commons\commons-lang3\3.14.0\commons-lang3-3.14.0.jar;C:\Users\Admin\.m2\repository\org\apache\httpcomponents\httpclient\4.5.13\httpclient-4.5.13.jar;C:\Users\Admin\.m2\repository\org\apache\httpcomponents\httpcore\4.4.16\httpcore-4.4.16.jar;C:\Users\Admin\.m2\repository\commons-codec\commons-codec\1.16.1\commons-codec-1.16.1.jar;C:\Users\Admin\.m2\repository\org\apache\httpcomponents\httpmime\4.5.13\httpmime-4.5.13.jar;C:\Users\Admin\.m2\repository\org\springframework\boot\spring-boot-starter-hateoas\3.3.1\spring-boot-starter-hateoas-3.3.1.jar;C:\Users\Admin\.m2\repository\org\springframework\hateoas\spring-hateoas\2.3.0\spring-hateoas-2.3.0.jar;C:\Users\Admin\.m2\repository\org\springframework\plugin\spring-plugin-core\3.0.0\spring-plugin-core-3.0.0.jar;C:\Users\Admin\.m2\repository\commons-logging\commons-logging\1.2\commons-logging-1.2.jar;C:\Users\Admin\.m2\repository\org\springframework\boot\spring-boot-devtools\3.3.1\spring-boot-devtools-3.3.1.jar;C:\Users\Admin\.m2\repository\org\springframework\boot\spring-boot\3.3.1\spring-boot-3.3.1.jar;C:\Users\Admin\.m2\repository\org\springframework\boot\spring-boot-autoconfigure\3.3.1\spring-boot-autoconfigure-3.3.1.jar;C:\Users\Admin\.m2\repository\org\projectlombok\lombok\1.18.32\lombok-1.18.32.jar;C:\Users\Admin\.m2\repository\com\jayway\jsonpath\json-path\2.9.0\json-path-2.9.0.jar;C:\Users\Admin\.m2\repository\net\minidev\json-smart\2.5.1\json-smart-2.5.1.jar;C:\Users\Admin\.m2\repository\net\minidev\accessors-smart\2.5.1\accessors-smart-2.5.1.jar;C:\Users\Admin\.m2\repository\org\ow2\asm\asm\9.6\asm-9.6.jar;C:\Users\Admin\.m2\repository\org\springframework\spring-core\6.1.10\spring-core-6.1.10.jar;C:\Users\Admin\.m2\repository\org\springframework\spring-jcl\6.1.10\spring-jcl-6.1.10.jar;C:\Users\Admin\.m2\repository\org\springframework\boot\spring-boot-starter-mail\3.3.1\spring-boot-starter-mail-3.3.1.jar;C:\Users\Admin\.m2\repository\org\springframework\spring-context-support\6.1.10\spring-context-support-6.1.10.jar;C:\Users\Admin\.m2\repository\org\eclipse\angus\jakarta.mail\2.0.3\jakarta.mail-2.0.3.jar;C:\Users\Admin\.m2\repository\org\eclipse\angus\angus-activation\2.0.2\angus-activation-2.0.2.jar;C:\Users\Admin\.m2\repository\io\jsonwebtoken\jjwt-api\0.11.5\jjwt-api-0.11.5.jar;C:\Users\Admin\.m2\repository\io\jsonwebtoken\jjwt-impl\0.11.5\jjwt-impl-0.11.5.jar;C:\Users\Admin\.m2\repository\io\jsonwebtoken\jjwt-jackson\0.11.5\jjwt-jackson-0.11.5.jar;C:\Users\Admin\.m2\repository\com\fasterxml\jackson\core\jackson-databind\2.17.1\jackson-databind-2.17.1.jar;C:\Users\Admin\.m2\repository\com\fasterxml\jackson\core\jackson-annotations\2.17.1\jackson-annotations-2.17.1.jar;C:\Users\Admin\.m2\repository\com\fasterxml\jackson\core\jackson-core\2.17.1\jackson-core-2.17.1.jar
Launcher Type: SUN_STANDARD

[Global flags]
     intx CICompilerCount                          = 4                                         {product} {ergonomic}
     uint ConcGCThreads                            = 2                                         {product} {ergonomic}
     uint G1ConcRefinementThreads                  = 8                                         {product} {ergonomic}
   size_t G1HeapRegionSize                         = 1048576                                   {product} {ergonomic}
    uintx GCDrainStackTargetSize                   = 64                                        {product} {ergonomic}
   size_t InitialHeapSize                          = 130023424                                 {product} {ergonomic}
     bool ManagementServer                         = true                                      {product} {command line}
   size_t MarkStackSize                            = 4194304                                   {product} {ergonomic}
   size_t MaxHeapSize                              = 2080374784                                {product} {ergonomic}
   size_t MaxNewSize                               = 1247805440                                {product} {ergonomic}
   size_t MinHeapDeltaBytes                        = 1048576                                   {product} {ergonomic}
   size_t MinHeapSize                              = 8388608                                   {product} {ergonomic}
    uintx NonProfiledCodeHeapSize                  = 0                                      {pd product} {ergonomic}
     bool ProfileInterpreter                       = false                                  {pd product} {command line}
    uintx ProfiledCodeHeapSize                     = 0                                      {pd product} {ergonomic}
   size_t SoftMaxHeapSize                          = 2080374784                             {manageable} {ergonomic}
     intx TieredStopAtLevel                        = 1                                         {product} {command line}
     bool UseCompressedClassPointers               = true                           {product lp64_product} {ergonomic}
     bool UseCompressedOops                        = true                           {product lp64_product} {ergonomic}
     bool UseG1GC                                  = true                                      {product} {ergonomic}
     bool UseLargePagesIndividualAllocation        = false                                  {pd product} {ergonomic}

Logging:
Log output configuration:
 #0: stdout all=warning uptime,level,tags foldmultilines=false
 #1: stderr all=off uptime,level,tags foldmultilines=false

Environment Variables:
PATH=C:\Program Files\Common Files\Oracle\Java\javapath;C:\WINDOWS\system32;C:\WINDOWS;C:\WINDOWS\System32\Wbem;C:\WINDOWS\System32\WindowsPowerShell\v1.0\;C:\WINDOWS\System32\OpenSSH\;C:\Program Files (x86)\Microsoft SQL Server\160\Tools\Binn\;C:\Program Files\Microsoft SQL Server\160\Tools\Binn\;C:\Program Files\Microsoft SQL Server\Client SDK\ODBC\170\Tools\Binn\;C:\Program Files\Microsoft SQL Server\160\DTS\Binn\;C:\Program Files\Azure Data Studio\bin;C:\Program Files\nodejs\;C:\Program Files (x86)\Microsoft SQL Server\160\DTS\Binn\;C:\Program Files\Git\cmd;C:\Program Files\dotnet\;C:\Users\Admin\AppData\Local\Microsoft\WindowsApps;C:\Users\Admin\AppData\Local\Programs\Microsoft VS Code\bin;C:\Program Files\Azure Data Studio\bin;C:\Users\Admin\AppData\Roaming\npm;E:\APP\IntelliJ IDEA 2022.3.2\bin;
USERNAME=Admin
OS=Windows_NT
PROCESSOR_IDENTIFIER=Intel64 Family 6 Model 140 Stepping 1, GenuineIntel
TMP=C:\Users\Admin\AppData\Local\Temp
TEMP=C:\Users\Admin\AppData\Local\Temp



---------------  S Y S T E M  ---------------

OS:
 Windows 11 , 64 bit Build 22621 (10.0.22621.4391)
OS uptime: 0 days 10:11 hours

CPU: total 8 (initial active 8) (4 cores per cpu, 2 threads per core) family 6 model 140 stepping 1 microcode 0xb8, cx8, cmov, fxsr, ht, mmx, 3dnowpref, sse, sse2, sse3, ssse3, sse4.1, sse4.2, popcnt, lzcnt, tsc, tscinvbit, avx, avx2, aes, erms, clmul, bmi1, bmi2, adx, avx512f, avx512dq, avx512cd, avx512bw, avx512vl, sha, fma, vzeroupper, avx512_vpopcntdq, avx512_vpclmulqdq, avx512_vaes, avx512_vnni, clflush, clflushopt, clwb, avx512_vbmi2, avx512_vbmi, rdtscp, rdpid, fsrm, gfni, avx512_bitalg

Memory: 4k page, system-wide physical 7934M (490M free)
TotalPageFile size 19893M (AvailPageFile size 36M)
current process WorkingSet (physical memory assigned to process): 316M, peak: 316M
current process commit charge ("private bytes"): 375M, peak: 533M

vm_info: Java HotSpot(TM) 64-Bit Server VM (19.0.2+7-44) for windows-amd64 JRE (19.0.2+7-44), built on 2022-11-30T18:02:09Z by "mach5one" with MS VC++ 17.1 (VS2022)

END.
