#
# There is insufficient memory for the Java Runtime Environment to continue.
# Native memory allocation (malloc) failed to allocate 1048576 bytes for AllocateHeap
# Possible reasons:
#   The system is out of physical RAM or swap space
#   The process is running with CompressedOops enabled, and the Java Heap may be blocking the growth of the native heap
# Possible solutions:
#   Reduce memory load on the system
#   Increase physical memory or swap space
#   Check if swap backing store is full
#   Decrease Java heap size (-Xmx/-Xms)
#   Decrease number of Java threads
#   Decrease Java thread stack sizes (-Xss)
#   Set larger code cache with -XX:ReservedCodeCacheSize=
#   JVM is running with Unscaled Compressed Oops mode in which the Java heap is
#     placed in the first 4GB address space. The Java Heap base address is the
#     maximum limit for the native heap growth. Please use -XX:HeapBaseMinAddress
#     to set the Java Heap base and to place the Java Heap above 4GB virtual address.
# This output file may be truncated or incomplete.
#
#  Out of Memory Error (allocation.cpp:44), pid=16076, tid=15308
#
# JRE version: Java(TM) SE Runtime Environment (19.0.2+7) (build 19.0.2+7-44)
# Java VM: Java HotSpot(TM) 64-Bit Server VM (19.0.2+7-44, mixed mode, emulated-client, sharing, tiered, compressed oops, compressed class ptrs, g1 gc, windows-amd64)
# No core dump will be written. Minidumps are not enabled by default on client versions of Windows
#

---------------  S U M M A R Y ------------

Command Line: -XX:TieredStopAtLevel=1 -Dspring.output.ansi.enabled=always -Dcom.sun.management.jmxremote -Dspring.jmx.enabled=true -Dspring.liveBeansView.mbeanDomain -Dspring.application.admin.enabled=true -Dmanagement.endpoints.jmx.exposure.include=* -javaagent:D:\IntelliJ IDEA 2024.3.1.1\lib\idea_rt.jar=56514:D:\IntelliJ IDEA 2024.3.1.1\bin -Dfile.encoding=UTF-8 -Dsun.stdout.encoding=UTF-8 -Dsun.stderr.encoding=UTF-8 com.example.datn.DatnApplication

Host: 11th Gen Intel(R) Core(TM) i5-1135G7 @ 2.40GHz, 8 cores, 7G,  Windows 11 , 64 bit Build 22621 (10.0.22621.4391)
Time: Sat Jan  4 23:27:45 2025 SE Asia Standard Time elapsed time: 354.281369 seconds (0d 0h 5m 54s)

---------------  T H R E A D  ---------------

Current thread (0x000002adf12c4eb0):  VMThread "VM Thread" [stack: 0x000000bc9e300000,0x000000bc9e400000] [id=15308]

Stack: [0x000000bc9e300000,0x000000bc9e400000]
Native frames: (J=compiled Java code, j=interpreted, Vv=VM code, C=native code)
V  [jvm.dll+0x6ee21a]
V  [jvm.dll+0x85765e]
V  [jvm.dll+0x85904e]
V  [jvm.dll+0x859703]
V  [jvm.dll+0x28298f]
V  [jvm.dll+0xc406b]
V  [jvm.dll+0x347771]
V  [jvm.dll+0x3428a0]
V  [jvm.dll+0x32c504]
V  [jvm.dll+0x372a47]
V  [jvm.dll+0x85ebc3]
V  [jvm.dll+0x85f989]
V  [jvm.dll+0x85febd]
V  [jvm.dll+0x86034b]
V  [jvm.dll+0x860407]
V  [jvm.dll+0x80125a]
V  [jvm.dll+0x6ecf0b]
C  [ucrtbase.dll+0x29333]
C  [KERNEL32.DLL+0x1259d]
C  [ntdll.dll+0x5af38]

VM_Operation (0x000000bc9dafedd0): G1CollectFull, mode: safepoint, requested by thread 0x000002adf940cde0


---------------  P R O C E S S  ---------------

Threads class SMR info:
_java_thread_list=0x000002adf5aec370, length=22, elements={
0x000002adf12df660, 0x000002adf12e03f0, 0x000002adf12e4510, 0x000002adf12e5390,
0x000002adf12e6f60, 0x000002adf12e7980, 0x000002adf12fa180, 0x000002adf12fcd90,
0x000002adf12b1100, 0x000002adf5b6d210, 0x000002adf5b6dd60, 0x000002adf5cdf700,
0x000002adf5dc9220, 0x000002adf5da67d0, 0x000002adf5ddc4e0, 0x000002adf7a425c0,
0x000002adf7a42070, 0x000002adf7a45040, 0x000002adf7a47570, 0x000002adf7a44050,
0x000002adf7a48010, 0x000002adf940cde0
}

Java Threads: ( => current thread )
  0x000002adf12df660 JavaThread "Reference Handler" daemon [_thread_blocked, id=10552, stack(0x000000bc9e400000,0x000000bc9e500000)]
  0x000002adf12e03f0 JavaThread "Finalizer" daemon [_thread_blocked, id=19344, stack(0x000000bc9e500000,0x000000bc9e600000)]
  0x000002adf12e4510 JavaThread "Signal Dispatcher" daemon [_thread_blocked, id=19180, stack(0x000000bc9e600000,0x000000bc9e700000)]
  0x000002adf12e5390 JavaThread "Attach Listener" daemon [_thread_blocked, id=15872, stack(0x000000bc9e700000,0x000000bc9e800000)]
  0x000002adf12e6f60 JavaThread "Service Thread" daemon [_thread_blocked, id=20908, stack(0x000000bc9e800000,0x000000bc9e900000)]
  0x000002adf12e7980 JavaThread "Monitor Deflation Thread" daemon [_thread_blocked, id=19032, stack(0x000000bc9e900000,0x000000bc9ea00000)]
  0x000002adf12fa180 JavaThread "C1 CompilerThread0" daemon [_thread_blocked, id=17576, stack(0x000000bc9ea00000,0x000000bc9eb00000)]
  0x000002adf12fcd90 JavaThread "Sweeper thread" daemon [_thread_blocked, id=21220, stack(0x000000bc9eb00000,0x000000bc9ec00000)]
  0x000002adf12b1100 JavaThread "Common-Cleaner" daemon [_thread_blocked, id=21124, stack(0x000000bc9ec00000,0x000000bc9ed00000)]
  0x000002adf5b6d210 JavaThread "Monitor Ctrl-Break" daemon [_thread_in_native, id=4196, stack(0x000000bc9ef00000,0x000000bc9f000000)]
  0x000002adf5b6dd60 JavaThread "Notification Thread" daemon [_thread_blocked, id=16324, stack(0x000000bc9f000000,0x000000bc9f100000)]
  0x000002adf5cdf700 JavaThread "RMI TCP Accept-0" daemon [_thread_in_native, id=19584, stack(0x000000bc9f200000,0x000000bc9f300000)]
  0x000002adf5dc9220 JavaThread "RMI TCP Connection(1)-172.20.10.2" daemon [_thread_in_native, id=4976, stack(0x000000bc9f300000,0x000000bc9f400000)]
  0x000002adf5da67d0 JavaThread "RMI Scheduler(0)" daemon [_thread_blocked, id=13340, stack(0x000000bc9f500000,0x000000bc9f600000)]
  0x000002adf5ddc4e0 JavaThread "JMX server connection timeout 27" daemon [_thread_blocked, id=20736, stack(0x000000bc9f600000,0x000000bc9f700000)]
  0x000002adf7a425c0 JavaThread "Live Reload Server" daemon [_thread_in_native, id=20776, stack(0x000000bca0a00000,0x000000bca0b00000)]
  0x000002adf7a42070 JavaThread "DestroyJavaVM" [_thread_blocked, id=2608, stack(0x000000bc9dd00000,0x000000bc9de00000)]
  0x000002adf7a45040 JavaThread "File Watcher" daemon [_thread_blocked, id=10452, stack(0x000000bc9db00000,0x000000bc9dc00000)]
  0x000002adf7a47570 JavaThread "File Watcher" daemon [_thread_blocked, id=7852, stack(0x000000bc9ee00000,0x000000bc9ef00000)]
  0x000002adf7a44050 JavaThread "Catalina-utility-1" [_thread_blocked, id=17548, stack(0x000000bca0500000,0x000000bca0600000)]
  0x000002adf7a48010 JavaThread "Catalina-utility-2" [_thread_blocked, id=2244, stack(0x000000bca0600000,0x000000bca0700000)]
  0x000002adf940cde0 JavaThread "Thread-11" [_thread_blocked, id=21272, stack(0x000000bc9da00000,0x000000bc9db00000)]

Other Threads:
=>0x000002adf12c4eb0 VMThread "VM Thread" [stack: 0x000000bc9e300000,0x000000bc9e400000] [id=15308]
  0x000002adf5d801d0 WatcherThread "VM Periodic Task Thread" [stack: 0x000000bc9f400000,0x000000bc9f500000] [id=20332]
  0x000002addee80830 WorkerThread "GC Thread#0" [stack: 0x000000bc9de00000,0x000000bc9df00000] [id=1848]
  0x000002adf5eee790 WorkerThread "GC Thread#1" [stack: 0x000000bc9f800000,0x000000bc9f900000] [id=19280]
  0x000002adf5f10710 WorkerThread "GC Thread#2" [stack: 0x000000bc9f900000,0x000000bc9fa00000] [id=16612]
  0x000002adf5f10440 WorkerThread "GC Thread#3" [stack: 0x000000bc9fa00000,0x000000bc9fb00000] [id=13524]
  0x000002adf5f109e0 WorkerThread "GC Thread#4" [stack: 0x000000bc9fb00000,0x000000bc9fc00000] [id=19108]
  0x000002adf5f11520 WorkerThread "GC Thread#5" [stack: 0x000000bc9fc00000,0x000000bc9fd00000] [id=17172]
  0x000002adf5f10cb0 WorkerThread "GC Thread#6" [stack: 0x000000bc9fd00000,0x000000bc9fe00000] [id=15216]
  0x000002adf5f10170 WorkerThread "GC Thread#7" [stack: 0x000000bc9fe00000,0x000000bc9ff00000] [id=17656]
  0x000002addee90f90 ConcurrentGCThread "G1 Main Marker" [stack: 0x000000bc9df00000,0x000000bc9e000000] [id=20428]
  0x000002addee929d0 WorkerThread "G1 Conc#0" [stack: 0x000000bc9e000000,0x000000bc9e100000] [id=3036]
  0x000002adf6c3a3c0 WorkerThread "G1 Conc#1" [stack: 0x000000bca0200000,0x000000bca0300000] [id=19792]
  0x000002adf1176d20 ConcurrentGCThread "G1 Refine#0" [stack: 0x000000bc9e100000,0x000000bc9e200000] [id=17908]
  0x000002adf1179910 ConcurrentGCThread "G1 Service" [stack: 0x000000bc9e200000,0x000000bc9e300000] [id=10516]

Threads with active compile tasks:

VM state: at safepoint (normal execution)

VM Mutex/Monitor currently owned by a thread:  ([mutex/lock_event])
[0x000002addee1f580] Threads_lock - owner thread: 0x000002adf12c4eb0
[0x000002addee1ec80] Heap_lock - owner thread: 0x000002adf940cde0

Heap address: 0x0000000084000000, size: 1984 MB, Compressed Oops mode: 32-bit

CDS archive(s) mapped at: [0x0000000800000000-0x0000000800c40000-0x0000000800c40000), size 12845056, SharedBaseAddress: 0x0000000800000000, ArchiveRelocationMode: 0.
Compressed class space mapped at: 0x0000000801000000-0x0000000841000000, reserved size: 1073741824
Narrow klass base: 0x0000000800000000, Narrow klass shift: 0, Narrow klass range: 0x100000000

GC Precious Log:
 CardTable entry size: 512
 Card Set container configuration: InlinePtr #cards 5 size 8 Array Of Cards #cards 12 size 40 Howl #buckets 4 coarsen threshold 1843 Howl Bitmap #cards 512 size 80 coarsen threshold 460 Card regions per heap region 1 cards per card region 2048
 CPUs: 8 total, 8 available
 Memory: 7934M
 Large Page Support: Disabled
 NUMA Support: Disabled
 Compressed Oops: Enabled (32-bit)
 Heap Region Size: 1M
 Heap Min Capacity: 8M
 Heap Initial Capacity: 124M
 Heap Max Capacity: 1984M
 Pre-touch: Disabled
 Parallel Workers: 8
 Concurrent Workers: 2
 Concurrent Refinement Workers: 8
 Periodic GC: Disabled

Heap:
 garbage-first heap   total 191488K, used 133641K [0x0000000084000000, 0x0000000100000000)
  region size 1024K, 59 young (60416K), 10 survivors (10240K)
 Metaspace       used 91136K, committed 91840K, reserved 1179648K
  class space    used 12486K, committed 12800K, reserved 1048576K

Heap Regions: E=young(eden), S=young(survivor), O=old, HS=humongous(starts), HC=humongous(continues), CS=collection set, F=free, OA=open archive, CA=closed archive, TAMS=top-at-mark-start (previous, next)
|   0|0x0000000084000000, 0x0000000084100000, 0x0000000084100000|100%|HS|  |TAMS 0x0000000084100000, 0x0000000084000000| Complete 
|   1|0x0000000084100000, 0x0000000084200000, 0x0000000084200000|100%| O|  |TAMS 0x0000000084200000, 0x0000000084100000| Untracked 
|   2|0x0000000084200000, 0x0000000084300000, 0x0000000084300000|100%| O|  |TAMS 0x0000000084300000, 0x0000000084200000| Untracked 
|   3|0x0000000084300000, 0x0000000084400000, 0x0000000084400000|100%| O|  |TAMS 0x0000000084400000, 0x0000000084300000| Untracked 
|   4|0x0000000084400000, 0x0000000084500000, 0x0000000084500000|100%| O|  |TAMS 0x0000000084500000, 0x0000000084400000| Untracked 
|   5|0x0000000084500000, 0x00000000845fffe0, 0x0000000084600000| 99%| O|  |TAMS 0x00000000845fffe0, 0x0000000084500000| Untracked 
|   6|0x0000000084600000, 0x00000000846ffff0, 0x0000000084700000| 99%| O|  |TAMS 0x00000000846ffff0, 0x0000000084600000| Untracked 
|   7|0x0000000084700000, 0x0000000084800000, 0x0000000084800000|100%| O|  |TAMS 0x0000000084800000, 0x0000000084700000| Untracked 
|   8|0x0000000084800000, 0x00000000848fffb8, 0x0000000084900000| 99%| O|  |TAMS 0x00000000848fffb8, 0x0000000084800000| Untracked 
|   9|0x0000000084900000, 0x00000000849fffd0, 0x0000000084a00000| 99%| O|  |TAMS 0x00000000849fffd0, 0x0000000084900000| Untracked 
|  10|0x0000000084a00000, 0x0000000084af9d70, 0x0000000084b00000| 97%| O|  |TAMS 0x0000000084af9d70, 0x0000000084a00000| Untracked 
|  11|0x0000000084b00000, 0x0000000084bfffe8, 0x0000000084c00000| 99%| O|  |TAMS 0x0000000084bfffe8, 0x0000000084b00000| Untracked 
|  12|0x0000000084c00000, 0x0000000084d00000, 0x0000000084d00000|100%| O|  |TAMS 0x0000000084d00000, 0x0000000084c00000| Untracked 
|  13|0x0000000084d00000, 0x0000000084dffff0, 0x0000000084e00000| 99%| O|  |TAMS 0x0000000084dffff0, 0x0000000084d00000| Untracked 
|  14|0x0000000084e00000, 0x0000000084effff8, 0x0000000084f00000| 99%| O|  |TAMS 0x0000000084effff8, 0x0000000084e00000| Untracked 
|  15|0x0000000084f00000, 0x0000000084ffffc0, 0x0000000085000000| 99%| O|  |TAMS 0x0000000084ffffc0, 0x0000000084f00000| Untracked 
|  16|0x0000000085000000, 0x00000000850ffff8, 0x0000000085100000| 99%| O|  |TAMS 0x00000000850ffff8, 0x0000000085000000| Untracked 
|  17|0x0000000085100000, 0x00000000851ffd60, 0x0000000085200000| 99%| O|  |TAMS 0x00000000851ffd60, 0x0000000085100000| Untracked 
|  18|0x0000000085200000, 0x00000000852fffe8, 0x0000000085300000| 99%| O|  |TAMS 0x00000000852fffe8, 0x0000000085200000| Untracked 
|  19|0x0000000085300000, 0x00000000853ffff8, 0x0000000085400000| 99%| O|  |TAMS 0x00000000853ffff8, 0x0000000085300000| Untracked 
|  20|0x0000000085400000, 0x00000000854ffa68, 0x0000000085500000| 99%| O|  |TAMS 0x00000000854ffa68, 0x0000000085400000| Untracked 
|  21|0x0000000085500000, 0x00000000855ffff0, 0x0000000085600000| 99%| O|  |TAMS 0x00000000855ffff0, 0x0000000085500000| Untracked 
|  22|0x0000000085600000, 0x00000000856fffe8, 0x0000000085700000| 99%| O|  |TAMS 0x00000000856fffe8, 0x0000000085600000| Untracked 
|  23|0x0000000085700000, 0x00000000857f3df8, 0x0000000085800000| 95%| O|  |TAMS 0x00000000857f3df8, 0x0000000085700000| Untracked 
|  24|0x0000000085800000, 0x00000000858ffea0, 0x0000000085900000| 99%| O|  |TAMS 0x00000000858ffea0, 0x0000000085800000| Untracked 
|  25|0x0000000085900000, 0x00000000859ffff8, 0x0000000085a00000| 99%| O|  |TAMS 0x00000000859ffff8, 0x0000000085900000| Untracked 
|  26|0x0000000085a00000, 0x0000000085affff8, 0x0000000085b00000| 99%| O|  |TAMS 0x0000000085affff8, 0x0000000085a00000| Untracked 
|  27|0x0000000085b00000, 0x0000000085bfffe8, 0x0000000085c00000| 99%| O|  |TAMS 0x0000000085bfffe8, 0x0000000085b00000| Untracked 
|  28|0x0000000085c00000, 0x0000000085cffff0, 0x0000000085d00000| 99%| O|  |TAMS 0x0000000085cffff0, 0x0000000085c00000| Untracked 
|  29|0x0000000085d00000, 0x0000000085e00000, 0x0000000085e00000|100%| O|  |TAMS 0x0000000085e00000, 0x0000000085d00000| Untracked 
|  30|0x0000000085e00000, 0x0000000085f00000, 0x0000000085f00000|100%| O|  |TAMS 0x0000000085f00000, 0x0000000085e00000| Untracked 
|  31|0x0000000085f00000, 0x0000000085fffff8, 0x0000000086000000| 99%| O|  |TAMS 0x0000000085fffff8, 0x0000000085f00000| Untracked 
|  32|0x0000000086000000, 0x00000000860ffff8, 0x0000000086100000| 99%| O|  |TAMS 0x00000000860ffff8, 0x0000000086000000| Untracked 
|  33|0x0000000086100000, 0x00000000861fffe0, 0x0000000086200000| 99%| O|  |TAMS 0x00000000861fffe0, 0x0000000086100000| Untracked 
|  34|0x0000000086200000, 0x0000000086300000, 0x0000000086300000|100%| O|  |TAMS 0x0000000086300000, 0x0000000086200000| Untracked 
|  35|0x0000000086300000, 0x00000000863ffff8, 0x0000000086400000| 99%| O|  |TAMS 0x00000000863ffff8, 0x0000000086300000| Untracked 
|  36|0x0000000086400000, 0x00000000864ffff0, 0x0000000086500000| 99%| O|  |TAMS 0x00000000864ffff0, 0x0000000086400000| Untracked 
|  37|0x0000000086500000, 0x00000000865fffe8, 0x0000000086600000| 99%| O|  |TAMS 0x00000000865fffe8, 0x0000000086500000| Untracked 
|  38|0x0000000086600000, 0x00000000866ffff0, 0x0000000086700000| 99%| O|  |TAMS 0x00000000866ffff0, 0x0000000086600000| Untracked 
|  39|0x0000000086700000, 0x00000000867fffe8, 0x0000000086800000| 99%| O|  |TAMS 0x00000000867fffe8, 0x0000000086700000| Untracked 
|  40|0x0000000086800000, 0x00000000868fffb8, 0x0000000086900000| 99%| O|  |TAMS 0x00000000868fffb8, 0x0000000086800000| Untracked 
|  41|0x0000000086900000, 0x00000000869ef078, 0x0000000086a00000| 93%| O|  |TAMS 0x00000000869ef078, 0x0000000086900000| Untracked 
|  42|0x0000000086a00000, 0x0000000086affff8, 0x0000000086b00000| 99%| O|  |TAMS 0x0000000086affff8, 0x0000000086a00000| Untracked 
|  43|0x0000000086b00000, 0x0000000086bfffe8, 0x0000000086c00000| 99%| O|  |TAMS 0x0000000086bfffe8, 0x0000000086b00000| Untracked 
|  44|0x0000000086c00000, 0x0000000086d00000, 0x0000000086d00000|100%| O|  |TAMS 0x0000000086d00000, 0x0000000086c00000| Untracked 
|  45|0x0000000086d00000, 0x0000000086d2ff90, 0x0000000086e00000| 18%| O|  |TAMS 0x0000000086d2ff90, 0x0000000086d00000| Complete 
|  46|0x0000000086e00000, 0x0000000086e83fd8, 0x0000000086f00000| 51%| O|  |TAMS 0x0000000086e83fd8, 0x0000000086e00000| Untracked 
|  47|0x0000000086f00000, 0x0000000087000000, 0x0000000087000000|100%| O|  |TAMS 0x0000000087000000, 0x0000000086f00000| Untracked 
|  48|0x0000000087000000, 0x0000000087100000, 0x0000000087100000|100%| O|  |TAMS 0x0000000087100000, 0x0000000087000000| Complete 
|  49|0x0000000087100000, 0x00000000871526b0, 0x0000000087200000| 32%| O|  |TAMS 0x00000000871526b0, 0x0000000087100000| Complete 
|  50|0x0000000087200000, 0x0000000087300000, 0x0000000087300000|100%| O|  |TAMS 0x0000000087300000, 0x0000000087200000| Untracked 
|  51|0x0000000087300000, 0x0000000087400000, 0x0000000087400000|100%| O|  |TAMS 0x0000000087400000, 0x0000000087300000| Untracked 
|  52|0x0000000087400000, 0x0000000087500000, 0x0000000087500000|100%| O|  |TAMS 0x0000000087500000, 0x0000000087400000| Untracked 
|  53|0x0000000087500000, 0x0000000087600000, 0x0000000087600000|100%| O|  |TAMS 0x0000000087600000, 0x0000000087500000| Untracked 
|  54|0x0000000087600000, 0x0000000087700000, 0x0000000087700000|100%| O|  |TAMS 0x0000000087700000, 0x0000000087600000| Untracked 
|  55|0x0000000087700000, 0x0000000087800000, 0x0000000087800000|100%| O|  |TAMS 0x0000000087800000, 0x0000000087700000| Untracked 
|  56|0x0000000087800000, 0x0000000087900000, 0x0000000087900000|100%| O|  |TAMS 0x0000000087900000, 0x0000000087800000| Untracked 
|  57|0x0000000087900000, 0x0000000087a00000, 0x0000000087a00000|100%| O|  |TAMS 0x0000000087a00000, 0x0000000087900000| Untracked 
|  58|0x0000000087a00000, 0x0000000087b00000, 0x0000000087b00000|100%| O|  |TAMS 0x0000000087b00000, 0x0000000087a00000| Complete 
|  59|0x0000000087b00000, 0x0000000087c00000, 0x0000000087c00000|100%| O|  |TAMS 0x0000000087c00000, 0x0000000087b00000| Untracked 
|  60|0x0000000087c00000, 0x0000000087d00000, 0x0000000087d00000|100%| O|  |TAMS 0x0000000087d00000, 0x0000000087c00000| Untracked 
|  61|0x0000000087d00000, 0x0000000087e00000, 0x0000000087e00000|100%| O|  |TAMS 0x0000000087e00000, 0x0000000087d00000| Complete 
|  62|0x0000000087e00000, 0x0000000087f00000, 0x0000000087f00000|100%| O|  |TAMS 0x0000000087f00000, 0x0000000087e00000| Untracked 
|  63|0x0000000087f00000, 0x0000000088000000, 0x0000000088000000|100%| O|  |TAMS 0x0000000088000000, 0x0000000087f00000| Complete 
|  64|0x0000000088000000, 0x0000000088100000, 0x0000000088100000|100%| O|  |TAMS 0x0000000088100000, 0x0000000088000000| Untracked 
|  65|0x0000000088100000, 0x0000000088200000, 0x0000000088200000|100%| O|  |TAMS 0x0000000088200000, 0x0000000088100000| Untracked 
|  66|0x0000000088200000, 0x0000000088300000, 0x0000000088300000|100%| O|  |TAMS 0x0000000088300000, 0x0000000088200000| Untracked 
|  67|0x0000000088300000, 0x0000000088400000, 0x0000000088400000|100%| O|  |TAMS 0x0000000088400000, 0x0000000088300000| Untracked 
|  68|0x0000000088400000, 0x0000000088500000, 0x0000000088500000|100%| O|  |TAMS 0x0000000088500000, 0x0000000088400000| Untracked 
|  69|0x0000000088500000, 0x0000000088600000, 0x0000000088600000|100%| O|  |TAMS 0x0000000088600000, 0x0000000088500000| Untracked 
|  70|0x0000000088600000, 0x0000000088700000, 0x0000000088700000|100%| O|  |TAMS 0x0000000088700000, 0x0000000088600000| Complete 
|  71|0x0000000088700000, 0x0000000088800000, 0x0000000088800000|100%| O|  |TAMS 0x0000000088800000, 0x0000000088700000| Complete 
|  72|0x0000000088800000, 0x0000000088900000, 0x0000000088900000|100%| O|  |TAMS 0x0000000088900000, 0x0000000088800000| Untracked 
|  73|0x0000000088900000, 0x0000000088a00000, 0x0000000088a00000|100%| O|  |TAMS 0x0000000088a00000, 0x0000000088900000| Untracked 
|  74|0x0000000088a00000, 0x0000000088aa0000, 0x0000000088b00000| 62%| O|  |TAMS 0x0000000088a7e200, 0x0000000088a00000| Untracked 
|  75|0x0000000088b00000, 0x0000000088b00000, 0x0000000088c00000|  0%| F|  |TAMS 0x0000000088b00000, 0x0000000088b00000| Untracked 
|  76|0x0000000088c00000, 0x0000000088c00000, 0x0000000088d00000|  0%| F|  |TAMS 0x0000000088c00000, 0x0000000088c00000| Untracked 
|  77|0x0000000088d00000, 0x0000000088d00000, 0x0000000088e00000|  0%| F|  |TAMS 0x0000000088d00000, 0x0000000088d00000| Untracked 
|  78|0x0000000088e00000, 0x0000000088e00000, 0x0000000088f00000|  0%| F|  |TAMS 0x0000000088e00000, 0x0000000088e00000| Untracked 
|  79|0x0000000088f00000, 0x0000000088f00000, 0x0000000089000000|  0%| F|  |TAMS 0x0000000088f00000, 0x0000000088f00000| Untracked 
|  80|0x0000000089000000, 0x0000000089000000, 0x0000000089100000|  0%| F|  |TAMS 0x0000000089000000, 0x0000000089000000| Untracked 
|  81|0x0000000089100000, 0x0000000089100000, 0x0000000089200000|  0%| F|  |TAMS 0x0000000089100000, 0x0000000089100000| Untracked 
|  82|0x0000000089200000, 0x0000000089200000, 0x0000000089300000|  0%| F|  |TAMS 0x0000000089200000, 0x0000000089200000| Untracked 
|  83|0x0000000089300000, 0x0000000089300000, 0x0000000089400000|  0%| F|  |TAMS 0x0000000089300000, 0x0000000089300000| Untracked 
|  84|0x0000000089400000, 0x0000000089400000, 0x0000000089500000|  0%| F|  |TAMS 0x0000000089400000, 0x0000000089400000| Untracked 
|  85|0x0000000089500000, 0x0000000089500000, 0x0000000089600000|  0%| F|  |TAMS 0x0000000089500000, 0x0000000089500000| Untracked 
|  86|0x0000000089600000, 0x0000000089600000, 0x0000000089700000|  0%| F|  |TAMS 0x0000000089600000, 0x0000000089600000| Untracked 
|  87|0x0000000089700000, 0x0000000089700000, 0x0000000089800000|  0%| F|  |TAMS 0x0000000089700000, 0x0000000089700000| Untracked 
|  88|0x0000000089800000, 0x0000000089800000, 0x0000000089900000|  0%| F|  |TAMS 0x0000000089800000, 0x0000000089800000| Untracked 
|  89|0x0000000089900000, 0x0000000089900000, 0x0000000089a00000|  0%| F|  |TAMS 0x0000000089900000, 0x0000000089900000| Untracked 
|  90|0x0000000089a00000, 0x0000000089a00000, 0x0000000089b00000|  0%| F|  |TAMS 0x0000000089a00000, 0x0000000089a00000| Untracked 
|  91|0x0000000089b00000, 0x0000000089b00000, 0x0000000089c00000|  0%| F|  |TAMS 0x0000000089b00000, 0x0000000089b00000| Untracked 
|  92|0x0000000089c00000, 0x0000000089c00000, 0x0000000089d00000|  0%| F|  |TAMS 0x0000000089c00000, 0x0000000089c00000| Untracked 
|  93|0x0000000089d00000, 0x0000000089d00000, 0x0000000089e00000|  0%| F|  |TAMS 0x0000000089d00000, 0x0000000089d00000| Untracked 
|  94|0x0000000089e00000, 0x0000000089e00000, 0x0000000089f00000|  0%| F|  |TAMS 0x0000000089e00000, 0x0000000089e00000| Untracked 
|  95|0x0000000089f00000, 0x0000000089f00000, 0x000000008a000000|  0%| F|  |TAMS 0x0000000089f00000, 0x0000000089f00000| Untracked 
|  96|0x000000008a000000, 0x000000008a000000, 0x000000008a100000|  0%| F|  |TAMS 0x000000008a000000, 0x000000008a000000| Untracked 
|  97|0x000000008a100000, 0x000000008a100000, 0x000000008a200000|  0%| F|  |TAMS 0x000000008a100000, 0x000000008a100000| Untracked 
|  98|0x000000008a200000, 0x000000008a200000, 0x000000008a300000|  0%| F|  |TAMS 0x000000008a200000, 0x000000008a200000| Untracked 
|  99|0x000000008a300000, 0x000000008a300000, 0x000000008a400000|  0%| F|  |TAMS 0x000000008a300000, 0x000000008a300000| Untracked 
| 100|0x000000008a400000, 0x000000008a500000, 0x000000008a500000|100%| S|CS|TAMS 0x000000008a400000, 0x000000008a400000| Complete 
| 101|0x000000008a500000, 0x000000008a600000, 0x000000008a600000|100%| S|CS|TAMS 0x000000008a500000, 0x000000008a500000| Complete 
| 102|0x000000008a600000, 0x000000008a700000, 0x000000008a700000|100%| S|CS|TAMS 0x000000008a600000, 0x000000008a600000| Complete 
| 103|0x000000008a700000, 0x000000008a800000, 0x000000008a800000|100%| S|CS|TAMS 0x000000008a700000, 0x000000008a700000| Complete 
| 104|0x000000008a800000, 0x000000008a900000, 0x000000008a900000|100%| S|CS|TAMS 0x000000008a800000, 0x000000008a800000| Complete 
| 105|0x000000008a900000, 0x000000008aa00000, 0x000000008aa00000|100%| S|CS|TAMS 0x000000008a900000, 0x000000008a900000| Complete 
| 106|0x000000008aa00000, 0x000000008ab00000, 0x000000008ab00000|100%| S|CS|TAMS 0x000000008aa00000, 0x000000008aa00000| Complete 
| 107|0x000000008ab00000, 0x000000008ab00000, 0x000000008ac00000|  0%| F|  |TAMS 0x000000008ab00000, 0x000000008ab00000| Untracked 
| 108|0x000000008ac00000, 0x000000008ac00000, 0x000000008ad00000|  0%| F|  |TAMS 0x000000008ac00000, 0x000000008ac00000| Untracked 
| 109|0x000000008ad00000, 0x000000008ad00000, 0x000000008ae00000|  0%| F|  |TAMS 0x000000008ad00000, 0x000000008ad00000| Untracked 
| 110|0x000000008ae00000, 0x000000008ae00000, 0x000000008af00000|  0%| F|  |TAMS 0x000000008ae00000, 0x000000008ae00000| Untracked 
| 111|0x000000008af00000, 0x000000008af00000, 0x000000008b000000|  0%| F|  |TAMS 0x000000008af00000, 0x000000008af00000| Untracked 
| 112|0x000000008b000000, 0x000000008b000000, 0x000000008b100000|  0%| F|  |TAMS 0x000000008b000000, 0x000000008b000000| Untracked 
| 113|0x000000008b100000, 0x000000008b200000, 0x000000008b200000|100%| S|CS|TAMS 0x000000008b100000, 0x000000008b100000| Complete 
| 114|0x000000008b200000, 0x000000008b300000, 0x000000008b300000|100%| S|CS|TAMS 0x000000008b200000, 0x000000008b200000| Complete 
| 115|0x000000008b300000, 0x000000008b400000, 0x000000008b400000|100%| S|CS|TAMS 0x000000008b300000, 0x000000008b300000| Complete 
| 116|0x000000008b400000, 0x000000008b400000, 0x000000008b500000|  0%| F|  |TAMS 0x000000008b400000, 0x000000008b400000| Untracked 
| 117|0x000000008b500000, 0x000000008b500000, 0x000000008b600000|  0%| F|  |TAMS 0x000000008b500000, 0x000000008b500000| Untracked 
| 118|0x000000008b600000, 0x000000008b600000, 0x000000008b700000|  0%| F|  |TAMS 0x000000008b600000, 0x000000008b600000| Untracked 
| 119|0x000000008b700000, 0x000000008b700000, 0x000000008b800000|  0%| F|  |TAMS 0x000000008b700000, 0x000000008b700000| Untracked 
| 120|0x000000008b800000, 0x000000008b800000, 0x000000008b900000|  0%| F|  |TAMS 0x000000008b800000, 0x000000008b800000| Untracked 
| 121|0x000000008b900000, 0x000000008b900000, 0x000000008ba00000|  0%| F|  |TAMS 0x000000008b900000, 0x000000008b900000| Untracked 
| 122|0x000000008ba00000, 0x000000008ba00000, 0x000000008bb00000|  0%| F|  |TAMS 0x000000008ba00000, 0x000000008ba00000| Untracked 
| 123|0x000000008bb00000, 0x000000008bb00000, 0x000000008bc00000|  0%| F|  |TAMS 0x000000008bb00000, 0x000000008bb00000| Untracked 
| 124|0x000000008bc00000, 0x000000008bc00000, 0x000000008bd00000|  0%| F|  |TAMS 0x000000008bc00000, 0x000000008bc00000| Untracked 
| 125|0x000000008bd00000, 0x000000008bd00000, 0x000000008be00000|  0%| F|  |TAMS 0x000000008bd00000, 0x000000008bd00000| Untracked 
| 126|0x000000008be00000, 0x000000008be00000, 0x000000008bf00000|  0%| F|  |TAMS 0x000000008be00000, 0x000000008be00000| Untracked 
| 127|0x000000008bf00000, 0x000000008bf00000, 0x000000008c000000|  0%| F|  |TAMS 0x000000008bf00000, 0x000000008bf00000| Untracked 
| 128|0x000000008c000000, 0x000000008c000000, 0x000000008c100000|  0%| F|  |TAMS 0x000000008c000000, 0x000000008c000000| Untracked 
| 129|0x000000008c100000, 0x000000008c100000, 0x000000008c200000|  0%| F|  |TAMS 0x000000008c100000, 0x000000008c100000| Untracked 
| 130|0x000000008c200000, 0x000000008c200000, 0x000000008c300000|  0%| F|  |TAMS 0x000000008c200000, 0x000000008c200000| Untracked 
| 131|0x000000008c300000, 0x000000008c300000, 0x000000008c400000|  0%| F|  |TAMS 0x000000008c300000, 0x000000008c300000| Untracked 
| 132|0x000000008c400000, 0x000000008c400000, 0x000000008c500000|  0%| F|  |TAMS 0x000000008c400000, 0x000000008c400000| Untracked 
| 133|0x000000008c500000, 0x000000008c500000, 0x000000008c600000|  0%| F|  |TAMS 0x000000008c500000, 0x000000008c500000| Untracked 
| 134|0x000000008c600000, 0x000000008c600000, 0x000000008c700000|  0%| F|  |TAMS 0x000000008c600000, 0x000000008c600000| Untracked 
| 135|0x000000008c700000, 0x000000008c700000, 0x000000008c800000|  0%| F|  |TAMS 0x000000008c700000, 0x000000008c700000| Untracked 
| 136|0x000000008c800000, 0x000000008c800000, 0x000000008c900000|  0%| F|  |TAMS 0x000000008c800000, 0x000000008c800000| Untracked 
| 137|0x000000008c900000, 0x000000008c900000, 0x000000008ca00000|  0%| F|  |TAMS 0x000000008c900000, 0x000000008c900000| Untracked 
| 138|0x000000008ca00000, 0x000000008ca80b00, 0x000000008cb00000| 50%| E|  |TAMS 0x000000008ca00000, 0x000000008ca00000| Complete 
| 139|0x000000008cb00000, 0x000000008cc00000, 0x000000008cc00000|100%| E|CS|TAMS 0x000000008cb00000, 0x000000008cb00000| Complete 
| 140|0x000000008cc00000, 0x000000008cd00000, 0x000000008cd00000|100%| E|CS|TAMS 0x000000008cc00000, 0x000000008cc00000| Complete 
| 141|0x000000008cd00000, 0x000000008ce00000, 0x000000008ce00000|100%| E|CS|TAMS 0x000000008cd00000, 0x000000008cd00000| Complete 
| 142|0x000000008ce00000, 0x000000008cf00000, 0x000000008cf00000|100%| E|CS|TAMS 0x000000008ce00000, 0x000000008ce00000| Complete 
| 143|0x000000008cf00000, 0x000000008d000000, 0x000000008d000000|100%| E|CS|TAMS 0x000000008cf00000, 0x000000008cf00000| Complete 
| 144|0x000000008d000000, 0x000000008d100000, 0x000000008d100000|100%| E|CS|TAMS 0x000000008d000000, 0x000000008d000000| Complete 
| 145|0x000000008d100000, 0x000000008d200000, 0x000000008d200000|100%| E|CS|TAMS 0x000000008d100000, 0x000000008d100000| Complete 
| 146|0x000000008d200000, 0x000000008d300000, 0x000000008d300000|100%| E|CS|TAMS 0x000000008d200000, 0x000000008d200000| Complete 
| 147|0x000000008d300000, 0x000000008d400000, 0x000000008d400000|100%| E|CS|TAMS 0x000000008d300000, 0x000000008d300000| Complete 
| 148|0x000000008d400000, 0x000000008d500000, 0x000000008d500000|100%| E|CS|TAMS 0x000000008d400000, 0x000000008d400000| Complete 
| 149|0x000000008d500000, 0x000000008d600000, 0x000000008d600000|100%| E|CS|TAMS 0x000000008d500000, 0x000000008d500000| Complete 
| 150|0x000000008d600000, 0x000000008d700000, 0x000000008d700000|100%| E|CS|TAMS 0x000000008d600000, 0x000000008d600000| Complete 
| 151|0x000000008d700000, 0x000000008d800000, 0x000000008d800000|100%| E|CS|TAMS 0x000000008d700000, 0x000000008d700000| Complete 
| 152|0x000000008d800000, 0x000000008d900000, 0x000000008d900000|100%| E|CS|TAMS 0x000000008d800000, 0x000000008d800000| Complete 
| 153|0x000000008d900000, 0x000000008da00000, 0x000000008da00000|100%| E|CS|TAMS 0x000000008d900000, 0x000000008d900000| Complete 
| 154|0x000000008da00000, 0x000000008db00000, 0x000000008db00000|100%| E|CS|TAMS 0x000000008da00000, 0x000000008da00000| Complete 
| 155|0x000000008db00000, 0x000000008dc00000, 0x000000008dc00000|100%| E|CS|TAMS 0x000000008db00000, 0x000000008db00000| Complete 
| 156|0x000000008dc00000, 0x000000008dd00000, 0x000000008dd00000|100%| E|CS|TAMS 0x000000008dc00000, 0x000000008dc00000| Complete 
| 157|0x000000008dd00000, 0x000000008de00000, 0x000000008de00000|100%| E|CS|TAMS 0x000000008dd00000, 0x000000008dd00000| Complete 
| 158|0x000000008de00000, 0x000000008df00000, 0x000000008df00000|100%| E|CS|TAMS 0x000000008de00000, 0x000000008de00000| Complete 
| 159|0x000000008df00000, 0x000000008e000000, 0x000000008e000000|100%| E|CS|TAMS 0x000000008df00000, 0x000000008df00000| Complete 
| 160|0x000000008e000000, 0x000000008e100000, 0x000000008e100000|100%| E|CS|TAMS 0x000000008e000000, 0x000000008e000000| Complete 
| 161|0x000000008e100000, 0x000000008e200000, 0x000000008e200000|100%| E|CS|TAMS 0x000000008e100000, 0x000000008e100000| Complete 
| 162|0x000000008e200000, 0x000000008e300000, 0x000000008e300000|100%| E|CS|TAMS 0x000000008e200000, 0x000000008e200000| Complete 
| 163|0x000000008e300000, 0x000000008e400000, 0x000000008e400000|100%| E|CS|TAMS 0x000000008e300000, 0x000000008e300000| Complete 
| 164|0x000000008e400000, 0x000000008e500000, 0x000000008e500000|100%| E|CS|TAMS 0x000000008e400000, 0x000000008e400000| Complete 
| 165|0x000000008e500000, 0x000000008e600000, 0x000000008e600000|100%| E|CS|TAMS 0x000000008e500000, 0x000000008e500000| Complete 
| 166|0x000000008e600000, 0x000000008e700000, 0x000000008e700000|100%| E|CS|TAMS 0x000000008e600000, 0x000000008e600000| Complete 
| 167|0x000000008e700000, 0x000000008e800000, 0x000000008e800000|100%| E|CS|TAMS 0x000000008e700000, 0x000000008e700000| Complete 
| 168|0x000000008e800000, 0x000000008e900000, 0x000000008e900000|100%| E|CS|TAMS 0x000000008e800000, 0x000000008e800000| Complete 
| 169|0x000000008e900000, 0x000000008ea00000, 0x000000008ea00000|100%| E|CS|TAMS 0x000000008e900000, 0x000000008e900000| Complete 
| 170|0x000000008ea00000, 0x000000008eb00000, 0x000000008eb00000|100%| E|CS|TAMS 0x000000008ea00000, 0x000000008ea00000| Complete 
| 171|0x000000008eb00000, 0x000000008ec00000, 0x000000008ec00000|100%| E|CS|TAMS 0x000000008eb00000, 0x000000008eb00000| Complete 
| 172|0x000000008ec00000, 0x000000008ed00000, 0x000000008ed00000|100%| E|CS|TAMS 0x000000008ec00000, 0x000000008ec00000| Complete 
| 173|0x000000008ed00000, 0x000000008ee00000, 0x000000008ee00000|100%| E|CS|TAMS 0x000000008ed00000, 0x000000008ed00000| Complete 
| 174|0x000000008ee00000, 0x000000008ef00000, 0x000000008ef00000|100%| E|CS|TAMS 0x000000008ee00000, 0x000000008ee00000| Complete 
| 175|0x000000008ef00000, 0x000000008f000000, 0x000000008f000000|100%| E|CS|TAMS 0x000000008ef00000, 0x000000008ef00000| Complete 
| 176|0x000000008f000000, 0x000000008f100000, 0x000000008f100000|100%| E|CS|TAMS 0x000000008f000000, 0x000000008f000000| Complete 
| 177|0x000000008f100000, 0x000000008f200000, 0x000000008f200000|100%| E|CS|TAMS 0x000000008f100000, 0x000000008f100000| Complete 
| 178|0x000000008f200000, 0x000000008f300000, 0x000000008f300000|100%| E|CS|TAMS 0x000000008f200000, 0x000000008f200000| Complete 
| 179|0x000000008f300000, 0x000000008f400000, 0x000000008f400000|100%| E|CS|TAMS 0x000000008f300000, 0x000000008f300000| Complete 
| 180|0x000000008f400000, 0x000000008f500000, 0x000000008f500000|100%| E|CS|TAMS 0x000000008f400000, 0x000000008f400000| Complete 
| 181|0x000000008f500000, 0x000000008f600000, 0x000000008f600000|100%| E|CS|TAMS 0x000000008f500000, 0x000000008f500000| Complete 
| 182|0x000000008f600000, 0x000000008f700000, 0x000000008f700000|100%| E|CS|TAMS 0x000000008f600000, 0x000000008f600000| Complete 
| 183|0x000000008f700000, 0x000000008f800000, 0x000000008f800000|100%| E|CS|TAMS 0x000000008f700000, 0x000000008f700000| Complete 
| 184|0x000000008f800000, 0x000000008f900000, 0x000000008f900000|100%| E|CS|TAMS 0x000000008f800000, 0x000000008f800000| Complete 
| 185|0x000000008f900000, 0x000000008fa00000, 0x000000008fa00000|100%| E|CS|TAMS 0x000000008f900000, 0x000000008f900000| Complete 
| 186|0x000000008fa00000, 0x000000008fb00000, 0x000000008fb00000|100%| E|CS|TAMS 0x000000008fa00000, 0x000000008fa00000| Complete 

Card table byte_map: [0x000002adea260000,0x000002adea640000] _byte_map_base: 0x000002ade9e40000

Marking Bits (Prev, Next): (CMBitMap*) 0x000002addee80ea0, (CMBitMap*) 0x000002addee80e60
 Prev Bits: [0x000002adec920000, 0x000002adee820000)
 Next Bits: [0x000002adeaa20000, 0x000002adec920000)

Polling page: 0x000002addce10000

Metaspace:

Usage:
  Non-class:     76.81 MB used.
      Class:     12.19 MB used.
       Both:     89.00 MB used.

Virtual space:
  Non-class space:      128.00 MB reserved,      77.19 MB ( 60%) committed,  2 nodes.
      Class space:        1.00 GB reserved,      12.50 MB (  1%) committed,  1 nodes.
             Both:        1.12 GB reserved,      89.69 MB (  8%) committed. 

Chunk freelists:
   Non-Class:  2.38 MB
       Class:  3.38 MB
        Both:  5.76 MB

MaxMetaspaceSize: unlimited
CompressedClassSpaceSize: 1.00 GB
Initial GC threshold: 21.00 MB
Current GC threshold: 149.50 MB
CDS: on
MetaspaceReclaimPolicy: balanced
 - commit_granule_bytes: 65536.
 - commit_granule_words: 8192.
 - virtual_space_node_default_size: 8388608.
 - enlarge_chunks_in_place: 1.
 - new_chunks_are_fully_committed: 0.
 - uncommit_free_chunks: 1.
 - use_allocation_guard: 0.


Internal statistics:

num_allocs_failed_limit: 9.
num_arena_births: 1444.
num_arena_deaths: 420.
num_vsnodes_births: 3.
num_vsnodes_deaths: 0.
num_space_committed: 1435.
num_space_uncommitted: 0.
num_chunks_returned_to_freelist: 458.
num_chunks_taken_from_freelist: 4879.
num_chunk_merges: 115.
num_chunk_splits: 3360.
num_chunks_enlarged: 2699.
num_inconsistent_stats: 0.

CodeCache: size=49152Kb used=25038Kb max_used=26719Kb free=24113Kb
 bounds [0x000002ade6d70000, 0x000002ade8790000, 0x000002ade9d70000]
 total_blobs=14970 nmethods=14210 adapters=683
 compilation: enabled
              stopped_count=0, restarted_count=0
 full_count=0

Compilation events (20 events):
Event: 338.039 Thread 0x000002adf5b16f40 14202   !   1       org.springframework.context.event.SimpleApplicationEventMulticaster::invokeListener (38 bytes)
Event: 338.039 Thread 0x000002adf5b39100 14203   !   1       org.springframework.context.event.SimpleApplicationEventMulticaster::doInvokeListener (121 bytes)
Event: 338.039 Thread 0x000002adf5b16f40 nmethod 14202 0x000002ade8786c90 code [0x000002ade8786e60, 0x000002ade8787048]
Event: 338.039 Thread 0x000002adf5b39100 nmethod 14203 0x000002ade8787190 code [0x000002ade87873c0, 0x000002ade8787908]
Event: 353.913 Thread 0x000002adf12fa180 14204       1       java.time.LocalTime::<init> (29 bytes)
Event: 353.914 Thread 0x000002adf12fa180 nmethod 14204 0x000002ade8312e90 code [0x000002ade8313020, 0x000002ade83130f8]
Event: 354.255 Thread 0x000002adf12fa180 14205   !   1       java.time.format.DateTimeFormatterBuilder$CompositePrinterParser::format (116 bytes)
Event: 354.256 Thread 0x000002adf12fa180 nmethod 14205 0x000002ade8312810 code [0x000002ade83129e0, 0x000002ade8312c78]
Event: 354.263 Thread 0x000002adf12fa180 14206       1       sun.security.ssl.SSLSocketImpl::isInputShutdown (37 bytes)
Event: 354.263 Thread 0x000002adf12fa180 nmethod 14206 0x000002ade8312390 code [0x000002ade8312540, 0x000002ade83126c8]
Event: 354.264 Thread 0x000002adf12fa180 14207  s!   1       java.net.Socket::close (47 bytes)
Event: 354.264 Thread 0x000002adf12fa180 nmethod 14207 0x000002ade8311d10 code [0x000002ade8311ee0, 0x000002ade8312238]
Event: 354.264 Thread 0x000002adf12fa180 14208       1       java.lang.RuntimeException::<init> (6 bytes)
Event: 354.264 Thread 0x000002adf12fa180 nmethod 14208 0x000002ade8311a10 code [0x000002ade8311ba0, 0x000002ade8311c88]
Event: 354.266 Thread 0x000002adf12fa180 14209       1       org.apache.tomcat.util.collections.ManagedConcurrentWeakHashMap::get (21 bytes)
Event: 354.266 Thread 0x000002adf12fa180 nmethod 14209 0x000002ade8311510 code [0x000002ade83116e0, 0x000002ade83118e8]
Event: 354.266 Thread 0x000002adf12fa180 14210       1       org.apache.tomcat.util.collections.ManagedConcurrentWeakHashMap::createLookupKey (10 bytes)
Event: 354.267 Thread 0x000002adf12fa180 nmethod 14210 0x000002ade8311090 code [0x000002ade8311240, 0x000002ade8311468]
Event: 354.268 Thread 0x000002adf12fa180 14211       1       java.util.concurrent.CopyOnWriteArrayList::remove (34 bytes)
Event: 354.269 Thread 0x000002adf12fa180 nmethod 14211 0x000002ade8310c90 code [0x000002ade8310e40, 0x000002ade8310f98]

GC Heap History (20 events):
Event: 62.773 GC heap after
{Heap after GC invocations=36 (full 1):
 garbage-first heap   total 157696K, used 60032K [0x0000000084000000, 0x0000000100000000)
  region size 1024K, 6 young (6144K), 6 survivors (6144K)
 Metaspace       used 83220K, committed 84032K, reserved 1179648K
  class space    used 11646K, committed 12032K, reserved 1048576K
}
Event: 233.918 GC heap before
{Heap before GC invocations=37 (full 1):
 garbage-first heap   total 157696K, used 117376K [0x0000000084000000, 0x0000000100000000)
  region size 1024K, 64 young (65536K), 6 survivors (6144K)
 Metaspace       used 86098K, committed 86976K, reserved 1179648K
  class space    used 12011K, committed 12416K, reserved 1048576K
}
Event: 234.972 GC heap after
{Heap after GC invocations=38 (full 2):
 garbage-first heap   total 157696K, used 47361K [0x0000000084000000, 0x0000000100000000)
  region size 1024K, 0 young (0K), 0 survivors (0K)
 Metaspace       used 86098K, committed 86976K, reserved 1179648K
  class space    used 12011K, committed 12416K, reserved 1048576K
}
Event: 237.971 GC heap before
{Heap before GC invocations=38 (full 2):
 garbage-first heap   total 157696K, used 115969K [0x0000000084000000, 0x0000000100000000)
  region size 1024K, 68 young (69632K), 0 survivors (0K)
 Metaspace       used 86656K, committed 87552K, reserved 1179648K
  class space    used 12079K, committed 12480K, reserved 1048576K
}
Event: 237.990 GC heap after
{Heap after GC invocations=39 (full 2):
 garbage-first heap   total 157696K, used 52819K [0x0000000084000000, 0x0000000100000000)
  region size 1024K, 6 young (6144K), 6 survivors (6144K)
 Metaspace       used 86656K, committed 87552K, reserved 1179648K
  class space    used 12079K, committed 12480K, reserved 1048576K
}
Event: 239.107 GC heap before
{Heap before GC invocations=39 (full 2):
 garbage-first heap   total 157696K, used 119379K [0x0000000084000000, 0x0000000100000000)
  region size 1024K, 71 young (72704K), 6 survivors (6144K)
 Metaspace       used 87172K, committed 88064K, reserved 1179648K
  class space    used 12129K, committed 12544K, reserved 1048576K
}
Event: 239.124 GC heap after
{Heap after GC invocations=40 (full 2):
 garbage-first heap   total 157696K, used 57415K [0x0000000084000000, 0x0000000100000000)
  region size 1024K, 6 young (6144K), 6 survivors (6144K)
 Metaspace       used 87172K, committed 88064K, reserved 1179648K
  class space    used 12129K, committed 12544K, reserved 1048576K
}
Event: 278.818 GC heap before
{Heap before GC invocations=40 (full 2):
 garbage-first heap   total 157696K, used 118855K [0x0000000084000000, 0x0000000100000000)
  region size 1024K, 67 young (68608K), 6 survivors (6144K)
 Metaspace       used 88245K, committed 89152K, reserved 1179648K
  class space    used 12251K, committed 12672K, reserved 1048576K
}
Event: 278.843 GC heap after
{Heap after GC invocations=41 (full 2):
 garbage-first heap   total 191488K, used 62931K [0x0000000084000000, 0x0000000100000000)
  region size 1024K, 7 young (7168K), 7 survivors (7168K)
 Metaspace       used 88245K, committed 89152K, reserved 1179648K
  class space    used 12251K, committed 12672K, reserved 1048576K
}
Event: 280.326 GC heap before
{Heap before GC invocations=42 (full 2):
 garbage-first heap   total 191488K, used 143827K [0x0000000084000000, 0x0000000100000000)
  region size 1024K, 87 young (89088K), 7 survivors (7168K)
 Metaspace       used 88305K, committed 89152K, reserved 1179648K
  class space    used 12205K, committed 12672K, reserved 1048576K
}
Event: 280.343 GC heap after
{Heap after GC invocations=43 (full 2):
 garbage-first heap   total 191488K, used 67262K [0x0000000084000000, 0x0000000100000000)
  region size 1024K, 5 young (5120K), 5 survivors (5120K)
 Metaspace       used 88305K, committed 89152K, reserved 1179648K
  class space    used 12205K, committed 12672K, reserved 1048576K
}
Event: 280.371 GC heap before
{Heap before GC invocations=43 (full 2):
 garbage-first heap   total 191488K, used 71358K [0x0000000084000000, 0x0000000100000000)
  region size 1024K, 9 young (9216K), 5 survivors (5120K)
 Metaspace       used 88344K, committed 89216K, reserved 1179648K
  class space    used 12211K, committed 12672K, reserved 1048576K
}
Event: 280.381 GC heap after
{Heap after GC invocations=44 (full 2):
 garbage-first heap   total 191488K, used 67879K [0x0000000084000000, 0x0000000100000000)
  region size 1024K, 1 young (1024K), 1 survivors (1024K)
 Metaspace       used 88344K, committed 89216K, reserved 1179648K
  class space    used 12211K, committed 12672K, reserved 1048576K
}
Event: 330.931 GC heap before
{Heap before GC invocations=44 (full 2):
 garbage-first heap   total 191488K, used 149799K [0x0000000084000000, 0x0000000100000000)
  region size 1024K, 81 young (82944K), 1 survivors (1024K)
 Metaspace       used 89347K, committed 90112K, reserved 1179648K
  class space    used 12294K, committed 12672K, reserved 1048576K
}
Event: 331.085 GC heap after
{Heap after GC invocations=45 (full 2):
 garbage-first heap   total 191488K, used 74213K [0x0000000084000000, 0x0000000100000000)
  region size 1024K, 7 young (7168K), 7 survivors (7168K)
 Metaspace       used 89347K, committed 90112K, reserved 1179648K
  class space    used 12294K, committed 12672K, reserved 1048576K
}
Event: 335.117 GC heap before
{Heap before GC invocations=45 (full 2):
 garbage-first heap   total 191488K, used 148965K [0x0000000084000000, 0x0000000100000000)
  region size 1024K, 81 young (82944K), 7 survivors (7168K)
 Metaspace       used 89943K, committed 90688K, reserved 1179648K
  class space    used 12383K, committed 12736K, reserved 1048576K
}
Event: 335.154 GC heap after
{Heap after GC invocations=46 (full 2):
 garbage-first heap   total 191488K, used 79418K [0x0000000084000000, 0x0000000100000000)
  region size 1024K, 6 young (6144K), 6 survivors (6144K)
 Metaspace       used 89943K, committed 90688K, reserved 1179648K
  class space    used 12383K, committed 12736K, reserved 1048576K
}
Event: 336.956 GC heap before
{Heap before GC invocations=46 (full 2):
 garbage-first heap   total 191488K, used 151098K [0x0000000084000000, 0x0000000100000000)
  region size 1024K, 77 young (78848K), 6 survivors (6144K)
 Metaspace       used 90814K, committed 91584K, reserved 1179648K
  class space    used 12458K, committed 12800K, reserved 1048576K
}
Event: 336.973 GC heap after
{Heap after GC invocations=47 (full 2):
 garbage-first heap   total 191488K, used 84489K [0x0000000084000000, 0x0000000100000000)
  region size 1024K, 10 young (10240K), 10 survivors (10240K)
 Metaspace       used 90814K, committed 91584K, reserved 1179648K
  class space    used 12458K, committed 12800K, reserved 1048576K
}
Event: 354.272 GC heap before
{Heap before GC invocations=48 (full 2):
 garbage-first heap   total 191488K, used 133641K [0x0000000084000000, 0x0000000100000000)
  region size 1024K, 59 young (60416K), 10 survivors (10240K)
 Metaspace       used 91136K, committed 91840K, reserved 1179648K
  class space    used 12486K, committed 12800K, reserved 1048576K
}

Dll operation events (14 events):
Event: 0.018 Loaded shared library C:\Program Files\Java\jdk-19\bin\java.dll
Event: 0.056 Loaded shared library C:\Program Files\Java\jdk-19\bin\jsvml.dll
Event: 0.251 Loaded shared library C:\Program Files\Java\jdk-19\bin\zip.dll
Event: 0.256 Loaded shared library C:\Program Files\Java\jdk-19\bin\instrument.dll
Event: 0.264 Loaded shared library C:\Program Files\Java\jdk-19\bin\net.dll
Event: 0.267 Loaded shared library C:\Program Files\Java\jdk-19\bin\nio.dll
Event: 0.273 Loaded shared library C:\Program Files\Java\jdk-19\bin\zip.dll
Event: 0.381 Loaded shared library C:\Program Files\Java\jdk-19\bin\jimage.dll
Event: 0.457 Loaded shared library D:\IntelliJ IDEA 2024.3.1.1\bin\breakgen64.dll
Event: 0.471 Loaded shared library C:\Program Files\Java\jdk-19\bin\extnet.dll
Event: 0.478 Loaded shared library C:\Program Files\Java\jdk-19\bin\management.dll
Event: 0.502 Loaded shared library C:\Program Files\Java\jdk-19\bin\management_ext.dll
Event: 0.965 Loaded shared library C:\Program Files\Java\jdk-19\bin\verify.dll
Event: 3.079 Loaded shared library C:\Program Files\Java\jdk-19\bin\sunmscapi.dll

Deoptimization events (14 events):
Event: 0.671 Thread 0x000002adf12e5390 DEOPT PACKING pc=0x000002ade70ca855 sp=0x000000bc9e7fd280
Event: 0.671 Thread 0x000002adf12e5390 DEOPT UNPACKING pc=0x000002ade6ddb0e3 sp=0x000000bc9e7fc730 mode 3
Event: 0.688 Thread 0x000002adf12e5390 DEOPT PACKING pc=0x000002ade716dc50 sp=0x000000bc9e7fd250
Event: 0.688 Thread 0x000002adf12e5390 DEOPT UNPACKING pc=0x000002ade6ddb0e3 sp=0x000000bc9e7fc708 mode 3
Event: 2.328 Thread 0x000002adf6ba45f0 DEOPT PACKING pc=0x000002ade73987b9 sp=0x000000bca00fcf60
Event: 2.328 Thread 0x000002adf6ba45f0 DEOPT UNPACKING pc=0x000002ade6ddb0e3 sp=0x000000bca00fc440 mode 3
Event: 9.351 Thread 0x000002adf6ba45f0 DEOPT PACKING pc=0x000002ade7bb823c sp=0x000000bca00fadc0
Event: 9.351 Thread 0x000002adf6ba45f0 DEOPT UNPACKING pc=0x000002ade6ddb0e3 sp=0x000000bca00fa318 mode 0
Event: 10.003 Thread 0x000002adf6ba45f0 DEOPT PACKING pc=0x000002ade74527ba sp=0x000000bca00fc870
Event: 10.003 Thread 0x000002adf6ba45f0 DEOPT UNPACKING pc=0x000002ade6ddb0e3 sp=0x000000bca00fbd78 mode 3
Event: 52.076 Thread 0x000002adf7a44af0 DEOPT PACKING pc=0x000002ade7c5bf1d sp=0x000000bc9fffdd00
Event: 52.076 Thread 0x000002adf7a44af0 DEOPT UNPACKING pc=0x000002ade6ddb0e3 sp=0x000000bc9fffd268 mode 3
Event: 53.760 Thread 0x000002adf7a44af0 DEOPT PACKING pc=0x000002ade76b0439 sp=0x000000bc9fffde30
Event: 53.760 Thread 0x000002adf7a44af0 DEOPT UNPACKING pc=0x000002ade6ddb0e3 sp=0x000000bc9fffd310 mode 3

Classes loaded (20 events):
Event: 74.129 Loading class java/util/zip/GZIPOutputStream
Event: 74.130 Loading class java/util/zip/GZIPOutputStream done
Event: 74.148 Loading class sun/util/resources/LocaleData$CommonResourceBundleProvider
Event: 74.149 Loading class sun/util/resources/LocaleData$LocaleDataResourceBundleProvider
Event: 74.149 Loading class java/util/spi/ResourceBundleProvider
Event: 74.149 Loading class java/util/spi/ResourceBundleProvider done
Event: 74.149 Loading class sun/util/resources/LocaleData$LocaleDataResourceBundleProvider done
Event: 74.149 Loading class sun/util/resources/LocaleData$CommonResourceBundleProvider done
Event: 74.150 Loading class sun/util/resources/Bundles$2
Event: 74.150 Loading class sun/util/resources/Bundles$2 done
Event: 74.162 Loading class java/util/function/IntBinaryOperator
Event: 74.162 Loading class java/util/function/IntBinaryOperator done
Event: 74.162 Loading class java/util/stream/ReduceOps$7
Event: 74.163 Loading class java/util/stream/ReduceOps$7 done
Event: 74.163 Loading class java/util/stream/ReduceOps$6ReducingSink
Event: 74.163 Loading class java/util/stream/ReduceOps$6ReducingSink done
Event: 239.614 Loading class java/util/concurrent/atomic/Striped64$Cell
Event: 239.618 Loading class java/util/concurrent/atomic/Striped64$Cell done
Event: 337.510 Loading class java/time/DurationEditor
Event: 337.609 Loading class java/time/DurationEditor done

Classes unloaded (20 events):
Event: 279.025 Thread 0x000002adf12c4eb0 Unloading class 0x00000008010c7800 'java/lang/invoke/LambdaForm$MH+0x00000008010c7800'
Event: 279.025 Thread 0x000002adf12c4eb0 Unloading class 0x00000008010c7400 'java/lang/invoke/LambdaForm$MH+0x00000008010c7400'
Event: 279.025 Thread 0x000002adf12c4eb0 Unloading class 0x00000008010c7000 'java/lang/invoke/LambdaForm$MH+0x00000008010c7000'
Event: 279.025 Thread 0x000002adf12c4eb0 Unloading class 0x00000008010c6800 'java/lang/invoke/LambdaForm$MH+0x00000008010c6800'
Event: 279.025 Thread 0x000002adf12c4eb0 Unloading class 0x00000008010c6000 'java/lang/invoke/LambdaForm$MH+0x00000008010c6000'
Event: 279.025 Thread 0x000002adf12c4eb0 Unloading class 0x00000008010c1800 'jdk/internal/reflect/GeneratedSerializationConstructorAccessor3'
Event: 279.025 Thread 0x000002adf12c4eb0 Unloading class 0x00000008010c1400 'jdk/internal/reflect/GeneratedSerializationConstructorAccessor2'
Event: 279.025 Thread 0x000002adf12c4eb0 Unloading class 0x00000008010c1000 'jdk/internal/reflect/GeneratedSerializationConstructorAccessor1'
Event: 279.025 Thread 0x000002adf12c4eb0 Unloading class 0x00000008010c0000 'java/lang/invoke/LambdaForm$DMH+0x00000008010c0000'
Event: 279.025 Thread 0x000002adf12c4eb0 Unloading class 0x000000080100d800 'java/lang/invoke/LambdaForm$DMH+0x000000080100d800'
Event: 279.025 Thread 0x000002adf12c4eb0 Unloading class 0x000000080100d000 'java/lang/invoke/LambdaForm$DMH+0x000000080100d000'
Event: 279.025 Thread 0x000002adf12c4eb0 Unloading class 0x000000080100cc00 'java/lang/invoke/LambdaForm$DMH+0x000000080100cc00'
Event: 279.025 Thread 0x000002adf12c4eb0 Unloading class 0x000000080100b400 'java/lang/invoke/LambdaForm$MH+0x000000080100b400'
Event: 279.025 Thread 0x000002adf12c4eb0 Unloading class 0x0000000801007000 'java/lang/invoke/LambdaForm$MH+0x0000000801007000'
Event: 279.025 Thread 0x000002adf12c4eb0 Unloading class 0x0000000801006800 'java/lang/invoke/LambdaForm$MH+0x0000000801006800'
Event: 279.025 Thread 0x000002adf12c4eb0 Unloading class 0x0000000801006000 'java/lang/invoke/LambdaForm$MH+0x0000000801006000'
Event: 279.025 Thread 0x000002adf12c4eb0 Unloading class 0x0000000801004000 'java/lang/invoke/LambdaForm$MH+0x0000000801004000'
Event: 279.025 Thread 0x000002adf12c4eb0 Unloading class 0x0000000801003c00 'java/lang/invoke/LambdaForm$MH+0x0000000801003c00'
Event: 279.025 Thread 0x000002adf12c4eb0 Unloading class 0x0000000801003400 'java/lang/invoke/LambdaForm$MH+0x0000000801003400'
Event: 279.025 Thread 0x000002adf12c4eb0 Unloading class 0x0000000801002c00 'java/lang/invoke/LambdaForm$MH+0x0000000801002c00'

Classes redefined (0 events):
No events

Internal exceptions (20 events):
Event: 332.184 Thread 0x000002adf7a46030 Exception <a 'sun/nio/fs/WindowsException'{0x000000008e18a4a8}> (0x000000008e18a4a8) 
thrown [s\open\src\hotspot\share\prims\jni.cpp, line 517]
Event: 332.666 Thread 0x000002adf7a46030 Exception <a 'sun/nio/fs/WindowsException'{0x000000008dedc790}> (0x000000008dedc790) 
thrown [s\open\src\hotspot\share\prims\jni.cpp, line 517]
Event: 333.030 Thread 0x000002adf7a46030 Exception <a 'java/lang/NoClassDefFoundError'{0x000000008d4133c8}: org/flywaydb/core/Flyway> (0x000000008d4133c8) 
thrown [s\open\src\hotspot\share\oops\constantPool.cpp, line 837]
Event: 333.030 Thread 0x000002adf7a46030 Exception <a 'java/lang/NoClassDefFoundError'{0x000000008d413a28}: liquibase/integration/spring/SpringLiquibase> (0x000000008d413a28) 
thrown [s\open\src\hotspot\share\oops\constantPool.cpp, line 837]
Event: 333.055 Thread 0x000002adf7a46030 Exception <a 'java/lang/NoClassDefFoundError'{0x000000008d4e93e8}: org/jooq/DSLContext> (0x000000008d4e93e8) 
thrown [s\open\src\hotspot\share\oops\constantPool.cpp, line 837]
Event: 333.058 Thread 0x000002adf7a46030 Exception <a 'java/lang/NoClassDefFoundError'{0x000000008d305a40}: org/springframework/batch/core/repository/JobRepository> (0x000000008d305a40) 
thrown [s\open\src\hotspot\share\oops\constantPool.cpp, line 837]
Event: 333.058 Thread 0x000002adf7a46030 Exception <a 'java/lang/NoClassDefFoundError'{0x000000008d306098}: org/quartz/Scheduler> (0x000000008d306098) 
thrown [s\open\src\hotspot\share\oops\constantPool.cpp, line 837]
Event: 333.058 Thread 0x000002adf7a46030 Exception <a 'java/lang/NoClassDefFoundError'{0x000000008d306718}: org/springframework/session/jdbc/JdbcIndexedSessionRepository> (0x000000008d306718) 
thrown [s\open\src\hotspot\share\oops\constantPool.cpp, line 837]
Event: 333.291 Thread 0x000002adf7a46030 Exception <a 'sun/nio/fs/WindowsException'{0x000000008ca50040}> (0x000000008ca50040) 
thrown [s\open\src\hotspot\share\prims\jni.cpp, line 517]
Event: 333.292 Thread 0x000002adf7a46030 Exception <a 'sun/nio/fs/WindowsException'{0x000000008ca506a8}> (0x000000008ca506a8) 
thrown [s\open\src\hotspot\share\prims\jni.cpp, line 517]
Event: 333.292 Thread 0x000002adf7a46030 Exception <a 'sun/nio/fs/WindowsException'{0x000000008ca53938}> (0x000000008ca53938) 
thrown [s\open\src\hotspot\share\prims\jni.cpp, line 517]
Event: 333.330 Thread 0x000002adf7a46030 Exception <a 'java/io/FileNotFoundException'{0x000000008ca9d280}> (0x000000008ca9d280) 
thrown [s\open\src\hotspot\share\prims\jni.cpp, line 517]
Event: 333.659 Thread 0x000002adf7a46030 Exception <a 'sun/nio/fs/WindowsException'{0x000000008b68fc88}> (0x000000008b68fc88) 
thrown [s\open\src\hotspot\share\prims\jni.cpp, line 517]
Event: 335.965 Thread 0x000002adf7a46030 Exception <a 'java/io/FileNotFoundException'{0x000000008d2a8358}> (0x000000008d2a8358) 
thrown [s\open\src\hotspot\share\prims\jni.cpp, line 517]
Event: 336.906 Thread 0x000002adf7a46030 Exception <a 'java/io/FileNotFoundException'{0x000000008b78e8a0}> (0x000000008b78e8a0) 
thrown [s\open\src\hotspot\share\prims\jni.cpp, line 517]
Event: 336.906 Thread 0x000002adf7a46030 Exception <a 'java/io/FileNotFoundException'{0x000000008b798b10}> (0x000000008b798b10) 
thrown [s\open\src\hotspot\share\prims\jni.cpp, line 517]
Event: 337.618 Thread 0x000002adf7a46030 Exception <a 'java/lang/NoSuchMethodError'{0x000000008ef45c98}: 'void java.lang.invoke.DelegatingMethodHandle$Holder.reinvoke_L(java.lang.Object, java.lang.Object, int)'> (0x000000008ef45c98) 
thrown [s\open\src\hotspot\share\interpreter\linkResolver.cpp, line 774]
Event: 337.657 Thread 0x000002adf7a46030 Exception <a 'sun/nio/fs/WindowsException'{0x000000008eefa060}> (0x000000008eefa060) 
thrown [s\open\src\hotspot\share\prims\jni.cpp, line 517]
Event: 337.674 Thread 0x000002adf7a46030 Exception <a 'sun/nio/fs/WindowsException'{0x000000008ec209c8}> (0x000000008ec209c8) 
thrown [s\open\src\hotspot\share\prims\jni.cpp, line 517]
Event: 354.271 Thread 0x000002adf7a445a0 Exception <a 'java/lang/InterruptedException'{0x000000008ca5a958}: sleep interrupted> (0x000000008ca5a958) 
thrown [s\open\src\hotspot\share\prims\jvm.cpp, line 3103]

VM Operations (20 events):
Event: 331.086 Executing VM operation: G1CollectForAllocation done
Event: 332.096 Executing VM operation: Cleanup
Event: 332.128 Executing VM operation: Cleanup done
Event: 333.143 Executing VM operation: Cleanup
Event: 333.144 Executing VM operation: Cleanup done
Event: 334.159 Executing VM operation: Cleanup
Event: 334.160 Executing VM operation: Cleanup done
Event: 335.117 Executing VM operation: G1CollectForAllocation
Event: 335.154 Executing VM operation: G1CollectForAllocation done
Event: 336.160 Executing VM operation: Cleanup
Event: 336.160 Executing VM operation: Cleanup done
Event: 336.956 Executing VM operation: G1CollectForAllocation
Event: 336.973 Executing VM operation: G1CollectForAllocation done
Event: 337.193 Executing VM operation: G1PauseRemark
Event: 337.427 Executing VM operation: G1PauseRemark done
Event: 337.537 Executing VM operation: G1PauseCleanup
Event: 337.612 Executing VM operation: G1PauseCleanup done
Event: 338.625 Executing VM operation: Cleanup
Event: 338.625 Executing VM operation: Cleanup done
Event: 354.271 Executing VM operation: G1CollectFull

Events (20 events):
Event: 348.055 Thread 0x000002adf5b16f40 Thread exited: 0x000002adf5b16f40
Event: 353.916 Thread 0x000002adf940cde0 Thread added: 0x000002adf940cde0
Event: 353.916 Thread 0x000002adf7a45ae0 Thread exited: 0x000002adf7a45ae0
Event: 354.242 Thread 0x000002adf940ddd0 Thread exited: 0x000002adf940ddd0
Event: 354.245 Thread 0x000002adf940edc0 Thread exited: 0x000002adf940edc0
Event: 354.248 Thread 0x000002adf6ba40a0 Thread exited: 0x000002adf6ba40a0
Event: 354.248 Thread 0x000002adf6ba3b50 Thread exited: 0x000002adf6ba3b50
Event: 354.248 Thread 0x000002adf7a48560 Thread exited: 0x000002adf7a48560
Event: 354.248 Thread 0x000002adf7a48ab0 Thread exited: 0x000002adf7a48ab0
Event: 354.249 Thread 0x000002adf7a49000 Thread exited: 0x000002adf7a49000
Event: 354.249 Thread 0x000002adf6ba5090 Thread exited: 0x000002adf6ba5090
Event: 354.249 Thread 0x000002adf7a47ac0 Thread exited: 0x000002adf7a47ac0
Event: 354.249 Thread 0x000002adf7a47020 Thread exited: 0x000002adf7a47020
Event: 354.249 Thread 0x000002adf6ba45f0 Thread exited: 0x000002adf6ba45f0
Event: 354.251 Thread 0x000002adf7a46ad0 Thread exited: 0x000002adf7a46ad0
Event: 354.257 Thread 0x000002adf940ddd0 Thread added: 0x000002adf940ddd0
Event: 354.257 Thread 0x000002adf7a45590 Thread exited: 0x000002adf7a45590
Event: 354.261 Thread 0x000002adf7a43060 Thread exited: 0x000002adf7a43060
Event: 354.265 Thread 0x000002adf940ddd0 Thread exited: 0x000002adf940ddd0
Event: 354.271 Thread 0x000002adf7a445a0 Thread exited: 0x000002adf7a445a0


Dynamic libraries:
0x00007ff7d5cb0000 - 0x00007ff7d5cc0000 	C:\Program Files\Java\jdk-19\bin\java.exe
0x00007ffe6fe70000 - 0x00007ffe70087000 	C:\WINDOWS\SYSTEM32\ntdll.dll
0x00007ffe6e770000 - 0x00007ffe6e834000 	C:\WINDOWS\System32\KERNEL32.DLL
0x00007ffe6d380000 - 0x00007ffe6d73a000 	C:\WINDOWS\System32\KERNELBASE.dll
0x00007ffe6d9d0000 - 0x00007ffe6dae1000 	C:\WINDOWS\System32\ucrtbase.dll
0x00007ffe64fd0000 - 0x00007ffe64feb000 	C:\Program Files\Java\jdk-19\bin\VCRUNTIME140.dll
0x00007ffe64fb0000 - 0x00007ffe64fc8000 	C:\Program Files\Java\jdk-19\bin\jli.dll
0x00007ffe6de50000 - 0x00007ffe6df02000 	C:\WINDOWS\System32\ADVAPI32.dll
0x00007ffe6dfa0000 - 0x00007ffe6e047000 	C:\WINDOWS\System32\msvcrt.dll
0x00007ffe6dda0000 - 0x00007ffe6de47000 	C:\WINDOWS\System32\sechost.dll
0x00007ffe6d2b0000 - 0x00007ffe6d2d8000 	C:\WINDOWS\System32\bcrypt.dll
0x00007ffe6e4e0000 - 0x00007ffe6e5f4000 	C:\WINDOWS\System32\RPCRT4.dll
0x00007ffe6dbe0000 - 0x00007ffe6dd8e000 	C:\WINDOWS\System32\USER32.dll
0x00007ffe6d200000 - 0x00007ffe6d226000 	C:\WINDOWS\System32\win32u.dll
0x00007ffe6ed00000 - 0x00007ffe6ed29000 	C:\WINDOWS\System32\GDI32.dll
0x00007ffe6d8b0000 - 0x00007ffe6d9cb000 	C:\WINDOWS\System32\gdi32full.dll
0x00007ffe6d2e0000 - 0x00007ffe6d37a000 	C:\WINDOWS\System32\msvcp_win.dll
0x00007ffe578b0000 - 0x00007ffe57b42000 	C:\WINDOWS\WinSxS\amd64_microsoft.windows.common-controls_6595b64144ccf1df_6.0.22621.4541_none_2710d1c57384c085\COMCTL32.dll
0x00007ffe653a0000 - 0x00007ffe653aa000 	C:\WINDOWS\SYSTEM32\VERSION.dll
0x00007ffe6e680000 - 0x00007ffe6e6b1000 	C:\WINDOWS\System32\IMM32.DLL
0x00007ffe68380000 - 0x00007ffe6838c000 	C:\Program Files\Java\jdk-19\bin\vcruntime140_1.dll
0x00007ffe54e30000 - 0x00007ffe54ebe000 	C:\Program Files\Java\jdk-19\bin\msvcp140.dll
0x00007ffe211a0000 - 0x00007ffe21e60000 	C:\Program Files\Java\jdk-19\bin\server\jvm.dll
0x00007ffe48f70000 - 0x00007ffe48f79000 	C:\WINDOWS\SYSTEM32\WSOCK32.dll
0x00007ffe6e600000 - 0x00007ffe6e671000 	C:\WINDOWS\System32\WS2_32.dll
0x00007ffe67160000 - 0x00007ffe67194000 	C:\WINDOWS\SYSTEM32\WINMM.dll
0x00007ffe6c180000 - 0x00007ffe6c198000 	C:\WINDOWS\SYSTEM32\kernel.appcore.dll
0x00007ffe68340000 - 0x00007ffe6834a000 	C:\Program Files\Java\jdk-19\bin\jimage.dll
0x00007ffe6a4f0000 - 0x00007ffe6a722000 	C:\WINDOWS\SYSTEM32\DBGHELP.DLL
0x00007ffe6f9a0000 - 0x00007ffe6fd2f000 	C:\WINDOWS\System32\combase.dll
0x00007ffe6eba0000 - 0x00007ffe6ec77000 	C:\WINDOWS\System32\OLEAUT32.dll
0x00007ffe55d60000 - 0x00007ffe55d92000 	C:\WINDOWS\SYSTEM32\dbgcore.DLL
0x00007ffe6d230000 - 0x00007ffe6d2ab000 	C:\WINDOWS\System32\bcryptPrimitives.dll
0x00007ffe67100000 - 0x00007ffe6710e000 	C:\Program Files\Java\jdk-19\bin\instrument.dll
0x00007ffe64f80000 - 0x00007ffe64fa6000 	C:\Program Files\Java\jdk-19\bin\java.dll
0x00007ffe53220000 - 0x00007ffe532f7000 	C:\Program Files\Java\jdk-19\bin\jsvml.dll
0x00007ffe6f100000 - 0x00007ffe6f978000 	C:\WINDOWS\System32\SHELL32.dll
0x00007ffe6b080000 - 0x00007ffe6b988000 	C:\WINDOWS\SYSTEM32\windows.storage.dll
0x00007ffe6af40000 - 0x00007ffe6b07f000 	C:\WINDOWS\SYSTEM32\wintypes.dll
0x00007ffe6fd30000 - 0x00007ffe6fe2a000 	C:\WINDOWS\System32\SHCORE.dll
0x00007ffe6eca0000 - 0x00007ffe6ecfe000 	C:\WINDOWS\System32\shlwapi.dll
0x00007ffe6d070000 - 0x00007ffe6d09b000 	C:\WINDOWS\SYSTEM32\profapi.dll
0x00007ffe64650000 - 0x00007ffe64668000 	C:\Program Files\Java\jdk-19\bin\zip.dll
0x00007ffe61fb0000 - 0x00007ffe61fc3000 	C:\Program Files\Java\jdk-19\bin\net.dll
0x00007ffe689c0000 - 0x00007ffe68af6000 	C:\WINDOWS\SYSTEM32\WINHTTP.dll
0x00007ffe6c600000 - 0x00007ffe6c669000 	C:\WINDOWS\system32\mswsock.dll
0x00007ffe61e80000 - 0x00007ffe61e96000 	C:\Program Files\Java\jdk-19\bin\nio.dll
0x00007ffe6bc10000 - 0x00007ffe6bd12000 	C:\WINDOWS\SYSTEM32\DNSAPI.dll
0x00007ffe6bbe0000 - 0x00007ffe6bc0d000 	C:\WINDOWS\SYSTEM32\IPHLPAPI.DLL
0x00007ffe6dbd0000 - 0x00007ffe6dbd9000 	C:\WINDOWS\System32\NSI.dll
0x00007ffe61e60000 - 0x00007ffe61e7a000 	D:\IntelliJ IDEA 2024.3.1.1\bin\breakgen64.dll
0x000000006eab0000 - 0x000000006ead6000 	C:\Program Files\Bonjour\mdnsNSP.dll
0x00007ffe647e0000 - 0x00007ffe647ea000 	C:\Windows\System32\rasadhlp.dll
0x00007ffe63c80000 - 0x00007ffe63d03000 	C:\WINDOWS\System32\fwpuclnt.dll
0x00007ffe67050000 - 0x00007ffe67058000 	C:\Program Files\Java\jdk-19\bin\extnet.dll
0x00007ffe62070000 - 0x00007ffe6207a000 	C:\Program Files\Java\jdk-19\bin\management.dll
0x00007ffe62040000 - 0x00007ffe6204b000 	C:\Program Files\Java\jdk-19\bin\management_ext.dll
0x00007ffe6e050000 - 0x00007ffe6e058000 	C:\WINDOWS\System32\PSAPI.DLL
0x00007ffe6c850000 - 0x00007ffe6c86b000 	C:\WINDOWS\SYSTEM32\CRYPTSP.dll
0x00007ffe6c0e0000 - 0x00007ffe6c115000 	C:\WINDOWS\system32\rsaenh.dll
0x00007ffe6c6f0000 - 0x00007ffe6c718000 	C:\WINDOWS\SYSTEM32\USERENV.dll
0x00007ffe6c870000 - 0x00007ffe6c87c000 	C:\WINDOWS\SYSTEM32\CRYPTBASE.dll
0x00007ffe653b0000 - 0x00007ffe653c9000 	C:\WINDOWS\SYSTEM32\dhcpcsvc6.DLL
0x00007ffe64f60000 - 0x00007ffe64f7f000 	C:\WINDOWS\SYSTEM32\dhcpcsvc.DLL
0x00007ffe46b60000 - 0x00007ffe46b77000 	C:\WINDOWS\system32\napinsp.dll
0x00007ffe46b40000 - 0x00007ffe46b5b000 	C:\WINDOWS\system32\pnrpnsp.dll
0x00007ffe44e90000 - 0x00007ffe44ea1000 	C:\WINDOWS\System32\winrnr.dll
0x00007ffe64970000 - 0x00007ffe64985000 	C:\WINDOWS\system32\wshbth.dll
0x00007ffe43df0000 - 0x00007ffe43e17000 	C:\WINDOWS\system32\nlansp_c.dll
0x00007ffe61e50000 - 0x00007ffe61e60000 	C:\Program Files\Java\jdk-19\bin\verify.dll
0x00007ffe42380000 - 0x00007ffe423d0000 	C:\WINDOWS\SYSTEM32\pdh.dll
0x00007ffe3af80000 - 0x00007ffe3af91000 	C:\WINDOWS\System32\perfproc.dll
0x00007ffe61ec0000 - 0x00007ffe61ece000 	C:\Program Files\Java\jdk-19\bin\sunmscapi.dll
0x00007ffe6d740000 - 0x00007ffe6d8a6000 	C:\WINDOWS\System32\CRYPT32.dll
0x00007ffe6ca10000 - 0x00007ffe6ca3d000 	C:\WINDOWS\SYSTEM32\ncrypt.dll
0x00007ffe6c9d0000 - 0x00007ffe6ca07000 	C:\WINDOWS\SYSTEM32\NTASN1.dll
0x00007ffe15360000 - 0x00007ffe15368000 	C:\WINDOWS\system32\wshunix.dll

dbghelp: loaded successfully - version: 4.0.5 - missing functions: none
symbol engine: initialized successfully - sym options: 0x614 - pdb path: .;C:\Program Files\Java\jdk-19\bin;C:\WINDOWS\SYSTEM32;C:\WINDOWS\WinSxS\amd64_microsoft.windows.common-controls_6595b64144ccf1df_6.0.22621.4541_none_2710d1c57384c085;C:\Program Files\Java\jdk-19\bin\server;D:\IntelliJ IDEA 2024.3.1.1\bin;C:\Program Files\Bonjour

VM Arguments:
jvm_args: -XX:TieredStopAtLevel=1 -Dspring.output.ansi.enabled=always -Dcom.sun.management.jmxremote -Dspring.jmx.enabled=true -Dspring.liveBeansView.mbeanDomain -Dspring.application.admin.enabled=true -Dmanagement.endpoints.jmx.exposure.include=* -javaagent:D:\IntelliJ IDEA 2024.3.1.1\lib\idea_rt.jar=56514:D:\IntelliJ IDEA 2024.3.1.1\bin -Dfile.encoding=UTF-8 -Dsun.stdout.encoding=UTF-8 -Dsun.stderr.encoding=UTF-8 
java_command: com.example.datn.DatnApplication
java_class_path (initial): E:\fa24-sd72-dat-phong-khach-san-bambooking\target\classes;C:\Users\Admin\.m2\repository\org\springframework\boot\spring-boot-starter-web\3.3.1\spring-boot-starter-web-3.3.1.jar;C:\Users\Admin\.m2\repository\org\springframework\boot\spring-boot-starter\3.3.1\spring-boot-starter-3.3.1.jar;C:\Users\Admin\.m2\repository\org\springframework\boot\spring-boot-starter-logging\3.3.1\spring-boot-starter-logging-3.3.1.jar;C:\Users\Admin\.m2\repository\ch\qos\logback\logback-classic\1.5.6\logback-classic-1.5.6.jar;C:\Users\Admin\.m2\repository\ch\qos\logback\logback-core\1.5.6\logback-core-1.5.6.jar;C:\Users\Admin\.m2\repository\org\apache\logging\log4j\log4j-to-slf4j\2.23.1\log4j-to-slf4j-2.23.1.jar;C:\Users\Admin\.m2\repository\org\apache\logging\log4j\log4j-api\2.23.1\log4j-api-2.23.1.jar;C:\Users\Admin\.m2\repository\org\slf4j\jul-to-slf4j\2.0.13\jul-to-slf4j-2.0.13.jar;C:\Users\Admin\.m2\repository\jakarta\annotation\jakarta.annotation-api\2.1.1\jakarta.annotation-api-2.1.1.jar;C:\Users\Admin\.m2\repository\org\yaml\snakeyaml\2.2\snakeyaml-2.2.jar;C:\Users\Admin\.m2\repository\org\springframework\boot\spring-boot-starter-json\3.3.1\spring-boot-starter-json-3.3.1.jar;C:\Users\Admin\.m2\repository\com\fasterxml\jackson\datatype\jackson-datatype-jdk8\2.17.1\jackson-datatype-jdk8-2.17.1.jar;C:\Users\Admin\.m2\repository\com\fasterxml\jackson\datatype\jackson-datatype-jsr310\2.17.1\jackson-datatype-jsr310-2.17.1.jar;C:\Users\Admin\.m2\repository\com\fasterxml\jackson\module\jackson-module-parameter-names\2.17.1\jackson-module-parameter-names-2.17.1.jar;C:\Users\Admin\.m2\repository\org\springframework\boot\spring-boot-starter-tomcat\3.3.1\spring-boot-starter-tomcat-3.3.1.jar;C:\Users\Admin\.m2\repository\org\apache\tomcat\embed\tomcat-embed-websocket\10.1.25\tomcat-embed-websocket-10.1.25.jar;C:\Users\Admin\.m2\repository\org\springframework\spring-web\6.1.10\spring-web-6.1.10.jar;C:\Users\Admin\.m2\repository\org\springframework\spring-beans\6.1.10\spring-beans-6.1.10.jar;C:\Users\Admin\.m2\repository\io\micrometer\micrometer-observation\1.13.1\micrometer-observation-1.13.1.jar;C:\Users\Admin\.m2\repository\io\micrometer\micrometer-commons\1.13.1\micrometer-commons-1.13.1.jar;C:\Users\Admin\.m2\repository\org\springframework\spring-webmvc\6.1.10\spring-webmvc-6.1.10.jar;C:\Users\Admin\.m2\repository\org\springframework\spring-context\6.1.10\spring-context-6.1.10.jar;C:\Users\Admin\.m2\repository\org\springframework\spring-expression\6.1.10\spring-expression-6.1.10.jar;C:\Users\Admin\.m2\repository\org\springframework\boot\spring-boot-starter-security\3.3.1\spring-boot-starter-security-3.3.1.jar;C:\Users\Admin\.m2\repository\org\springframework\spring-aop\6.1.10\spring-aop-6.1.10.jar;C:\Users\Admin\.m2\repository\org\springframework\security\spring-security-config\6.3.1\spring-security-config-6.3.1.jar;C:\Users\Admin\.m2\repository\org\springframework\security\spring-security-web\6.3.1\spring-security-web-6.3.1.jar;C:\Users\Admin\.m2\repository\org\springframework\boot\spring-boot-starter-oauth2-resource-server\3.3.1\spring-boot-starter-oauth2-resource-server-3.3.1.jar;C:\Users\Admin\.m2\repository\org\springframework\security\spring-security-core\6.3.1\spring-security-core-6.3.1.jar;C:\Users\Admin\.m2\repository\org\springframework\security\spring-security-crypto\6.3.1\spring-security-crypto-6.3.1.jar;C:\Users\Admin\.m2\repository\org\springframework\security\spring-security-oauth2-resource-server\6.3.1\spring-security-oauth2-resource-server-6.3.1.jar;C:\Users\Admin\.m2\repository\org\springframework\security\spring-security-oauth2-core\6.3.1\spring-security-oauth2-core-6.3.1.jar;C:\Users\Admin\.m2\repository\org\springframework\security\spring-security-oauth2-jose\6.3.1\spring-security-oauth2-jose-6.3.1.jar;C:\Users\Admin\.m2\repository\com\nimbusds\nimbus-jose-jwt\9.37.3\nimbus-jose-jwt-9.37.3.jar;C:\Users\Admin\.m2\repository\com\github\stephenc\jcip\jcip-annotations\1.0-1\jcip-annotations-1.0-1.jar;C:\Users\Admin\.m2\repository\org\apache\tomcat\embed\tomcat-embed-jasper\10.1.25\tomcat-embed-jasper-10.1.25.jar;C:\Users\Admin\.m2\repository\org\apache\tomcat\embed\tomcat-embed-core\10.1.25\tomcat-embed-core-10.1.25.jar;C:\Users\Admin\.m2\repository\org\apache\tomcat\tomcat-annotations-api\10.1.25\tomcat-annotations-api-10.1.25.jar;C:\Users\Admin\.m2\repository\org\apache\tomcat\embed\tomcat-embed-el\10.1.25\tomcat-embed-el-10.1.25.jar;C:\Users\Admin\.m2\repository\org\eclipse\jdt\ecj\3.33.0\ecj-3.33.0.jar;C:\Users\Admin\.m2\repository\jakarta\servlet\jsp\jstl\jakarta.servlet.jsp.jstl-api\2.0.0\jakarta.servlet.jsp.jstl-api-2.0.0.jar;C:\Users\Admin\.m2\repository\jakarta\servlet\jakarta.servlet-api\6.0.0\jakarta.servlet-api-6.0.0.jar;C:\Users\Admin\.m2\repository\jakarta\el\jakarta.el-api\4.0.0\jakarta.el-api-4.0.0.jar;C:\Users\Admin\.m2\repository\jakarta\xml\bind\jakarta.xml.bind-api\4.0.2\jakarta.xml.bind-api-4.0.2.jar;C:\Users\Admin\.m2\repository\jakarta\activation\jakarta.activation-api\2.1.3\jakarta.activation-api-2.1.3.jar;C:\Users\Admin\.m2\repository\org\glassfish\web\jakarta.servlet.jsp.jstl\2.0.0\jakarta.servlet.jsp.jstl-2.0.0.jar;C:\Users\Admin\.m2\repository\org\springframework\boot\spring-boot-starter-data-jpa\3.3.1\spring-boot-starter-data-jpa-3.3.1.jar;C:\Users\Admin\.m2\repository\org\springframework\boot\spring-boot-starter-aop\3.3.1\spring-boot-starter-aop-3.3.1.jar;C:\Users\Admin\.m2\repository\org\aspectj\aspectjweaver\1.9.22\aspectjweaver-1.9.22.jar;C:\Users\Admin\.m2\repository\org\springframework\boot\spring-boot-starter-jdbc\3.3.1\spring-boot-starter-jdbc-3.3.1.jar;C:\Users\Admin\.m2\repository\com\zaxxer\HikariCP\5.1.0\HikariCP-5.1.0.jar;C:\Users\Admin\.m2\repository\org\springframework\spring-jdbc\6.1.10\spring-jdbc-6.1.10.jar;C:\Users\Admin\.m2\repository\org\hibernate\orm\hibernate-core\6.5.2.Final\hibernate-core-6.5.2.Final.jar;C:\Users\Admin\.m2\repository\jakarta\persistence\jakarta.persistence-api\3.1.0\jakarta.persistence-api-3.1.0.jar;C:\Users\Admin\.m2\repository\jakarta\transaction\jakarta.transaction-api\2.0.1\jakarta.transaction-api-2.0.1.jar;C:\Users\Admin\.m2\repository\org\jboss\logging\jboss-logging\3.5.3.Final\jboss-logging-3.5.3.Final.jar;C:\Users\Admin\.m2\repository\org\hibernate\common\hibernate-commons-annotations\6.0.6.Final\hibernate-commons-annotations-6.0.6.Final.jar;C:\Users\Admin\.m2\repository\io\smallrye\jandex\3.1.2\jandex-3.1.2.jar;C:\Users\Admin\.m2\repository\com\fasterxml\classmate\1.7.0\classmate-1.7.0.jar;C:\Users\Admin\.m2\repository\net\bytebuddy\byte-buddy\1.14.17\byte-buddy-1.14.17.jar;C:\Users\Admin\.m2\repository\org\glassfish\jaxb\jaxb-runtime\4.0.5\jaxb-runtime-4.0.5.jar;C:\Users\Admin\.m2\repository\org\glassfish\jaxb\jaxb-core\4.0.5\jaxb-core-4.0.5.jar;C:\Users\Admin\.m2\repository\org\glassfish\jaxb\txw2\4.0.5\txw2-4.0.5.jar;C:\Users\Admin\.m2\repository\com\sun\istack\istack-commons-runtime\4.1.2\istack-commons-runtime-4.1.2.jar;C:\Users\Admin\.m2\repository\jakarta\inject\jakarta.inject-api\2.0.1\jakarta.inject-api-2.0.1.jar;C:\Users\Admin\.m2\repository\org\antlr\antlr4-runtime\4.13.0\antlr4-runtime-4.13.0.jar;C:\Users\Admin\.m2\repository\org\springframework\data\spring-data-jpa\3.3.1\spring-data-jpa-3.3.1.jar;C:\Users\Admin\.m2\repository\org\springframework\data\spring-data-commons\3.3.1\spring-data-commons-3.3.1.jar;C:\Users\Admin\.m2\repository\org\springframework\spring-orm\6.1.10\spring-orm-6.1.10.jar;C:\Users\Admin\.m2\repository\org\springframework\spring-tx\6.1.10\spring-tx-6.1.10.jar;C:\Users\Admin\.m2\repository\org\slf4j\slf4j-api\2.0.13\slf4j-api-2.0.13.jar;C:\Users\Admin\.m2\repository\org\springframework\spring-aspects\6.1.10\spring-aspects-6.1.10.jar;C:\Users\Admin\.m2\repository\com\microsoft\sqlserver\mssql-jdbc\9.4.1.jre16\mssql-jdbc-9.4.1.jre16.jar;C:\Users\Admin\.m2\repository\org\springframework\boot\spring-boot-starter-validation\3.3.1\spring-boot-starter-validation-3.3.1.jar;C:\Users\Admin\.m2\repository\org\hibernate\validator\hibernate-validator\8.0.1.Final\hibernate-validator-8.0.1.Final.jar;C:\Users\Admin\.m2\repository\jakarta\validation\jakarta.validation-api\3.0.2\jakarta.validation-api-3.0.2.jar;C:\Users\Admin\.m2\repository\com\cloudinary\cloudinary-http45\1.38.0\cloudinary-http45-1.38.0.jar;C:\Users\Admin\.m2\repository\com\cloudinary\cloudinary-core\1.38.0\cloudinary-core-1.38.0.jar;C:\Users\Admin\.m2\repository\org\apache\commons\commons-lang3\3.14.0\commons-lang3-3.14.0.jar;C:\Users\Admin\.m2\repository\org\apache\httpcomponents\httpclient\4.5.13\httpclient-4.5.13.jar;C:\Users\Admin\.m2\repository\org\apache\httpcomponents\httpcore\4.4.16\httpcore-4.4.16.jar;C:\Users\Admin\.m2\repository\commons-codec\commons-codec\1.16.1\commons-codec-1.16.1.jar;C:\Users\Admin\.m2\repository\org\apache\httpcomponents\httpmime\4.5.13\httpmime-4.5.13.jar;C:\Users\Admin\.m2\repository\org\springframework\boot\spring-boot-starter-hateoas\3.3.1\spring-boot-starter-hateoas-3.3.1.jar;C:\Users\Admin\.m2\repository\org\springframework\hateoas\spring-hateoas\2.3.0\spring-hateoas-2.3.0.jar;C:\Users\Admin\.m2\repository\org\springframework\plugin\spring-plugin-core\3.0.0\spring-plugin-core-3.0.0.jar;C:\Users\Admin\.m2\repository\commons-logging\commons-logging\1.2\commons-logging-1.2.jar;C:\Users\Admin\.m2\repository\org\springframework\boot\spring-boot-devtools\3.3.1\spring-boot-devtools-3.3.1.jar;C:\Users\Admin\.m2\repository\org\springframework\boot\spring-boot\3.3.1\spring-boot-3.3.1.jar;C:\Users\Admin\.m2\repository\org\springframework\boot\spring-boot-autoconfigure\3.3.1\spring-boot-autoconfigure-3.3.1.jar;C:\Users\Admin\.m2\repository\org\projectlombok\lombok\1.18.32\lombok-1.18.32.jar;C:\Users\Admin\.m2\repository\com\jayway\jsonpath\json-path\2.9.0\json-path-2.9.0.jar;C:\Users\Admin\.m2\repository\net\minidev\json-smart\2.5.1\json-smart-2.5.1.jar;C:\Users\Admin\.m2\repository\net\minidev\accessors-smart\2.5.1\accessors-smart-2.5.1.jar;C:\Users\Admin\.m2\repository\org\ow2\asm\asm\9.6\asm-9.6.jar;C:\Users\Admin\.m2\repository\org\springframework\spring-core\6.1.10\spring-core-6.1.10.jar;C:\Users\Admin\.m2\repository\org\springframework\spring-jcl\6.1.10\spring-jcl-6.1.10.jar;C:\Users\Admin\.m2\repository\org\springframework\boot\spring-boot-starter-mail\3.3.1\spring-boot-starter-mail-3.3.1.jar;C:\Users\Admin\.m2\repository\org\springframework\spring-context-support\6.1.10\spring-context-support-6.1.10.jar;C:\Users\Admin\.m2\repository\org\eclipse\angus\jakarta.mail\2.0.3\jakarta.mail-2.0.3.jar;C:\Users\Admin\.m2\repository\org\eclipse\angus\angus-activation\2.0.2\angus-activation-2.0.2.jar;C:\Users\Admin\.m2\repository\io\jsonwebtoken\jjwt-api\0.11.5\jjwt-api-0.11.5.jar;C:\Users\Admin\.m2\repository\io\jsonwebtoken\jjwt-impl\0.11.5\jjwt-impl-0.11.5.jar;C:\Users\Admin\.m2\repository\io\jsonwebtoken\jjwt-jackson\0.11.5\jjwt-jackson-0.11.5.jar;C:\Users\Admin\.m2\repository\com\fasterxml\jackson\core\jackson-databind\2.17.1\jackson-databind-2.17.1.jar;C:\Users\Admin\.m2\repository\com\fasterxml\jackson\core\jackson-annotations\2.17.1\jackson-annotations-2.17.1.jar;C:\Users\Admin\.m2\repository\com\fasterxml\jackson\core\jackson-core\2.17.1\jackson-core-2.17.1.jar
Launcher Type: SUN_STANDARD

[Global flags]
     intx CICompilerCount                          = 4                                         {product} {ergonomic}
     uint ConcGCThreads                            = 2                                         {product} {ergonomic}
     uint G1ConcRefinementThreads                  = 8                                         {product} {ergonomic}
   size_t G1HeapRegionSize                         = 1048576                                   {product} {ergonomic}
    uintx GCDrainStackTargetSize                   = 64                                        {product} {ergonomic}
   size_t InitialHeapSize                          = 130023424                                 {product} {ergonomic}
     bool ManagementServer                         = true                                      {product} {command line}
   size_t MarkStackSize                            = 4194304                                   {product} {ergonomic}
   size_t MaxHeapSize                              = 2080374784                                {product} {ergonomic}
   size_t MaxNewSize                               = 1247805440                                {product} {ergonomic}
   size_t MinHeapDeltaBytes                        = 1048576                                   {product} {ergonomic}
   size_t MinHeapSize                              = 8388608                                   {product} {ergonomic}
    uintx NonProfiledCodeHeapSize                  = 0                                      {pd product} {ergonomic}
     bool ProfileInterpreter                       = false                                  {pd product} {command line}
    uintx ProfiledCodeHeapSize                     = 0                                      {pd product} {ergonomic}
   size_t SoftMaxHeapSize                          = 2080374784                             {manageable} {ergonomic}
     intx TieredStopAtLevel                        = 1                                         {product} {command line}
     bool UseCompressedClassPointers               = true                           {product lp64_product} {ergonomic}
     bool UseCompressedOops                        = true                           {product lp64_product} {ergonomic}
     bool UseG1GC                                  = true                                      {product} {ergonomic}
     bool UseLargePagesIndividualAllocation        = false                                  {pd product} {ergonomic}

Logging:
Log output configuration:
 #0: stdout all=warning uptime,level,tags foldmultilines=false
 #1: stderr all=off uptime,level,tags foldmultilines=false

Environment Variables:
PATH=C:\Program Files\Common Files\Oracle\Java\javapath;C:\WINDOWS\system32;C:\WINDOWS;C:\WINDOWS\System32\Wbem;C:\WINDOWS\System32\WindowsPowerShell\v1.0\;C:\WINDOWS\System32\OpenSSH\;C:\Program Files (x86)\Microsoft SQL Server\160\Tools\Binn\;C:\Program Files\Microsoft SQL Server\160\Tools\Binn\;C:\Program Files\Microsoft SQL Server\Client SDK\ODBC\170\Tools\Binn\;C:\Program Files\Microsoft SQL Server\160\DTS\Binn\;C:\Program Files\Azure Data Studio\bin;C:\Program Files\nodejs\;C:\Program Files (x86)\Microsoft SQL Server\160\DTS\Binn\;C:\Program Files\Git\cmd;C:\Program Files\dotnet\;C:\Users\Admin\AppData\Local\Microsoft\WindowsApps;C:\Users\Admin\AppData\Local\Programs\Microsoft VS Code\bin;C:\Program Files\Azure Data Studio\bin;C:\Users\Admin\AppData\Roaming\npm;E:\APP\IntelliJ IDEA 2022.3.2\bin;
USERNAME=Admin
OS=Windows_NT
PROCESSOR_IDENTIFIER=Intel64 Family 6 Model 140 Stepping 1, GenuineIntel
TMP=C:\Users\Admin\AppData\Local\Temp
TEMP=C:\Users\Admin\AppData\Local\Temp



---------------  S Y S T E M  ---------------

OS:
 Windows 11 , 64 bit Build 22621 (10.0.22621.4391)
OS uptime: 0 days 11:00 hours

CPU: total 8 (initial active 8) (4 cores per cpu, 2 threads per core) family 6 model 140 stepping 1 microcode 0xb8, cx8, cmov, fxsr, ht, mmx, 3dnowpref, sse, sse2, sse3, ssse3, sse4.1, sse4.2, popcnt, lzcnt, tsc, tscinvbit, avx, avx2, aes, erms, clmul, bmi1, bmi2, adx, avx512f, avx512dq, avx512cd, avx512bw, avx512vl, sha, fma, vzeroupper, avx512_vpopcntdq, avx512_vpclmulqdq, avx512_vaes, avx512_vnni, clflush, clflushopt, clwb, avx512_vbmi2, avx512_vbmi, rdtscp, rdpid, fsrm, gfni, avx512_bitalg

Memory: 4k page, system-wide physical 7934M (499M free)
TotalPageFile size 19893M (AvailPageFile size 9M)
current process WorkingSet (physical memory assigned to process): 346M, peak: 360M
current process commit charge ("private bytes"): 454M, peak: 455M

vm_info: Java HotSpot(TM) 64-Bit Server VM (19.0.2+7-44) for windows-amd64 JRE (19.0.2+7-44), built on 2022-11-30T18:02:09Z by "mach5one" with MS VC++ 17.1 (VS2022)

END.
