#
# There is insufficient memory for the Java Runtime Environment to continue.
# Native memory allocation (mmap) failed to map 79691776 bytes for G1 virtual space
# Possible reasons:
#   The system is out of physical RAM or swap space
#   The process is running with CompressedOops enabled, and the Java Heap may be blocking the growth of the native heap
# Possible solutions:
#   Reduce memory load on the system
#   Increase physical memory or swap space
#   Check if swap backing store is full
#   Decrease Java heap size (-Xmx/-Xms)
#   Decrease number of Java threads
#   Decrease Java thread stack sizes (-Xss)
#   Set larger code cache with -XX:ReservedCodeCacheSize=
#   JVM is running with Unscaled Compressed Oops mode in which the Java heap is
#     placed in the first 4GB address space. The Java Heap base address is the
#     maximum limit for the native heap growth. Please use -XX:HeapBaseMinAddress
#     to set the Java Heap base and to place the Java Heap above 4GB virtual address.
# This output file may be truncated or incomplete.
#
#  Out of Memory Error (os_windows.cpp:3536), pid=20704, tid=24480
#
# JRE version: Java(TM) SE Runtime Environment (19.0.2+7) (build 19.0.2+7-44)
# Java VM: Java HotSpot(TM) 64-Bit Server VM (19.0.2+7-44, mixed mode, emulated-client, sharing, tiered, compressed oops, compressed class ptrs, g1 gc, windows-amd64)
# No core dump will be written. Minidumps are not enabled by default on client versions of Windows
#

---------------  S U M M A R Y ------------

Command Line: -XX:TieredStopAtLevel=1 -Dspring.output.ansi.enabled=always -Dcom.sun.management.jmxremote -Dspring.jmx.enabled=true -Dspring.liveBeansView.mbeanDomain -Dspring.application.admin.enabled=true -Dmanagement.endpoints.jmx.exposure.include=* -javaagent:E:\APP\IntelliJ IDEA 2022.3.2\lib\idea_rt.jar=56099:E:\APP\IntelliJ IDEA 2022.3.2\bin -Dfile.encoding=UTF-8 -Dsun.stdout.encoding=UTF-8 -Dsun.stderr.encoding=UTF-8 com.example.datn.DatnApplication

Host: 11th Gen Intel(R) Core(TM) i5-1135G7 @ 2.40GHz, 8 cores, 7G,  Windows 11 , 64 bit Build 22621 (10.0.22621.4391)
Time: Thu Dec 12 23:17:46 2024 SE Asia Standard Time elapsed time: 8.537321 seconds (0d 0h 0m 8s)

---------------  T H R E A D  ---------------

Current thread (0x000001eaa97fe230):  VMThread "VM Thread" [stack: 0x0000007eaf300000,0x0000007eaf400000] [id=24480]

Stack: [0x0000007eaf300000,0x0000007eaf400000]
Native frames: (J=compiled Java code, j=interpreted, Vv=VM code, C=native code)
V  [jvm.dll+0x6ee21a]
V  [jvm.dll+0x85765e]
V  [jvm.dll+0x85904e]
V  [jvm.dll+0x859703]
V  [jvm.dll+0x28298f]
V  [jvm.dll+0x6eb009]
V  [jvm.dll+0x6dfbaa]
V  [jvm.dll+0x3573f6]
V  [jvm.dll+0x35ee56]
V  [jvm.dll+0x3b541e]
V  [jvm.dll+0x3b564f]
V  [jvm.dll+0x32c9ea]
V  [jvm.dll+0x32ca97]
V  [jvm.dll+0x374cd2]
V  [jvm.dll+0x37340f]
V  [jvm.dll+0x32c210]
V  [jvm.dll+0x3729ab]
V  [jvm.dll+0x85ebc3]
V  [jvm.dll+0x85f989]
V  [jvm.dll+0x85febd]
V  [jvm.dll+0x86034b]
V  [jvm.dll+0x860407]
V  [jvm.dll+0x80125a]
V  [jvm.dll+0x6ecf0b]
C  [ucrtbase.dll+0x29333]
C  [KERNEL32.DLL+0x1259d]
C  [ntdll.dll+0x5af38]

VM_Operation (0x0000007eb0df6620): G1CollectForAllocation, mode: safepoint, requested by thread 0x000001eaa982a2c0


---------------  P R O C E S S  ---------------

Threads class SMR info:
_java_thread_list=0x000001eab0472240, length=26, elements={
0x000001ea973d2f10, 0x000001eaa981fc60, 0x000001eaa98209f0, 0x000001eaa98216d0,
0x000001eaa9823ab0, 0x000001eaa9825680, 0x000001eaa982b2b0, 0x000001eaa9826800,
0x000001eaa982ad60, 0x000001eaa982b800, 0x000001eaadcbcaa0, 0x000001eaadcbd020,
0x000001eaa98282e0, 0x000001eaa9828830, 0x000001eaae2d8bc0, 0x000001eaa9828d80,
0x000001eaa98292d0, 0x000001eaa9829820, 0x000001eaa9829d70, 0x000001eaa982a2c0,
0x000001eaaf4e2600, 0x000001eaaf4e30a0, 0x000001eaaf4e5080, 0x000001eaaf4e55d0,
0x000001eaaf4e00d0, 0x000001eaaf4e1b60
}

Java Threads: ( => current thread )
  0x000001ea973d2f10 JavaThread "main" [_thread_blocked, id=28052, stack(0x0000007eaed00000,0x0000007eaee00000)]
  0x000001eaa981fc60 JavaThread "Reference Handler" daemon [_thread_blocked, id=22744, stack(0x0000007eaf400000,0x0000007eaf500000)]
  0x000001eaa98209f0 JavaThread "Finalizer" daemon [_thread_blocked, id=23812, stack(0x0000007eaf500000,0x0000007eaf600000)]
  0x000001eaa98216d0 JavaThread "Signal Dispatcher" daemon [_thread_blocked, id=8580, stack(0x0000007eaf600000,0x0000007eaf700000)]
  0x000001eaa9823ab0 JavaThread "Attach Listener" daemon [_thread_blocked, id=24276, stack(0x0000007eaf700000,0x0000007eaf800000)]
  0x000001eaa9825680 JavaThread "Service Thread" daemon [_thread_blocked, id=20396, stack(0x0000007eaf800000,0x0000007eaf900000)]
  0x000001eaa982b2b0 JavaThread "Monitor Deflation Thread" daemon [_thread_blocked, id=20068, stack(0x0000007eaf900000,0x0000007eafa00000)]
  0x000001eaa9826800 JavaThread "C1 CompilerThread0" daemon [_thread_blocked, id=28144, stack(0x0000007eafa00000,0x0000007eafb00000)]
  0x000001eaa982ad60 JavaThread "Sweeper thread" daemon [_thread_blocked, id=25252, stack(0x0000007eafb00000,0x0000007eafc00000)]
  0x000001eaa982b800 JavaThread "Common-Cleaner" daemon [_thread_blocked, id=25184, stack(0x0000007eafc00000,0x0000007eafd00000)]
  0x000001eaadcbcaa0 JavaThread "C1 CompilerThread1" daemon [_thread_blocked, id=25188, stack(0x0000007eafd00000,0x0000007eafe00000)]
  0x000001eaadcbd020 JavaThread "C1 CompilerThread2" daemon [_thread_blocked, id=25192, stack(0x0000007eafe00000,0x0000007eaff00000)]
  0x000001eaa98282e0 JavaThread "Monitor Ctrl-Break" daemon [_thread_in_native, id=28292, stack(0x0000007eaff00000,0x0000007eb0000000)]
  0x000001eaa9828830 JavaThread "Notification Thread" daemon [_thread_blocked, id=25136, stack(0x0000007eb0000000,0x0000007eb0100000)]
  0x000001eaae2d8bc0 JavaThread "C1 CompilerThread3" daemon [_thread_blocked, id=27852, stack(0x0000007eb0100000,0x0000007eb0200000)]
  0x000001eaa9828d80 JavaThread "RMI TCP Accept-0" daemon [_thread_in_native, id=27896, stack(0x0000007eb0200000,0x0000007eb0300000)]
  0x000001eaa98292d0 JavaThread "RMI TCP Connection(1)-172.20.10.2" daemon [_thread_in_native, id=23736, stack(0x0000007eb0a00000,0x0000007eb0b00000)]
  0x000001eaa9829820 JavaThread "Thread-0" [_thread_blocked, id=23036, stack(0x0000007eb0b00000,0x0000007eb0c00000)]
  0x000001eaa9829d70 JavaThread "RMI Scheduler(0)" daemon [_thread_blocked, id=22900, stack(0x0000007eb0c00000,0x0000007eb0d00000)]
  0x000001eaa982a2c0 JavaThread "restartedMain" [_thread_blocked, id=22216, stack(0x0000007eb0d00000,0x0000007eb0e00000)]
  0x000001eaaf4e2600 JavaThread "Catalina-utility-1" [_thread_blocked, id=27752, stack(0x0000007eb0f00000,0x0000007eb1000000)]
  0x000001eaaf4e30a0 JavaThread "Catalina-utility-2" [_thread_blocked, id=28728, stack(0x0000007eb1100000,0x0000007eb1200000)]
  0x000001eaaf4e5080 JavaThread "container-0" [_thread_blocked, id=28704, stack(0x0000007eb1200000,0x0000007eb1300000)]
  0x000001eaaf4e55d0 JavaThread "mssql-jdbc-shared-timer-core-0" daemon [_thread_blocked, id=29196, stack(0x0000007eb1400000,0x0000007eb1500000)]
  0x000001eaaf4e00d0 JavaThread "HikariPool-1 housekeeper" daemon [_thread_blocked, id=23212, stack(0x0000007eb1500000,0x0000007eb1600000)]
  0x000001eaaf4e1b60 JavaThread "HikariPool-1 connection adder" daemon [_thread_blocked, id=27544, stack(0x0000007eb1600000,0x0000007eb1700000)]

Other Threads:
=>0x000001eaa97fe230 VMThread "VM Thread" [stack: 0x0000007eaf300000,0x0000007eaf400000] [id=24480]
  0x000001ea973d3aa0 WatcherThread "VM Periodic Task Thread" [stack: 0x0000007eb0300000,0x0000007eb0400000] [id=27868]
  0x000001ea97430390 WorkerThread "GC Thread#0" [stack: 0x0000007eaee00000,0x0000007eaef00000] [id=4996]
  0x000001eaae6c6db0 WorkerThread "GC Thread#1" [stack: 0x0000007eb0400000,0x0000007eb0500000] [id=23780]
  0x000001eaae71e0c0 WorkerThread "GC Thread#2" [stack: 0x0000007eb0500000,0x0000007eb0600000] [id=23692]
  0x000001eaae71e7a0 WorkerThread "GC Thread#3" [stack: 0x0000007eb0600000,0x0000007eb0700000] [id=23184]
  0x000001eaae720a80 WorkerThread "GC Thread#4" [stack: 0x0000007eb0700000,0x0000007eb0800000] [id=43936]
  0x000001eaae722420 WorkerThread "GC Thread#5" [stack: 0x0000007eb0800000,0x0000007eb0900000] [id=42068]
  0x000001eaae7226f0 WorkerThread "GC Thread#6" [stack: 0x0000007eb0900000,0x0000007eb0a00000] [id=11792]
  0x000001eaae7229c0 WorkerThread "GC Thread#7" [stack: 0x0000007eb0e00000,0x0000007eb0f00000] [id=28232]
  0x000001ea97440c90 ConcurrentGCThread "G1 Main Marker" [stack: 0x0000007eaef00000,0x0000007eaf000000] [id=28424]
  0x000001ea97442e70 WorkerThread "G1 Conc#0" [stack: 0x0000007eaf000000,0x0000007eaf100000] [id=27820]
  0x000001eaae721340 WorkerThread "G1 Conc#1" [stack: 0x0000007eb1000000,0x0000007eb1100000] [id=28376]
  0x000001eaa96b7580 ConcurrentGCThread "G1 Refine#0" [stack: 0x0000007eaf100000,0x0000007eaf200000] [id=25248]
  0x000001eaa96b9d80 ConcurrentGCThread "G1 Service" [stack: 0x0000007eaf200000,0x0000007eaf300000] [id=22788]

Threads with active compile tasks:

VM state: at safepoint (normal execution)

VM Mutex/Monitor currently owned by a thread:  ([mutex/lock_event])
[0x000001ea973cc660] Threads_lock - owner thread: 0x000001eaa97fe230
[0x000001ea973cda10] Heap_lock - owner thread: 0x000001eaa982a2c0

Heap address: 0x0000000084000000, size: 1984 MB, Compressed Oops mode: 32-bit

CDS archive(s) mapped at: [0x0000000800000000-0x0000000800c40000-0x0000000800c40000), size 12845056, SharedBaseAddress: 0x0000000800000000, ArchiveRelocationMode: 0.
Compressed class space mapped at: 0x0000000801000000-0x0000000841000000, reserved size: 1073741824
Narrow klass base: 0x0000000800000000, Narrow klass shift: 0, Narrow klass range: 0x100000000

GC Precious Log:
 CardTable entry size: 512
 Card Set container configuration: InlinePtr #cards 5 size 8 Array Of Cards #cards 12 size 40 Howl #buckets 4 coarsen threshold 1843 Howl Bitmap #cards 512 size 80 coarsen threshold 460 Card regions per heap region 1 cards per card region 2048
 CPUs: 8 total, 8 available
 Memory: 7934M
 Large Page Support: Disabled
 NUMA Support: Disabled
 Compressed Oops: Enabled (32-bit)
 Heap Region Size: 1M
 Heap Min Capacity: 8M
 Heap Initial Capacity: 124M
 Heap Max Capacity: 1984M
 Pre-touch: Disabled
 Parallel Workers: 8
 Concurrent Workers: 2
 Concurrent Refinement Workers: 8
 Periodic GC: Disabled

Heap:
 garbage-first heap   total 178176K, used 81849K [0x0000000084000000, 0x0000000100000000)
  region size 1024K, 11 young (11264K), 11 survivors (11264K)
 Metaspace       used 71702K, committed 72448K, reserved 1114112K
  class space    used 10075K, committed 10432K, reserved 1048576K

Heap Regions: E=young(eden), S=young(survivor), O=old, HS=humongous(starts), HC=humongous(continues), CS=collection set, F=free, OA=open archive, CA=closed archive, TAMS=top-at-mark-start (previous, next)
|   0|0x0000000084000000, 0x0000000084100000, 0x0000000084100000|100%|HS|  |TAMS 0x0000000084100000, 0x0000000084000000| Complete 
|   1|0x0000000084100000, 0x0000000084200000, 0x0000000084200000|100%| O|  |TAMS 0x0000000084200000, 0x0000000084100000| Untracked 
|   2|0x0000000084200000, 0x0000000084300000, 0x0000000084300000|100%| O|  |TAMS 0x0000000084300000, 0x0000000084200000| Untracked 
|   3|0x0000000084300000, 0x0000000084400000, 0x0000000084400000|100%| O|  |TAMS 0x0000000084400000, 0x0000000084300000| Untracked 
|   4|0x0000000084400000, 0x0000000084500000, 0x0000000084500000|100%| O|  |TAMS 0x0000000084500000, 0x0000000084400000| Untracked 
|   5|0x0000000084500000, 0x0000000084600000, 0x0000000084600000|100%| O|  |TAMS 0x0000000084600000, 0x0000000084500000| Untracked 
|   6|0x0000000084600000, 0x0000000084700000, 0x0000000084700000|100%| O|  |TAMS 0x0000000084700000, 0x0000000084600000| Untracked 
|   7|0x0000000084700000, 0x0000000084800000, 0x0000000084800000|100%| O|  |TAMS 0x0000000084800000, 0x0000000084700000| Untracked 
|   8|0x0000000084800000, 0x0000000084900000, 0x0000000084900000|100%| O|  |TAMS 0x0000000084900000, 0x0000000084800000| Untracked 
|   9|0x0000000084900000, 0x0000000084a00000, 0x0000000084a00000|100%| O|  |TAMS 0x0000000084a00000, 0x0000000084900000| Untracked 
|  10|0x0000000084a00000, 0x0000000084b00000, 0x0000000084b00000|100%| O|  |TAMS 0x0000000084b00000, 0x0000000084a00000| Untracked 
|  11|0x0000000084b00000, 0x0000000084c00000, 0x0000000084c00000|100%| O|  |TAMS 0x0000000084c00000, 0x0000000084b00000| Untracked 
|  12|0x0000000084c00000, 0x0000000084d00000, 0x0000000084d00000|100%| O|  |TAMS 0x0000000084d00000, 0x0000000084c00000| Untracked 
|  13|0x0000000084d00000, 0x0000000084e00000, 0x0000000084e00000|100%| O|  |TAMS 0x0000000084e00000, 0x0000000084d00000| Untracked 
|  14|0x0000000084e00000, 0x0000000084f00000, 0x0000000084f00000|100%| O|  |TAMS 0x0000000084f00000, 0x0000000084e00000| Untracked 
|  15|0x0000000084f00000, 0x0000000085000000, 0x0000000085000000|100%| O|  |TAMS 0x0000000085000000, 0x0000000084f00000| Untracked 
|  16|0x0000000085000000, 0x0000000085100000, 0x0000000085100000|100%| O|  |TAMS 0x0000000085100000, 0x0000000085000000| Untracked 
|  17|0x0000000085100000, 0x0000000085200000, 0x0000000085200000|100%| O|  |TAMS 0x0000000085100000, 0x0000000085100000| Untracked 
|  18|0x0000000085200000, 0x0000000085300000, 0x0000000085300000|100%| O|  |TAMS 0x0000000085300000, 0x0000000085200000| Untracked 
|  19|0x0000000085300000, 0x0000000085400000, 0x0000000085400000|100%| O|  |TAMS 0x0000000085400000, 0x0000000085300000| Untracked 
|  20|0x0000000085400000, 0x0000000085500000, 0x0000000085500000|100%| O|  |TAMS 0x0000000085500000, 0x0000000085400000| Untracked 
|  21|0x0000000085500000, 0x0000000085600000, 0x0000000085600000|100%| O|  |TAMS 0x0000000085500000, 0x0000000085500000| Untracked 
|  22|0x0000000085600000, 0x0000000085700000, 0x0000000085700000|100%| O|  |TAMS 0x0000000085700000, 0x0000000085600000| Untracked 
|  23|0x0000000085700000, 0x0000000085800000, 0x0000000085800000|100%| O|  |TAMS 0x0000000085800000, 0x0000000085700000| Untracked 
|  24|0x0000000085800000, 0x0000000085900000, 0x0000000085900000|100%| O|  |TAMS 0x0000000085900000, 0x0000000085800000| Untracked 
|  25|0x0000000085900000, 0x0000000085a00000, 0x0000000085a00000|100%| O|  |TAMS 0x0000000085a00000, 0x0000000085900000| Untracked 
|  26|0x0000000085a00000, 0x0000000085b00000, 0x0000000085b00000|100%| O|  |TAMS 0x0000000085b00000, 0x0000000085a00000| Untracked 
|  27|0x0000000085b00000, 0x0000000085c00000, 0x0000000085c00000|100%| O|  |TAMS 0x0000000085b93a00, 0x0000000085b00000| Untracked 
|  28|0x0000000085c00000, 0x0000000085d00000, 0x0000000085d00000|100%| O|  |TAMS 0x0000000085c00000, 0x0000000085c00000| Untracked 
|  29|0x0000000085d00000, 0x0000000085e00000, 0x0000000085e00000|100%| O|  |TAMS 0x0000000085d00000, 0x0000000085d00000| Untracked 
|  30|0x0000000085e00000, 0x0000000085f00000, 0x0000000085f00000|100%| O|  |TAMS 0x0000000085e00000, 0x0000000085e00000| Untracked 
|  31|0x0000000085f00000, 0x0000000086000000, 0x0000000086000000|100%| O|  |TAMS 0x0000000085f00000, 0x0000000085f00000| Untracked 
|  32|0x0000000086000000, 0x0000000086100000, 0x0000000086100000|100%| O|  |TAMS 0x0000000086000000, 0x0000000086000000| Untracked 
|  33|0x0000000086100000, 0x0000000086200000, 0x0000000086200000|100%| O|  |TAMS 0x0000000086100000, 0x0000000086100000| Untracked 
|  34|0x0000000086200000, 0x0000000086300000, 0x0000000086300000|100%| O|  |TAMS 0x0000000086200000, 0x0000000086200000| Untracked 
|  35|0x0000000086300000, 0x0000000086400000, 0x0000000086400000|100%| O|  |TAMS 0x0000000086300000, 0x0000000086300000| Untracked 
|  36|0x0000000086400000, 0x0000000086500000, 0x0000000086500000|100%| O|  |TAMS 0x0000000086400000, 0x0000000086400000| Untracked 
|  37|0x0000000086500000, 0x0000000086600000, 0x0000000086600000|100%| O|  |TAMS 0x0000000086500000, 0x0000000086500000| Untracked 
|  38|0x0000000086600000, 0x0000000086700000, 0x0000000086700000|100%| O|  |TAMS 0x0000000086600000, 0x0000000086600000| Untracked 
|  39|0x0000000086700000, 0x0000000086800000, 0x0000000086800000|100%| O|  |TAMS 0x0000000086700000, 0x0000000086700000| Untracked 
|  40|0x0000000086800000, 0x0000000086900000, 0x0000000086900000|100%| O|  |TAMS 0x0000000086800000, 0x0000000086800000| Untracked 
|  41|0x0000000086900000, 0x0000000086a00000, 0x0000000086a00000|100%| O|  |TAMS 0x0000000086900000, 0x0000000086900000| Untracked 
|  42|0x0000000086a00000, 0x0000000086b00000, 0x0000000086b00000|100%| O|  |TAMS 0x0000000086a00000, 0x0000000086a00000| Untracked 
|  43|0x0000000086b00000, 0x0000000086c00000, 0x0000000086c00000|100%| O|  |TAMS 0x0000000086b00000, 0x0000000086b00000| Untracked 
|  44|0x0000000086c00000, 0x0000000086d00000, 0x0000000086d00000|100%| O|  |TAMS 0x0000000086c00000, 0x0000000086c00000| Untracked 
|  45|0x0000000086d00000, 0x0000000086e00000, 0x0000000086e00000|100%| O|  |TAMS 0x0000000086d00000, 0x0000000086d00000| Untracked 
|  46|0x0000000086e00000, 0x0000000086f00000, 0x0000000086f00000|100%| O|  |TAMS 0x0000000086e00000, 0x0000000086e00000| Untracked 
|  47|0x0000000086f00000, 0x0000000087000000, 0x0000000087000000|100%| O|  |TAMS 0x0000000086f00000, 0x0000000086f00000| Untracked 
|  48|0x0000000087000000, 0x0000000087100000, 0x0000000087100000|100%| O|  |TAMS 0x0000000087000000, 0x0000000087000000| Untracked 
|  49|0x0000000087100000, 0x0000000087200000, 0x0000000087200000|100%| O|  |TAMS 0x0000000087100000, 0x0000000087100000| Untracked 
|  50|0x0000000087200000, 0x0000000087300000, 0x0000000087300000|100%| O|  |TAMS 0x0000000087200000, 0x0000000087200000| Untracked 
|  51|0x0000000087300000, 0x0000000087400000, 0x0000000087400000|100%| O|  |TAMS 0x0000000087300000, 0x0000000087300000| Untracked 
|  52|0x0000000087400000, 0x0000000087500000, 0x0000000087500000|100%| O|  |TAMS 0x0000000087400000, 0x0000000087400000| Untracked 
|  53|0x0000000087500000, 0x0000000087600000, 0x0000000087600000|100%| O|  |TAMS 0x0000000087500000, 0x0000000087500000| Untracked 
|  54|0x0000000087600000, 0x0000000087700000, 0x0000000087700000|100%|HS|  |TAMS 0x0000000087600000, 0x0000000087600000| Complete 
|  55|0x0000000087700000, 0x0000000087800000, 0x0000000087800000|100%| O|  |TAMS 0x0000000087700000, 0x0000000087700000| Untracked 
|  56|0x0000000087800000, 0x0000000087900000, 0x0000000087900000|100%| O|  |TAMS 0x0000000087800000, 0x0000000087800000| Untracked 
|  57|0x0000000087900000, 0x0000000087a00000, 0x0000000087a00000|100%| O|  |TAMS 0x0000000087900000, 0x0000000087900000| Untracked 
|  58|0x0000000087a00000, 0x0000000087b00000, 0x0000000087b00000|100%| O|  |TAMS 0x0000000087a00000, 0x0000000087a00000| Untracked 
|  59|0x0000000087b00000, 0x0000000087c00000, 0x0000000087c00000|100%| O|  |TAMS 0x0000000087b00000, 0x0000000087b00000| Untracked 
|  60|0x0000000087c00000, 0x0000000087d00000, 0x0000000087d00000|100%| O|  |TAMS 0x0000000087c00000, 0x0000000087c00000| Untracked 
|  61|0x0000000087d00000, 0x0000000087e00000, 0x0000000087e00000|100%| O|  |TAMS 0x0000000087d00000, 0x0000000087d00000| Untracked 
|  62|0x0000000087e00000, 0x0000000087f00000, 0x0000000087f00000|100%| O|  |TAMS 0x0000000087e00000, 0x0000000087e00000| Untracked 
|  63|0x0000000087f00000, 0x0000000088000000, 0x0000000088000000|100%| O|  |TAMS 0x0000000087f00000, 0x0000000087f00000| Untracked 
|  64|0x0000000088000000, 0x0000000088100000, 0x0000000088100000|100%| O|  |TAMS 0x0000000088000000, 0x0000000088000000| Untracked 
|  65|0x0000000088100000, 0x0000000088200000, 0x0000000088200000|100%| O|  |TAMS 0x0000000088100000, 0x0000000088100000| Untracked 
|  66|0x0000000088200000, 0x0000000088300000, 0x0000000088300000|100%| O|  |TAMS 0x0000000088200000, 0x0000000088200000| Untracked 
|  67|0x0000000088300000, 0x0000000088400000, 0x0000000088400000|100%| O|  |TAMS 0x0000000088300000, 0x0000000088300000| Untracked 
|  68|0x0000000088400000, 0x00000000884ee600, 0x0000000088500000| 93%| O|  |TAMS 0x0000000088400000, 0x0000000088400000| Untracked 
|  69|0x0000000088500000, 0x0000000088500000, 0x0000000088600000|  0%| F|  |TAMS 0x0000000088500000, 0x0000000088500000| Untracked 
|  70|0x0000000088600000, 0x0000000088600000, 0x0000000088700000|  0%| F|  |TAMS 0x0000000088600000, 0x0000000088600000| Untracked 
|  71|0x0000000088700000, 0x0000000088700000, 0x0000000088800000|  0%| F|  |TAMS 0x0000000088700000, 0x0000000088700000| Untracked 
|  72|0x0000000088800000, 0x0000000088800000, 0x0000000088900000|  0%| F|  |TAMS 0x0000000088800000, 0x0000000088800000| Untracked 
|  73|0x0000000088900000, 0x0000000088900000, 0x0000000088a00000|  0%| F|  |TAMS 0x0000000088900000, 0x0000000088900000| Untracked 
|  74|0x0000000088a00000, 0x0000000088a00000, 0x0000000088b00000|  0%| F|  |TAMS 0x0000000088a00000, 0x0000000088a00000| Untracked 
|  75|0x0000000088b00000, 0x0000000088b00000, 0x0000000088c00000|  0%| F|  |TAMS 0x0000000088b00000, 0x0000000088b00000| Untracked 
|  76|0x0000000088c00000, 0x0000000088c00000, 0x0000000088d00000|  0%| F|  |TAMS 0x0000000088c00000, 0x0000000088c00000| Untracked 
|  77|0x0000000088d00000, 0x0000000088d00000, 0x0000000088e00000|  0%| F|  |TAMS 0x0000000088d00000, 0x0000000088d00000| Untracked 
|  78|0x0000000088e00000, 0x0000000088e00000, 0x0000000088f00000|  0%| F|  |TAMS 0x0000000088e00000, 0x0000000088e00000| Untracked 
|  79|0x0000000088f00000, 0x0000000088f00000, 0x0000000089000000|  0%| F|  |TAMS 0x0000000088f00000, 0x0000000088f00000| Untracked 
|  80|0x0000000089000000, 0x0000000089100000, 0x0000000089100000|100%| S|CS|TAMS 0x0000000089000000, 0x0000000089000000| Complete 
|  81|0x0000000089100000, 0x0000000089200000, 0x0000000089200000|100%| S|CS|TAMS 0x0000000089100000, 0x0000000089100000| Complete 
|  82|0x0000000089200000, 0x0000000089300000, 0x0000000089300000|100%| S|CS|TAMS 0x0000000089200000, 0x0000000089200000| Complete 
|  83|0x0000000089300000, 0x0000000089400000, 0x0000000089400000|100%| S|CS|TAMS 0x0000000089300000, 0x0000000089300000| Complete 
|  84|0x0000000089400000, 0x0000000089500000, 0x0000000089500000|100%| S|CS|TAMS 0x0000000089400000, 0x0000000089400000| Complete 
|  85|0x0000000089500000, 0x0000000089600000, 0x0000000089600000|100%| S|CS|TAMS 0x0000000089500000, 0x0000000089500000| Complete 
|  86|0x0000000089600000, 0x0000000089700000, 0x0000000089700000|100%| S|CS|TAMS 0x0000000089600000, 0x0000000089600000| Complete 
|  87|0x0000000089700000, 0x0000000089800000, 0x0000000089800000|100%| S|CS|TAMS 0x0000000089700000, 0x0000000089700000| Complete 
|  88|0x0000000089800000, 0x0000000089900000, 0x0000000089900000|100%| S|CS|TAMS 0x0000000089800000, 0x0000000089800000| Complete 
|  89|0x0000000089900000, 0x0000000089900000, 0x0000000089a00000|  0%| F|  |TAMS 0x0000000089900000, 0x0000000089900000| Untracked 
|  90|0x0000000089a00000, 0x0000000089a00000, 0x0000000089b00000|  0%| F|  |TAMS 0x0000000089a00000, 0x0000000089a00000| Untracked 
|  91|0x0000000089b00000, 0x0000000089b00000, 0x0000000089c00000|  0%| F|  |TAMS 0x0000000089b00000, 0x0000000089b00000| Untracked 
|  92|0x0000000089c00000, 0x0000000089c00000, 0x0000000089d00000|  0%| F|  |TAMS 0x0000000089c00000, 0x0000000089c00000| Untracked 
|  93|0x0000000089d00000, 0x0000000089d00000, 0x0000000089e00000|  0%| F|  |TAMS 0x0000000089d00000, 0x0000000089d00000| Untracked 
|  94|0x0000000089e00000, 0x0000000089f00000, 0x0000000089f00000|100%| S|CS|TAMS 0x0000000089e00000, 0x0000000089e00000| Complete 
|  95|0x0000000089f00000, 0x000000008a000000, 0x000000008a000000|100%| S|CS|TAMS 0x0000000089f00000, 0x0000000089f00000| Complete 
|  96|0x000000008a000000, 0x000000008a000000, 0x000000008a100000|  0%| F|  |TAMS 0x000000008a000000, 0x000000008a000000| Untracked 
|  97|0x000000008a100000, 0x000000008a100000, 0x000000008a200000|  0%| F|  |TAMS 0x000000008a100000, 0x000000008a100000| Untracked 
|  98|0x000000008a200000, 0x000000008a200000, 0x000000008a300000|  0%| F|  |TAMS 0x000000008a200000, 0x000000008a200000| Untracked 
|  99|0x000000008a300000, 0x000000008a300000, 0x000000008a400000|  0%| F|  |TAMS 0x000000008a300000, 0x000000008a300000| Untracked 
| 100|0x000000008a400000, 0x000000008a400000, 0x000000008a500000|  0%| F|  |TAMS 0x000000008a400000, 0x000000008a400000| Untracked 
| 101|0x000000008a500000, 0x000000008a500000, 0x000000008a600000|  0%| F|  |TAMS 0x000000008a500000, 0x000000008a500000| Untracked 
| 102|0x000000008a600000, 0x000000008a600000, 0x000000008a700000|  0%| F|  |TAMS 0x000000008a600000, 0x000000008a600000| Untracked 
| 103|0x000000008a700000, 0x000000008a700000, 0x000000008a800000|  0%| F|  |TAMS 0x000000008a700000, 0x000000008a700000| Untracked 
| 104|0x000000008a800000, 0x000000008a800000, 0x000000008a900000|  0%| F|  |TAMS 0x000000008a800000, 0x000000008a800000| Untracked 
| 105|0x000000008a900000, 0x000000008a900000, 0x000000008aa00000|  0%| F|  |TAMS 0x000000008a900000, 0x000000008a900000| Untracked 
| 106|0x000000008aa00000, 0x000000008aa00000, 0x000000008ab00000|  0%| F|  |TAMS 0x000000008aa00000, 0x000000008aa00000| Untracked 
| 107|0x000000008ab00000, 0x000000008ab00000, 0x000000008ac00000|  0%| F|  |TAMS 0x000000008ab00000, 0x000000008ab00000| Untracked 
| 108|0x000000008ac00000, 0x000000008ac00000, 0x000000008ad00000|  0%| F|  |TAMS 0x000000008ac00000, 0x000000008ac00000| Untracked 
| 109|0x000000008ad00000, 0x000000008ad00000, 0x000000008ae00000|  0%| F|  |TAMS 0x000000008ad00000, 0x000000008ad00000| Untracked 
| 110|0x000000008ae00000, 0x000000008ae00000, 0x000000008af00000|  0%| F|  |TAMS 0x000000008ae00000, 0x000000008ae00000| Untracked 
| 111|0x000000008af00000, 0x000000008af00000, 0x000000008b000000|  0%| F|  |TAMS 0x000000008af00000, 0x000000008af00000| Untracked 
| 112|0x000000008b000000, 0x000000008b000000, 0x000000008b100000|  0%| F|  |TAMS 0x000000008b000000, 0x000000008b000000| Untracked 
| 113|0x000000008b100000, 0x000000008b100000, 0x000000008b200000|  0%| F|  |TAMS 0x000000008b100000, 0x000000008b100000| Untracked 
| 114|0x000000008b200000, 0x000000008b200000, 0x000000008b300000|  0%| F|  |TAMS 0x000000008b200000, 0x000000008b200000| Untracked 
| 115|0x000000008b300000, 0x000000008b300000, 0x000000008b400000|  0%| F|  |TAMS 0x000000008b300000, 0x000000008b300000| Untracked 
| 116|0x000000008b400000, 0x000000008b400000, 0x000000008b500000|  0%| F|  |TAMS 0x000000008b400000, 0x000000008b400000| Untracked 
| 117|0x000000008b500000, 0x000000008b500000, 0x000000008b600000|  0%| F|  |TAMS 0x000000008b500000, 0x000000008b500000| Untracked 
| 118|0x000000008b600000, 0x000000008b600000, 0x000000008b700000|  0%| F|  |TAMS 0x000000008b600000, 0x000000008b600000| Untracked 
| 119|0x000000008b700000, 0x000000008b700000, 0x000000008b800000|  0%| F|  |TAMS 0x000000008b700000, 0x000000008b700000| Untracked 
| 120|0x000000008b800000, 0x000000008b800000, 0x000000008b900000|  0%| F|  |TAMS 0x000000008b800000, 0x000000008b800000| Untracked 
| 121|0x000000008b900000, 0x000000008b900000, 0x000000008ba00000|  0%| F|  |TAMS 0x000000008b900000, 0x000000008b900000| Untracked 
| 122|0x000000008ba00000, 0x000000008ba00000, 0x000000008bb00000|  0%| F|  |TAMS 0x000000008ba00000, 0x000000008ba00000| Untracked 
| 123|0x000000008bb00000, 0x000000008bb00000, 0x000000008bc00000|  0%| F|  |TAMS 0x000000008bb00000, 0x000000008bb00000| Untracked 
| 124|0x000000008bc00000, 0x000000008bc00000, 0x000000008bd00000|  0%| F|  |TAMS 0x000000008bc00000, 0x000000008bc00000| Untracked 
| 125|0x000000008bd00000, 0x000000008bd00000, 0x000000008be00000|  0%| F|  |TAMS 0x000000008bd00000, 0x000000008bd00000| Untracked 
| 126|0x000000008be00000, 0x000000008be00000, 0x000000008bf00000|  0%| F|  |TAMS 0x000000008be00000, 0x000000008be00000| Untracked 
| 127|0x000000008bf00000, 0x000000008bf00000, 0x000000008c000000|  0%| F|  |TAMS 0x000000008bf00000, 0x000000008bf00000| Untracked 
| 128|0x000000008c000000, 0x000000008c000000, 0x000000008c100000|  0%| F|  |TAMS 0x000000008c000000, 0x000000008c000000| Untracked 
| 129|0x000000008c100000, 0x000000008c100000, 0x000000008c200000|  0%| F|  |TAMS 0x000000008c100000, 0x000000008c100000| Untracked 
| 130|0x000000008c200000, 0x000000008c200000, 0x000000008c300000|  0%| F|  |TAMS 0x000000008c200000, 0x000000008c200000| Untracked 
| 131|0x000000008c300000, 0x000000008c300000, 0x000000008c400000|  0%| F|  |TAMS 0x000000008c300000, 0x000000008c300000| Untracked 
| 132|0x000000008c400000, 0x000000008c400000, 0x000000008c500000|  0%| F|  |TAMS 0x000000008c400000, 0x000000008c400000| Untracked 
| 133|0x000000008c500000, 0x000000008c500000, 0x000000008c600000|  0%| F|  |TAMS 0x000000008c500000, 0x000000008c500000| Untracked 
| 134|0x000000008c600000, 0x000000008c600000, 0x000000008c700000|  0%| F|  |TAMS 0x000000008c600000, 0x000000008c600000| Untracked 
| 135|0x000000008c700000, 0x000000008c700000, 0x000000008c800000|  0%| F|  |TAMS 0x000000008c700000, 0x000000008c700000| Untracked 
| 136|0x000000008c800000, 0x000000008c800000, 0x000000008c900000|  0%| F|  |TAMS 0x000000008c800000, 0x000000008c800000| Untracked 
| 137|0x000000008c900000, 0x000000008c900000, 0x000000008ca00000|  0%| F|  |TAMS 0x000000008c900000, 0x000000008c900000| Untracked 
| 138|0x000000008ca00000, 0x000000008ca00000, 0x000000008cb00000|  0%| F|  |TAMS 0x000000008ca00000, 0x000000008ca00000| Untracked 
| 139|0x000000008cb00000, 0x000000008cb00000, 0x000000008cc00000|  0%| F|  |TAMS 0x000000008cb00000, 0x000000008cb00000| Untracked 
| 140|0x000000008cc00000, 0x000000008cc00000, 0x000000008cd00000|  0%| F|  |TAMS 0x000000008cc00000, 0x000000008cc00000| Untracked 
| 141|0x000000008cd00000, 0x000000008cd00000, 0x000000008ce00000|  0%| F|  |TAMS 0x000000008cd00000, 0x000000008cd00000| Untracked 
| 142|0x000000008ce00000, 0x000000008ce00000, 0x000000008cf00000|  0%| F|  |TAMS 0x000000008ce00000, 0x000000008ce00000| Untracked 
| 143|0x000000008cf00000, 0x000000008cf00000, 0x000000008d000000|  0%| F|  |TAMS 0x000000008cf00000, 0x000000008cf00000| Untracked 
| 144|0x000000008d000000, 0x000000008d000000, 0x000000008d100000|  0%| F|  |TAMS 0x000000008d000000, 0x000000008d000000| Untracked 
| 145|0x000000008d100000, 0x000000008d100000, 0x000000008d200000|  0%| F|  |TAMS 0x000000008d100000, 0x000000008d100000| Untracked 
| 146|0x000000008d200000, 0x000000008d200000, 0x000000008d300000|  0%| F|  |TAMS 0x000000008d200000, 0x000000008d200000| Untracked 
| 147|0x000000008d300000, 0x000000008d300000, 0x000000008d400000|  0%| F|  |TAMS 0x000000008d300000, 0x000000008d300000| Untracked 
| 148|0x000000008d400000, 0x000000008d400000, 0x000000008d500000|  0%| F|  |TAMS 0x000000008d400000, 0x000000008d400000| Untracked 
| 149|0x000000008d500000, 0x000000008d500000, 0x000000008d600000|  0%| F|  |TAMS 0x000000008d500000, 0x000000008d500000| Untracked 
| 150|0x000000008d600000, 0x000000008d600000, 0x000000008d700000|  0%| F|  |TAMS 0x000000008d600000, 0x000000008d600000| Untracked 
| 151|0x000000008d700000, 0x000000008d700000, 0x000000008d800000|  0%| F|  |TAMS 0x000000008d700000, 0x000000008d700000| Untracked 
| 152|0x000000008d800000, 0x000000008d800000, 0x000000008d900000|  0%| F|  |TAMS 0x000000008d800000, 0x000000008d800000| Untracked 
| 153|0x000000008d900000, 0x000000008d900000, 0x000000008da00000|  0%| F|  |TAMS 0x000000008d900000, 0x000000008d900000| Untracked 
| 154|0x000000008da00000, 0x000000008da00000, 0x000000008db00000|  0%| F|  |TAMS 0x000000008da00000, 0x000000008da00000| Untracked 
| 155|0x000000008db00000, 0x000000008db00000, 0x000000008dc00000|  0%| F|  |TAMS 0x000000008db00000, 0x000000008db00000| Untracked 
| 156|0x000000008dc00000, 0x000000008dc00000, 0x000000008dd00000|  0%| F|  |TAMS 0x000000008dc00000, 0x000000008dc00000| Untracked 
| 157|0x000000008dd00000, 0x000000008dd00000, 0x000000008de00000|  0%| F|  |TAMS 0x000000008dd00000, 0x000000008dd00000| Untracked 
| 158|0x000000008de00000, 0x000000008de00000, 0x000000008df00000|  0%| F|  |TAMS 0x000000008de00000, 0x000000008de00000| Untracked 
| 159|0x000000008df00000, 0x000000008df00000, 0x000000008e000000|  0%| F|  |TAMS 0x000000008df00000, 0x000000008df00000| Untracked 
| 160|0x000000008e000000, 0x000000008e000000, 0x000000008e100000|  0%| F|  |TAMS 0x000000008e000000, 0x000000008e000000| Untracked 
| 161|0x000000008e100000, 0x000000008e100000, 0x000000008e200000|  0%| F|  |TAMS 0x000000008e100000, 0x000000008e100000| Untracked 
| 162|0x000000008e200000, 0x000000008e200000, 0x000000008e300000|  0%| F|  |TAMS 0x000000008e200000, 0x000000008e200000| Untracked 
| 163|0x000000008e300000, 0x000000008e300000, 0x000000008e400000|  0%| F|  |TAMS 0x000000008e300000, 0x000000008e300000| Untracked 
| 164|0x000000008e400000, 0x000000008e400000, 0x000000008e500000|  0%| F|  |TAMS 0x000000008e400000, 0x000000008e400000| Untracked 
| 165|0x000000008e500000, 0x000000008e500000, 0x000000008e600000|  0%| F|  |TAMS 0x000000008e500000, 0x000000008e500000| Untracked 
| 166|0x000000008e600000, 0x000000008e600000, 0x000000008e700000|  0%| F|  |TAMS 0x000000008e600000, 0x000000008e600000| Untracked 
| 167|0x000000008e700000, 0x000000008e700000, 0x000000008e800000|  0%| F|  |TAMS 0x000000008e700000, 0x000000008e700000| Untracked 
| 168|0x000000008e800000, 0x000000008e800000, 0x000000008e900000|  0%| F|  |TAMS 0x000000008e800000, 0x000000008e800000| Untracked 
| 169|0x000000008e900000, 0x000000008e900000, 0x000000008ea00000|  0%| F|  |TAMS 0x000000008e900000, 0x000000008e900000| Untracked 
| 170|0x000000008ea00000, 0x000000008ea00000, 0x000000008eb00000|  0%| F|  |TAMS 0x000000008ea00000, 0x000000008ea00000| Untracked 
| 171|0x000000008eb00000, 0x000000008eb00000, 0x000000008ec00000|  0%| F|  |TAMS 0x000000008eb00000, 0x000000008eb00000| Untracked 
| 172|0x000000008ec00000, 0x000000008ec00000, 0x000000008ed00000|  0%| F|  |TAMS 0x000000008ec00000, 0x000000008ec00000| Untracked 
| 173|0x000000008ed00000, 0x000000008ed00000, 0x000000008ee00000|  0%| F|  |TAMS 0x000000008ed00000, 0x000000008ed00000| Untracked 

Card table byte_map: [0x000001eaa2810000,0x000001eaa2bf0000] _byte_map_base: 0x000001eaa23f0000

Marking Bits (Prev, Next): (CMBitMap*) 0x000001ea97430a00, (CMBitMap*) 0x000001ea974309c0
 Prev Bits: [0x000001eaa4ed0000, 0x000001eaa6dd0000)
 Next Bits: [0x000001eaa2fd0000, 0x000001eaa4ed0000)

Polling page: 0x000001ea95310000

Metaspace:

Usage:
  Non-class:     60.18 MB used.
      Class:      9.84 MB used.
       Both:     70.02 MB used.

Virtual space:
  Non-class space:       64.00 MB reserved,      60.56 MB ( 95%) committed,  1 nodes.
      Class space:        1.00 GB reserved,      10.19 MB ( <1%) committed,  1 nodes.
             Both:        1.06 GB reserved,      70.75 MB (  7%) committed. 

Chunk freelists:
   Non-Class:  3.13 MB
       Class:  1.64 MB
        Both:  4.77 MB

MaxMetaspaceSize: unlimited
CompressedClassSpaceSize: 1.00 GB
Initial GC threshold: 21.00 MB
Current GC threshold: 98.56 MB
CDS: on
MetaspaceReclaimPolicy: balanced
 - commit_granule_bytes: 65536.
 - commit_granule_words: 8192.
 - virtual_space_node_default_size: 8388608.
 - enlarge_chunks_in_place: 1.
 - new_chunks_are_fully_committed: 0.
 - uncommit_free_chunks: 1.
 - use_allocation_guard: 0.


Internal statistics:

num_allocs_failed_limit: 9.
num_arena_births: 996.
num_arena_deaths: 0.
num_vsnodes_births: 2.
num_vsnodes_deaths: 0.
num_space_committed: 1132.
num_space_uncommitted: 0.
num_chunks_returned_to_freelist: 9.
num_chunks_taken_from_freelist: 3290.
num_chunk_merges: 9.
num_chunk_splits: 2496.
num_chunks_enlarged: 2047.
num_inconsistent_stats: 0.

CodeCache: size=49152Kb used=15842Kb max_used=15842Kb free=33309Kb
 bounds [0x000001ea9f320000, 0x000001eaa02a0000, 0x000001eaa2320000]
 total_blobs=8872 nmethods=8142 adapters=651
 compilation: enabled
              stopped_count=0, restarted_count=0
 full_count=0

Compilation events (20 events):
Event: 8.130 Thread 0x000001eaadcbd020 8133       1       org.antlr.v4.runtime.atn.PredictionMode::getStateToAltMap (88 bytes)
Event: 8.131 Thread 0x000001eaadcbd020 nmethod 8133 0x000001eaa0294990 code [0x000001eaa0294b80, 0x000001eaa02950d8]
Event: 8.209 Thread 0x000001eaadcbcaa0 8134       1       java.util.BitSet::nextSetBit (102 bytes)
Event: 8.209 Thread 0x000001eaadcbcaa0 nmethod 8134 0x000001eaa0295490 code [0x000001eaa02956a0, 0x000001eaa0295b38]
Event: 8.212 Thread 0x000001eaa9826800 8135       1       java.lang.invoke.LambdaForm$MH/0x000000080119e800::invoke (126 bytes)
Event: 8.212 Thread 0x000001eaadcbd020 8136       1       java.lang.invoke.LambdaForm$MH/0x000000080119e000::invoke (67 bytes)
Event: 8.212 Thread 0x000001eaae2d8bc0 8137       1       java.lang.invoke.LambdaForm$MH/0x000000080119cc00::invoke (47 bytes)
Event: 8.212 Thread 0x000001eaae2d8bc0 nmethod 8137 0x000001eaa0295e10 code [0x000001eaa0295fe0, 0x000001eaa02961c8]
Event: 8.212 Thread 0x000001eaadcbd020 nmethod 8136 0x000001eaa0296310 code [0x000001eaa02964e0, 0x000001eaa0296738]
Event: 8.212 Thread 0x000001eaa9826800 nmethod 8135 0x000001eaa0296910 code [0x000001eaa0296b20, 0x000001eaa0296ed8]
Event: 8.213 Thread 0x000001eaae2d8bc0 8138       1       org.springframework.data.jpa.repository.query.HqlParser$VariableContext::identifier (11 bytes)
Event: 8.213 Thread 0x000001eaa9826800 8139       1       org.springframework.data.jpa.repository.query.HqlParser$DealingWithNullExpressionContext::NULL (9 bytes)
Event: 8.213 Thread 0x000001eaae2d8bc0 nmethod 8138 0x000001eaa0297210 code [0x000001eaa02973c0, 0x000001eaa0297528]
Event: 8.213 Thread 0x000001eaa9826800 nmethod 8139 0x000001eaa0297610 code [0x000001eaa02977a0, 0x000001eaa0297888]
Event: 8.360 Thread 0x000001eaadcbd020 8140       1       org.antlr.v4.runtime.atn.PredictionMode::hasStateAssociatedWithOneAlt (51 bytes)
Event: 8.361 Thread 0x000001eaadcbd020 nmethod 8140 0x000001eaa0297910 code [0x000001eaa0297b00, 0x000001eaa0297d98]
Event: 8.464 Thread 0x000001eaadcbd020 8141       1       java.io.DataOutputStream::<init> (19 bytes)
Event: 8.465 Thread 0x000001eaadcbd020 nmethod 8141 0x000001eaa0297f90 code [0x000001eaa0298140, 0x000001eaa0298458]
Event: 8.465 Thread 0x000001eaadcbd020 8142       1       sun.util.logging.internal.LoggingProviderImpl$JULWrapper::isLoggable (12 bytes)
Event: 8.465 Thread 0x000001eaadcbd020 nmethod 8142 0x000001eaa0298510 code [0x000001eaa02986c0, 0x000001eaa02987e8]

GC Heap History (20 events):
Event: 5.484 GC heap after
{Heap after GC invocations=14 (full 0):
 garbage-first heap   total 89088K, used 27670K [0x0000000084000000, 0x0000000100000000)
  region size 1024K, 1 young (1024K), 1 survivors (1024K)
 Metaspace       used 47233K, committed 47808K, reserved 1114112K
  class space    used 6281K, committed 6528K, reserved 1048576K
}
Event: 6.131 GC heap before
{Heap before GC invocations=14 (full 0):
 garbage-first heap   total 89088K, used 65558K [0x0000000084000000, 0x0000000100000000)
  region size 1024K, 39 young (39936K), 1 survivors (1024K)
 Metaspace       used 54280K, committed 54912K, reserved 1114112K
  class space    used 7227K, committed 7488K, reserved 1048576K
}
Event: 6.133 GC heap after
{Heap after GC invocations=15 (full 0):
 garbage-first heap   total 89088K, used 29331K [0x0000000084000000, 0x0000000100000000)
  region size 1024K, 3 young (3072K), 3 survivors (3072K)
 Metaspace       used 54280K, committed 54912K, reserved 1114112K
  class space    used 7227K, committed 7488K, reserved 1048576K
}
Event: 6.528 GC heap before
{Heap before GC invocations=15 (full 0):
 garbage-first heap   total 89088K, used 54931K [0x0000000084000000, 0x0000000100000000)
  region size 1024K, 30 young (30720K), 3 survivors (3072K)
 Metaspace       used 59894K, committed 60480K, reserved 1114112K
  class space    used 8161K, committed 8448K, reserved 1048576K
}
Event: 6.531 GC heap after
{Heap after GC invocations=16 (full 0):
 garbage-first heap   total 89088K, used 30079K [0x0000000084000000, 0x0000000100000000)
  region size 1024K, 4 young (4096K), 4 survivors (4096K)
 Metaspace       used 59894K, committed 60480K, reserved 1114112K
  class space    used 8161K, committed 8448K, reserved 1048576K
}
Event: 7.010 GC heap before
{Heap before GC invocations=17 (full 0):
 garbage-first heap   total 89088K, used 68991K [0x0000000084000000, 0x0000000100000000)
  region size 1024K, 42 young (43008K), 4 survivors (4096K)
 Metaspace       used 64698K, committed 65408K, reserved 1114112K
  class space    used 8836K, committed 9152K, reserved 1048576K
}
Event: 7.014 GC heap after
{Heap after GC invocations=18 (full 0):
 garbage-first heap   total 89088K, used 32463K [0x0000000084000000, 0x0000000100000000)
  region size 1024K, 6 young (6144K), 6 survivors (6144K)
 Metaspace       used 64698K, committed 65408K, reserved 1114112K
  class space    used 8836K, committed 9152K, reserved 1048576K
}
Event: 7.029 GC heap before
{Heap before GC invocations=18 (full 0):
 garbage-first heap   total 89088K, used 33487K [0x0000000084000000, 0x0000000100000000)
  region size 1024K, 7 young (7168K), 6 survivors (6144K)
 Metaspace       used 64866K, committed 65536K, reserved 1114112K
  class space    used 8866K, committed 9152K, reserved 1048576K
}
Event: 7.034 GC heap after
{Heap after GC invocations=19 (full 0):
 garbage-first heap   total 89088K, used 32887K [0x0000000084000000, 0x0000000100000000)
  region size 1024K, 1 young (1024K), 1 survivors (1024K)
 Metaspace       used 64866K, committed 65536K, reserved 1114112K
  class space    used 8866K, committed 9152K, reserved 1048576K
}
Event: 7.432 GC heap before
{Heap before GC invocations=19 (full 0):
 garbage-first heap   total 89088K, used 68727K [0x0000000084000000, 0x0000000100000000)
  region size 1024K, 37 young (37888K), 1 survivors (1024K)
 Metaspace       used 69964K, committed 70720K, reserved 1114112K
  class space    used 9796K, committed 10176K, reserved 1048576K
}
Event: 7.435 GC heap after
{Heap after GC invocations=20 (full 0):
 garbage-first heap   total 178176K, used 35423K [0x0000000084000000, 0x0000000100000000)
  region size 1024K, 4 young (4096K), 4 survivors (4096K)
 Metaspace       used 69964K, committed 70720K, reserved 1114112K
  class space    used 9796K, committed 10176K, reserved 1048576K
}
Event: 7.736 GC heap before
{Heap before GC invocations=20 (full 0):
 garbage-first heap   total 178176K, used 135775K [0x0000000084000000, 0x0000000100000000)
  region size 1024K, 102 young (104448K), 4 survivors (4096K)
 Metaspace       used 71424K, committed 72192K, reserved 1114112K
  class space    used 10023K, committed 10368K, reserved 1048576K
}
Event: 7.741 GC heap after
{Heap after GC invocations=21 (full 0):
 garbage-first heap   total 178176K, used 39060K [0x0000000084000000, 0x0000000100000000)
  region size 1024K, 7 young (7168K), 7 survivors (7168K)
 Metaspace       used 71424K, committed 72192K, reserved 1114112K
  class space    used 10023K, committed 10368K, reserved 1048576K
}
Event: 8.088 GC heap before
{Heap before GC invocations=21 (full 0):
 garbage-first heap   total 178176K, used 138388K [0x0000000084000000, 0x0000000100000000)
  region size 1024K, 104 young (106496K), 7 survivors (7168K)
 Metaspace       used 71646K, committed 72448K, reserved 1114112K
  class space    used 10071K, committed 10432K, reserved 1048576K
}
Event: 8.093 GC heap after
{Heap after GC invocations=22 (full 0):
 garbage-first heap   total 178176K, used 40083K [0x0000000084000000, 0x0000000100000000)
  region size 1024K, 6 young (6144K), 6 survivors (6144K)
 Metaspace       used 71646K, committed 72448K, reserved 1114112K
  class space    used 10071K, committed 10432K, reserved 1048576K
}
Event: 8.272 GC heap before
{Heap before GC invocations=22 (full 0):
 garbage-first heap   total 178176K, used 140435K [0x0000000084000000, 0x0000000100000000)
  region size 1024K, 104 young (106496K), 6 survivors (6144K)
 Metaspace       used 71697K, committed 72448K, reserved 1114112K
  class space    used 10075K, committed 10432K, reserved 1048576K
}
Event: 8.285 GC heap after
{Heap after GC invocations=23 (full 0):
 garbage-first heap   total 178176K, used 54419K [0x0000000084000000, 0x0000000100000000)
  region size 1024K, 13 young (13312K), 13 survivors (13312K)
 Metaspace       used 71697K, committed 72448K, reserved 1114112K
  class space    used 10075K, committed 10432K, reserved 1048576K
}
Event: 8.394 GC heap before
{Heap before GC invocations=23 (full 0):
 garbage-first heap   total 178176K, used 136339K [0x0000000084000000, 0x0000000100000000)
  region size 1024K, 93 young (95232K), 13 survivors (13312K)
 Metaspace       used 71699K, committed 72448K, reserved 1114112K
  class space    used 10075K, committed 10432K, reserved 1048576K
}
Event: 8.405 GC heap after
{Heap after GC invocations=24 (full 0):
 garbage-first heap   total 178176K, used 59172K [0x0000000084000000, 0x0000000100000000)
  region size 1024K, 5 young (5120K), 5 survivors (5120K)
 Metaspace       used 71699K, committed 72448K, reserved 1114112K
  class space    used 10075K, committed 10432K, reserved 1048576K
}
Event: 8.515 GC heap before
{Heap before GC invocations=24 (full 0):
 garbage-first heap   total 178176K, used 140068K [0x0000000084000000, 0x0000000100000000)
  region size 1024K, 83 young (84992K), 5 survivors (5120K)
 Metaspace       used 71702K, committed 72448K, reserved 1114112K
  class space    used 10075K, committed 10432K, reserved 1048576K
}

Dll operation events (14 events):
Event: 0.015 Loaded shared library C:\Program Files\Java\jdk-19\bin\java.dll
Event: 0.028 Loaded shared library C:\Program Files\Java\jdk-19\bin\jsvml.dll
Event: 0.166 Loaded shared library C:\Program Files\Java\jdk-19\bin\zip.dll
Event: 0.169 Loaded shared library C:\Program Files\Java\jdk-19\bin\instrument.dll
Event: 0.177 Loaded shared library C:\Program Files\Java\jdk-19\bin\net.dll
Event: 0.179 Loaded shared library C:\Program Files\Java\jdk-19\bin\nio.dll
Event: 0.183 Loaded shared library C:\Program Files\Java\jdk-19\bin\zip.dll
Event: 0.444 Loaded shared library E:\APP\IntelliJ IDEA 2022.3.2\bin\breakgen64.dll
Event: 0.452 Loaded shared library C:\Program Files\Java\jdk-19\bin\jimage.dll
Event: 0.454 Loaded shared library C:\Program Files\Java\jdk-19\bin\extnet.dll
Event: 0.482 Loaded shared library C:\Program Files\Java\jdk-19\bin\management.dll
Event: 0.497 Loaded shared library C:\Program Files\Java\jdk-19\bin\management_ext.dll
Event: 0.828 Loaded shared library C:\Program Files\Java\jdk-19\bin\verify.dll
Event: 2.621 Loaded shared library C:\Program Files\Java\jdk-19\bin\sunmscapi.dll

Deoptimization events (14 events):
Event: 0.629 Thread 0x000001ea973d2f10 DEOPT PACKING pc=0x000001ea9f661e55 sp=0x0000007eaedfd590
Event: 0.629 Thread 0x000001ea973d2f10 DEOPT UNPACKING pc=0x000001ea9f38b0e3 sp=0x0000007eaedfca40 mode 3
Event: 0.644 Thread 0x000001ea973d2f10 DEOPT PACKING pc=0x000001ea9f7080d0 sp=0x0000007eaedfd560
Event: 0.644 Thread 0x000001ea973d2f10 DEOPT UNPACKING pc=0x000001ea9f38b0e3 sp=0x0000007eaedfca18 mode 3
Event: 2.001 Thread 0x000001eaa982a2c0 DEOPT PACKING pc=0x000001ea9f936039 sp=0x0000007eb0dfd3d0
Event: 2.001 Thread 0x000001eaa982a2c0 DEOPT UNPACKING pc=0x000001ea9f38b0e3 sp=0x0000007eb0dfc8b0 mode 3
Event: 3.549 Thread 0x000001eaa982a2c0 DEOPT PACKING pc=0x000001ea9fc34439 sp=0x0000007eb0dfce70
Event: 3.549 Thread 0x000001eaa982a2c0 DEOPT UNPACKING pc=0x000001ea9f38b0e3 sp=0x0000007eb0dfc350 mode 3
Event: 4.246 Thread 0x000001eaa982a2c0 DEOPT PACKING pc=0x000001ea9fcb9e9d sp=0x0000007eb0dfc570
Event: 4.246 Thread 0x000001eaa982a2c0 DEOPT UNPACKING pc=0x000001ea9f38b0e3 sp=0x0000007eb0dfbad8 mode 3
Event: 6.964 Thread 0x000001eaa982a2c0 DEOPT PACKING pc=0x000001ea9f9d1b3a sp=0x0000007eb0dfc150
Event: 6.964 Thread 0x000001eaa982a2c0 DEOPT UNPACKING pc=0x000001ea9f38b0e3 sp=0x0000007eb0dfb658 mode 3
Event: 7.046 Thread 0x000001eaa982a2c0 DEOPT PACKING pc=0x000001eaa01273bc sp=0x0000007eb0dfc600
Event: 7.046 Thread 0x000001eaa982a2c0 DEOPT UNPACKING pc=0x000001ea9f38b0e3 sp=0x0000007eb0dfbb58 mode 0

Classes loaded (20 events):
Event: 7.118 Loading class java/lang/Character$Subset done
Event: 7.118 Loading class java/lang/Character$UnicodeBlock done
Event: 7.127 Loading class java/util/regex/Pattern$1
Event: 7.127 Loading class java/util/regex/Pattern$1 done
Event: 7.161 Loading class java/util/regex/Pattern$Bound
Event: 7.161 Loading class java/util/regex/Pattern$Bound done
Event: 7.162 Loading class java/util/regex/Pattern$Behind
Event: 7.162 Loading class java/util/regex/Pattern$Behind done
Event: 7.202 Loading class java/io/InvalidClassException
Event: 7.202 Loading class java/io/InvalidClassException done
Event: 7.515 Loading class java/util/WeakHashMap$KeyIterator
Event: 7.515 Loading class java/util/WeakHashMap$HashIterator
Event: 7.515 Loading class java/util/WeakHashMap$HashIterator done
Event: 7.515 Loading class java/util/WeakHashMap$KeyIterator done
Event: 7.515 Loading class java/util/WeakHashMap$EntrySet
Event: 7.515 Loading class java/util/WeakHashMap$EntrySet done
Event: 7.515 Loading class java/util/WeakHashMap$EntryIterator
Event: 7.515 Loading class java/util/WeakHashMap$EntryIterator done
Event: 7.642 Loading class java/lang/invoke/MethodHandleImpl$CountingWrapper$1
Event: 7.642 Loading class java/lang/invoke/MethodHandleImpl$CountingWrapper$1 done

Classes unloaded (0 events):
No events

Classes redefined (0 events):
No events

Internal exceptions (20 events):
Event: 6.708 Thread 0x000001eaa982a2c0 Exception <a 'java/lang/NoSuchMethodError'{0x00000000886b06d0}: 'java.lang.Object java.lang.invoke.DirectMethodHandle$Holder.newInvokeSpecial(java.lang.Object, java.lang.Object, int, java.lang.Object)'> (0x00000000886b06d0) 
thrown [s\open\src\hotspot\share\interpreter\linkResolver.cpp, line 774]
Event: 6.708 Thread 0x000001eaa982a2c0 Exception <a 'java/lang/NoSuchMethodError'{0x00000000886b42b8}: 'java.lang.Object java.lang.invoke.Invokers$Holder.linkToTargetMethod(java.lang.Object, int, java.lang.Object, java.lang.Object)'> (0x00000000886b42b8) 
thrown [s\open\src\hotspot\share\interpreter\linkResolver.cpp, line 774]
Event: 6.725 Thread 0x000001eaa982a2c0 Exception <a 'java/lang/NoSuchMethodError'{0x00000000885a9e68}: 'void java.lang.invoke.DirectMethodHandle$Holder.invokeSpecial(java.lang.Object, java.lang.Object, java.lang.Object, java.lang.Object, java.lang.Object, java.lang.Object, java.lang.Object, java.lang.Object)'> (0x00000000885a9e68) 
thrown [s\open\src\hotspot\share\interpreter\linkResolver.cpp, line 774]
Event: 6.730 Thread 0x000001eaa982a2c0 Exception <a 'java/lang/NoSuchMethodError'{0x00000000885ee8b8}: 'void java.lang.invoke.DirectMethodHandle$Holder.invokeSpecial(java.lang.Object, java.lang.Object, int, java.lang.Object)'> (0x00000000885ee8b8) 
thrown [s\open\src\hotspot\share\interpreter\linkResolver.cpp, line 774]
Event: 6.730 Thread 0x000001eaa982a2c0 Exception <a 'java/lang/NoSuchMethodError'{0x00000000885f5728}: 'java.lang.Object java.lang.invoke.DirectMethodHandle$Holder.newInvokeSpecial(java.lang.Object, java.lang.Object, int)'> (0x00000000885f5728) 
thrown [s\open\src\hotspot\share\interpreter\linkResolver.cpp, line 774]
Event: 6.756 Thread 0x000001eaa982a2c0 Exception <a 'java/lang/NoSuchMethodError'{0x00000000883972e8}: 'java.lang.Object java.lang.invoke.DirectMethodHandle$Holder.newInvokeSpecial(java.lang.Object, java.lang.Object, java.lang.Object, java.lang.Object, java.lang.Object, int, java.lang.Object)'> (0x00000000883972e8) 
thrown [s\open\src\hotspot\share\interpreter\linkResolver.cpp, line 774]
Event: 6.759 Thread 0x000001eaa982a2c0 Exception <a 'java/lang/NoSuchMethodError'{0x00000000883d2ec0}: 'java.lang.Object java.lang.invoke.DirectMethodHandle$Holder.newInvokeSpecial(java.lang.Object, java.lang.Object, java.lang.Object, java.lang.Object, java.lang.Object, java.lang.Object, java.lang.Object, java.lang.Object, java.lang.Object, java.lang.Object, java.lang.Object, java.lang.Object)'> (0x00000000883d2ec0) 
thrown [s\open\src\hotspot\share\interpreter\linkResolver.cpp, line 774]
Event: 6.759 Thread 0x000001eaa982a2c0 Exception <a 'java/lang/NoSuchMethodError'{0x00000000883d7a00}: 'java.lang.Object java.lang.invoke.DirectMethodHandle$Holder.invokeSpecial(java.lang.Object, java.lang.Object, java.lang.Object, java.lang.Object, java.lang.Object, java.lang.Object, java.lang.Object, java.lang.Object, java.lang.Object, java.lang.Object, java.lang.Object, java.lang.Object, java.lang.Object)'> (0x00000000883d7a00) 
thrown [s\open\src\hotspot\share\interpreter\linkResolver.cpp, line 774]
Event: 6.759 Thread 0x000001eaa982a2c0 Exception <a 'java/lang/NoSuchMethodError'{0x00000000883dc168}: 'java.lang.Object java.lang.invoke.Invokers$Holder.linkToTargetMethod(java.lang.Object, java.lang.Object, java.lang.Object, java.lang.Object, java.lang.Object, java.lang.Object, java.lang.Object, java.lang.Object, java.lang.Object, java.lang.Object, java.lang.Object, java.lang.Object)'> (0x00000000883dc168) 
thrown [s\open\src\hotspot\share\interpreter\linkResolver.cpp, line 774]
Event: 6.802 Thread 0x000001eaa982a2c0 Exception <a 'java/lang/NoSuchMethodError'{0x000000008808bae0}: 'java.lang.Object java.lang.invoke.DirectMethodHandle$Holder.newInvokeSpecial(java.lang.Object, java.lang.Object, java.lang.Object, java.lang.Object, java.lang.Object, java.lang.Object, java.lang.Object, int)'> (0x000000008808bae0) 
thrown [s\open\src\hotspot\share\interpreter\linkResolver.cpp, line 774]
Event: 6.802 Thread 0x000001eaa982a2c0 Exception <a 'java/lang/NoSuchMethodError'{0x0000000088090af0}: 'java.lang.Object java.lang.invoke.DirectMethodHandle$Holder.invokeSpecial(java.lang.Object, java.lang.Object, java.lang.Object, java.lang.Object, java.lang.Object, java.lang.Object, java.lang.Object, java.lang.Object, int)'> (0x0000000088090af0) 
thrown [s\open\src\hotspot\share\interpreter\linkResolver.cpp, line 774]
Event: 6.802 Thread 0x000001eaa982a2c0 Exception <a 'java/lang/NoSuchMethodError'{0x00000000880955c8}: 'java.lang.Object java.lang.invoke.Invokers$Holder.linkToTargetMethod(java.lang.Object, java.lang.Object, java.lang.Object, java.lang.Object, java.lang.Object, java.lang.Object, int, java.lang.Object)'> (0x00000000880955c8) 
thrown [s\open\src\hotspot\share\interpreter\linkResolver.cpp, line 774]
Event: 6.820 Thread 0x000001eaa982a2c0 Exception <a 'java/lang/NoSuchMethodError'{0x0000000087fa5df0}: 'java.lang.Object java.lang.invoke.DirectMethodHandle$Holder.newInvokeSpecial(java.lang.Object, java.lang.Object, int, java.lang.Object, int, java.lang.Object, java.lang.Object)'> (0x0000000087fa5df0) 
thrown [s\open\src\hotspot\share\interpreter\linkResolver.cpp, line 774]
Event: 6.891 Thread 0x000001eaa982a2c0 Exception <a 'java/lang/NoSuchMethodError'{0x00000000876351f8}: 'void java.lang.invoke.Invokers$Holder.invokeExact_MT(java.lang.Object, java.lang.Object, java.lang.Object, java.lang.Object)'> (0x00000000876351f8) 
thrown [s\open\src\hotspot\share\interpreter\linkResolver.cpp, line 774]
Event: 6.942 Thread 0x000001eaa982a2c0 Exception <a 'java/lang/IncompatibleClassChangeError'{0x00000000872943f8}: Found class java.lang.Object, but interface was expected> (0x00000000872943f8) 
thrown [s\open\src\hotspot\share\interpreter\linkResolver.cpp, line 841]
Event: 6.949 Thread 0x000001eaa982a2c0 Exception <a 'java/lang/IncompatibleClassChangeError'{0x00000000871409f0}: Found class java.lang.Object, but interface was expected> (0x00000000871409f0) 
thrown [s\open\src\hotspot\share\interpreter\linkResolver.cpp, line 841]
Event: 6.972 Thread 0x000001eaa982a2c0 Exception <a 'java/lang/IncompatibleClassChangeError'{0x00000000870dc7d8}: Found class java.lang.Object, but interface was expected> (0x00000000870dc7d8) 
thrown [s\open\src\hotspot\share\interpreter\linkResolver.cpp, line 841]
Event: 7.067 Thread 0x000001eaa982a2c0 Exception <a 'java/lang/IncompatibleClassChangeError'{0x0000000089683aa0}: Found class java.lang.Object, but interface was expected> (0x0000000089683aa0) 
thrown [s\open\src\hotspot\share\interpreter\linkResolver.cpp, line 841]
Event: 7.129 Thread 0x000001eaa982a2c0 Exception <a 'java/lang/IncompatibleClassChangeError'{0x00000000890b2ef8}: Found class java.lang.Object, but interface was expected> (0x00000000890b2ef8) 
thrown [s\open\src\hotspot\share\interpreter\linkResolver.cpp, line 841]
Event: 7.172 Thread 0x000001eaa982a2c0 Exception <a 'java/lang/NoSuchMethodError'{0x0000000088e83438}: 'java.lang.Object java.lang.invoke.DirectMethodHandle$Holder.invokeStatic(java.lang.Object, int, java.lang.Object)'> (0x0000000088e83438) 
thrown [s\open\src\hotspot\share\interpreter\linkResolver.cpp, line 774]

VM Operations (20 events):
Event: 7.077 Executing VM operation: HandshakeAllThreads done
Event: 7.215 Executing VM operation: HandshakeAllThreads
Event: 7.215 Executing VM operation: HandshakeAllThreads done
Event: 7.299 Executing VM operation: HandshakeAllThreads
Event: 7.299 Executing VM operation: HandshakeAllThreads done
Event: 7.432 Executing VM operation: G1CollectForAllocation
Event: 7.435 Executing VM operation: G1CollectForAllocation done
Event: 7.444 Executing VM operation: HandshakeAllThreads
Event: 7.444 Executing VM operation: HandshakeAllThreads done
Event: 7.464 Executing VM operation: HandshakeAllThreads
Event: 7.464 Executing VM operation: HandshakeAllThreads done
Event: 7.736 Executing VM operation: G1CollectForAllocation
Event: 7.741 Executing VM operation: G1CollectForAllocation done
Event: 8.088 Executing VM operation: G1CollectForAllocation
Event: 8.093 Executing VM operation: G1CollectForAllocation done
Event: 8.272 Executing VM operation: G1CollectForAllocation
Event: 8.285 Executing VM operation: G1CollectForAllocation done
Event: 8.394 Executing VM operation: G1CollectForAllocation
Event: 8.405 Executing VM operation: G1CollectForAllocation done
Event: 8.515 Executing VM operation: G1CollectForAllocation

Events (20 events):
Event: 4.416 Thread 0x000001eaaf4e55d0 Thread exited: 0x000001eaaf4e55d0
Event: 4.891 Thread 0x000001eaaf4e55d0 Thread added: 0x000001eaaf4e55d0
Event: 4.918 Thread 0x000001eaaf4e2b50 Thread added: 0x000001eaaf4e2b50
Event: 4.923 Thread 0x000001eaaf4e2b50 Thread exited: 0x000001eaaf4e2b50
Event: 4.941 Thread 0x000001eaaf4e00d0 Thread added: 0x000001eaaf4e00d0
Event: 5.046 Thread 0x000001eaaf4e1b60 Thread added: 0x000001eaaf4e1b60
Event: 5.424 Thread 0x000001eaaf4e6b10 Thread added: 0x000001eaaf4e6b10
Event: 5.428 Thread 0x000001eaaf4e6b10 Thread exited: 0x000001eaaf4e6b10
Event: 5.931 Thread 0x000001eaaf4e0620 Thread added: 0x000001eaaf4e0620
Event: 5.934 Thread 0x000001eaaf4e0620 Thread exited: 0x000001eaaf4e0620
Event: 6.436 Thread 0x000001eaaf4df0e0 Thread added: 0x000001eaaf4df0e0
Event: 6.440 Thread 0x000001eaaf4df0e0 Thread exited: 0x000001eaaf4df0e0
Event: 6.942 Thread 0x000001eaaf4e5b20 Thread added: 0x000001eaaf4e5b20
Event: 6.945 Thread 0x000001eaaf4e5b20 Thread exited: 0x000001eaaf4e5b20
Event: 7.447 Thread 0x000001eaaf4e3b40 Thread added: 0x000001eaaf4e3b40
Event: 7.451 Thread 0x000001eaaf4e3b40 Thread exited: 0x000001eaaf4e3b40
Event: 7.956 Thread 0x000001eaaf4df0e0 Thread added: 0x000001eaaf4df0e0
Event: 7.962 Thread 0x000001eaaf4df0e0 Thread exited: 0x000001eaaf4df0e0
Event: 8.463 Thread 0x000001eaaf4e2b50 Thread added: 0x000001eaaf4e2b50
Event: 8.466 Thread 0x000001eaaf4e2b50 Thread exited: 0x000001eaaf4e2b50


Dynamic libraries:
0x00007ff7c7640000 - 0x00007ff7c7650000 	C:\Program Files\Java\jdk-19\bin\java.exe
0x00007ffee7f50000 - 0x00007ffee8167000 	C:\WINDOWS\SYSTEM32\ntdll.dll
0x00007ffee6520000 - 0x00007ffee65e4000 	C:\WINDOWS\System32\KERNEL32.DLL
0x00007ffee5650000 - 0x00007ffee5a09000 	C:\WINDOWS\System32\KERNELBASE.dll
0x00007ffee54c0000 - 0x00007ffee55d1000 	C:\WINDOWS\System32\ucrtbase.dll
0x00007ffecb2e0000 - 0x00007ffecb2fb000 	C:\Program Files\Java\jdk-19\bin\VCRUNTIME140.dll
0x00007ffecce00000 - 0x00007ffecce18000 	C:\Program Files\Java\jdk-19\bin\jli.dll
0x00007ffee7320000 - 0x00007ffee73d2000 	C:\WINDOWS\System32\ADVAPI32.dll
0x00007ffee6720000 - 0x00007ffee67c7000 	C:\WINDOWS\System32\msvcrt.dll
0x00007ffee62b0000 - 0x00007ffee6357000 	C:\WINDOWS\System32\sechost.dll
0x00007ffee5a10000 - 0x00007ffee5a38000 	C:\WINDOWS\System32\bcrypt.dll
0x00007ffee7970000 - 0x00007ffee7a84000 	C:\WINDOWS\System32\RPCRT4.dll
0x00007ffee73e0000 - 0x00007ffee758e000 	C:\WINDOWS\System32\USER32.dll
0x00007ffee5370000 - 0x00007ffee5396000 	C:\WINDOWS\System32\win32u.dll
0x00007ffec5400000 - 0x00007ffec5692000 	C:\WINDOWS\WinSxS\amd64_microsoft.windows.common-controls_6595b64144ccf1df_6.0.22621.4391_none_2715d37f73803e96\COMCTL32.dll
0x00007ffee64f0000 - 0x00007ffee6519000 	C:\WINDOWS\System32\GDI32.dll
0x00007ffee53a0000 - 0x00007ffee54bb000 	C:\WINDOWS\System32\gdi32full.dll
0x00007ffee52d0000 - 0x00007ffee536a000 	C:\WINDOWS\System32\msvcp_win.dll
0x00007ffee19a0000 - 0x00007ffee19aa000 	C:\WINDOWS\SYSTEM32\VERSION.dll
0x00007ffee7820000 - 0x00007ffee7851000 	C:\WINDOWS\System32\IMM32.DLL
0x00007ffed1b50000 - 0x00007ffed1b5c000 	C:\Program Files\Java\jdk-19\bin\vcruntime140_1.dll
0x00007ffe9a530000 - 0x00007ffe9a5be000 	C:\Program Files\Java\jdk-19\bin\msvcp140.dll
0x00007ffe8e390000 - 0x00007ffe8f050000 	C:\Program Files\Java\jdk-19\bin\server\jvm.dll
0x00007ffedc0e0000 - 0x00007ffedc114000 	C:\WINDOWS\SYSTEM32\WINMM.dll
0x00007ffec4110000 - 0x00007ffec4119000 	C:\WINDOWS\SYSTEM32\WSOCK32.dll
0x00007ffee67e0000 - 0x00007ffee6851000 	C:\WINDOWS\System32\WS2_32.dll
0x00007ffee4290000 - 0x00007ffee42a8000 	C:\WINDOWS\SYSTEM32\kernel.appcore.dll
0x00007ffed0c00000 - 0x00007ffed0c0a000 	C:\Program Files\Java\jdk-19\bin\jimage.dll
0x00007ffee2a90000 - 0x00007ffee2cc2000 	C:\WINDOWS\SYSTEM32\DBGHELP.DLL
0x00007ffee5c80000 - 0x00007ffee600f000 	C:\WINDOWS\System32\combase.dll
0x00007ffee7590000 - 0x00007ffee7667000 	C:\WINDOWS\System32\OLEAUT32.dll
0x00007ffee1ae0000 - 0x00007ffee1b12000 	C:\WINDOWS\SYSTEM32\dbgcore.DLL
0x00007ffee5250000 - 0x00007ffee52cb000 	C:\WINDOWS\System32\bcryptPrimitives.dll
0x00007ffee1440000 - 0x00007ffee144e000 	C:\Program Files\Java\jdk-19\bin\instrument.dll
0x00007ffebcf80000 - 0x00007ffebcfa6000 	C:\Program Files\Java\jdk-19\bin\java.dll
0x00007ffe91480000 - 0x00007ffe91557000 	C:\Program Files\Java\jdk-19\bin\jsvml.dll
0x00007ffee6aa0000 - 0x00007ffee7316000 	C:\WINDOWS\System32\SHELL32.dll
0x00007ffee3190000 - 0x00007ffee3a93000 	C:\WINDOWS\SYSTEM32\windows.storage.dll
0x00007ffee3050000 - 0x00007ffee318f000 	C:\WINDOWS\SYSTEM32\wintypes.dll
0x00007ffee65f0000 - 0x00007ffee66e9000 	C:\WINDOWS\System32\SHCORE.dll
0x00007ffee6070000 - 0x00007ffee60ce000 	C:\WINDOWS\System32\shlwapi.dll
0x00007ffee5180000 - 0x00007ffee51ab000 	C:\WINDOWS\SYSTEM32\profapi.dll
0x00007ffec62e0000 - 0x00007ffec62f8000 	C:\Program Files\Java\jdk-19\bin\zip.dll
0x00007ffecb010000 - 0x00007ffecb023000 	C:\Program Files\Java\jdk-19\bin\net.dll
0x00007ffed5b60000 - 0x00007ffed5c96000 	C:\WINDOWS\SYSTEM32\WINHTTP.dll
0x00007ffee4710000 - 0x00007ffee4779000 	C:\WINDOWS\system32\mswsock.dll
0x00007ffecafc0000 - 0x00007ffecafd6000 	C:\Program Files\Java\jdk-19\bin\nio.dll
0x00007ffec3b70000 - 0x00007ffec3b8a000 	E:\APP\IntelliJ IDEA 2022.3.2\bin\breakgen64.dll
0x00007ffecdb00000 - 0x00007ffecdb08000 	C:\Program Files\Java\jdk-19\bin\extnet.dll
0x00007ffee3d30000 - 0x00007ffee3e32000 	C:\WINDOWS\SYSTEM32\DNSAPI.dll
0x00007ffee3d00000 - 0x00007ffee3d2d000 	C:\WINDOWS\SYSTEM32\IPHLPAPI.DLL
0x00007ffee67d0000 - 0x00007ffee67d9000 	C:\WINDOWS\System32\NSI.dll
0x000000006b550000 - 0x000000006b576000 	C:\Program Files\Bonjour\mdnsNSP.dll
0x00007ffee17e0000 - 0x00007ffee17ea000 	C:\Windows\System32\rasadhlp.dll
0x00007ffedf660000 - 0x00007ffedf6e3000 	C:\WINDOWS\System32\fwpuclnt.dll
0x00007ffecdbe0000 - 0x00007ffecdbea000 	C:\Program Files\Java\jdk-19\bin\management.dll
0x00007ffec3bf0000 - 0x00007ffec3bfb000 	C:\Program Files\Java\jdk-19\bin\management_ext.dll
0x00007ffee66f0000 - 0x00007ffee66f8000 	C:\WINDOWS\System32\PSAPI.DLL
0x00007ffee4960000 - 0x00007ffee497b000 	C:\WINDOWS\SYSTEM32\CRYPTSP.dll
0x00007ffee41f0000 - 0x00007ffee4225000 	C:\WINDOWS\system32\rsaenh.dll
0x00007ffee4800000 - 0x00007ffee4828000 	C:\WINDOWS\SYSTEM32\USERENV.dll
0x00007ffee4980000 - 0x00007ffee498c000 	C:\WINDOWS\SYSTEM32\CRYPTBASE.dll
0x00007ffed5830000 - 0x00007ffed5849000 	C:\WINDOWS\SYSTEM32\dhcpcsvc6.DLL
0x00007ffed5810000 - 0x00007ffed582f000 	C:\WINDOWS\SYSTEM32\dhcpcsvc.DLL
0x00007ffebd0d0000 - 0x00007ffebd0e7000 	C:\WINDOWS\system32\napinsp.dll
0x00007ffebd0b0000 - 0x00007ffebd0cb000 	C:\WINDOWS\system32\pnrpnsp.dll
0x00007ffebd090000 - 0x00007ffebd0a1000 	C:\WINDOWS\System32\winrnr.dll
0x00007ffebd070000 - 0x00007ffebd085000 	C:\WINDOWS\system32\wshbth.dll
0x00007ffebd020000 - 0x00007ffebd047000 	C:\WINDOWS\system32\nlansp_c.dll
0x00007ffecb6d0000 - 0x00007ffecb6e0000 	C:\Program Files\Java\jdk-19\bin\verify.dll
0x00007ffec28e0000 - 0x00007ffec28ee000 	C:\Program Files\Java\jdk-19\bin\sunmscapi.dll
0x00007ffee5b00000 - 0x00007ffee5c66000 	C:\WINDOWS\System32\CRYPT32.dll
0x00007ffee4b20000 - 0x00007ffee4b4d000 	C:\WINDOWS\SYSTEM32\ncrypt.dll
0x00007ffee4ae0000 - 0x00007ffee4b17000 	C:\WINDOWS\SYSTEM32\NTASN1.dll

dbghelp: loaded successfully - version: 4.0.5 - missing functions: none
symbol engine: initialized successfully - sym options: 0x614 - pdb path: .;C:\Program Files\Java\jdk-19\bin;C:\WINDOWS\SYSTEM32;C:\WINDOWS\WinSxS\amd64_microsoft.windows.common-controls_6595b64144ccf1df_6.0.22621.4391_none_2715d37f73803e96;C:\Program Files\Java\jdk-19\bin\server;E:\APP\IntelliJ IDEA 2022.3.2\bin;C:\Program Files\Bonjour

VM Arguments:
jvm_args: -XX:TieredStopAtLevel=1 -Dspring.output.ansi.enabled=always -Dcom.sun.management.jmxremote -Dspring.jmx.enabled=true -Dspring.liveBeansView.mbeanDomain -Dspring.application.admin.enabled=true -Dmanagement.endpoints.jmx.exposure.include=* -javaagent:E:\APP\IntelliJ IDEA 2022.3.2\lib\idea_rt.jar=56099:E:\APP\IntelliJ IDEA 2022.3.2\bin -Dfile.encoding=UTF-8 -Dsun.stdout.encoding=UTF-8 -Dsun.stderr.encoding=UTF-8 
java_command: com.example.datn.DatnApplication
java_class_path (initial): E:\fa24-sd72-dat-phong-khach-san-bambooking\target\classes;C:\Users\Admin\.m2\repository\org\springframework\boot\spring-boot-starter-web\3.3.1\spring-boot-starter-web-3.3.1.jar;C:\Users\Admin\.m2\repository\org\springframework\boot\spring-boot-starter\3.3.1\spring-boot-starter-3.3.1.jar;C:\Users\Admin\.m2\repository\org\springframework\boot\spring-boot-starter-logging\3.3.1\spring-boot-starter-logging-3.3.1.jar;C:\Users\Admin\.m2\repository\ch\qos\logback\logback-classic\1.5.6\logback-classic-1.5.6.jar;C:\Users\Admin\.m2\repository\ch\qos\logback\logback-core\1.5.6\logback-core-1.5.6.jar;C:\Users\Admin\.m2\repository\org\apache\logging\log4j\log4j-to-slf4j\2.23.1\log4j-to-slf4j-2.23.1.jar;C:\Users\Admin\.m2\repository\org\apache\logging\log4j\log4j-api\2.23.1\log4j-api-2.23.1.jar;C:\Users\Admin\.m2\repository\org\slf4j\jul-to-slf4j\2.0.13\jul-to-slf4j-2.0.13.jar;C:\Users\Admin\.m2\repository\jakarta\annotation\jakarta.annotation-api\2.1.1\jakarta.annotation-api-2.1.1.jar;C:\Users\Admin\.m2\repository\org\yaml\snakeyaml\2.2\snakeyaml-2.2.jar;C:\Users\Admin\.m2\repository\org\springframework\boot\spring-boot-starter-json\3.3.1\spring-boot-starter-json-3.3.1.jar;C:\Users\Admin\.m2\repository\com\fasterxml\jackson\datatype\jackson-datatype-jdk8\2.17.1\jackson-datatype-jdk8-2.17.1.jar;C:\Users\Admin\.m2\repository\com\fasterxml\jackson\datatype\jackson-datatype-jsr310\2.17.1\jackson-datatype-jsr310-2.17.1.jar;C:\Users\Admin\.m2\repository\com\fasterxml\jackson\module\jackson-module-parameter-names\2.17.1\jackson-module-parameter-names-2.17.1.jar;C:\Users\Admin\.m2\repository\org\springframework\boot\spring-boot-starter-tomcat\3.3.1\spring-boot-starter-tomcat-3.3.1.jar;C:\Users\Admin\.m2\repository\org\apache\tomcat\embed\tomcat-embed-websocket\10.1.25\tomcat-embed-websocket-10.1.25.jar;C:\Users\Admin\.m2\repository\org\springframework\spring-web\6.1.10\spring-web-6.1.10.jar;C:\Users\Admin\.m2\repository\org\springframework\spring-beans\6.1.10\spring-beans-6.1.10.jar;C:\Users\Admin\.m2\repository\io\micrometer\micrometer-observation\1.13.1\micrometer-observation-1.13.1.jar;C:\Users\Admin\.m2\repository\io\micrometer\micrometer-commons\1.13.1\micrometer-commons-1.13.1.jar;C:\Users\Admin\.m2\repository\org\springframework\spring-webmvc\6.1.10\spring-webmvc-6.1.10.jar;C:\Users\Admin\.m2\repository\org\springframework\spring-context\6.1.10\spring-context-6.1.10.jar;C:\Users\Admin\.m2\repository\org\springframework\spring-expression\6.1.10\spring-expression-6.1.10.jar;C:\Users\Admin\.m2\repository\org\springframework\boot\spring-boot-starter-security\3.3.1\spring-boot-starter-security-3.3.1.jar;C:\Users\Admin\.m2\repository\org\springframework\spring-aop\6.1.10\spring-aop-6.1.10.jar;C:\Users\Admin\.m2\repository\org\springframework\security\spring-security-config\6.3.1\spring-security-config-6.3.1.jar;C:\Users\Admin\.m2\repository\org\springframework\security\spring-security-web\6.3.1\spring-security-web-6.3.1.jar;C:\Users\Admin\.m2\repository\io\jsonwebtoken\jjwt\0.9.1\jjwt-0.9.1.jar;C:\Users\Admin\.m2\repository\com\fasterxml\jackson\core\jackson-databind\2.17.1\jackson-databind-2.17.1.jar;C:\Users\Admin\.m2\repository\com\fasterxml\jackson\core\jackson-annotations\2.17.1\jackson-annotations-2.17.1.jar;C:\Users\Admin\.m2\repository\com\fasterxml\jackson\core\jackson-core\2.17.1\jackson-core-2.17.1.jar;C:\Users\Admin\.m2\repository\org\springframework\boot\spring-boot-starter-oauth2-resource-server\3.3.1\spring-boot-starter-oauth2-resource-server-3.3.1.jar;C:\Users\Admin\.m2\repository\org\springframework\security\spring-security-core\6.3.1\spring-security-core-6.3.1.jar;C:\Users\Admin\.m2\repository\org\springframework\security\spring-security-crypto\6.3.1\spring-security-crypto-6.3.1.jar;C:\Users\Admin\.m2\repository\org\springframework\security\spring-security-oauth2-resource-server\6.3.1\spring-security-oauth2-resource-server-6.3.1.jar;C:\Users\Admin\.m2\repository\org\springframework\security\spring-security-oauth2-core\6.3.1\spring-security-oauth2-core-6.3.1.jar;C:\Users\Admin\.m2\repository\org\springframework\security\spring-security-oauth2-jose\6.3.1\spring-security-oauth2-jose-6.3.1.jar;C:\Users\Admin\.m2\repository\com\nimbusds\nimbus-jose-jwt\9.37.3\nimbus-jose-jwt-9.37.3.jar;C:\Users\Admin\.m2\repository\com\github\stephenc\jcip\jcip-annotations\1.0-1\jcip-annotations-1.0-1.jar;C:\Users\Admin\.m2\repository\com\auth0\java-jwt\4.0.0\java-jwt-4.0.0.jar;C:\Users\Admin\.m2\repository\org\apache\tomcat\embed\tomcat-embed-jasper\10.1.25\tomcat-embed-jasper-10.1.25.jar;C:\Users\Admin\.m2\repository\org\apache\tomcat\embed\tomcat-embed-core\10.1.25\tomcat-embed-core-10.1.25.jar;C:\Users\Admin\.m2\repository\org\apache\tomcat\tomcat-annotations-api\10.1.25\tomcat-annotations-api-10.1.25.jar;C:\Users\Admin\.m2\repository\org\apache\tomcat\embed\tomcat-embed-el\10.1.25\tomcat-embed-el-10.1.25.jar;C:\Users\Admin\.m2\repository\org\eclipse\jdt\ecj\3.33.0\ecj-3.33.0.jar;C:\Users\Admin\.m2\repository\jakarta\servlet\jsp\jstl\jakarta.servlet.jsp.jstl-api\2.0.0\jakarta.servlet.jsp.jstl-api-2.0.0.jar;C:\Users\Admin\.m2\repository\jakarta\servlet\jakarta.servlet-api\6.0.0\jakarta.servlet-api-6.0.0.jar;C:\Users\Admin\.m2\repository\jakarta\el\jakarta.el-api\4.0.0\jakarta.el-api-4.0.0.jar;C:\Users\Admin\.m2\repository\jakarta\xml\bind\jakarta.xml.bind-api\4.0.2\jakarta.xml.bind-api-4.0.2.jar;C:\Users\Admin\.m2\repository\jakarta\activation\jakarta.activation-api\2.1.3\jakarta.activation-api-2.1.3.jar;C:\Users\Admin\.m2\repository\org\glassfish\web\jakarta.servlet.jsp.jstl\2.0.0\jakarta.servlet.jsp.jstl-2.0.0.jar;C:\Users\Admin\.m2\repository\org\springframework\boot\spring-boot-starter-data-jpa\3.3.1\spring-boot-starter-data-jpa-3.3.1.jar;C:\Users\Admin\.m2\repository\org\springframework\boot\spring-boot-starter-aop\3.3.1\spring-boot-starter-aop-3.3.1.jar;C:\Users\Admin\.m2\repository\org\aspectj\aspectjweaver\1.9.22\aspectjweaver-1.9.22.jar;C:\Users\Admin\.m2\repository\org\springframework\boot\spring-boot-starter-jdbc\3.3.1\spring-boot-starter-jdbc-3.3.1.jar;C:\Users\Admin\.m2\repository\com\zaxxer\HikariCP\5.1.0\HikariCP-5.1.0.jar;C:\Users\Admin\.m2\repository\org\springframework\spring-jdbc\6.1.10\spring-jdbc-6.1.10.jar;C:\Users\Admin\.m2\repository\org\hibernate\orm\hibernate-core\6.5.2.Final\hibernate-core-6.5.2.Final.jar;C:\Users\Admin\.m2\repository\jakarta\persistence\jakarta.persistence-api\3.1.0\jakarta.persistence-api-3.1.0.jar;C:\Users\Admin\.m2\repository\jakarta\transaction\jakarta.transaction-api\2.0.1\jakarta.transaction-api-2.0.1.jar;C:\Users\Admin\.m2\repository\org\jboss\logging\jboss-logging\3.5.3.Final\jboss-logging-3.5.3.Final.jar;C:\Users\Admin\.m2\repository\org\hibernate\common\hibernate-commons-annotations\6.0.6.Final\hibernate-commons-annotations-6.0.6.Final.jar;C:\Users\Admin\.m2\repository\io\smallrye\jandex\3.1.2\jandex-3.1.2.jar;C:\Users\Admin\.m2\repository\com\fasterxml\classmate\1.7.0\classmate-1.7.0.jar;C:\Users\Admin\.m2\repository\net\bytebuddy\byte-buddy\1.14.17\byte-buddy-1.14.17.jar;C:\Users\Admin\.m2\repository\org\glassfish\jaxb\jaxb-runtime\4.0.5\jaxb-runtime-4.0.5.jar;C:\Users\Admin\.m2\repository\org\glassfish\jaxb\jaxb-core\4.0.5\jaxb-core-4.0.5.jar;C:\Users\Admin\.m2\repository\org\glassfish\jaxb\txw2\4.0.5\txw2-4.0.5.jar;C:\Users\Admin\.m2\repository\com\sun\istack\istack-commons-runtime\4.1.2\istack-commons-runtime-4.1.2.jar;C:\Users\Admin\.m2\repository\jakarta\inject\jakarta.inject-api\2.0.1\jakarta.inject-api-2.0.1.jar;C:\Users\Admin\.m2\repository\org\antlr\antlr4-runtime\4.13.0\antlr4-runtime-4.13.0.jar;C:\Users\Admin\.m2\repository\org\springframework\data\spring-data-jpa\3.3.1\spring-data-jpa-3.3.1.jar;C:\Users\Admin\.m2\repository\org\springframework\data\spring-data-commons\3.3.1\spring-data-commons-3.3.1.jar;C:\Users\Admin\.m2\repository\org\springframework\spring-orm\6.1.10\spring-orm-6.1.10.jar;C:\Users\Admin\.m2\repository\org\springframework\spring-tx\6.1.10\spring-tx-6.1.10.jar;C:\Users\Admin\.m2\repository\org\slf4j\slf4j-api\2.0.13\slf4j-api-2.0.13.jar;C:\Users\Admin\.m2\repository\org\springframework\spring-aspects\6.1.10\spring-aspects-6.1.10.jar;C:\Users\Admin\.m2\repository\com\microsoft\sqlserver\mssql-jdbc\9.4.1.jre16\mssql-jdbc-9.4.1.jre16.jar;C:\Users\Admin\.m2\repository\org\springframework\boot\spring-boot-starter-validation\3.3.1\spring-boot-starter-validation-3.3.1.jar;C:\Users\Admin\.m2\repository\org\hibernate\validator\hibernate-validator\8.0.1.Final\hibernate-validator-8.0.1.Final.jar;C:\Users\Admin\.m2\repository\jakarta\validation\jakarta.validation-api\3.0.2\jakarta.validation-api-3.0.2.jar;C:\Users\Admin\.m2\repository\com\cloudinary\cloudinary-http45\1.38.0\cloudinary-http45-1.38.0.jar;C:\Users\Admin\.m2\repository\com\cloudinary\cloudinary-core\1.38.0\cloudinary-core-1.38.0.jar;C:\Users\Admin\.m2\repository\org\apache\commons\commons-lang3\3.14.0\commons-lang3-3.14.0.jar;C:\Users\Admin\.m2\repository\org\apache\httpcomponents\httpclient\4.5.13\httpclient-4.5.13.jar;C:\Users\Admin\.m2\repository\org\apache\httpcomponents\httpcore\4.4.16\httpcore-4.4.16.jar;C:\Users\Admin\.m2\repository\commons-codec\commons-codec\1.16.1\commons-codec-1.16.1.jar;C:\Users\Admin\.m2\repository\org\apache\httpcomponents\httpmime\4.5.13\httpmime-4.5.13.jar;C:\Users\Admin\.m2\repository\org\springframework\boot\spring-boot-starter-hateoas\3.3.1\spring-boot-starter-hateoas-3.3.1.jar;C:\Users\Admin\.m2\repository\org\springframework\hateoas\spring-hateoas\2.3.0\spring-hateoas-2.3.0.jar;C:\Users\Admin\.m2\repository\org\springframework\plugin\spring-plugin-core\3.0.0\spring-plugin-core-3.0.0.jar;C:\Users\Admin\.m2\repository\commons-logging\commons-logging\1.2\commons-logging-1.2.jar;C:\Users\Admin\.m2\repository\org\springframework\boot\spring-boot-devtools\3.3.1\spring-boot-devtools-3.3.1.jar;C:\Users\Admin\.m2\repository\org\springframework\boot\spring-boot\3.3.1\spring-boot-3.3.1.jar;C:\Users\Admin\.m2\repository\org\springframework\boot\spring-boot-autoconfigure\3.3.1\spring-boot-autoconfigure-3.3.1.jar;C:\Users\Admin\.m2\repository\org\projectlombok\lombok\1.18.32\lombok-1.18.32.jar;C:\Users\Admin\.m2\repository\com\jayway\jsonpath\json-path\2.9.0\json-path-2.9.0.jar;C:\Users\Admin\.m2\repository\net\minidev\json-smart\2.5.1\json-smart-2.5.1.jar;C:\Users\Admin\.m2\repository\net\minidev\accessors-smart\2.5.1\accessors-smart-2.5.1.jar;C:\Users\Admin\.m2\repository\org\ow2\asm\asm\9.6\asm-9.6.jar;C:\Users\Admin\.m2\repository\org\springframework\spring-core\6.1.10\spring-core-6.1.10.jar;C:\Users\Admin\.m2\repository\org\springframework\spring-jcl\6.1.10\spring-jcl-6.1.10.jar;C:\Users\Admin\.m2\repository\org\springframework\boot\spring-boot-starter-mail\3.3.1\spring-boot-starter-mail-3.3.1.jar;C:\Users\Admin\.m2\repository\org\springframework\spring-context-support\6.1.10\spring-context-support-6.1.10.jar;C:\Users\Admin\.m2\repository\org\eclipse\angus\jakarta.mail\2.0.3\jakarta.mail-2.0.3.jar;C:\Users\Admin\.m2\repository\org\eclipse\angus\angus-activation\2.0.2\angus-activation-2.0.2.jar
Launcher Type: SUN_STANDARD

[Global flags]
     intx CICompilerCount                          = 4                                         {product} {ergonomic}
     uint ConcGCThreads                            = 2                                         {product} {ergonomic}
     uint G1ConcRefinementThreads                  = 8                                         {product} {ergonomic}
   size_t G1HeapRegionSize                         = 1048576                                   {product} {ergonomic}
    uintx GCDrainStackTargetSize                   = 64                                        {product} {ergonomic}
   size_t InitialHeapSize                          = 130023424                                 {product} {ergonomic}
     bool ManagementServer                         = true                                      {product} {command line}
   size_t MarkStackSize                            = 4194304                                   {product} {ergonomic}
   size_t MaxHeapSize                              = 2080374784                                {product} {ergonomic}
   size_t MaxNewSize                               = 1247805440                                {product} {ergonomic}
   size_t MinHeapDeltaBytes                        = 1048576                                   {product} {ergonomic}
   size_t MinHeapSize                              = 8388608                                   {product} {ergonomic}
    uintx NonProfiledCodeHeapSize                  = 0                                      {pd product} {ergonomic}
     bool ProfileInterpreter                       = false                                  {pd product} {command line}
    uintx ProfiledCodeHeapSize                     = 0                                      {pd product} {ergonomic}
   size_t SoftMaxHeapSize                          = 2080374784                             {manageable} {ergonomic}
     intx TieredStopAtLevel                        = 1                                         {product} {command line}
     bool UseCompressedClassPointers               = true                           {product lp64_product} {ergonomic}
     bool UseCompressedOops                        = true                           {product lp64_product} {ergonomic}
     bool UseG1GC                                  = true                                      {product} {ergonomic}
     bool UseLargePagesIndividualAllocation        = false                                  {pd product} {ergonomic}

Logging:
Log output configuration:
 #0: stdout all=warning uptime,level,tags foldmultilines=false
 #1: stderr all=off uptime,level,tags foldmultilines=false

Environment Variables:
PATH=C:\Program Files\Common Files\Oracle\Java\javapath;C:\WINDOWS\system32;C:\WINDOWS;C:\WINDOWS\System32\Wbem;C:\WINDOWS\System32\WindowsPowerShell\v1.0\;C:\WINDOWS\System32\OpenSSH\;C:\Program Files (x86)\Microsoft SQL Server\160\Tools\Binn\;C:\Program Files\Microsoft SQL Server\160\Tools\Binn\;C:\Program Files\Microsoft SQL Server\Client SDK\ODBC\170\Tools\Binn\;C:\Program Files\Microsoft SQL Server\160\DTS\Binn\;C:\Program Files\Azure Data Studio\bin;C:\Program Files\nodejs\;C:\Program Files (x86)\Microsoft SQL Server\160\DTS\Binn\;C:\Program Files\Git\cmd;C:\Program Files\dotnet\;C:\Users\Admin\AppData\Local\Microsoft\WindowsApps;C:\Users\Admin\AppData\Local\Programs\Microsoft VS Code\bin;C:\Program Files\Azure Data Studio\bin;C:\Users\Admin\AppData\Local\GitHubDesktop\bin;C:\Users\Admin\AppData\Roaming\npm;E:\APP\IntelliJ IDEA 2022.3.2\bin;
USERNAME=Admin
OS=Windows_NT
PROCESSOR_IDENTIFIER=Intel64 Family 6 Model 140 Stepping 1, GenuineIntel
TMP=C:\Users\Admin\AppData\Local\Temp
TEMP=C:\Users\Admin\AppData\Local\Temp



---------------  S Y S T E M  ---------------

OS:
 Windows 11 , 64 bit Build 22621 (10.0.22621.4391)
OS uptime: 0 days 14:03 hours

CPU: total 8 (initial active 8) (4 cores per cpu, 2 threads per core) family 6 model 140 stepping 1 microcode 0xb8, cx8, cmov, fxsr, ht, mmx, 3dnowpref, sse, sse2, sse3, ssse3, sse4.1, sse4.2, popcnt, lzcnt, tsc, tscinvbit, avx, avx2, aes, erms, clmul, bmi1, bmi2, adx, avx512f, avx512dq, avx512cd, avx512bw, avx512vl, sha, fma, vzeroupper, avx512_vpopcntdq, avx512_vpclmulqdq, avx512_vaes, avx512_vnni, clflush, clflushopt, clwb, avx512_vbmi2, avx512_vbmi, rdtscp, rdpid, fsrm, gfni, avx512_bitalg

Memory: 4k page, system-wide physical 7934M (371M free)
TotalPageFile size 15745M (AvailPageFile size 66M)
current process WorkingSet (physical memory assigned to process): 338M, peak: 338M
current process commit charge ("private bytes"): 383M, peak: 459M

vm_info: Java HotSpot(TM) 64-Bit Server VM (19.0.2+7-44) for windows-amd64 JRE (19.0.2+7-44), built on 2022-11-30T18:02:09Z by "mach5one" with MS VC++ 17.1 (VS2022)

END.
