#
# There is insufficient memory for the Java Runtime Environment to continue.
# Native memory allocation (mmap) failed to map 65536 bytes for Failed to commit metaspace.
# Possible reasons:
#   The system is out of physical RAM or swap space
#   The process is running with CompressedOops enabled, and the Java Heap may be blocking the growth of the native heap
# Possible solutions:
#   Reduce memory load on the system
#   Increase physical memory or swap space
#   Check if swap backing store is full
#   Decrease Java heap size (-Xmx/-Xms)
#   Decrease number of Java threads
#   Decrease Java thread stack sizes (-Xss)
#   Set larger code cache with -XX:ReservedCodeCacheSize=
#   JVM is running with Unscaled Compressed Oops mode in which the Java heap is
#     placed in the first 4GB address space. The Java Heap base address is the
#     maximum limit for the native heap growth. Please use -XX:HeapBaseMinAddress
#     to set the Java Heap base and to place the Java Heap above 4GB virtual address.
# This output file may be truncated or incomplete.
#
#  Out of Memory Error (virtualSpaceNode.cpp:110), pid=16656, tid=18768
#
# JRE version: Java(TM) SE Runtime Environment (17.0.8+9) (build 17.0.8+9-LTS-211)
# Java VM: Java HotSpot(TM) 64-Bit Server VM (17.0.8+9-LTS-211, mixed mode, emulated-client, sharing, tiered, compressed oops, compressed class ptrs, g1 gc, windows-amd64)
# No core dump will be written. Minidumps are not enabled by default on client versions of Windows
#

---------------  S U M M A R Y ------------

Command Line: -XX:TieredStopAtLevel=1 -Dspring.output.ansi.enabled=always -Dcom.sun.management.jmxremote -Dspring.jmx.enabled=true -Dspring.liveBeansView.mbeanDomain -Dspring.application.admin.enabled=true -Dmanagement.endpoints.jmx.exposure.include=* -javaagent:D:\IntelliJ IDEA 2024.3.1.1\lib\idea_rt.jar=57364:D:\IntelliJ IDEA 2024.3.1.1\bin -Dfile.encoding=UTF-8 com.example.datn.DatnApplication

Host: 11th Gen Intel(R) Core(TM) i5-1135G7 @ 2.40GHz, 8 cores, 7G,  Windows 11 , 64 bit Build 22621 (10.0.22621.4974)
Time: Sun Apr  6 23:59:02 2025 SE Asia Standard Time elapsed time: 3.506140 seconds (0d 0h 0m 3s)

---------------  T H R E A D  ---------------

Current thread (0x00000264c64831b0):  JavaThread "background-preinit" [_thread_in_vm, id=18768, stack(0x000000ba87700000,0x000000ba87800000)]

Stack: [0x000000ba87700000,0x000000ba87800000]
Native frames: (J=compiled Java code, j=interpreted, Vv=VM code, C=native code)
V  [jvm.dll+0x677d0a]
V  [jvm.dll+0x7d8c54]
V  [jvm.dll+0x7da3fe]
V  [jvm.dll+0x7daa63]
V  [jvm.dll+0x245c5f]
V  [jvm.dll+0x7d4d5b]
V  [jvm.dll+0x61dcf6]
V  [jvm.dll+0x1c0127]
V  [jvm.dll+0x620650]
V  [jvm.dll+0x61e6b6]
V  [jvm.dll+0x23b6b1]
V  [jvm.dll+0x1ea657]
V  [jvm.dll+0x1e02f1]
V  [jvm.dll+0x53ddbc]
V  [jvm.dll+0x753768]
V  [jvm.dll+0x753854]
V  [jvm.dll+0x40ba4f]
V  [jvm.dll+0x411a69]
C  [java.dll+0x17ec]

Java frames: (J=compiled Java code, j=interpreted, Vv=VM code)
J 1191  java.lang.ClassLoader.defineClass1(Ljava/lang/ClassLoader;Ljava/lang/String;[BIILjava/security/ProtectionDomain;Ljava/lang/String;)Ljava/lang/Class; java.base@17.0.8 (0 bytes) @ 0x00000264f1b2c0e3 [0x00000264f1b2c020+0x00000000000000c3]
J 1225 c1 java.lang.ClassLoader.defineClass(Ljava/lang/String;[BIILjava/security/ProtectionDomain;)Ljava/lang/Class; java.base@17.0.8 (43 bytes) @ 0x00000264f1b3e35c [0x00000264f1b3e260+0x00000000000000fc]
J 1217 c1 jdk.internal.loader.BuiltinClassLoader.defineClass(Ljava/lang/String;Ljdk/internal/loader/Resource;)Ljava/lang/Class; java.base@17.0.8 (121 bytes) @ 0x00000264f1b3a3e4 [0x00000264f1b39f20+0x00000000000004c4]
J 1206 c1 jdk.internal.loader.BuiltinClassLoader.findClassOnClassPathOrNull(Ljava/lang/String;)Ljava/lang/Class; java.base@17.0.8 (64 bytes) @ 0x00000264f1b346b4 [0x00000264f1b34400+0x00000000000002b4]
J 954 c1 jdk.internal.loader.BuiltinClassLoader.loadClassOrNull(Ljava/lang/String;Z)Ljava/lang/Class; java.base@17.0.8 (143 bytes) @ 0x00000264f1ac4f5c [0x00000264f1ac4b00+0x000000000000045c]
J 1089 c1 jdk.internal.loader.ClassLoaders$AppClassLoader.loadClass(Ljava/lang/String;Z)Ljava/lang/Class; java.base@17.0.8 (40 bytes) @ 0x00000264f1b086a4 [0x00000264f1b08560+0x0000000000000144]
J 1074 c1 java.lang.ClassLoader.loadClass(Ljava/lang/String;)Ljava/lang/Class; java.base@17.0.8 (7 bytes) @ 0x00000264f1b03164 [0x00000264f1b03120+0x0000000000000044]
v  ~StubRoutines::call_stub
J 1191  java.lang.ClassLoader.defineClass1(Ljava/lang/ClassLoader;Ljava/lang/String;[BIILjava/security/ProtectionDomain;Ljava/lang/String;)Ljava/lang/Class; java.base@17.0.8 (0 bytes) @ 0x00000264f1b2c0e3 [0x00000264f1b2c020+0x00000000000000c3]
J 1225 c1 java.lang.ClassLoader.defineClass(Ljava/lang/String;[BIILjava/security/ProtectionDomain;)Ljava/lang/Class; java.base@17.0.8 (43 bytes) @ 0x00000264f1b3e35c [0x00000264f1b3e260+0x00000000000000fc]
J 1217 c1 jdk.internal.loader.BuiltinClassLoader.defineClass(Ljava/lang/String;Ljdk/internal/loader/Resource;)Ljava/lang/Class; java.base@17.0.8 (121 bytes) @ 0x00000264f1b3a3e4 [0x00000264f1b39f20+0x00000000000004c4]
J 1206 c1 jdk.internal.loader.BuiltinClassLoader.findClassOnClassPathOrNull(Ljava/lang/String;)Ljava/lang/Class; java.base@17.0.8 (64 bytes) @ 0x00000264f1b346b4 [0x00000264f1b34400+0x00000000000002b4]
J 954 c1 jdk.internal.loader.BuiltinClassLoader.loadClassOrNull(Ljava/lang/String;Z)Ljava/lang/Class; java.base@17.0.8 (143 bytes) @ 0x00000264f1ac4f5c [0x00000264f1ac4b00+0x000000000000045c]
J 1089 c1 jdk.internal.loader.ClassLoaders$AppClassLoader.loadClass(Ljava/lang/String;Z)Ljava/lang/Class; java.base@17.0.8 (40 bytes) @ 0x00000264f1b086a4 [0x00000264f1b08560+0x0000000000000144]
J 1074 c1 java.lang.ClassLoader.loadClass(Ljava/lang/String;)Ljava/lang/Class; java.base@17.0.8 (7 bytes) @ 0x00000264f1b03164 [0x00000264f1b03120+0x0000000000000044]
v  ~StubRoutines::call_stub
J 1191  java.lang.ClassLoader.defineClass1(Ljava/lang/ClassLoader;Ljava/lang/String;[BIILjava/security/ProtectionDomain;Ljava/lang/String;)Ljava/lang/Class; java.base@17.0.8 (0 bytes) @ 0x00000264f1b2c0e3 [0x00000264f1b2c020+0x00000000000000c3]
J 1225 c1 java.lang.ClassLoader.defineClass(Ljava/lang/String;[BIILjava/security/ProtectionDomain;)Ljava/lang/Class; java.base@17.0.8 (43 bytes) @ 0x00000264f1b3e35c [0x00000264f1b3e260+0x00000000000000fc]
J 1217 c1 jdk.internal.loader.BuiltinClassLoader.defineClass(Ljava/lang/String;Ljdk/internal/loader/Resource;)Ljava/lang/Class; java.base@17.0.8 (121 bytes) @ 0x00000264f1b3a3e4 [0x00000264f1b39f20+0x00000000000004c4]
J 1206 c1 jdk.internal.loader.BuiltinClassLoader.findClassOnClassPathOrNull(Ljava/lang/String;)Ljava/lang/Class; java.base@17.0.8 (64 bytes) @ 0x00000264f1b346b4 [0x00000264f1b34400+0x00000000000002b4]
J 954 c1 jdk.internal.loader.BuiltinClassLoader.loadClassOrNull(Ljava/lang/String;Z)Ljava/lang/Class; java.base@17.0.8 (143 bytes) @ 0x00000264f1ac4f5c [0x00000264f1ac4b00+0x000000000000045c]
J 1089 c1 jdk.internal.loader.ClassLoaders$AppClassLoader.loadClass(Ljava/lang/String;Z)Ljava/lang/Class; java.base@17.0.8 (40 bytes) @ 0x00000264f1b086a4 [0x00000264f1b08560+0x0000000000000144]
J 1074 c1 java.lang.ClassLoader.loadClass(Ljava/lang/String;)Ljava/lang/Class; java.base@17.0.8 (7 bytes) @ 0x00000264f1b03164 [0x00000264f1b03120+0x0000000000000044]
v  ~StubRoutines::call_stub
j  org.springframework.http.converter.json.Jackson2ObjectMapperBuilder.build()Lcom/fasterxml/jackson/databind/ObjectMapper;+77
j  org.springframework.http.converter.json.MappingJackson2HttpMessageConverter.<init>()V+4
j  org.springframework.http.converter.support.AllEncompassingFormHttpMessageConverter.<init>()V+55
j  org.springframework.boot.autoconfigure.BackgroundPreinitializer$MessageConverterInitializer.run()V+4
j  org.springframework.boot.autoconfigure.BackgroundPreinitializer$1.runSafely(Ljava/lang/Runnable;)Z+1
j  org.springframework.boot.autoconfigure.BackgroundPreinitializer$1.run()V+32
j  java.lang.Thread.run()V+11 java.base@17.0.8
v  ~StubRoutines::call_stub

---------------  P R O C E S S  ---------------

Threads class SMR info:
_java_thread_list=0x00000264c6718790, length=22, elements={
0x00000264e9ec1e10, 0x00000264fbbaf370, 0x00000264fbbb3d40, 0x00000264fbbca7b0,
0x00000264fbbcb160, 0x00000264fbbcbb10, 0x00000264fbbce4d0, 0x00000264fbbcef30,
0x00000264fbbdae30, 0x00000264fbb9be70, 0x00000264c51fcfa0, 0x00000264c51ff570,
0x00000264c56f2da0, 0x00000264c56f3270, 0x00000264c585c5d0, 0x00000264c5b77a00,
0x00000264c5bc9b90, 0x00000264c5bcbbf0, 0x00000264c5d0c9e0, 0x00000264c5d13ee0,
0x00000264c5ce17e0, 0x00000264c64831b0
}

Java Threads: ( => current thread )
  0x00000264e9ec1e10 JavaThread "main" [_thread_blocked, id=20484, stack(0x000000ba85300000,0x000000ba85400000)]
  0x00000264fbbaf370 JavaThread "Reference Handler" daemon [_thread_blocked, id=15700, stack(0x000000ba85a00000,0x000000ba85b00000)]
  0x00000264fbbb3d40 JavaThread "Finalizer" daemon [_thread_blocked, id=9124, stack(0x000000ba85b00000,0x000000ba85c00000)]
  0x00000264fbbca7b0 JavaThread "Signal Dispatcher" daemon [_thread_blocked, id=17944, stack(0x000000ba85c00000,0x000000ba85d00000)]
  0x00000264fbbcb160 JavaThread "Attach Listener" daemon [_thread_blocked, id=1768, stack(0x000000ba85d00000,0x000000ba85e00000)]
  0x00000264fbbcbb10 JavaThread "Service Thread" daemon [_thread_blocked, id=1864, stack(0x000000ba85e00000,0x000000ba85f00000)]
  0x00000264fbbce4d0 JavaThread "Monitor Deflation Thread" daemon [_thread_blocked, id=21328, stack(0x000000ba85f00000,0x000000ba86000000)]
  0x00000264fbbcef30 JavaThread "C1 CompilerThread0" daemon [_thread_blocked, id=328, stack(0x000000ba86000000,0x000000ba86100000)]
  0x00000264fbbdae30 JavaThread "Sweeper thread" daemon [_thread_blocked, id=12916, stack(0x000000ba86100000,0x000000ba86200000)]
  0x00000264fbb9be70 JavaThread "Common-Cleaner" daemon [_thread_blocked, id=14360, stack(0x000000ba86200000,0x000000ba86300000)]
  0x00000264c51fcfa0 JavaThread "C1 CompilerThread1" daemon [_thread_blocked, id=19816, stack(0x000000ba86300000,0x000000ba86400000)]
  0x00000264c51ff570 JavaThread "C1 CompilerThread2" daemon [_thread_blocked, id=12596, stack(0x000000ba86400000,0x000000ba86500000)]
  0x00000264c56f2da0 JavaThread "Monitor Ctrl-Break" daemon [_thread_in_native, id=21492, stack(0x000000ba86500000,0x000000ba86600000)]
  0x00000264c56f3270 JavaThread "Notification Thread" daemon [_thread_blocked, id=2540, stack(0x000000ba86600000,0x000000ba86700000)]
  0x00000264c585c5d0 JavaThread "RMI TCP Accept-0" daemon [_thread_in_native, id=7056, stack(0x000000ba86700000,0x000000ba86800000)]
  0x00000264c5b77a00 JavaThread "RMI TCP Connection(1)-192.168.0.105" daemon [_thread_in_native, id=10076, stack(0x000000ba86800000,0x000000ba86900000)]
  0x00000264c5bc9b90 JavaThread "RMI Scheduler(0)" daemon [_thread_blocked, id=14116, stack(0x000000ba86a00000,0x000000ba86b00000)]
  0x00000264c5bcbbf0 JavaThread "JMX server connection timeout 20" daemon [_thread_blocked, id=18356, stack(0x000000ba86b00000,0x000000ba86c00000)]
  0x00000264c5d0c9e0 JavaThread "RMI TCP Connection(2)-192.168.0.105" daemon [_thread_in_native, id=12328, stack(0x000000ba86d00000,0x000000ba86e00000)]
  0x00000264c5d13ee0 JavaThread "Thread-0" [_thread_blocked, id=16388, stack(0x000000ba87500000,0x000000ba87600000)]
  0x00000264c5ce17e0 JavaThread "restartedMain" [_thread_in_vm, id=3884, stack(0x000000ba87600000,0x000000ba87700000)]
=>0x00000264c64831b0 JavaThread "background-preinit" [_thread_in_vm, id=18768, stack(0x000000ba87700000,0x000000ba87800000)]

Other Threads:
  0x00000264fbbab8e0 VMThread "VM Thread" [stack: 0x000000ba85900000,0x000000ba85a00000] [id=3944]
  0x00000264c586f630 WatcherThread [stack: 0x000000ba86900000,0x000000ba86a00000] [id=4996]
  0x00000264e9f1b810 GCTaskThread "GC Thread#0" [stack: 0x000000ba85400000,0x000000ba85500000] [id=17184]
  0x00000264c5c181a0 GCTaskThread "GC Thread#1" [stack: 0x000000ba86c00000,0x000000ba86d00000] [id=13920]
  0x00000264c5c18450 GCTaskThread "GC Thread#2" [stack: 0x000000ba86e00000,0x000000ba86f00000] [id=9468]
  0x00000264c5c191c0 GCTaskThread "GC Thread#3" [stack: 0x000000ba86f00000,0x000000ba87000000] [id=1484]
  0x00000264c5c18700 GCTaskThread "GC Thread#4" [stack: 0x000000ba87000000,0x000000ba87100000] [id=2436]
  0x00000264c5c199d0 GCTaskThread "GC Thread#5" [stack: 0x000000ba87100000,0x000000ba87200000] [id=20420]
  0x00000264c5c189b0 GCTaskThread "GC Thread#6" [stack: 0x000000ba87200000,0x000000ba87300000] [id=14276]
  0x00000264c5c18c60 GCTaskThread "GC Thread#7" [stack: 0x000000ba87300000,0x000000ba87400000] [id=7060]
  0x00000264e9f2bf50 ConcurrentGCThread "G1 Main Marker" [stack: 0x000000ba85500000,0x000000ba85600000] [id=12016]
  0x00000264e9f2d970 ConcurrentGCThread "G1 Conc#0" [stack: 0x000000ba85600000,0x000000ba85700000] [id=19472]
  0x00000264e9f7dc10 ConcurrentGCThread "G1 Refine#0" [stack: 0x000000ba85700000,0x000000ba85800000] [id=12624]
  0x00000264c5ccccb0 ConcurrentGCThread "G1 Refine#1" [stack: 0x000000ba87400000,0x000000ba87500000] [id=19800]
  0x00000264e9f7e630 ConcurrentGCThread "G1 Service" [stack: 0x000000ba85800000,0x000000ba85900000] [id=16168]

Threads with active compile tasks:

VM state: not at safepoint (normal execution)

VM Mutex/Monitor currently owned by a thread:  ([mutex/lock_event])
[0x00000264e9ebd180] Metaspace_lock - owner thread: 0x00000264c64831b0

OutOfMemory and StackOverflow Exception counts:
OutOfMemoryError java_heap_errors=4
LinkageErrors=51

Heap address: 0x0000000084000000, size: 1984 MB, Compressed Oops mode: 32-bit

CDS archive(s) mapped at: [0x0000026480000000-0x0000026480bd0000-0x0000026480bd0000), size 12386304, SharedBaseAddress: 0x0000026480000000, ArchiveRelocationMode: 1.
Compressed class space mapped at: 0x0000026481000000-0x00000264c1000000, reserved size: 1073741824
Narrow klass base: 0x0000026480000000, Narrow klass shift: 0, Narrow klass range: 0x100000000

GC Precious Log:
 CPUs: 8 total, 8 available
 Memory: 7934M
 Large Page Support: Disabled
 NUMA Support: Disabled
 Compressed Oops: Enabled (32-bit)
 Heap Region Size: 1M
 Heap Min Capacity: 8M
 Heap Initial Capacity: 124M
 Heap Max Capacity: 1984M
 Pre-touch: Disabled
 Parallel Workers: 8
 Concurrent Workers: 2
 Concurrent Refinement Workers: 8
 Periodic GC: Disabled

Heap:
 garbage-first heap   total 126976K, used 26554K [0x0000000084000000, 0x0000000100000000)
  region size 1024K, 19 young (19456K), 2 survivors (2048K)
 Metaspace       used 14167K, committed 14464K, reserved 1114112K
  class space    used 1908K, committed 2048K, reserved 1048576K

Heap Regions: E=young(eden), S=young(survivor), O=old, HS=humongous(starts), HC=humongous(continues), CS=collection set, F=free, OA=open archive, CA=closed archive, TAMS=top-at-mark-start (previous, next)
|   0|0x0000000084000000, 0x0000000084100000, 0x0000000084100000|100%|HS|  |TAMS 0x0000000084000000, 0x0000000084000000| Complete 
|   1|0x0000000084100000, 0x0000000084200000, 0x0000000084200000|100%| O|  |TAMS 0x0000000084100000, 0x0000000084100000| Untracked 
|   2|0x0000000084200000, 0x0000000084300000, 0x0000000084300000|100%| O|  |TAMS 0x0000000084200000, 0x0000000084200000| Untracked 
|   3|0x0000000084300000, 0x0000000084400000, 0x0000000084400000|100%| O|  |TAMS 0x0000000084300000, 0x0000000084300000| Untracked 
|   4|0x0000000084400000, 0x0000000084500000, 0x0000000084500000|100%| O|  |TAMS 0x0000000084400000, 0x0000000084400000| Untracked 
|   5|0x0000000084500000, 0x0000000084600000, 0x0000000084600000|100%| O|  |TAMS 0x0000000084500000, 0x0000000084500000| Untracked 
|   6|0x0000000084600000, 0x0000000084700000, 0x0000000084700000|100%| O|  |TAMS 0x0000000084600000, 0x0000000084600000| Untracked 
|   7|0x0000000084700000, 0x0000000084800000, 0x0000000084800000|100%| O|  |TAMS 0x0000000084700000, 0x0000000084700000| Untracked 
|   8|0x0000000084800000, 0x0000000084881400, 0x0000000084900000| 50%| O|  |TAMS 0x0000000084800000, 0x0000000084800000| Untracked 
|   9|0x0000000084900000, 0x0000000084900000, 0x0000000084a00000|  0%| F|  |TAMS 0x0000000084900000, 0x0000000084900000| Untracked 
|  10|0x0000000084a00000, 0x0000000084a00000, 0x0000000084b00000|  0%| F|  |TAMS 0x0000000084a00000, 0x0000000084a00000| Untracked 
|  11|0x0000000084b00000, 0x0000000084b00000, 0x0000000084c00000|  0%| F|  |TAMS 0x0000000084b00000, 0x0000000084b00000| Untracked 
|  12|0x0000000084c00000, 0x0000000084c00000, 0x0000000084d00000|  0%| F|  |TAMS 0x0000000084c00000, 0x0000000084c00000| Untracked 
|  13|0x0000000084d00000, 0x0000000084d00000, 0x0000000084e00000|  0%| F|  |TAMS 0x0000000084d00000, 0x0000000084d00000| Untracked 
|  14|0x0000000084e00000, 0x0000000084e00000, 0x0000000084f00000|  0%| F|  |TAMS 0x0000000084e00000, 0x0000000084e00000| Untracked 
|  15|0x0000000084f00000, 0x0000000084f00000, 0x0000000085000000|  0%| F|  |TAMS 0x0000000084f00000, 0x0000000084f00000| Untracked 
|  16|0x0000000085000000, 0x0000000085000000, 0x0000000085100000|  0%| F|  |TAMS 0x0000000085000000, 0x0000000085000000| Untracked 
|  17|0x0000000085100000, 0x0000000085100000, 0x0000000085200000|  0%| F|  |TAMS 0x0000000085100000, 0x0000000085100000| Untracked 
|  18|0x0000000085200000, 0x0000000085200000, 0x0000000085300000|  0%| F|  |TAMS 0x0000000085200000, 0x0000000085200000| Untracked 
|  19|0x0000000085300000, 0x0000000085300000, 0x0000000085400000|  0%| F|  |TAMS 0x0000000085300000, 0x0000000085300000| Untracked 
|  20|0x0000000085400000, 0x0000000085400000, 0x0000000085500000|  0%| F|  |TAMS 0x0000000085400000, 0x0000000085400000| Untracked 
|  21|0x0000000085500000, 0x0000000085500000, 0x0000000085600000|  0%| F|  |TAMS 0x0000000085500000, 0x0000000085500000| Untracked 
|  22|0x0000000085600000, 0x0000000085600000, 0x0000000085700000|  0%| F|  |TAMS 0x0000000085600000, 0x0000000085600000| Untracked 
|  23|0x0000000085700000, 0x0000000085700000, 0x0000000085800000|  0%| F|  |TAMS 0x0000000085700000, 0x0000000085700000| Untracked 
|  24|0x0000000085800000, 0x0000000085800000, 0x0000000085900000|  0%| F|  |TAMS 0x0000000085800000, 0x0000000085800000| Untracked 
|  25|0x0000000085900000, 0x0000000085900000, 0x0000000085a00000|  0%| F|  |TAMS 0x0000000085900000, 0x0000000085900000| Untracked 
|  26|0x0000000085a00000, 0x0000000085a00000, 0x0000000085b00000|  0%| F|  |TAMS 0x0000000085a00000, 0x0000000085a00000| Untracked 
|  27|0x0000000085b00000, 0x0000000085b00000, 0x0000000085c00000|  0%| F|  |TAMS 0x0000000085b00000, 0x0000000085b00000| Untracked 
|  28|0x0000000085c00000, 0x0000000085c00000, 0x0000000085d00000|  0%| F|  |TAMS 0x0000000085c00000, 0x0000000085c00000| Untracked 
|  29|0x0000000085d00000, 0x0000000085d00000, 0x0000000085e00000|  0%| F|  |TAMS 0x0000000085d00000, 0x0000000085d00000| Untracked 
|  30|0x0000000085e00000, 0x0000000085e00000, 0x0000000085f00000|  0%| F|  |TAMS 0x0000000085e00000, 0x0000000085e00000| Untracked 
|  31|0x0000000085f00000, 0x0000000085f00000, 0x0000000086000000|  0%| F|  |TAMS 0x0000000085f00000, 0x0000000085f00000| Untracked 
|  32|0x0000000086000000, 0x0000000086000000, 0x0000000086100000|  0%| F|  |TAMS 0x0000000086000000, 0x0000000086000000| Untracked 
|  33|0x0000000086100000, 0x0000000086100000, 0x0000000086200000|  0%| F|  |TAMS 0x0000000086100000, 0x0000000086100000| Untracked 
|  34|0x0000000086200000, 0x0000000086200000, 0x0000000086300000|  0%| F|  |TAMS 0x0000000086200000, 0x0000000086200000| Untracked 
|  35|0x0000000086300000, 0x0000000086300000, 0x0000000086400000|  0%| F|  |TAMS 0x0000000086300000, 0x0000000086300000| Untracked 
|  36|0x0000000086400000, 0x0000000086400000, 0x0000000086500000|  0%| F|  |TAMS 0x0000000086400000, 0x0000000086400000| Untracked 
|  37|0x0000000086500000, 0x0000000086500000, 0x0000000086600000|  0%| F|  |TAMS 0x0000000086500000, 0x0000000086500000| Untracked 
|  38|0x0000000086600000, 0x0000000086600000, 0x0000000086700000|  0%| F|  |TAMS 0x0000000086600000, 0x0000000086600000| Untracked 
|  39|0x0000000086700000, 0x0000000086700000, 0x0000000086800000|  0%| F|  |TAMS 0x0000000086700000, 0x0000000086700000| Untracked 
|  40|0x0000000086800000, 0x0000000086800000, 0x0000000086900000|  0%| F|  |TAMS 0x0000000086800000, 0x0000000086800000| Untracked 
|  41|0x0000000086900000, 0x0000000086900000, 0x0000000086a00000|  0%| F|  |TAMS 0x0000000086900000, 0x0000000086900000| Untracked 
|  42|0x0000000086a00000, 0x0000000086a00000, 0x0000000086b00000|  0%| F|  |TAMS 0x0000000086a00000, 0x0000000086a00000| Untracked 
|  43|0x0000000086b00000, 0x0000000086b00000, 0x0000000086c00000|  0%| F|  |TAMS 0x0000000086b00000, 0x0000000086b00000| Untracked 
|  44|0x0000000086c00000, 0x0000000086c00000, 0x0000000086d00000|  0%| F|  |TAMS 0x0000000086c00000, 0x0000000086c00000| Untracked 
|  45|0x0000000086d00000, 0x0000000086d00000, 0x0000000086e00000|  0%| F|  |TAMS 0x0000000086d00000, 0x0000000086d00000| Untracked 
|  46|0x0000000086e00000, 0x0000000086e00000, 0x0000000086f00000|  0%| F|  |TAMS 0x0000000086e00000, 0x0000000086e00000| Untracked 
|  47|0x0000000086f00000, 0x0000000086f00000, 0x0000000087000000|  0%| F|  |TAMS 0x0000000086f00000, 0x0000000086f00000| Untracked 
|  48|0x0000000087000000, 0x0000000087000000, 0x0000000087100000|  0%| F|  |TAMS 0x0000000087000000, 0x0000000087000000| Untracked 
|  49|0x0000000087100000, 0x0000000087100000, 0x0000000087200000|  0%| F|  |TAMS 0x0000000087100000, 0x0000000087100000| Untracked 
|  50|0x0000000087200000, 0x0000000087200000, 0x0000000087300000|  0%| F|  |TAMS 0x0000000087200000, 0x0000000087200000| Untracked 
|  51|0x0000000087300000, 0x0000000087300000, 0x0000000087400000|  0%| F|  |TAMS 0x0000000087300000, 0x0000000087300000| Untracked 
|  52|0x0000000087400000, 0x0000000087400000, 0x0000000087500000|  0%| F|  |TAMS 0x0000000087400000, 0x0000000087400000| Untracked 
|  53|0x0000000087500000, 0x0000000087500000, 0x0000000087600000|  0%| F|  |TAMS 0x0000000087500000, 0x0000000087500000| Untracked 
|  54|0x0000000087600000, 0x0000000087600000, 0x0000000087700000|  0%| F|  |TAMS 0x0000000087600000, 0x0000000087600000| Untracked 
|  55|0x0000000087700000, 0x0000000087700000, 0x0000000087800000|  0%| F|  |TAMS 0x0000000087700000, 0x0000000087700000| Untracked 
|  56|0x0000000087800000, 0x0000000087800000, 0x0000000087900000|  0%| F|  |TAMS 0x0000000087800000, 0x0000000087800000| Untracked 
|  57|0x0000000087900000, 0x0000000087900000, 0x0000000087a00000|  0%| F|  |TAMS 0x0000000087900000, 0x0000000087900000| Untracked 
|  58|0x0000000087a00000, 0x0000000087a00000, 0x0000000087b00000|  0%| F|  |TAMS 0x0000000087a00000, 0x0000000087a00000| Untracked 
|  59|0x0000000087b00000, 0x0000000087b00000, 0x0000000087c00000|  0%| F|  |TAMS 0x0000000087b00000, 0x0000000087b00000| Untracked 
|  60|0x0000000087c00000, 0x0000000087c00000, 0x0000000087d00000|  0%| F|  |TAMS 0x0000000087c00000, 0x0000000087c00000| Untracked 
|  61|0x0000000087d00000, 0x0000000087d00000, 0x0000000087e00000|  0%| F|  |TAMS 0x0000000087d00000, 0x0000000087d00000| Untracked 
|  62|0x0000000087e00000, 0x0000000087e00000, 0x0000000087f00000|  0%| F|  |TAMS 0x0000000087e00000, 0x0000000087e00000| Untracked 
|  63|0x0000000087f00000, 0x0000000087f00000, 0x0000000088000000|  0%| F|  |TAMS 0x0000000087f00000, 0x0000000087f00000| Untracked 
|  64|0x0000000088000000, 0x0000000088000000, 0x0000000088100000|  0%| F|  |TAMS 0x0000000088000000, 0x0000000088000000| Untracked 
|  65|0x0000000088100000, 0x0000000088100000, 0x0000000088200000|  0%| F|  |TAMS 0x0000000088100000, 0x0000000088100000| Untracked 
|  66|0x0000000088200000, 0x0000000088200000, 0x0000000088300000|  0%| F|  |TAMS 0x0000000088200000, 0x0000000088200000| Untracked 
|  67|0x0000000088300000, 0x0000000088300000, 0x0000000088400000|  0%| F|  |TAMS 0x0000000088300000, 0x0000000088300000| Untracked 
|  68|0x0000000088400000, 0x0000000088400000, 0x0000000088500000|  0%| F|  |TAMS 0x0000000088400000, 0x0000000088400000| Untracked 
|  69|0x0000000088500000, 0x0000000088500000, 0x0000000088600000|  0%| F|  |TAMS 0x0000000088500000, 0x0000000088500000| Untracked 
|  70|0x0000000088600000, 0x0000000088600000, 0x0000000088700000|  0%| F|  |TAMS 0x0000000088600000, 0x0000000088600000| Untracked 
|  71|0x0000000088700000, 0x0000000088700000, 0x0000000088800000|  0%| F|  |TAMS 0x0000000088700000, 0x0000000088700000| Untracked 
|  72|0x0000000088800000, 0x0000000088800000, 0x0000000088900000|  0%| F|  |TAMS 0x0000000088800000, 0x0000000088800000| Untracked 
|  73|0x0000000088900000, 0x0000000088900000, 0x0000000088a00000|  0%| F|  |TAMS 0x0000000088900000, 0x0000000088900000| Untracked 
|  74|0x0000000088a00000, 0x0000000088a00000, 0x0000000088b00000|  0%| F|  |TAMS 0x0000000088a00000, 0x0000000088a00000| Untracked 
|  75|0x0000000088b00000, 0x0000000088b00000, 0x0000000088c00000|  0%| F|  |TAMS 0x0000000088b00000, 0x0000000088b00000| Untracked 
|  76|0x0000000088c00000, 0x0000000088c00000, 0x0000000088d00000|  0%| F|  |TAMS 0x0000000088c00000, 0x0000000088c00000| Untracked 
|  77|0x0000000088d00000, 0x0000000088d00000, 0x0000000088e00000|  0%| F|  |TAMS 0x0000000088d00000, 0x0000000088d00000| Untracked 
|  78|0x0000000088e00000, 0x0000000088e00000, 0x0000000088f00000|  0%| F|  |TAMS 0x0000000088e00000, 0x0000000088e00000| Untracked 
|  79|0x0000000088f00000, 0x0000000088f00000, 0x0000000089000000|  0%| F|  |TAMS 0x0000000088f00000, 0x0000000088f00000| Untracked 
|  80|0x0000000089000000, 0x0000000089000000, 0x0000000089100000|  0%| F|  |TAMS 0x0000000089000000, 0x0000000089000000| Untracked 
|  81|0x0000000089100000, 0x0000000089100000, 0x0000000089200000|  0%| F|  |TAMS 0x0000000089100000, 0x0000000089100000| Untracked 
|  82|0x0000000089200000, 0x0000000089200000, 0x0000000089300000|  0%| F|  |TAMS 0x0000000089200000, 0x0000000089200000| Untracked 
|  83|0x0000000089300000, 0x0000000089300000, 0x0000000089400000|  0%| F|  |TAMS 0x0000000089300000, 0x0000000089300000| Untracked 
|  84|0x0000000089400000, 0x0000000089400000, 0x0000000089500000|  0%| F|  |TAMS 0x0000000089400000, 0x0000000089400000| Untracked 
|  85|0x0000000089500000, 0x0000000089500000, 0x0000000089600000|  0%| F|  |TAMS 0x0000000089500000, 0x0000000089500000| Untracked 
|  86|0x0000000089600000, 0x0000000089600000, 0x0000000089700000|  0%| F|  |TAMS 0x0000000089600000, 0x0000000089600000| Untracked 
|  87|0x0000000089700000, 0x0000000089700000, 0x0000000089800000|  0%| F|  |TAMS 0x0000000089700000, 0x0000000089700000| Untracked 
|  88|0x0000000089800000, 0x0000000089800000, 0x0000000089900000|  0%| F|  |TAMS 0x0000000089800000, 0x0000000089800000| Untracked 
|  89|0x0000000089900000, 0x0000000089900000, 0x0000000089a00000|  0%| F|  |TAMS 0x0000000089900000, 0x0000000089900000| Untracked 
|  90|0x0000000089a00000, 0x0000000089a00000, 0x0000000089b00000|  0%| F|  |TAMS 0x0000000089a00000, 0x0000000089a00000| Untracked 
|  91|0x0000000089b00000, 0x0000000089b00000, 0x0000000089c00000|  0%| F|  |TAMS 0x0000000089b00000, 0x0000000089b00000| Untracked 
|  92|0x0000000089c00000, 0x0000000089c00000, 0x0000000089d00000|  0%| F|  |TAMS 0x0000000089c00000, 0x0000000089c00000| Untracked 
|  93|0x0000000089d00000, 0x0000000089d00000, 0x0000000089e00000|  0%| F|  |TAMS 0x0000000089d00000, 0x0000000089d00000| Untracked 
|  94|0x0000000089e00000, 0x0000000089e00000, 0x0000000089f00000|  0%| F|  |TAMS 0x0000000089e00000, 0x0000000089e00000| Untracked 
|  95|0x0000000089f00000, 0x0000000089f00000, 0x000000008a000000|  0%| F|  |TAMS 0x0000000089f00000, 0x0000000089f00000| Untracked 
|  96|0x000000008a000000, 0x000000008a000000, 0x000000008a100000|  0%| F|  |TAMS 0x000000008a000000, 0x000000008a000000| Untracked 
|  97|0x000000008a100000, 0x000000008a16d7f8, 0x000000008a200000| 42%| S|CS|TAMS 0x000000008a100000, 0x000000008a100000| Complete 
|  98|0x000000008a200000, 0x000000008a200000, 0x000000008a300000|  0%| F|  |TAMS 0x000000008a200000, 0x000000008a200000| Untracked 
|  99|0x000000008a300000, 0x000000008a300000, 0x000000008a400000|  0%| F|  |TAMS 0x000000008a300000, 0x000000008a300000| Untracked 
| 100|0x000000008a400000, 0x000000008a400000, 0x000000008a500000|  0%| F|  |TAMS 0x000000008a400000, 0x000000008a400000| Untracked 
| 101|0x000000008a500000, 0x000000008a600000, 0x000000008a600000|100%| S|CS|TAMS 0x000000008a500000, 0x000000008a500000| Complete 
| 102|0x000000008a600000, 0x000000008a600000, 0x000000008a700000|  0%| F|  |TAMS 0x000000008a600000, 0x000000008a600000| Untracked 
| 103|0x000000008a700000, 0x000000008a700000, 0x000000008a800000|  0%| F|  |TAMS 0x000000008a700000, 0x000000008a700000| Untracked 
| 104|0x000000008a800000, 0x000000008a800000, 0x000000008a900000|  0%| F|  |TAMS 0x000000008a800000, 0x000000008a800000| Untracked 
| 105|0x000000008a900000, 0x000000008a900000, 0x000000008aa00000|  0%| F|  |TAMS 0x000000008a900000, 0x000000008a900000| Untracked 
| 106|0x000000008aa00000, 0x000000008aa00000, 0x000000008ab00000|  0%| F|  |TAMS 0x000000008aa00000, 0x000000008aa00000| Untracked 
| 107|0x000000008ab00000, 0x000000008ab2fd98, 0x000000008ac00000| 18%| E|  |TAMS 0x000000008ab00000, 0x000000008ab00000| Complete 
| 108|0x000000008ac00000, 0x000000008ad00000, 0x000000008ad00000|100%| E|CS|TAMS 0x000000008ac00000, 0x000000008ac00000| Complete 
| 109|0x000000008ad00000, 0x000000008ae00000, 0x000000008ae00000|100%| E|CS|TAMS 0x000000008ad00000, 0x000000008ad00000| Complete 
| 110|0x000000008ae00000, 0x000000008af00000, 0x000000008af00000|100%| E|CS|TAMS 0x000000008ae00000, 0x000000008ae00000| Complete 
| 111|0x000000008af00000, 0x000000008b000000, 0x000000008b000000|100%| E|CS|TAMS 0x000000008af00000, 0x000000008af00000| Complete 
| 112|0x000000008b000000, 0x000000008b100000, 0x000000008b100000|100%| E|CS|TAMS 0x000000008b000000, 0x000000008b000000| Complete 
| 113|0x000000008b100000, 0x000000008b200000, 0x000000008b200000|100%| E|CS|TAMS 0x000000008b100000, 0x000000008b100000| Complete 
| 114|0x000000008b200000, 0x000000008b300000, 0x000000008b300000|100%| E|CS|TAMS 0x000000008b200000, 0x000000008b200000| Complete 
| 115|0x000000008b300000, 0x000000008b400000, 0x000000008b400000|100%| E|CS|TAMS 0x000000008b300000, 0x000000008b300000| Complete 
| 116|0x000000008b400000, 0x000000008b500000, 0x000000008b500000|100%| E|CS|TAMS 0x000000008b400000, 0x000000008b400000| Complete 
| 117|0x000000008b500000, 0x000000008b600000, 0x000000008b600000|100%| E|CS|TAMS 0x000000008b500000, 0x000000008b500000| Complete 
| 118|0x000000008b600000, 0x000000008b700000, 0x000000008b700000|100%| E|CS|TAMS 0x000000008b600000, 0x000000008b600000| Complete 
| 119|0x000000008b700000, 0x000000008b800000, 0x000000008b800000|100%| E|CS|TAMS 0x000000008b700000, 0x000000008b700000| Complete 
| 120|0x000000008b800000, 0x000000008b900000, 0x000000008b900000|100%| E|CS|TAMS 0x000000008b800000, 0x000000008b800000| Complete 
| 121|0x000000008b900000, 0x000000008ba00000, 0x000000008ba00000|100%| E|CS|TAMS 0x000000008b900000, 0x000000008b900000| Complete 
| 122|0x000000008ba00000, 0x000000008bb00000, 0x000000008bb00000|100%| E|CS|TAMS 0x000000008ba00000, 0x000000008ba00000| Complete 
| 123|0x000000008bb00000, 0x000000008bc00000, 0x000000008bc00000|100%| E|CS|TAMS 0x000000008bb00000, 0x000000008bb00000| Complete 

Card table byte_map: [0x00000264f4c40000,0x00000264f5020000] _byte_map_base: 0x00000264f4820000

Marking Bits (Prev, Next): (CMBitMap*) 0x00000264e9f1be20, (CMBitMap*) 0x00000264e9f1be60
 Prev Bits: [0x00000264f5400000, 0x00000264f7300000)
 Next Bits: [0x00000264f7300000, 0x00000264f9200000)

Polling page: 0x00000264e7e60000

Metaspace:

Usage:
  Non-class:     11.97 MB used.
      Class:      1.86 MB used.
       Both:     13.84 MB used.

Virtual space:
  Non-class space:       64.00 MB reserved,      12.12 MB ( 19%) committed,  1 nodes.
      Class space:        1.00 GB reserved,       2.00 MB ( <1%) committed,  1 nodes.
             Both:        1.06 GB reserved,      14.12 MB (  1%) committed. 

Chunk freelists:
   Non-Class:  3.73 MB
       Class:  13.88 MB
        Both:  17.61 MB

MaxMetaspaceSize: unlimited
CompressedClassSpaceSize: 1.00 GB
Initial GC threshold: 21.00 MB
Current GC threshold: 21.00 MB
CDS: on
MetaspaceReclaimPolicy: balanced
 - commit_granule_bytes: 65536.
 - commit_granule_words: 8192.
 - virtual_space_node_default_size: 8388608.
 - enlarge_chunks_in_place: 1.
 - new_chunks_are_fully_committed: 0.
 - uncommit_free_chunks: 1.
 - use_allocation_guard: 0.
 - handle_deallocations: 1.


Internal statistics:

num_allocs_failed_limit: 0.
num_arena_births: 308.
num_arena_deaths: 0.
num_vsnodes_births: 2.
num_vsnodes_deaths: 0.
num_space_committed: 226.
num_space_uncommitted: 0.
num_chunks_returned_to_freelist: 0.
num_chunks_taken_from_freelist: 737.
num_chunk_merges: 0.
num_chunk_splits: 461.
num_chunks_enlarged: 297.
num_purges: 0.
num_inconsistent_stats: 0.

CodeCache: size=49152Kb used=5432Kb max_used=5432Kb free=43719Kb
 bounds [0x00000264f1750000, 0x00000264f1ca0000, 0x00000264f4750000]
 total_blobs=2578 nmethods=2115 adapters=388
 compilation: enabled
              stopped_count=0, restarted_count=0
 full_count=0

Compilation events (20 events):
Event: 3.467 Thread 0x00000264c51fcfa0 2107       1       java.lang.Short::reverseBytes (14 bytes)
Event: 3.467 Thread 0x00000264c51fcfa0 nmethod 2107 0x00000264f1c99f10 code [0x00000264f1c9a0a0, 0x00000264f1c9a158]
Event: 3.467 Thread 0x00000264fbbcef30 nmethod 2105 0x00000264f1c9a210 code [0x00000264f1c9a3a0, 0x00000264f1c9a4f8]
Event: 3.467 Thread 0x00000264c51fcfa0 2108       1       jdk.internal.misc.Unsafe::toUnsignedInt (6 bytes)
Event: 3.467 Thread 0x00000264c51ff570 nmethod 2106 0x00000264f1c9a590 code [0x00000264f1c9a720, 0x00000264f1c9a7f8]
Event: 3.467 Thread 0x00000264c51fcfa0 nmethod 2108 0x00000264f1c9a890 code [0x00000264f1c9aa20, 0x00000264f1c9aad8]
Event: 3.467 Thread 0x00000264c51fcfa0 2109       1       java.lang.reflect.ProxyGenerator::dotToSlash (9 bytes)
Event: 3.467 Thread 0x00000264c51ff570 2110       1       jdk.internal.org.objectweb.asm.MethodWriter::visitLdcInsn (215 bytes)
Event: 3.467 Thread 0x00000264fbbcef30 2111       1       jdk.internal.org.objectweb.asm.SymbolTable::addConstant (330 bytes)
Event: 3.467 Thread 0x00000264c51fcfa0 nmethod 2109 0x00000264f1c9ab90 code [0x00000264f1c9ad20, 0x00000264f1c9ade8]
Event: 3.468 Thread 0x00000264c51ff570 nmethod 2110 0x00000264f1c9ae90 code [0x00000264f1c9b0a0, 0x00000264f1c9b4e8]
Event: 3.469 Thread 0x00000264fbbcef30 nmethod 2111 0x00000264f1c9b890 code [0x00000264f1c9bc20, 0x00000264f1c9cce8]
Event: 3.477 Thread 0x00000264fbbcef30 2112       1       sun.reflect.generics.repository.AbstractRepository::getFactory (5 bytes)
Event: 3.477 Thread 0x00000264c51ff570 2113       1       java.lang.ref.SoftReference::<init> (14 bytes)
Event: 3.477 Thread 0x00000264fbbcef30 nmethod 2112 0x00000264f1c9d410 code [0x00000264f1c9d5a0, 0x00000264f1c9d678]
Event: 3.477 Thread 0x00000264c51ff570 nmethod 2113 0x00000264f1c9d710 code [0x00000264f1c9d8a0, 0x00000264f1c9da38]
Event: 3.492 Thread 0x00000264c51ff570 2114       1       org.springframework.core.ResolvableType::forClass (9 bytes)
Event: 3.493 Thread 0x00000264c51ff570 nmethod 2114 0x00000264f1c9da90 code [0x00000264f1c9dc20, 0x00000264f1c9dd48]
Event: 3.493 Thread 0x00000264fbbcef30 2115       1       org.springframework.core.ResolvableType::<init> (47 bytes)
Event: 3.493 Thread 0x00000264fbbcef30 nmethod 2115 0x00000264f1c9de10 code [0x00000264f1c9dfa0, 0x00000264f1c9e1f8]

GC Heap History (4 events):
Event: 2.269 GC heap before
{Heap before GC invocations=0 (full 0):
 garbage-first heap   total 126976K, used 23552K [0x0000000084000000, 0x0000000100000000)
  region size 1024K, 23 young (23552K), 0 survivors (0K)
 Metaspace       used 7275K, committed 7488K, reserved 1114112K
  class space    used 918K, committed 1024K, reserved 1048576K
}
Event: 2.283 GC heap after
{Heap after GC invocations=1 (full 0):
 garbage-first heap   total 126976K, used 8544K [0x0000000084000000, 0x0000000100000000)
  region size 1024K, 3 young (3072K), 3 survivors (3072K)
 Metaspace       used 7275K, committed 7488K, reserved 1114112K
  class space    used 918K, committed 1024K, reserved 1048576K
}
Event: 3.082 GC heap before
{Heap before GC invocations=1 (full 0):
 garbage-first heap   total 126976K, used 30048K [0x0000000084000000, 0x0000000100000000)
  region size 1024K, 25 young (25600K), 3 survivors (3072K)
 Metaspace       used 11003K, committed 11200K, reserved 1114112K
  class space    used 1484K, committed 1600K, reserved 1048576K
}
Event: 3.087 GC heap after
{Heap after GC invocations=2 (full 0):
 garbage-first heap   total 126976K, used 10170K [0x0000000084000000, 0x0000000100000000)
  region size 1024K, 2 young (2048K), 2 survivors (2048K)
 Metaspace       used 11003K, committed 11200K, reserved 1114112K
  class space    used 1484K, committed 1600K, reserved 1048576K
}

Deoptimization events (0 events):
No events

Classes unloaded (0 events):
No events

Classes redefined (0 events):
No events

Internal exceptions (20 events):
Event: 3.099 Thread 0x00000264c5ce17e0 Exception <a 'java/lang/NoSuchMethodError'{0x000000008bb18080}: 'java.lang.Object java.lang.invoke.DirectMethodHandle$Holder.invokeSpecial(java.lang.Object, java.lang.Object, java.lang.Object, int, java.lang.Object)'> (0x000000008bb18080) 
thrown [s\open\src\hotspot\share\interpreter\linkResolver.cpp, line 759]
Event: 3.103 Thread 0x00000264c5ce17e0 Exception <a 'java/lang/NoSuchMethodError'{0x000000008bb205e8}: 'java.lang.Object java.lang.invoke.DirectMethodHandle$Holder.newInvokeSpecial(java.lang.Object, java.lang.Object, java.lang.Object, int, java.lang.Object)'> (0x000000008bb205e8) 
thrown [s\open\src\hotspot\share\interpreter\linkResolver.cpp, line 759]
Event: 3.104 Thread 0x00000264c5ce17e0 Exception <a 'java/lang/NoSuchMethodError'{0x000000008bb27fb8}: 'java.lang.Object java.lang.invoke.Invokers$Holder.linkToTargetMethod(java.lang.Object, java.lang.Object, int, java.lang.Object, java.lang.Object)'> (0x000000008bb27fb8) 
thrown [s\open\src\hotspot\share\interpreter\linkResolver.cpp, line 759]
Event: 3.106 Thread 0x00000264c5ce17e0 Exception <a 'java/lang/NoSuchMethodError'{0x000000008bb37b40}: 'java.lang.Object java.lang.invoke.DirectMethodHandle$Holder.newInvokeSpecial(java.lang.Object, int, java.lang.Object)'> (0x000000008bb37b40) 
thrown [s\open\src\hotspot\share\interpreter\linkResolver.cpp, line 759]
Event: 3.106 Thread 0x00000264c5ce17e0 Exception <a 'java/lang/NoSuchMethodError'{0x000000008bb3bc18}: 'int java.lang.invoke.DirectMethodHandle$Holder.invokeSpecialIFC(java.lang.Object, java.lang.Object, java.lang.Object, java.lang.Object)'> (0x000000008bb3bc18) 
thrown [s\open\src\hotspot\share\interpreter\linkResolver.cpp, line 759]
Event: 3.157 Thread 0x00000264c5ce17e0 Exception <a 'java/lang/NoSuchMethodError'{0x000000008baa5bb8}: 'void java.lang.invoke.DirectMethodHandle$Holder.invokeInterface(java.lang.Object, java.lang.Object, java.lang.Object)'> (0x000000008baa5bb8) 
thrown [s\open\src\hotspot\share\interpreter\linkResolver.cpp, line 759]
Event: 3.202 Thread 0x00000264c5ce17e0 Exception <a 'java/lang/NoSuchMethodError'{0x000000008b95a810}: 'java.lang.Object java.lang.invoke.DirectMethodHandle$Holder.invokeVirtual(java.lang.Object, java.lang.Object, java.lang.Object)'> (0x000000008b95a810) 
thrown [s\open\src\hotspot\share\interpreter\linkResolver.cpp, line 759]
Event: 3.246 Thread 0x00000264c5ce17e0 Exception <a 'java/lang/NoSuchMethodError'{0x000000008b7882f0}: 'void java.lang.invoke.DirectMethodHandle$Holder.invokeStatic(java.lang.Object, java.lang.Object, int)'> (0x000000008b7882f0) 
thrown [s\open\src\hotspot\share\interpreter\linkResolver.cpp, line 759]
Event: 3.254 Thread 0x00000264c5ce17e0 Exception <a 'java/lang/NoSuchMethodError'{0x000000008b7a0bb0}: 'void java.lang.invoke.DirectMethodHandle$Holder.invokeStaticInit(java.lang.Object, java.lang.Object, java.lang.Object)'> (0x000000008b7a0bb0) 
thrown [s\open\src\hotspot\share\interpreter\linkResolver.cpp, line 759]
Event: 3.269 Thread 0x00000264c5ce17e0 Exception <a 'java/lang/NoSuchMethodError'{0x000000008b7f09b8}: 'java.lang.Object java.lang.invoke.DirectMethodHandle$Holder.invokeStatic(java.lang.Object, java.lang.Object, long, java.lang.Object)'> (0x000000008b7f09b8) 
thrown [s\open\src\hotspot\share\interpreter\linkResolver.cpp, line 759]
Event: 3.271 Thread 0x00000264c5ce17e0 Exception <a 'java/lang/NoSuchMethodError'{0x000000008b7f4450}: 'java.lang.Object java.lang.invoke.DirectMethodHandle$Holder.invokeStaticInit(java.lang.Object, java.lang.Object, long, java.lang.Object)'> (0x000000008b7f4450) 
thrown [s\open\src\hotspot\share\interpreter\linkResolver.cpp, line 759]
Event: 3.272 Thread 0x00000264c5ce17e0 Exception <a 'java/lang/NoSuchMethodError'{0x000000008b7faa60}: 'java.lang.Object java.lang.invoke.DirectMethodHandle$Holder.newInvokeSpecial(java.lang.Object, java.lang.Object, long)'> (0x000000008b7faa60) 
thrown [s\open\src\hotspot\share\interpreter\linkResolver.cpp, line 759]
Event: 3.293 Thread 0x00000264c5ce17e0 Exception <a 'java/lang/NoSuchMethodError'{0x000000008b663ac0}: 'void java.lang.invoke.DirectMethodHandle$Holder.invokeVirtual(java.lang.Object, java.lang.Object, java.lang.Object, java.lang.Object)'> (0x000000008b663ac0) 
thrown [s\open\src\hotspot\share\interpreter\linkResolver.cpp, line 759]
Event: 3.349 Thread 0x00000264c5ce17e0 Exception <a 'java/lang/NoSuchMethodError'{0x000000008b5c3b80}: 'void java.lang.invoke.DirectMethodHandle$Holder.invokeSpecial(java.lang.Object, java.lang.Object, java.lang.Object)'> (0x000000008b5c3b80) 
thrown [s\open\src\hotspot\share\interpreter\linkResolver.cpp, line 759]
Event: 3.358 Thread 0x00000264c5ce17e0 Exception <a 'java/lang/IncompatibleClassChangeError'{0x000000008b5f8980}: Found class java.lang.Object, but interface was expected> (0x000000008b5f8980) 
thrown [s\open\src\hotspot\share\interpreter\linkResolver.cpp, line 826]
Event: 3.385 Thread 0x00000264c64831b0 Exception <a 'java/lang/OutOfMemoryError'{0x000000008b3ba010}> (0x000000008b3ba010) 
thrown [s\open\src\hotspot\share\prims\jni.cpp, line 535]
Event: 3.386 Thread 0x00000264c64831b0 Exception <a 'java/lang/OutOfMemoryError'{0x000000008b3ba010}> (0x000000008b3ba010) 
thrown [s\open\src\hotspot\share\oops\instanceKlass.cpp, line 1216]
Event: 3.386 Thread 0x00000264c64831b0 Exception <a 'java/lang/OutOfMemoryError'{0x000000008b3ba010}> (0x000000008b3ba010) 
thrown [s\open\src\hotspot\share\oops\instanceKlass.cpp, line 1216]
Event: 3.386 Thread 0x00000264c64831b0 Exception <a 'java/lang/OutOfMemoryError'{0x000000008b3ba010}> (0x000000008b3ba010) 
thrown [s\open\src\hotspot\share\oops\instanceKlass.cpp, line 1166]
Event: 3.426 Thread 0x00000264c5b77a00 Exception <a 'java/lang/reflect/InvocationTargetException'{0x000000008b8d0210}> (0x000000008b8d0210) 
thrown [s\open\src\hotspot\share\runtime\reflection.cpp, line 1121]

VM Operations (20 events):
Event: 1.645 Executing VM operation: HandshakeAllThreads
Event: 1.645 Executing VM operation: HandshakeAllThreads done
Event: 1.755 Executing VM operation: HandshakeAllThreads
Event: 1.755 Executing VM operation: HandshakeAllThreads done
Event: 1.792 Executing VM operation: HandshakeAllThreads
Event: 1.792 Executing VM operation: HandshakeAllThreads done
Event: 2.074 Executing VM operation: HandshakeAllThreads
Event: 2.080 Executing VM operation: HandshakeAllThreads done
Event: 2.080 Executing VM operation: Cleanup
Event: 2.081 Executing VM operation: Cleanup done
Event: 2.268 Executing VM operation: G1CollectForAllocation
Event: 2.283 Executing VM operation: G1CollectForAllocation done
Event: 2.572 Executing VM operation: HandshakeAllThreads
Event: 2.572 Executing VM operation: HandshakeAllThreads done
Event: 2.890 Executing VM operation: HandshakeAllThreads
Event: 2.890 Executing VM operation: HandshakeAllThreads done
Event: 3.082 Executing VM operation: G1CollectForAllocation
Event: 3.087 Executing VM operation: G1CollectForAllocation done
Event: 3.346 Executing VM operation: HandshakeAllThreads
Event: 3.346 Executing VM operation: HandshakeAllThreads done

Events (20 events):
Event: 3.440 loading class jdk/xml/internal/JdkProperty$State
Event: 3.440 loading class jdk/xml/internal/JdkProperty$State done
Event: 3.440 loading class com/sun/org/apache/xalan/internal/utils/XMLSecurityPropertyManager
Event: 3.441 loading class com/sun/org/apache/xalan/internal/utils/FeaturePropertyBase
Event: 3.441 loading class com/sun/org/apache/xalan/internal/utils/FeaturePropertyBase done
Event: 3.441 loading class com/sun/org/apache/xalan/internal/utils/XMLSecurityPropertyManager done
Event: 3.441 loading class com/sun/org/apache/xalan/internal/utils/FeaturePropertyBase$State
Event: 3.441 loading class com/sun/org/apache/xalan/internal/utils/FeaturePropertyBase$State done
Event: 3.441 loading class com/sun/org/apache/xalan/internal/utils/XMLSecurityPropertyManager$Property
Event: 3.441 loading class com/sun/org/apache/xalan/internal/utils/XMLSecurityPropertyManager$Property done
Event: 3.442 loading class jdk/xml/internal/XMLSecurityManager
Event: 3.442 loading class jdk/xml/internal/XMLSecurityManager done
Event: 3.442 loading class jdk/xml/internal/XMLSecurityManager$Limit
Event: 3.442 loading class jdk/xml/internal/XMLSecurityManager$Limit done
Event: 3.443 loading class jdk/xml/internal/XMLSecurityManager$Processor
Event: 3.443 loading class jdk/xml/internal/XMLSecurityManager$Processor done
Event: 3.443 loading class jdk/xml/internal/XMLSecurityManager$NameMap
Event: 3.443 loading class jdk/xml/internal/XMLSecurityManager$NameMap done
Event: 3.443 loading class jdk/xml/internal/JdkProperty
Event: 3.443 loading class jdk/xml/internal/JdkProperty done


Dynamic libraries:
0x00007ff7652f0000 - 0x00007ff765300000 	C:\Program Files\Java\jdk-17\bin\java.exe
0x00007ffca20d0000 - 0x00007ffca22e7000 	C:\WINDOWS\SYSTEM32\ntdll.dll
0x00007ffca1940000 - 0x00007ffca1a04000 	C:\WINDOWS\System32\KERNEL32.DLL
0x00007ffc9f210000 - 0x00007ffc9f5e1000 	C:\WINDOWS\System32\KERNELBASE.dll
0x00007ffc9f900000 - 0x00007ffc9fa11000 	C:\WINDOWS\System32\ucrtbase.dll
0x00007ffc854e0000 - 0x00007ffc854fb000 	C:\Program Files\Java\jdk-17\bin\VCRUNTIME140.dll
0x00007ffc845a0000 - 0x00007ffc845b9000 	C:\Program Files\Java\jdk-17\bin\jli.dll
0x00007ffc9fdc0000 - 0x00007ffc9fe71000 	C:\WINDOWS\System32\ADVAPI32.dll
0x00007ffc9ff20000 - 0x00007ffc9ffc7000 	C:\WINDOWS\System32\msvcrt.dll
0x00007ffca0d80000 - 0x00007ffca0e27000 	C:\WINDOWS\System32\sechost.dll
0x00007ffc9fc10000 - 0x00007ffc9fc38000 	C:\WINDOWS\System32\bcrypt.dll
0x00007ffca0b90000 - 0x00007ffca0ca4000 	C:\WINDOWS\System32\RPCRT4.dll
0x00007ffca1570000 - 0x00007ffca1721000 	C:\WINDOWS\System32\USER32.dll
0x00007ffc9f7b0000 - 0x00007ffc9f7d6000 	C:\WINDOWS\System32\win32u.dll
0x00007ffc87c30000 - 0x00007ffc87ec2000 	C:\WINDOWS\WinSxS\amd64_microsoft.windows.common-controls_6595b64144ccf1df_6.0.22621.4830_none_270fe7d773858e80\COMCTL32.dll
0x00007ffca0d40000 - 0x00007ffca0d69000 	C:\WINDOWS\System32\GDI32.dll
0x00007ffc9f7e0000 - 0x00007ffc9f8fb000 	C:\WINDOWS\System32\gdi32full.dll
0x00007ffc9fd00000 - 0x00007ffc9fd9a000 	C:\WINDOWS\System32\msvcp_win.dll
0x00007ffc97f80000 - 0x00007ffc97f8a000 	C:\WINDOWS\SYSTEM32\VERSION.dll
0x00007ffca0b50000 - 0x00007ffca0b81000 	C:\WINDOWS\System32\IMM32.DLL
0x00007ffc84150000 - 0x00007ffc8415c000 	C:\Program Files\Java\jdk-17\bin\vcruntime140_1.dll
0x00007ffc58650000 - 0x00007ffc586de000 	C:\Program Files\Java\jdk-17\bin\msvcp140.dll
0x00007ffc399b0000 - 0x00007ffc3a58e000 	C:\Program Files\Java\jdk-17\bin\server\jvm.dll
0x00007ffc9ffd0000 - 0x00007ffc9ffd8000 	C:\WINDOWS\System32\PSAPI.DLL
0x00007ffc97120000 - 0x00007ffc97154000 	C:\WINDOWS\SYSTEM32\WINMM.dll
0x00007ffc85880000 - 0x00007ffc85889000 	C:\WINDOWS\SYSTEM32\WSOCK32.dll
0x00007ffca0cb0000 - 0x00007ffca0d21000 	C:\WINDOWS\System32\WS2_32.dll
0x00007ffc9e260000 - 0x00007ffc9e278000 	C:\WINDOWS\SYSTEM32\kernel.appcore.dll
0x00007ffc83780000 - 0x00007ffc8378a000 	C:\Program Files\Java\jdk-17\bin\jimage.dll
0x00007ffc9cb50000 - 0x00007ffc9cd82000 	C:\WINDOWS\SYSTEM32\DBGHELP.DLL
0x00007ffca1d00000 - 0x00007ffca2090000 	C:\WINDOWS\System32\combase.dll
0x00007ffca1380000 - 0x00007ffca1457000 	C:\WINDOWS\System32\OLEAUT32.dll
0x00007ffc8c0e0000 - 0x00007ffc8c112000 	C:\WINDOWS\SYSTEM32\dbgcore.DLL
0x00007ffc9f5f0000 - 0x00007ffc9f66b000 	C:\WINDOWS\System32\bcryptPrimitives.dll
0x00007ffc82d50000 - 0x00007ffc82d5e000 	C:\Program Files\Java\jdk-17\bin\instrument.dll
0x00007ffc67510000 - 0x00007ffc67535000 	C:\Program Files\Java\jdk-17\bin\java.dll
0x00007ffc497a0000 - 0x00007ffc49877000 	C:\Program Files\Java\jdk-17\bin\jsvml.dll
0x00007ffc9ffe0000 - 0x00007ffca0868000 	C:\WINDOWS\System32\SHELL32.dll
0x00007ffc9f670000 - 0x00007ffc9f7af000 	C:\WINDOWS\System32\wintypes.dll
0x00007ffc9d170000 - 0x00007ffc9da7d000 	C:\WINDOWS\SYSTEM32\windows.storage.dll
0x00007ffca1460000 - 0x00007ffca156a000 	C:\WINDOWS\System32\SHCORE.dll
0x00007ffca1c20000 - 0x00007ffca1c7e000 	C:\WINDOWS\System32\shlwapi.dll
0x00007ffc9f140000 - 0x00007ffc9f16b000 	C:\WINDOWS\SYSTEM32\profapi.dll
0x00007ffc66be0000 - 0x00007ffc66bf8000 	C:\Program Files\Java\jdk-17\bin\zip.dll
0x00007ffc82830000 - 0x00007ffc82849000 	C:\Program Files\Java\jdk-17\bin\net.dll
0x00007ffc9a660000 - 0x00007ffc9a78c000 	C:\WINDOWS\SYSTEM32\WINHTTP.dll
0x00007ffc9e6d0000 - 0x00007ffc9e73a000 	C:\WINDOWS\system32\mswsock.dll
0x00007ffc6daa0000 - 0x00007ffc6dab6000 	C:\Program Files\Java\jdk-17\bin\nio.dll
0x00007ffc66bc0000 - 0x00007ffc66bda000 	D:\IntelliJ IDEA 2024.3.1.1\bin\breakgen64.dll
0x00007ffc9dd10000 - 0x00007ffc9de12000 	C:\WINDOWS\SYSTEM32\DNSAPI.dll
0x00007ffc9dce0000 - 0x00007ffc9dd0d000 	C:\WINDOWS\SYSTEM32\IPHLPAPI.DLL
0x00007ffca0d30000 - 0x00007ffca0d39000 	C:\WINDOWS\System32\NSI.dll
0x0000000054fa0000 - 0x0000000054fc6000 	C:\Program Files\Bonjour\mdnsNSP.dll
0x00007ffc96840000 - 0x00007ffc9684a000 	C:\Windows\System32\rasadhlp.dll
0x00007ffc96270000 - 0x00007ffc962f3000 	C:\WINDOWS\System32\fwpuclnt.dll
0x00007ffc82650000 - 0x00007ffc8265a000 	C:\Program Files\Java\jdk-17\bin\management.dll
0x00007ffc6e590000 - 0x00007ffc6e59b000 	C:\Program Files\Java\jdk-17\bin\management_ext.dll
0x00007ffc9e930000 - 0x00007ffc9e94b000 	C:\WINDOWS\SYSTEM32\CRYPTSP.dll
0x00007ffc9e1c0000 - 0x00007ffc9e1f7000 	C:\WINDOWS\system32\rsaenh.dll
0x00007ffc9e7c0000 - 0x00007ffc9e7e8000 	C:\WINDOWS\SYSTEM32\USERENV.dll
0x00007ffc9e920000 - 0x00007ffc9e92c000 	C:\WINDOWS\SYSTEM32\CRYPTBASE.dll
0x00007ffc97f90000 - 0x00007ffc97fa9000 	C:\WINDOWS\SYSTEM32\dhcpcsvc6.DLL
0x00007ffc970d0000 - 0x00007ffc970ef000 	C:\WINDOWS\SYSTEM32\dhcpcsvc.DLL
0x00007ffc84310000 - 0x00007ffc84327000 	C:\WINDOWS\system32\napinsp.dll
0x00007ffc841b0000 - 0x00007ffc841cb000 	C:\WINDOWS\system32\pnrpnsp.dll
0x00007ffc83740000 - 0x00007ffc83751000 	C:\WINDOWS\System32\winrnr.dll
0x00007ffc970b0000 - 0x00007ffc970c5000 	C:\WINDOWS\system32\wshbth.dll
0x00007ffc831a0000 - 0x00007ffc831c7000 	C:\WINDOWS\system32\nlansp_c.dll
0x00007ffc68c40000 - 0x00007ffc68c50000 	C:\Program Files\Java\jdk-17\bin\verify.dll
0x00007ffc731d0000 - 0x00007ffc73220000 	C:\WINDOWS\SYSTEM32\pdh.dll
0x00007ffc6cf40000 - 0x00007ffc6cf51000 	C:\WINDOWS\System32\perfproc.dll
0x00007ffc6cf30000 - 0x00007ffc6cf40000 	C:\WINDOWS\System32\perfos.dll
0x00007ffc9c4c0000 - 0x00007ffc9c4d0000 	C:\WINDOWS\SYSTEM32\pfclient.dll

dbghelp: loaded successfully - version: 4.0.5 - missing functions: none
symbol engine: initialized successfully - sym options: 0x614 - pdb path: .;C:\Program Files\Java\jdk-17\bin;C:\WINDOWS\SYSTEM32;C:\WINDOWS\WinSxS\amd64_microsoft.windows.common-controls_6595b64144ccf1df_6.0.22621.4830_none_270fe7d773858e80;C:\Program Files\Java\jdk-17\bin\server;D:\IntelliJ IDEA 2024.3.1.1\bin;C:\Program Files\Bonjour

VM Arguments:
jvm_args: -XX:TieredStopAtLevel=1 -Dspring.output.ansi.enabled=always -Dcom.sun.management.jmxremote -Dspring.jmx.enabled=true -Dspring.liveBeansView.mbeanDomain -Dspring.application.admin.enabled=true -Dmanagement.endpoints.jmx.exposure.include=* -javaagent:D:\IntelliJ IDEA 2024.3.1.1\lib\idea_rt.jar=57364:D:\IntelliJ IDEA 2024.3.1.1\bin -Dfile.encoding=UTF-8 
java_command: com.example.datn.DatnApplication
java_class_path (initial): E:\fa24-sd72-dat-phong-khach-san-bambooking\target\classes;C:\Users\Admin\.m2\repository\org\springframework\boot\spring-boot-starter-web\3.3.1\spring-boot-starter-web-3.3.1.jar;C:\Users\Admin\.m2\repository\org\springframework\boot\spring-boot-starter\3.3.1\spring-boot-starter-3.3.1.jar;C:\Users\Admin\.m2\repository\org\springframework\boot\spring-boot-starter-logging\3.3.1\spring-boot-starter-logging-3.3.1.jar;C:\Users\Admin\.m2\repository\ch\qos\logback\logback-classic\1.5.6\logback-classic-1.5.6.jar;C:\Users\Admin\.m2\repository\ch\qos\logback\logback-core\1.5.6\logback-core-1.5.6.jar;C:\Users\Admin\.m2\repository\org\apache\logging\log4j\log4j-to-slf4j\2.23.1\log4j-to-slf4j-2.23.1.jar;C:\Users\Admin\.m2\repository\org\apache\logging\log4j\log4j-api\2.23.1\log4j-api-2.23.1.jar;C:\Users\Admin\.m2\repository\org\slf4j\jul-to-slf4j\2.0.13\jul-to-slf4j-2.0.13.jar;C:\Users\Admin\.m2\repository\jakarta\annotation\jakarta.annotation-api\2.1.1\jakarta.annotation-api-2.1.1.jar;C:\Users\Admin\.m2\repository\org\yaml\snakeyaml\2.2\snakeyaml-2.2.jar;C:\Users\Admin\.m2\repository\org\springframework\boot\spring-boot-starter-json\3.3.1\spring-boot-starter-json-3.3.1.jar;C:\Users\Admin\.m2\repository\com\fasterxml\jackson\datatype\jackson-datatype-jdk8\2.17.1\jackson-datatype-jdk8-2.17.1.jar;C:\Users\Admin\.m2\repository\com\fasterxml\jackson\datatype\jackson-datatype-jsr310\2.17.1\jackson-datatype-jsr310-2.17.1.jar;C:\Users\Admin\.m2\repository\com\fasterxml\jackson\module\jackson-module-parameter-names\2.17.1\jackson-module-parameter-names-2.17.1.jar;C:\Users\Admin\.m2\repository\org\springframework\boot\spring-boot-starter-tomcat\3.3.1\spring-boot-starter-tomcat-3.3.1.jar;C:\Users\Admin\.m2\repository\org\apache\tomcat\embed\tomcat-embed-websocket\10.1.25\tomcat-embed-websocket-10.1.25.jar;C:\Users\Admin\.m2\repository\org\springframework\spring-web\6.1.10\spring-web-6.1.10.jar;C:\Users\Admin\.m2\repository\org\springframework\spring-beans\6.1.1
Launcher Type: SUN_STANDARD

[Global flags]
     intx CICompilerCount                          = 4                                         {product} {ergonomic}
     uint ConcGCThreads                            = 2                                         {product} {ergonomic}
     uint G1ConcRefinementThreads                  = 8                                         {product} {ergonomic}
   size_t G1HeapRegionSize                         = 1048576                                   {product} {ergonomic}
    uintx GCDrainStackTargetSize                   = 64                                        {product} {ergonomic}
   size_t InitialHeapSize                          = 130023424                                 {product} {ergonomic}
     bool ManagementServer                         = true                                      {product} {command line}
   size_t MarkStackSize                            = 4194304                                   {product} {ergonomic}
   size_t MaxHeapSize                              = 2080374784                                {product} {ergonomic}
   size_t MaxNewSize                               = 1247805440                                {product} {ergonomic}
   size_t MinHeapDeltaBytes                        = 1048576                                   {product} {ergonomic}
   size_t MinHeapSize                              = 8388608                                   {product} {ergonomic}
    uintx NonProfiledCodeHeapSize                  = 0                                      {pd product} {ergonomic}
     bool ProfileInterpreter                       = false                                  {pd product} {command line}
    uintx ProfiledCodeHeapSize                     = 0                                      {pd product} {ergonomic}
   size_t SoftMaxHeapSize                          = 2080374784                             {manageable} {ergonomic}
     intx TieredStopAtLevel                        = 1                                         {product} {command line}
     bool UseCompressedClassPointers               = true                           {product lp64_product} {ergonomic}
     bool UseCompressedOops                        = true                           {product lp64_product} {ergonomic}
     bool UseG1GC                                  = true                                      {product} {ergonomic}
     bool UseLargePagesIndividualAllocation        = false                                  {pd product} {ergonomic}

Logging:
Log output configuration:
 #0: stdout all=warning uptime,level,tags
 #1: stderr all=off uptime,level,tags

Environment Variables:
PATH=C:\Program Files\Common Files\Oracle\Java\javapath;C:\WINDOWS\system32;C:\WINDOWS;C:\WINDOWS\System32\Wbem;C:\WINDOWS\System32\WindowsPowerShell\v1.0\;C:\WINDOWS\System32\OpenSSH\;C:\Program Files (x86)\Microsoft SQL Server\160\Tools\Binn\;C:\Program Files\Microsoft SQL Server\160\Tools\Binn\;C:\Program Files\Microsoft SQL Server\Client SDK\ODBC\170\Tools\Binn\;C:\Program Files\Microsoft SQL Server\160\DTS\Binn\;C:\Program Files\Azure Data Studio\bin;C:\Program Files\nodejs\;C:\Program Files (x86)\Microsoft SQL Server\160\DTS\Binn\;C:\Program Files\Git\cmd;C:\Program Files\dotnet\;C:\Program Files\Tailscale\;C:\Users\Admin\AppData\Local\Microsoft\WindowsApps;C:\Users\Admin\AppData\Local\Programs\Microsoft VS Code\bin;C:\Program Files\Azure Data Studio\bin;C:\Users\Admin\AppData\Roaming\npm;E:\APP\IntelliJ IDEA 2022.3.2\bin;
USERNAME=Admin
OS=Windows_NT
PROCESSOR_IDENTIFIER=Intel64 Family 6 Model 140 Stepping 1, GenuineIntel



---------------  S Y S T E M  ---------------

OS:
 Windows 11 , 64 bit Build 22621 (10.0.22621.4974)
OS uptime: 0 days 10:18 hours

CPU: total 8 (initial active 8) (4 cores per cpu, 2 threads per core) family 6 model 140 stepping 1 microcode 0xba, cx8, cmov, fxsr, ht, mmx, 3dnowpref, sse, sse2, sse3, ssse3, sse4.1, sse4.2, popcnt, lzcnt, tsc, tscinvbit, avx, avx2, aes, erms, clmul, bmi1, bmi2, adx, avx512f, avx512dq, avx512cd, avx512bw, avx512vl, sha, fma, vzeroupper, avx512_vpopcntdq, avx512_vpclmulqdq, avx512_vaes, avx512_vnni, clflush, clflushopt, clwb, avx512_vbmi2, avx512_vbmi

Memory: 4k page, system-wide physical 7934M (257M free)
TotalPageFile size 19893M (AvailPageFile size 0M)
current process WorkingSet (physical memory assigned to process): 104M, peak: 104M
current process commit charge ("private bytes"): 239M, peak: 239M

vm_info: Java HotSpot(TM) 64-Bit Server VM (17.0.8+9-LTS-211) for windows-amd64 JRE (17.0.8+9-LTS-211), built on Jun 14 2023 10:34:31 by "mach5one" with MS VC++ 17.1 (VS2022)

END.
